[ 2017-04-08T16:34:46+08:00 ] ::1 /yq/
INFO: [ app_init ] --START--
INFO: Run Behavior\BuildLiteBehavior [ RunTime:0.000509s ]
INFO: [ app_init ] --END-- [ RunTime:0.003497s ]
INFO: [ app_begin ] --START--
INFO: Run Behavior\ReadHtmlCacheBehavior [ RunTime:0.002039s ]
INFO: [ app_begin ] --END-- [ RunTime:0.004060s ]
INFO: [ view_parse ] --START--
INFO: [ template_filter ] --START--
INFO: Run Behavior\ContentReplaceBehavior [ RunTime:0.002969s ]
INFO: [ template_filter ] --END-- [ RunTime:0.005107s ]
INFO: Run Behavior\ParseTemplateBehavior [ RunTime:0.068068s ]
INFO: [ view_parse ] --END-- [ RunTime:0.070262s ]
INFO: [ view_filter ] --START--
INFO: Run Behavior\WriteHtmlCacheBehavior [ RunTime:0.001873s ]
INFO: [ view_filter ] --END-- [ RunTime:0.003758s ]
INFO: [ app_end ] --START--
INFO: Run Behavior\ShowPageTraceBehavior [ RunTime:0.004642s ]
INFO: [ app_end ] --END-- [ RunTime:0.006995s ]

[ 2017-04-08T16:34:46+08:00 ] ::1 /yq/index.php/Home/Index/login
INFO: [ app_init ] --START--
INFO: Run Behavior\BuildLiteBehavior [ RunTime:0.000472s ]
INFO: [ app_init ] --END-- [ RunTime:0.003769s ]
INFO: [ app_begin ] --START--
INFO: Run Behavior\ReadHtmlCacheBehavior [ RunTime:0.001933s ]
INFO: [ app_begin ] --END-- [ RunTime:0.003419s ]
NOTIC: [8] A session had already been started - ignoring session_start() F:\Tools\WampServer\wamp\www\yq\Application\Home\Controller\IndexController.class.php 第 16 行.
NOTIC: [8] A session had already been started - ignoring session_start() F:\Tools\WampServer\wamp\www\yq\Application\Common\Common\function.php 第 6 行.

[ 2017-04-08T16:36:06+08:00 ] ::1 /yq/
INFO: [ app_init ] --START--
INFO: Run Behavior\BuildLiteBehavior [ RunTime:0.000282s ]
INFO: [ app_init ] --END-- [ RunTime:0.002561s ]
INFO: [ app_begin ] --START--
INFO: Run Behavior\ReadHtmlCacheBehavior [ RunTime:0.001853s ]
INFO: [ app_begin ] --END-- [ RunTime:0.003374s ]
INFO: [ view_parse ] --START--
INFO: [ template_filter ] --START--
INFO: Run Behavior\ContentReplaceBehavior [ RunTime:0.003365s ]
INFO: [ template_filter ] --END-- [ RunTime:0.007192s ]
INFO: Run Behavior\ParseTemplateBehavior [ RunTime:0.175555s ]
INFO: [ view_parse ] --END-- [ RunTime:0.181348s ]
INFO: [ view_filter ] --START--
INFO: Run Behavior\WriteHtmlCacheBehavior [ RunTime:0.003481s ]
INFO: [ view_filter ] --END-- [ RunTime:0.008429s ]
INFO: [ app_end ] --START--
INFO: Run Behavior\ShowPageTraceBehavior [ RunTime:0.016272s ]
INFO: [ app_end ] --END-- [ RunTime:0.020781s ]

[ 2017-04-08T16:36:07+08:00 ] ::1 /yq/index.php/Home/Index/login
INFO: [ app_init ] --START--
INFO: Run Behavior\BuildLiteBehavior [ RunTime:0.000827s ]
INFO: [ app_init ] --END-- [ RunTime:0.008199s ]
INFO: [ app_begin ] --START--
INFO: Run Behavior\ReadHtmlCacheBehavior [ RunTime:0.004846s ]
INFO: [ app_begin ] --END-- [ RunTime:0.008397s ]
NOTIC: [8] A session had already been started - ignoring session_start() F:\Tools\WampServer\wamp\www\yq\Application\Home\Controller\IndexController.class.php 第 16 行.
NOTIC: [8] A session had already been started - ignoring session_start() F:\Tools\WampServer\wamp\www\yq\Application\Common\Common\function.php 第 6 行.

[ 2017-04-08T16:36:18+08:00 ] ::1 /yq/
INFO: [ app_init ] --START--
INFO: Run Behavior\BuildLiteBehavior [ RunTime:0.000469s ]
INFO: [ app_init ] --END-- [ RunTime:0.004338s ]
INFO: [ app_begin ] --START--
INFO: Run Behavior\ReadHtmlCacheBehavior [ RunTime:0.003272s ]
INFO: [ app_begin ] --END-- [ RunTime:0.007353s ]
INFO: [ view_parse ] --START--
INFO: [ template_filter ] --START--
INFO: Run Behavior\ContentReplaceBehavior [ RunTime:0.001828s ]
INFO: [ template_filter ] --END-- [ RunTime:0.005114s ]
INFO: Run Behavior\ParseTemplateBehavior [ RunTime:0.093991s ]
INFO: [ view_parse ] --END-- [ RunTime:0.096871s ]
INFO: [ view_filter ] --START--
INFO: Run Behavior\WriteHtmlCacheBehavior [ RunTime:0.003407s ]
INFO: [ view_filter ] --END-- [ RunTime:0.007630s ]
INFO: [ app_end ] --START--
INFO: Run Behavior\ShowPageTraceBehavior [ RunTime:0.007836s ]
INFO: [ app_end ] --END-- [ RunTime:0.012573s ]

[ 2017-04-08T16:36:19+08:00 ] ::1 /yq/index.php/Home/Index/login
INFO: [ app_init ] --START--
INFO: Run Behavior\BuildLiteBehavior [ RunTime:0.000847s ]
INFO: [ app_init ] --END-- [ RunTime:0.009371s ]
INFO: [ app_begin ] --START--
INFO: Run Behavior\ReadHtmlCacheBehavior [ RunTime:0.004318s ]
INFO: [ app_begin ] --END-- [ RunTime:0.009097s ]
NOTIC: [8] A session had already been started - ignoring session_start() F:\Tools\WampServer\wamp\www\yq\Application\Home\Controller\IndexController.class.php 第 16 行.
NOTIC: [8] A session had already been started - ignoring session_start() F:\Tools\WampServer\wamp\www\yq\Application\Common\Common\function.php 第 6 行.

[ 2017-04-08T16:37:23+08:00 ] ::1 /yq/
INFO: [ app_init ] --START--
INFO: Run Behavior\BuildLiteBehavior [ RunTime:0.001647s ]
INFO: [ app_init ] --END-- [ RunTime:0.010166s ]
INFO: [ app_begin ] --START--
INFO: Run Behavior\ReadHtmlCacheBehavior [ RunTime:0.004446s ]
INFO: [ app_begin ] --END-- [ RunTime:0.008699s ]
INFO: [ view_parse ] --START--
INFO: [ template_filter ] --START--
INFO: Run Behavior\ContentReplaceBehavior [ RunTime:0.002533s ]
INFO: [ template_filter ] --END-- [ RunTime:0.008579s ]
INFO: Run Behavior\ParseTemplateBehavior [ RunTime:0.152414s ]
INFO: [ view_parse ] --END-- [ RunTime:0.160586s ]
INFO: [ view_filter ] --START--
INFO: Run Behavior\WriteHtmlCacheBehavior [ RunTime:0.004001s ]
INFO: [ view_filter ] --END-- [ RunTime:0.008207s ]
INFO: [ app_end ] --START--
INFO: Run Behavior\ShowPageTraceBehavior [ RunTime:0.007945s ]
INFO: [ app_end ] --END-- [ RunTime:0.020320s ]

[ 2017-04-08T16:37:24+08:00 ] ::1 /yq/index.php/Home/Index/login
INFO: [ app_init ] --START--
INFO: Run Behavior\BuildLiteBehavior [ RunTime:0.000780s ]
INFO: [ app_init ] --END-- [ RunTime:0.009946s ]
INFO: [ app_begin ] --START--
INFO: Run Behavior\ReadHtmlCacheBehavior [ RunTime:0.003682s ]
INFO: [ app_begin ] --END-- [ RunTime:0.007154s ]
NOTIC: [8] A session had already been started - ignoring session_start() F:\Tools\WampServer\wamp\www\yq\Application\Home\Controller\IndexController.class.php 第 16 行.
NOTIC: [8] A session had already been started - ignoring session_start() F:\Tools\WampServer\wamp\www\yq\Application\Common\Common\function.php 第 6 行.

[ 2017-04-08T16:37:40+08:00 ] ::1 /yq/
INFO: [ app_init ] --START--
INFO: Run Behavior\BuildLiteBehavior [ RunTime:0.000945s ]
INFO: [ app_init ] --END-- [ RunTime:0.011061s ]
INFO: [ app_begin ] --START--
INFO: Run Behavior\ReadHtmlCacheBehavior [ RunTime:0.011670s ]
INFO: [ app_begin ] --END-- [ RunTime:0.016742s ]
INFO: [ view_parse ] --START--
INFO: [ template_filter ] --START--
INFO: Run Behavior\ContentReplaceBehavior [ RunTime:0.014985s ]
INFO: [ template_filter ] --END-- [ RunTime:0.029704s ]
INFO: Run Behavior\ParseTemplateBehavior [ RunTime:0.403504s ]
INFO: [ view_parse ] --END-- [ RunTime:0.408770s ]
INFO: [ view_filter ] --START--
INFO: Run Behavior\WriteHtmlCacheBehavior [ RunTime:0.005769s ]
INFO: [ view_filter ] --END-- [ RunTime:0.010439s ]
INFO: [ app_end ] --START--
INFO: Run Behavior\ShowPageTraceBehavior [ RunTime:0.007347s ]
INFO: [ app_end ] --END-- [ RunTime:0.012289s ]

[ 2017-04-08T16:37:41+08:00 ] ::1 /yq/index.php/Home/Index/login
INFO: [ app_init ] --START--
INFO: Run Behavior\BuildLiteBehavior [ RunTime:0.000570s ]
INFO: [ app_init ] --END-- [ RunTime:0.005521s ]
INFO: [ app_begin ] --START--
INFO: Run Behavior\ReadHtmlCacheBehavior [ RunTime:0.003861s ]
INFO: [ app_begin ] --END-- [ RunTime:0.006591s ]
NOTIC: [8] A session had already been started - ignoring session_start() F:\Tools\WampServer\wamp\www\yq\Application\Home\Controller\IndexController.class.php 第 16 行.
NOTIC: [8] A session had already been started - ignoring session_start() F:\Tools\WampServer\wamp\www\yq\Application\Common\Common\function.php 第 6 行.

[ 2017-04-08T16:37:58+08:00 ] ::1 /yq/
INFO: [ app_init ] --START--
INFO: Run Behavior\BuildLiteBehavior [ RunTime:0.000567s ]
INFO: [ app_init ] --END-- [ RunTime:0.006969s ]
INFO: [ app_begin ] --START--
INFO: Run Behavior\ReadHtmlCacheBehavior [ RunTime:0.004484s ]
INFO: [ app_begin ] --END-- [ RunTime:0.009100s ]
INFO: [ view_parse ] --START--
INFO: [ template_filter ] --START--
INFO: Run Behavior\ContentReplaceBehavior [ RunTime:0.002266s ]
INFO: [ template_filter ] --END-- [ RunTime:0.006456s ]
INFO: Run Behavior\ParseTemplateBehavior [ RunTime:0.099271s ]
INFO: [ view_parse ] --END-- [ RunTime:0.107331s ]
INFO: [ view_filter ] --START--
INFO: Run Behavior\WriteHtmlCacheBehavior [ RunTime:0.002766s ]
INFO: [ view_filter ] --END-- [ RunTime:0.005292s ]
INFO: [ app_end ] --START--
INFO: Run Behavior\ShowPageTraceBehavior [ RunTime:0.017004s ]
INFO: [ app_end ] --END-- [ RunTime:0.029692s ]

[ 2017-04-08T16:37:59+08:00 ] ::1 /yq/index.php/Home/Index/login
INFO: [ app_init ] --START--
INFO: Run Behavior\BuildLiteBehavior [ RunTime:0.000742s ]
INFO: [ app_init ] --END-- [ RunTime:0.006484s ]
INFO: [ app_begin ] --START--
INFO: Run Behavior\ReadHtmlCacheBehavior [ RunTime:0.005224s ]
INFO: [ app_begin ] --END-- [ RunTime:0.008319s ]
NOTIC: [8] A session had already been started - ignoring session_start() F:\Tools\WampServer\wamp\www\yq\Application\Home\Controller\IndexController.class.php 第 16 行.
NOTIC: [8] A session had already been started - ignoring session_start() F:\Tools\WampServer\wamp\www\yq\Application\Common\Common\function.php 第 6 行.

[ 2017-04-08T16:38:38+08:00 ] ::1 /yq/
INFO: [ app_init ] --START--
INFO: Run Behavior\BuildLiteBehavior [ RunTime:0.000579s ]
INFO: [ app_init ] --END-- [ RunTime:0.006515s ]
INFO: [ app_begin ] --START--
INFO: Run Behavior\ReadHtmlCacheBehavior [ RunTime:0.006167s ]
INFO: [ app_begin ] --END-- [ RunTime:0.014600s ]
INFO: [ view_parse ] --START--
INFO: [ template_filter ] --START--
INFO: Run Behavior\ContentReplaceBehavior [ RunTime:0.002919s ]
INFO: [ template_filter ] --END-- [ RunTime:0.006086s ]
INFO: Run Behavior\ParseTemplateBehavior [ RunTime:0.084439s ]
INFO: [ view_parse ] --END-- [ RunTime:0.087703s ]
INFO: [ view_filter ] --START--
INFO: Run Behavior\WriteHtmlCacheBehavior [ RunTime:0.002448s ]
INFO: [ view_filter ] --END-- [ RunTime:0.004904s ]
INFO: [ app_end ] --START--
INFO: Run Behavior\ShowPageTraceBehavior [ RunTime:0.010092s ]
INFO: [ app_end ] --END-- [ RunTime:0.014890s ]

[ 2017-04-08T16:38:38+08:00 ] ::1 /yq/index.php/Home/Index/login
INFO: [ app_init ] --START--
INFO: Run Behavior\BuildLiteBehavior [ RunTime:0.000866s ]
INFO: [ app_init ] --END-- [ RunTime:0.008422s ]
INFO: [ app_begin ] --START--
INFO: Run Behavior\ReadHtmlCacheBehavior [ RunTime:0.015723s ]
INFO: [ app_begin ] --END-- [ RunTime:0.020161s ]
NOTIC: [8] A session had already been started - ignoring session_start() F:\Tools\WampServer\wamp\www\yq\Application\Home\Controller\IndexController.class.php 第 16 行.
NOTIC: [8] A session had already been started - ignoring session_start() F:\Tools\WampServer\wamp\www\yq\Application\Common\Common\function.php 第 6 行.

[ 2017-04-08T16:38:40+08:00 ] ::1 /yq/
INFO: [ app_init ] --START--
INFO: Run Behavior\BuildLiteBehavior [ RunTime:0.000578s ]
INFO: [ app_init ] --END-- [ RunTime:0.006237s ]
INFO: [ app_begin ] --START--
INFO: Run Behavior\ReadHtmlCacheBehavior [ RunTime:0.003574s ]
INFO: [ app_begin ] --END-- [ RunTime:0.008276s ]
INFO: [ view_parse ] --START--
INFO: [ template_filter ] --START--
INFO: Run Behavior\ContentReplaceBehavior [ RunTime:0.001855s ]
INFO: [ template_filter ] --END-- [ RunTime:0.006344s ]
INFO: Run Behavior\ParseTemplateBehavior [ RunTime:0.145120s ]
INFO: [ view_parse ] --END-- [ RunTime:0.148675s ]
INFO: [ view_filter ] --START--
INFO: Run Behavior\WriteHtmlCacheBehavior [ RunTime:0.002408s ]
INFO: [ view_filter ] --END-- [ RunTime:0.005728s ]
INFO: [ app_end ] --START--
INFO: Run Behavior\ShowPageTraceBehavior [ RunTime:0.006893s ]
INFO: [ app_end ] --END-- [ RunTime:0.014823s ]

[ 2017-04-08T16:38:41+08:00 ] ::1 /yq/index.php/Home/Index/login
INFO: [ app_init ] --START--
INFO: Run Behavior\BuildLiteBehavior [ RunTime:0.001385s ]
INFO: [ app_init ] --END-- [ RunTime:0.017139s ]
INFO: [ app_begin ] --START--
INFO: Run Behavior\ReadHtmlCacheBehavior [ RunTime:0.005862s ]
INFO: [ app_begin ] --END-- [ RunTime:0.010002s ]
NOTIC: [8] A session had already been started - ignoring session_start() F:\Tools\WampServer\wamp\www\yq\Application\Home\Controller\IndexController.class.php 第 16 行.
NOTIC: [8] A session had already been started - ignoring session_start() F:\Tools\WampServer\wamp\www\yq\Application\Common\Common\function.php 第 6 行.

[ 2017-04-08T16:38:52+08:00 ] ::1 /yq/index.php/Home/Index/logout
INFO: [ app_init ] --START--
INFO: Run Behavior\BuildLiteBehavior [ RunTime:0.000616s ]
INFO: [ app_init ] --END-- [ RunTime:0.009540s ]
INFO: [ app_begin ] --START--
INFO: Run Behavior\ReadHtmlCacheBehavior [ RunTime:0.045276s ]
INFO: [ app_begin ] --END-- [ RunTime:0.052916s ]
NOTIC: [8] A session had already been started - ignoring session_start() F:\Tools\WampServer\wamp\www\yq\Application\Home\Controller\IndexController.class.php 第 86 行.
NOTIC: [8] Undefined index: user F:\Tools\WampServer\wamp\www\yq\Application\Home\Controller\IndexController.class.php 第 87 行.
NOTIC: [8] Undefined index: user F:\Tools\WampServer\wamp\www\yq\Application\Home\Controller\IndexController.class.php 第 88 行.
NOTIC: [8] Undefined index: user F:\Tools\WampServer\wamp\www\yq\Application\Home\Controller\IndexController.class.php 第 89 行.
SQL: SHOW COLUMNS FROM `yq_user` [ RunTime:0.0113s ]
SQL: UPDATE `yq_user` SET `lastip`='',`lastlogintime`='' WHERE `userid` = null [ RunTime:0.0013s ]

[ 2017-04-08T16:38:53+08:00 ] ::1 /yq/
INFO: [ app_init ] --START--
INFO: Run Behavior\BuildLiteBehavior [ RunTime:0.000404s ]
INFO: [ app_init ] --END-- [ RunTime:0.003233s ]
INFO: [ app_begin ] --START--
INFO: Run Behavior\ReadHtmlCacheBehavior [ RunTime:0.002149s ]
INFO: [ app_begin ] --END-- [ RunTime:0.003883s ]
INFO: [ view_parse ] --START--
INFO: [ template_filter ] --START--
INFO: Run Behavior\ContentReplaceBehavior [ RunTime:0.001720s ]
INFO: [ template_filter ] --END-- [ RunTime:0.003717s ]
INFO: Run Behavior\ParseTemplateBehavior [ RunTime:0.074540s ]
INFO: [ view_parse ] --END-- [ RunTime:0.076264s ]
INFO: [ view_filter ] --START--
INFO: Run Behavior\WriteHtmlCacheBehavior [ RunTime:0.002517s ]
INFO: [ view_filter ] --END-- [ RunTime:0.007164s ]
INFO: [ app_end ] --START--
INFO: Run Behavior\ShowPageTraceBehavior [ RunTime:0.002668s ]
INFO: [ app_end ] --END-- [ RunTime:0.009756s ]

[ 2017-04-08T16:38:54+08:00 ] ::1 /yq/index.php/Home/Index/login
INFO: [ app_init ] --START--
INFO: Run Behavior\BuildLiteBehavior [ RunTime:0.036830s ]
INFO: [ app_init ] --END-- [ RunTime:0.039191s ]
INFO: [ app_begin ] --START--
INFO: Run Behavior\ReadHtmlCacheBehavior [ RunTime:0.001878s ]
INFO: [ app_begin ] --END-- [ RunTime:0.003122s ]
NOTIC: [8] A session had already been started - ignoring session_start() F:\Tools\WampServer\wamp\www\yq\Application\Home\Controller\IndexController.class.php 第 16 行.
NOTIC: [8] A session had already been started - ignoring session_start() F:\Tools\WampServer\wamp\www\yq\Application\Common\Common\function.php 第 6 行.

[ 2017-04-08T16:39:14+08:00 ] ::1 /yq/
INFO: [ app_init ] --START--
INFO: Run Behavior\BuildLiteBehavior [ RunTime:0.000312s ]
INFO: [ app_init ] --END-- [ RunTime:0.002616s ]
INFO: [ app_begin ] --START--
INFO: Run Behavior\ReadHtmlCacheBehavior [ RunTime:0.001707s ]
INFO: [ app_begin ] --END-- [ RunTime:0.049074s ]
INFO: [ view_parse ] --START--
INFO: [ template_filter ] --START--
INFO: Run Behavior\ContentReplaceBehavior [ RunTime:0.000910s ]
INFO: [ template_filter ] --END-- [ RunTime:0.036708s ]
INFO: Run Behavior\ParseTemplateBehavior [ RunTime:0.184335s ]
INFO: [ view_parse ] --END-- [ RunTime:0.186163s ]
INFO: [ view_filter ] --START--
INFO: Run Behavior\WriteHtmlCacheBehavior [ RunTime:0.001500s ]
INFO: [ view_filter ] --END-- [ RunTime:0.003046s ]
INFO: [ app_end ] --START--
INFO: Run Behavior\ShowPageTraceBehavior [ RunTime:0.002431s ]
INFO: [ app_end ] --END-- [ RunTime:0.004303s ]

[ 2017-04-08T16:39:14+08:00 ] ::1 /yq/index.php/Home/Index/login
INFO: [ app_init ] --START--
INFO: Run Behavior\BuildLiteBehavior [ RunTime:0.000271s ]
INFO: [ app_init ] --END-- [ RunTime:0.002316s ]
INFO: [ app_begin ] --START--
INFO: Run Behavior\ReadHtmlCacheBehavior [ RunTime:0.001585s ]
INFO: [ app_begin ] --END-- [ RunTime:0.002703s ]
NOTIC: [8] A session had already been started - ignoring session_start() F:\Tools\WampServer\wamp\www\yq\Application\Home\Controller\IndexController.class.php 第 16 行.
NOTIC: [8] A session had already been started - ignoring session_start() F:\Tools\WampServer\wamp\www\yq\Application\Common\Common\function.php 第 6 行.

[ 2017-04-08T16:39:30+08:00 ] ::1 /yq/
INFO: [ app_init ] --START--
INFO: Run Behavior\BuildLiteBehavior [ RunTime:0.000473s ]
INFO: [ app_init ] --END-- [ RunTime:0.005127s ]
INFO: [ app_begin ] --START--
INFO: Run Behavior\ReadHtmlCacheBehavior [ RunTime:0.004723s ]
INFO: [ app_begin ] --END-- [ RunTime:0.009182s ]
INFO: [ view_parse ] --START--
INFO: [ template_filter ] --START--
INFO: Run Behavior\ContentReplaceBehavior [ RunTime:0.001507s ]
INFO: [ template_filter ] --END-- [ RunTime:0.004286s ]
INFO: Run Behavior\ParseTemplateBehavior [ RunTime:0.104944s ]
INFO: [ view_parse ] --END-- [ RunTime:0.107725s ]
INFO: [ view_filter ] --START--
INFO: Run Behavior\WriteHtmlCacheBehavior [ RunTime:0.007534s ]
INFO: [ view_filter ] --END-- [ RunTime:0.012647s ]
INFO: [ app_end ] --START--
INFO: Run Behavior\ShowPageTraceBehavior [ RunTime:0.018952s ]
INFO: [ app_end ] --END-- [ RunTime:0.028797s ]

[ 2017-04-08T16:39:31+08:00 ] ::1 /yq/index.php/Home/Index/login
INFO: [ app_init ] --START--
INFO: Run Behavior\BuildLiteBehavior [ RunTime:0.000734s ]
INFO: [ app_init ] --END-- [ RunTime:0.006354s ]
INFO: [ app_begin ] --START--
INFO: Run Behavior\ReadHtmlCacheBehavior [ RunTime:0.004104s ]
INFO: [ app_begin ] --END-- [ RunTime:0.007184s ]
NOTIC: [8] A session had already been started - ignoring session_start() F:\Tools\WampServer\wamp\www\yq\Application\Home\Controller\IndexController.class.php 第 16 行.
NOTIC: [8] A session had already been started - ignoring session_start() F:\Tools\WampServer\wamp\www\yq\Application\Common\Common\function.php 第 6 行.

[ 2017-04-08T16:40:05+08:00 ] ::1 /yq/
INFO: [ app_init ] --START--
INFO: Run Behavior\BuildLiteBehavior [ RunTime:0.000472s ]
INFO: [ app_init ] --END-- [ RunTime:0.004496s ]
INFO: [ app_begin ] --START--
INFO: Run Behavior\ReadHtmlCacheBehavior [ RunTime:0.003676s ]
INFO: [ app_begin ] --END-- [ RunTime:0.006733s ]
INFO: [ view_parse ] --START--
INFO: [ template_filter ] --START--
INFO: Run Behavior\ContentReplaceBehavior [ RunTime:0.001460s ]
INFO: [ template_filter ] --END-- [ RunTime:0.004283s ]
INFO: Run Behavior\ParseTemplateBehavior [ RunTime:0.091734s ]
INFO: [ view_parse ] --END-- [ RunTime:0.096016s ]
INFO: [ view_filter ] --START--
INFO: Run Behavior\WriteHtmlCacheBehavior [ RunTime:0.002956s ]
INFO: [ view_filter ] --END-- [ RunTime:0.006087s ]
INFO: [ app_end ] --START--
INFO: Run Behavior\ShowPageTraceBehavior [ RunTime:0.009495s ]
INFO: [ app_end ] --END-- [ RunTime:0.017158s ]

[ 2017-04-08T16:40:06+08:00 ] ::1 /yq/index.php/Home/Index/login
INFO: [ app_init ] --START--
INFO: Run Behavior\BuildLiteBehavior [ RunTime:0.004027s ]
INFO: [ app_init ] --END-- [ RunTime:0.011543s ]
INFO: [ app_begin ] --START--
INFO: Run Behavior\ReadHtmlCacheBehavior [ RunTime:0.004627s ]
INFO: [ app_begin ] --END-- [ RunTime:0.008327s ]
NOTIC: [8] A session had already been started - ignoring session_start() F:\Tools\WampServer\wamp\www\yq\Application\Home\Controller\IndexController.class.php 第 16 行.
NOTIC: [8] A session had already been started - ignoring session_start() F:\Tools\WampServer\wamp\www\yq\Application\Common\Common\function.php 第 6 行.

[ 2017-04-08T16:40:36+08:00 ] ::1 /yq/
INFO: [ app_init ] --START--
INFO: Run Behavior\BuildLiteBehavior [ RunTime:0.000577s ]
INFO: [ app_init ] --END-- [ RunTime:0.006819s ]
INFO: [ app_begin ] --START--
INFO: Run Behavior\ReadHtmlCacheBehavior [ RunTime:0.004550s ]
INFO: [ app_begin ] --END-- [ RunTime:0.010204s ]
INFO: [ view_parse ] --START--
INFO: [ template_filter ] --START--
INFO: Run Behavior\ContentReplaceBehavior [ RunTime:0.002315s ]
INFO: [ template_filter ] --END-- [ RunTime:0.004917s ]
INFO: Run Behavior\ParseTemplateBehavior [ RunTime:0.112117s ]
INFO: [ view_parse ] --END-- [ RunTime:0.116438s ]
INFO: [ view_filter ] --START--
INFO: Run Behavior\WriteHtmlCacheBehavior [ RunTime:0.003037s ]
INFO: [ view_filter ] --END-- [ RunTime:0.008509s ]
INFO: [ app_end ] --START--
INFO: Run Behavior\ShowPageTraceBehavior [ RunTime:0.014640s ]
INFO: [ app_end ] --END-- [ RunTime:0.019439s ]

[ 2017-04-08T16:40:36+08:00 ] ::1 /yq/index.php/Home/Index/login
INFO: [ app_init ] --START--
INFO: Run Behavior\BuildLiteBehavior [ RunTime:0.000899s ]
INFO: [ app_init ] --END-- [ RunTime:0.012139s ]
INFO: [ app_begin ] --START--
INFO: Run Behavior\ReadHtmlCacheBehavior [ RunTime:0.004620s ]
INFO: [ app_begin ] --END-- [ RunTime:0.007697s ]
NOTIC: [8] A session had already been started - ignoring session_start() F:\Tools\WampServer\wamp\www\yq\Application\Home\Controller\IndexController.class.php 第 16 行.
NOTIC: [8] A session had already been started - ignoring session_start() F:\Tools\WampServer\wamp\www\yq\Application\Common\Common\function.php 第 6 行.

[ 2017-04-08T16:41:04+08:00 ] ::1 /yq/
INFO: [ app_init ] --START--
INFO: Run Behavior\BuildLiteBehavior [ RunTime:0.000497s ]
INFO: [ app_init ] --END-- [ RunTime:0.005929s ]
INFO: [ app_begin ] --START--
INFO: Run Behavior\ReadHtmlCacheBehavior [ RunTime:0.002845s ]
INFO: [ app_begin ] --END-- [ RunTime:0.006227s ]
INFO: [ view_parse ] --START--
INFO: [ template_filter ] --START--
INFO: Run Behavior\ContentReplaceBehavior [ RunTime:0.001443s ]
INFO: [ template_filter ] --END-- [ RunTime:0.005249s ]
INFO: Run Behavior\ParseTemplateBehavior [ RunTime:0.104905s ]
INFO: [ view_parse ] --END-- [ RunTime:0.108202s ]
INFO: [ view_filter ] --START--
INFO: Run Behavior\WriteHtmlCacheBehavior [ RunTime:0.002955s ]
INFO: [ view_filter ] --END-- [ RunTime:0.005697s ]
INFO: [ app_end ] --START--
INFO: Run Behavior\ShowPageTraceBehavior [ RunTime:0.009271s ]
INFO: [ app_end ] --END-- [ RunTime:0.013295s ]

[ 2017-04-08T16:41:05+08:00 ] ::1 /yq/index.php/Home/Index/login
INFO: [ app_init ] --START--
INFO: Run Behavior\BuildLiteBehavior [ RunTime:0.000903s ]
INFO: [ app_init ] --END-- [ RunTime:0.013774s ]
INFO: [ app_begin ] --START--
INFO: Run Behavior\ReadHtmlCacheBehavior [ RunTime:0.004483s ]
INFO: [ app_begin ] --END-- [ RunTime:0.008501s ]
NOTIC: [8] A session had already been started - ignoring session_start() F:\Tools\WampServer\wamp\www\yq\Application\Home\Controller\IndexController.class.php 第 16 行.
NOTIC: [8] A session had already been started - ignoring session_start() F:\Tools\WampServer\wamp\www\yq\Application\Common\Common\function.php 第 6 行.

[ 2017-04-08T16:41:32+08:00 ] ::1 /yq/
INFO: [ app_init ] --START--
INFO: Run Behavior\BuildLiteBehavior [ RunTime:0.000360s ]
INFO: [ app_init ] --END-- [ RunTime:0.003052s ]
INFO: [ app_begin ] --START--
INFO: Run Behavior\ReadHtmlCacheBehavior [ RunTime:0.002230s ]
INFO: [ app_begin ] --END-- [ RunTime:0.005345s ]
INFO: [ view_parse ] --START--
INFO: [ template_filter ] --START--
INFO: Run Behavior\ContentReplaceBehavior [ RunTime:0.002750s ]
INFO: [ template_filter ] --END-- [ RunTime:0.006206s ]
INFO: Run Behavior\ParseTemplateBehavior [ RunTime:0.075640s ]
INFO: [ view_parse ] --END-- [ RunTime:0.078932s ]
INFO: [ view_filter ] --START--
INFO: Run Behavior\WriteHtmlCacheBehavior [ RunTime:0.004653s ]
INFO: [ view_filter ] --END-- [ RunTime:0.008619s ]
INFO: [ app_end ] --START--
INFO: Run Behavior\ShowPageTraceBehavior [ RunTime:0.007913s ]
INFO: [ app_end ] --END-- [ RunTime:0.011764s ]

[ 2017-04-08T16:41:32+08:00 ] ::1 /yq/index.php/Home/Index/login
INFO: [ app_init ] --START--
INFO: Run Behavior\BuildLiteBehavior [ RunTime:0.000521s ]
INFO: [ app_init ] --END-- [ RunTime:0.004594s ]
INFO: [ app_begin ] --START--
INFO: Run Behavior\ReadHtmlCacheBehavior [ RunTime:0.002868s ]
INFO: [ app_begin ] --END-- [ RunTime:0.005260s ]
NOTIC: [8] A session had already been started - ignoring session_start() F:\Tools\WampServer\wamp\www\yq\Application\Home\Controller\IndexController.class.php 第 16 行.
NOTIC: [8] A session had already been started - ignoring session_start() F:\Tools\WampServer\wamp\www\yq\Application\Common\Common\function.php 第 6 行.

[ 2017-04-08T16:41:34+08:00 ] ::1 /yq/
INFO: [ app_init ] --START--
INFO: Run Behavior\BuildLiteBehavior [ RunTime:0.000375s ]
INFO: [ app_init ] --END-- [ RunTime:0.003199s ]
INFO: [ app_begin ] --START--
INFO: Run Behavior\ReadHtmlCacheBehavior [ RunTime:0.001161s ]
INFO: [ app_begin ] --END-- [ RunTime:0.002789s ]
INFO: [ view_parse ] --START--
INFO: [ template_filter ] --START--
INFO: Run Behavior\ContentReplaceBehavior [ RunTime:0.000627s ]
INFO: [ template_filter ] --END-- [ RunTime:0.001730s ]
INFO: Run Behavior\ParseTemplateBehavior [ RunTime:0.048187s ]
INFO: [ view_parse ] --END-- [ RunTime:0.049744s ]
INFO: [ view_filter ] --START--
INFO: Run Behavior\WriteHtmlCacheBehavior [ RunTime:0.001071s ]
INFO: [ view_filter ] --END-- [ RunTime:0.002127s ]
INFO: [ app_end ] --START--
INFO: Run Behavior\ShowPageTraceBehavior [ RunTime:0.002771s ]
INFO: [ app_end ] --END-- [ RunTime:0.006375s ]

[ 2017-04-08T16:41:34+08:00 ] ::1 /yq/index.php/Home/Index/login
INFO: [ app_init ] --START--
INFO: Run Behavior\BuildLiteBehavior [ RunTime:0.000370s ]
INFO: [ app_init ] --END-- [ RunTime:0.003214s ]
INFO: [ app_begin ] --START--
INFO: Run Behavior\ReadHtmlCacheBehavior [ RunTime:0.001956s ]
INFO: [ app_begin ] --END-- [ RunTime:0.003609s ]
NOTIC: [8] A session had already been started - ignoring session_start() F:\Tools\WampServer\wamp\www\yq\Application\Home\Controller\IndexController.class.php 第 16 行.
NOTIC: [8] A session had already been started - ignoring session_start() F:\Tools\WampServer\wamp\www\yq\Application\Common\Common\function.php 第 6 行.

[ 2017-04-08T16:41:50+08:00 ] ::1 /yq/
INFO: [ app_init ] --START--
INFO: Run Behavior\BuildLiteBehavior [ RunTime:0.001072s ]
INFO: [ app_init ] --END-- [ RunTime:0.007822s ]
INFO: [ app_begin ] --START--
INFO: Run Behavior\ReadHtmlCacheBehavior [ RunTime:0.002627s ]
INFO: [ app_begin ] --END-- [ RunTime:0.005532s ]
INFO: [ view_parse ] --START--
INFO: [ template_filter ] --START--
INFO: Run Behavior\ContentReplaceBehavior [ RunTime:0.002460s ]
INFO: [ template_filter ] --END-- [ RunTime:0.007049s ]
INFO: Run Behavior\ParseTemplateBehavior [ RunTime:0.134153s ]
INFO: [ view_parse ] --END-- [ RunTime:0.137806s ]
INFO: [ view_filter ] --START--
INFO: Run Behavior\WriteHtmlCacheBehavior [ RunTime:0.005056s ]
INFO: [ view_filter ] --END-- [ RunTime:0.009187s ]
INFO: [ app_end ] --START--
INFO: Run Behavior\ShowPageTraceBehavior [ RunTime:0.004815s ]
INFO: [ app_end ] --END-- [ RunTime:0.015829s ]

[ 2017-04-08T16:41:51+08:00 ] ::1 /yq/index.php/Home/Index/login
INFO: [ app_init ] --START--
INFO: Run Behavior\BuildLiteBehavior [ RunTime:0.000838s ]
INFO: [ app_init ] --END-- [ RunTime:0.007687s ]
INFO: [ app_begin ] --START--
INFO: Run Behavior\ReadHtmlCacheBehavior [ RunTime:0.002656s ]
INFO: [ app_begin ] --END-- [ RunTime:0.004742s ]
NOTIC: [8] A session had already been started - ignoring session_start() F:\Tools\WampServer\wamp\www\yq\Application\Home\Controller\IndexController.class.php 第 16 行.
NOTIC: [8] A session had already been started - ignoring session_start() F:\Tools\WampServer\wamp\www\yq\Application\Common\Common\function.php 第 6 行.

[ 2017-04-08T16:42:08+08:00 ] ::1 /yq/
INFO: [ app_init ] --START--
INFO: Run Behavior\BuildLiteBehavior [ RunTime:0.000901s ]
INFO: [ app_init ] --END-- [ RunTime:0.008640s ]
INFO: [ app_begin ] --START--
INFO: Run Behavior\ReadHtmlCacheBehavior [ RunTime:0.005450s ]
INFO: [ app_begin ] --END-- [ RunTime:0.010077s ]
INFO: [ view_parse ] --START--
INFO: [ template_filter ] --START--
INFO: Run Behavior\ContentReplaceBehavior [ RunTime:0.005057s ]
INFO: [ template_filter ] --END-- [ RunTime:0.009237s ]
INFO: Run Behavior\ParseTemplateBehavior [ RunTime:0.159824s ]
INFO: [ view_parse ] --END-- [ RunTime:0.167830s ]
INFO: [ view_filter ] --START--
INFO: Run Behavior\WriteHtmlCacheBehavior [ RunTime:0.002643s ]
INFO: [ view_filter ] --END-- [ RunTime:0.005201s ]
INFO: [ app_end ] --START--
INFO: Run Behavior\ShowPageTraceBehavior [ RunTime:0.006652s ]
INFO: [ app_end ] --END-- [ RunTime:0.014047s ]

[ 2017-04-08T16:42:09+08:00 ] ::1 /yq/index.php/Home/Index/login
INFO: [ app_init ] --START--
INFO: Run Behavior\BuildLiteBehavior [ RunTime:0.000806s ]
INFO: [ app_init ] --END-- [ RunTime:0.011000s ]
INFO: [ app_begin ] --START--
INFO: Run Behavior\ReadHtmlCacheBehavior [ RunTime:0.005276s ]
INFO: [ app_begin ] --END-- [ RunTime:0.009177s ]
NOTIC: [8] A session had already been started - ignoring session_start() F:\Tools\WampServer\wamp\www\yq\Application\Home\Controller\IndexController.class.php 第 16 行.
NOTIC: [8] A session had already been started - ignoring session_start() F:\Tools\WampServer\wamp\www\yq\Application\Common\Common\function.php 第 6 行.

[ 2017-04-08T16:42:40+08:00 ] ::1 /yq/
INFO: [ app_init ] --START--
INFO: Run Behavior\BuildLiteBehavior [ RunTime:0.001223s ]
INFO: [ app_init ] --END-- [ RunTime:0.008383s ]
INFO: [ app_begin ] --START--
INFO: Run Behavior\ReadHtmlCacheBehavior [ RunTime:0.002963s ]
INFO: [ app_begin ] --END-- [ RunTime:0.007591s ]
INFO: [ view_parse ] --START--
INFO: [ template_filter ] --START--
INFO: Run Behavior\ContentReplaceBehavior [ RunTime:0.002808s ]
INFO: [ template_filter ] --END-- [ RunTime:0.007515s ]
INFO: Run Behavior\ParseTemplateBehavior [ RunTime:0.110633s ]
INFO: [ view_parse ] --END-- [ RunTime:0.114479s ]
INFO: [ view_filter ] --START--
INFO: Run Behavior\WriteHtmlCacheBehavior [ RunTime:0.003753s ]
INFO: [ view_filter ] --END-- [ RunTime:0.007908s ]
INFO: [ app_end ] --START--
INFO: Run Behavior\ShowPageTraceBehavior [ RunTime:0.005859s ]
INFO: [ app_end ] --END-- [ RunTime:0.011188s ]

[ 2017-04-08T16:42:40+08:00 ] ::1 /yq/index.php/Home/Index/login
INFO: [ app_init ] --START--
INFO: Run Behavior\BuildLiteBehavior [ RunTime:0.000778s ]
INFO: [ app_init ] --END-- [ RunTime:0.009212s ]
INFO: [ app_begin ] --START--
INFO: Run Behavior\ReadHtmlCacheBehavior [ RunTime:0.004245s ]
INFO: [ app_begin ] --END-- [ RunTime:0.014126s ]
NOTIC: [8] A session had already been started - ignoring session_start() F:\Tools\WampServer\wamp\www\yq\Application\Home\Controller\IndexController.class.php 第 16 行.
NOTIC: [8] A session had already been started - ignoring session_start() F:\Tools\WampServer\wamp\www\yq\Application\Common\Common\function.php 第 6 行.

[ 2017-04-08T16:43:33+08:00 ] ::1 /yq/
INFO: [ app_init ] --START--
INFO: Run Behavior\BuildLiteBehavior [ RunTime:0.000463s ]
INFO: [ app_init ] --END-- [ RunTime:0.003592s ]
INFO: [ app_begin ] --START--
INFO: Run Behavior\ReadHtmlCacheBehavior [ RunTime:0.002222s ]
INFO: [ app_begin ] --END-- [ RunTime:0.004766s ]
INFO: [ view_parse ] --START--
INFO: [ template_filter ] --START--
INFO: Run Behavior\ContentReplaceBehavior [ RunTime:0.001066s ]
INFO: [ template_filter ] --END-- [ RunTime:0.002950s ]
INFO: Run Behavior\ParseTemplateBehavior [ RunTime:0.072007s ]
INFO: [ view_parse ] --END-- [ RunTime:0.077500s ]
INFO: [ view_filter ] --START--
INFO: Run Behavior\WriteHtmlCacheBehavior [ RunTime:0.001828s ]
INFO: [ view_filter ] --END-- [ RunTime:0.003713s ]
INFO: [ app_end ] --START--
INFO: Run Behavior\ShowPageTraceBehavior [ RunTime:0.002802s ]
INFO: [ app_end ] --END-- [ RunTime:0.006611s ]

[ 2017-04-08T16:43:33+08:00 ] ::1 /yq/index.php/Home/Index/login
INFO: [ app_init ] --START--
INFO: Run Behavior\BuildLiteBehavior [ RunTime:0.000371s ]
INFO: [ app_init ] --END-- [ RunTime:0.003598s ]
INFO: [ app_begin ] --START--
INFO: Run Behavior\ReadHtmlCacheBehavior [ RunTime:0.002028s ]
INFO: [ app_begin ] --END-- [ RunTime:0.003539s ]
NOTIC: [8] A session had already been started - ignoring session_start() F:\Tools\WampServer\wamp\www\yq\Application\Home\Controller\IndexController.class.php 第 16 行.
NOTIC: [8] A session had already been started - ignoring session_start() F:\Tools\WampServer\wamp\www\yq\Application\Common\Common\function.php 第 6 行.

[ 2017-04-08T16:44:28+08:00 ] ::1 /yq/
INFO: [ app_init ] --START--
INFO: Run Behavior\BuildLiteBehavior [ RunTime:0.001292s ]
INFO: [ app_init ] --END-- [ RunTime:0.011249s ]
INFO: [ app_begin ] --START--
INFO: Run Behavior\ReadHtmlCacheBehavior [ RunTime:0.005308s ]
INFO: [ app_begin ] --END-- [ RunTime:0.008731s ]
INFO: [ view_parse ] --START--
INFO: [ template_filter ] --START--
INFO: Run Behavior\ContentReplaceBehavior [ RunTime:0.001515s ]
INFO: [ template_filter ] --END-- [ RunTime:0.004231s ]
INFO: Run Behavior\ParseTemplateBehavior [ RunTime:0.091825s ]
INFO: [ view_parse ] --END-- [ RunTime:0.094829s ]
INFO: [ view_filter ] --START--
INFO: Run Behavior\WriteHtmlCacheBehavior [ RunTime:0.002890s ]
INFO: [ view_filter ] --END-- [ RunTime:0.005662s ]
INFO: [ app_end ] --START--
INFO: Run Behavior\ShowPageTraceBehavior [ RunTime:0.005843s ]
INFO: [ app_end ] --END-- [ RunTime:0.010175s ]

[ 2017-04-08T16:44:29+08:00 ] ::1 /yq/index.php/Home/Index/login
INFO: [ app_init ] --START--
INFO: Run Behavior\BuildLiteBehavior [ RunTime:0.000427s ]
INFO: [ app_init ] --END-- [ RunTime:0.004782s ]
INFO: [ app_begin ] --START--
INFO: Run Behavior\ReadHtmlCacheBehavior [ RunTime:0.008284s ]
INFO: [ app_begin ] --END-- [ RunTime:0.013488s ]
NOTIC: [8] A session had already been started - ignoring session_start() F:\Tools\WampServer\wamp\www\yq\Application\Home\Controller\IndexController.class.php 第 16 行.
NOTIC: [8] A session had already been started - ignoring session_start() F:\Tools\WampServer\wamp\www\yq\Application\Common\Common\function.php 第 6 行.

[ 2017-04-08T16:44:44+08:00 ] ::1 /yq/
INFO: [ app_init ] --START--
INFO: Run Behavior\BuildLiteBehavior [ RunTime:0.002036s ]
INFO: [ app_init ] --END-- [ RunTime:0.007699s ]
INFO: [ app_begin ] --START--
INFO: Run Behavior\ReadHtmlCacheBehavior [ RunTime:0.003294s ]
INFO: [ app_begin ] --END-- [ RunTime:0.007760s ]
INFO: [ view_parse ] --START--
INFO: [ template_filter ] --START--
INFO: Run Behavior\ContentReplaceBehavior [ RunTime:0.001972s ]
INFO: [ template_filter ] --END-- [ RunTime:0.005447s ]
INFO: Run Behavior\ParseTemplateBehavior [ RunTime:0.103602s ]
INFO: [ view_parse ] --END-- [ RunTime:0.107065s ]
INFO: [ view_filter ] --START--
INFO: Run Behavior\WriteHtmlCacheBehavior [ RunTime:0.003020s ]
INFO: [ view_filter ] --END-- [ RunTime:0.006168s ]
INFO: [ app_end ] --START--
INFO: Run Behavior\ShowPageTraceBehavior [ RunTime:0.007610s ]
INFO: [ app_end ] --END-- [ RunTime:0.012744s ]

[ 2017-04-08T16:44:44+08:00 ] ::1 /yq/index.php/Home/Index/login
INFO: [ app_init ] --START--
INFO: Run Behavior\BuildLiteBehavior [ RunTime:0.000590s ]
INFO: [ app_init ] --END-- [ RunTime:0.004863s ]
INFO: [ app_begin ] --START--
INFO: Run Behavior\ReadHtmlCacheBehavior [ RunTime:0.002698s ]
INFO: [ app_begin ] --END-- [ RunTime:0.005197s ]
NOTIC: [8] A session had already been started - ignoring session_start() F:\Tools\WampServer\wamp\www\yq\Application\Home\Controller\IndexController.class.php 第 16 行.
NOTIC: [8] A session had already been started - ignoring session_start() F:\Tools\WampServer\wamp\www\yq\Application\Common\Common\function.php 第 6 行.

[ 2017-04-08T16:45:01+08:00 ] ::1 /yq/
INFO: [ app_init ] --START--
INFO: Run Behavior\BuildLiteBehavior [ RunTime:0.000841s ]
INFO: [ app_init ] --END-- [ RunTime:0.011606s ]
INFO: [ app_begin ] --START--
INFO: Run Behavior\ReadHtmlCacheBehavior [ RunTime:0.004728s ]
INFO: [ app_begin ] --END-- [ RunTime:0.009698s ]
INFO: [ view_parse ] --START--
INFO: [ template_filter ] --START--
INFO: Run Behavior\ContentReplaceBehavior [ RunTime:0.002476s ]
INFO: [ template_filter ] --END-- [ RunTime:0.007695s ]
INFO: Run Behavior\ParseTemplateBehavior [ RunTime:0.142734s ]
INFO: [ view_parse ] --END-- [ RunTime:0.148358s ]
INFO: [ view_filter ] --START--
INFO: Run Behavior\WriteHtmlCacheBehavior [ RunTime:0.004099s ]
INFO: [ view_filter ] --END-- [ RunTime:0.009041s ]
INFO: [ app_end ] --START--
INFO: Run Behavior\ShowPageTraceBehavior [ RunTime:0.057949s ]
INFO: [ app_end ] --END-- [ RunTime:0.063772s ]

[ 2017-04-08T16:45:02+08:00 ] ::1 /yq/index.php/Home/Index/login
INFO: [ app_init ] --START--
INFO: Run Behavior\BuildLiteBehavior [ RunTime:0.002216s ]
INFO: [ app_init ] --END-- [ RunTime:0.010607s ]
INFO: [ app_begin ] --START--
INFO: Run Behavior\ReadHtmlCacheBehavior [ RunTime:0.005436s ]
INFO: [ app_begin ] --END-- [ RunTime:0.008823s ]
NOTIC: [8] A session had already been started - ignoring session_start() F:\Tools\WampServer\wamp\www\yq\Application\Home\Controller\IndexController.class.php 第 16 行.
NOTIC: [8] A session had already been started - ignoring session_start() F:\Tools\WampServer\wamp\www\yq\Application\Common\Common\function.php 第 6 行.

[ 2017-04-08T16:45:43+08:00 ] ::1 /yq/
INFO: [ app_init ] --START--
INFO: Run Behavior\BuildLiteBehavior [ RunTime:0.000920s ]
INFO: [ app_init ] --END-- [ RunTime:0.010468s ]
INFO: [ app_begin ] --START--
INFO: Run Behavior\ReadHtmlCacheBehavior [ RunTime:0.004530s ]
INFO: [ app_begin ] --END-- [ RunTime:0.008479s ]
INFO: [ view_parse ] --START--
INFO: [ template_filter ] --START--
INFO: Run Behavior\ContentReplaceBehavior [ RunTime:0.001437s ]
INFO: [ template_filter ] --END-- [ RunTime:0.004132s ]
INFO: Run Behavior\ParseTemplateBehavior [ RunTime:0.084418s ]
INFO: [ view_parse ] --END-- [ RunTime:0.086872s ]
INFO: [ view_filter ] --START--
INFO: Run Behavior\WriteHtmlCacheBehavior [ RunTime:0.003127s ]
INFO: [ view_filter ] --END-- [ RunTime:0.005657s ]
INFO: [ app_end ] --START--
INFO: Run Behavior\ShowPageTraceBehavior [ RunTime:0.010320s ]
INFO: [ app_end ] --END-- [ RunTime:0.015328s ]

[ 2017-04-08T16:45:44+08:00 ] ::1 /yq/index.php/Home/Index/login
INFO: [ app_init ] --START--
INFO: Run Behavior\BuildLiteBehavior [ RunTime:0.001063s ]
INFO: [ app_init ] --END-- [ RunTime:0.009918s ]
INFO: [ app_begin ] --START--
INFO: Run Behavior\ReadHtmlCacheBehavior [ RunTime:0.023489s ]
INFO: [ app_begin ] --END-- [ RunTime:0.027787s ]
NOTIC: [8] A session had already been started - ignoring session_start() F:\Tools\WampServer\wamp\www\yq\Application\Home\Controller\IndexController.class.php 第 16 行.
NOTIC: [8] A session had already been started - ignoring session_start() F:\Tools\WampServer\wamp\www\yq\Application\Common\Common\function.php 第 6 行.

[ 2017-04-08T16:46:47+08:00 ] ::1 /yq/
INFO: [ app_init ] --START--
INFO: Run Behavior\BuildLiteBehavior [ RunTime:0.000980s ]
INFO: [ app_init ] --END-- [ RunTime:0.009968s ]
INFO: [ app_begin ] --START--
INFO: Run Behavior\ReadHtmlCacheBehavior [ RunTime:0.004504s ]
INFO: [ app_begin ] --END-- [ RunTime:0.008762s ]
INFO: [ view_parse ] --START--
INFO: [ template_filter ] --START--
INFO: Run Behavior\ContentReplaceBehavior [ RunTime:0.002434s ]
INFO: [ template_filter ] --END-- [ RunTime:0.007354s ]
INFO: Run Behavior\ParseTemplateBehavior [ RunTime:0.142915s ]
INFO: [ view_parse ] --END-- [ RunTime:0.146678s ]
INFO: [ view_filter ] --START--
INFO: Run Behavior\WriteHtmlCacheBehavior [ RunTime:0.004579s ]
INFO: [ view_filter ] --END-- [ RunTime:0.008808s ]
INFO: [ app_end ] --START--
INFO: Run Behavior\ShowPageTraceBehavior [ RunTime:0.009756s ]
INFO: [ app_end ] --END-- [ RunTime:0.014210s ]

[ 2017-04-08T16:46:48+08:00 ] ::1 /yq/index.php/Home/Index/login
INFO: [ app_init ] --START--
INFO: Run Behavior\BuildLiteBehavior [ RunTime:0.002673s ]
INFO: [ app_init ] --END-- [ RunTime:0.009928s ]
INFO: [ app_begin ] --START--
INFO: Run Behavior\ReadHtmlCacheBehavior [ RunTime:0.005860s ]
INFO: [ app_begin ] --END-- [ RunTime:0.009433s ]
NOTIC: [8] A session had already been started - ignoring session_start() F:\Tools\WampServer\wamp\www\yq\Application\Home\Controller\IndexController.class.php 第 16 行.
NOTIC: [8] A session had already been started - ignoring session_start() F:\Tools\WampServer\wamp\www\yq\Application\Common\Common\function.php 第 6 行.

[ 2017-04-08T16:47:20+08:00 ] ::1 /yq/
INFO: [ app_init ] --START--
INFO: Run Behavior\BuildLiteBehavior [ RunTime:0.000475s ]
INFO: [ app_init ] --END-- [ RunTime:0.005727s ]
INFO: [ app_begin ] --START--
INFO: Run Behavior\ReadHtmlCacheBehavior [ RunTime:0.002729s ]
INFO: [ app_begin ] --END-- [ RunTime:0.005397s ]
INFO: [ view_parse ] --START--
INFO: [ template_filter ] --START--
INFO: Run Behavior\ContentReplaceBehavior [ RunTime:0.001559s ]
INFO: [ template_filter ] --END-- [ RunTime:0.004378s ]
INFO: Run Behavior\ParseTemplateBehavior [ RunTime:0.099500s ]
INFO: [ view_parse ] --END-- [ RunTime:0.103726s ]
INFO: [ view_filter ] --START--
INFO: Run Behavior\WriteHtmlCacheBehavior [ RunTime:0.002999s ]
INFO: [ view_filter ] --END-- [ RunTime:0.005444s ]
INFO: [ app_end ] --START--
INFO: Run Behavior\ShowPageTraceBehavior [ RunTime:0.005174s ]
INFO: [ app_end ] --END-- [ RunTime:0.008350s ]

[ 2017-04-08T16:47:20+08:00 ] ::1 /yq/index.php/Home/Index/login
INFO: [ app_init ] --START--
INFO: Run Behavior\BuildLiteBehavior [ RunTime:0.000910s ]
INFO: [ app_init ] --END-- [ RunTime:0.007698s ]
INFO: [ app_begin ] --START--
INFO: Run Behavior\ReadHtmlCacheBehavior [ RunTime:0.005008s ]
INFO: [ app_begin ] --END-- [ RunTime:0.015925s ]
NOTIC: [8] A session had already been started - ignoring session_start() F:\Tools\WampServer\wamp\www\yq\Application\Home\Controller\IndexController.class.php 第 16 行.
NOTIC: [8] A session had already been started - ignoring session_start() F:\Tools\WampServer\wamp\www\yq\Application\Common\Common\function.php 第 6 行.

[ 2017-04-08T16:47:22+08:00 ] ::1 /yq/index.php/Home/Index/login
INFO: [ app_init ] --START--
INFO: Run Behavior\BuildLiteBehavior [ RunTime:0.000874s ]
INFO: [ app_init ] --END-- [ RunTime:0.007191s ]
INFO: [ app_begin ] --START--
INFO: Run Behavior\ReadHtmlCacheBehavior [ RunTime:0.003410s ]
INFO: [ app_begin ] --END-- [ RunTime:0.006650s ]
NOTIC: [8] A session had already been started - ignoring session_start() F:\Tools\WampServer\wamp\www\yq\Application\Home\Controller\IndexController.class.php 第 16 行.
SQL: SHOW COLUMNS FROM `yq_user` [ RunTime:0.0128s ]
SQL: SELECT * FROM `yq_user` WHERE `username` = 'admin' AND `password` = '123456' LIMIT 1   [ RunTime:0.0020s ]
SQL: SHOW COLUMNS FROM `yq_school` [ RunTime:0.0129s ]
SQL: SELECT `schname` FROM `yq_school` WHERE ( schoolid=1 ) LIMIT 1   [ RunTime:0.0014s ]
SQL: SELECT * FROM `yq_school` ORDER BY score desc LIMIT 3   [ RunTime:0.0016s ]
SQL: SHOW COLUMNS FROM `yq_user_group` [ RunTime:0.0118s ]
SQL: SELECT b.groupid,b.groupname FROM yq_user_group a INNER JOIN yq_group b  WHERE ( a.userid=1&&a.groupid=b.groupid ) LIMIT 1   [ RunTime:0.0018s ]
SQL: SHOW COLUMNS FROM `yq_group_leftbar_permission` [ RunTime:0.0132s ]
SQL: SHOW COLUMNS FROM `yq_group_leftbar_permission` [ RunTime:0.0132s ]
SQL: SELECT b.itemname as name,c.action as api,b.keybind FROM yq_group_leftbar_permission  a INNER JOIN yq_leftbar  b INNER JOIN yq_permission c  WHERE ( a.groupid=3 and a.itemid=b.itemid and a.permid=c.permid ) ORDER BY a.itemid asc  [ RunTime:0.0016s ]

[ 2017-04-08T16:47:59+08:00 ] ::1 /yq/
INFO: [ app_init ] --START--
INFO: Run Behavior\BuildLiteBehavior [ RunTime:0.000841s ]
INFO: [ app_init ] --END-- [ RunTime:0.011487s ]
INFO: [ app_begin ] --START--
INFO: Run Behavior\ReadHtmlCacheBehavior [ RunTime:0.003014s ]
INFO: [ app_begin ] --END-- [ RunTime:0.006853s ]
INFO: [ view_parse ] --START--
INFO: [ template_filter ] --START--
INFO: Run Behavior\ContentReplaceBehavior [ RunTime:0.001473s ]
INFO: [ template_filter ] --END-- [ RunTime:0.004473s ]
INFO: Run Behavior\ParseTemplateBehavior [ RunTime:0.103956s ]
INFO: [ view_parse ] --END-- [ RunTime:0.106427s ]
INFO: [ view_filter ] --START--
INFO: Run Behavior\WriteHtmlCacheBehavior [ RunTime:0.004607s ]
INFO: [ view_filter ] --END-- [ RunTime:0.008008s ]
INFO: [ app_end ] --START--
INFO: Run Behavior\ShowPageTraceBehavior [ RunTime:0.007620s ]
INFO: [ app_end ] --END-- [ RunTime:0.011571s ]

[ 2017-04-08T16:48:00+08:00 ] ::1 /yq/index.php/Home/Index/login
INFO: [ app_init ] --START--
INFO: Run Behavior\BuildLiteBehavior [ RunTime:0.000858s ]
INFO: [ app_init ] --END-- [ RunTime:0.007366s ]
INFO: [ app_begin ] --START--
INFO: Run Behavior\ReadHtmlCacheBehavior [ RunTime:0.005424s ]
INFO: [ app_begin ] --END-- [ RunTime:0.012528s ]
NOTIC: [8] A session had already been started - ignoring session_start() F:\Tools\WampServer\wamp\www\yq\Application\Home\Controller\IndexController.class.php 第 16 行.
NOTIC: [8] A session had already been started - ignoring session_start() F:\Tools\WampServer\wamp\www\yq\Application\Common\Common\function.php 第 6 行.

[ 2017-04-08T16:48:23+08:00 ] ::1 /yq/
INFO: [ app_init ] --START--
INFO: Run Behavior\BuildLiteBehavior [ RunTime:0.001350s ]
INFO: [ app_init ] --END-- [ RunTime:0.009991s ]
INFO: [ app_begin ] --START--
INFO: Run Behavior\ReadHtmlCacheBehavior [ RunTime:0.003803s ]
INFO: [ app_begin ] --END-- [ RunTime:0.009554s ]
INFO: [ view_parse ] --START--
INFO: [ template_filter ] --START--
INFO: Run Behavior\ContentReplaceBehavior [ RunTime:0.001429s ]
INFO: [ template_filter ] --END-- [ RunTime:0.004848s ]
INFO: Run Behavior\ParseTemplateBehavior [ RunTime:0.087644s ]
INFO: [ view_parse ] --END-- [ RunTime:0.090130s ]
INFO: [ view_filter ] --START--
INFO: Run Behavior\WriteHtmlCacheBehavior [ RunTime:0.003532s ]
INFO: [ view_filter ] --END-- [ RunTime:0.006367s ]
INFO: [ app_end ] --START--
INFO: Run Behavior\ShowPageTraceBehavior [ RunTime:0.007834s ]
INFO: [ app_end ] --END-- [ RunTime:0.013503s ]

[ 2017-04-08T16:48:24+08:00 ] ::1 /yq/index.php/Home/Index/login
INFO: [ app_init ] --START--
INFO: Run Behavior\BuildLiteBehavior [ RunTime:0.001002s ]
INFO: [ app_init ] --END-- [ RunTime:0.008551s ]
INFO: [ app_begin ] --START--
INFO: Run Behavior\ReadHtmlCacheBehavior [ RunTime:0.004600s ]
INFO: [ app_begin ] --END-- [ RunTime:0.010870s ]
NOTIC: [8] A session had already been started - ignoring session_start() F:\Tools\WampServer\wamp\www\yq\Application\Home\Controller\IndexController.class.php 第 16 行.
NOTIC: [8] A session had already been started - ignoring session_start() F:\Tools\WampServer\wamp\www\yq\Application\Common\Common\function.php 第 6 行.

[ 2017-04-08T16:49:45+08:00 ] ::1 /yq/
INFO: [ app_init ] --START--
INFO: Run Behavior\BuildLiteBehavior [ RunTime:0.001079s ]
INFO: [ app_init ] --END-- [ RunTime:0.012824s ]
INFO: [ app_begin ] --START--
INFO: Run Behavior\ReadHtmlCacheBehavior [ RunTime:0.004862s ]
INFO: [ app_begin ] --END-- [ RunTime:0.008402s ]
INFO: [ view_parse ] --START--
INFO: [ template_filter ] --START--
INFO: Run Behavior\ContentReplaceBehavior [ RunTime:0.001472s ]
INFO: [ template_filter ] --END-- [ RunTime:0.004324s ]
INFO: Run Behavior\ParseTemplateBehavior [ RunTime:0.097898s ]
INFO: [ view_parse ] --END-- [ RunTime:0.102274s ]
INFO: [ view_filter ] --START--
INFO: Run Behavior\WriteHtmlCacheBehavior [ RunTime:0.005006s ]
INFO: [ view_filter ] --END-- [ RunTime:0.018139s ]
INFO: [ app_end ] --START--
INFO: Run Behavior\ShowPageTraceBehavior [ RunTime:0.012155s ]
INFO: [ app_end ] --END-- [ RunTime:0.044221s ]

[ 2017-04-08T16:49:46+08:00 ] ::1 /yq/index.php/Home/Index/login
INFO: [ app_init ] --START--
INFO: Run Behavior\BuildLiteBehavior [ RunTime:0.000730s ]
INFO: [ app_init ] --END-- [ RunTime:0.008218s ]
INFO: [ app_begin ] --START--
INFO: Run Behavior\ReadHtmlCacheBehavior [ RunTime:0.004210s ]
INFO: [ app_begin ] --END-- [ RunTime:0.008282s ]
NOTIC: [8] A session had already been started - ignoring session_start() F:\Tools\WampServer\wamp\www\yq\Application\Home\Controller\IndexController.class.php 第 16 行.
NOTIC: [8] A session had already been started - ignoring session_start() F:\Tools\WampServer\wamp\www\yq\Application\Common\Common\function.php 第 6 行.

[ 2017-04-08T16:59:52+08:00 ] ::1 /yq/
INFO: [ app_init ] --START--
INFO: Run Behavior\BuildLiteBehavior [ RunTime:0.001499s ]
INFO: [ app_init ] --END-- [ RunTime:0.012611s ]
INFO: [ app_begin ] --START--
INFO: Run Behavior\ReadHtmlCacheBehavior [ RunTime:0.006566s ]
INFO: [ app_begin ] --END-- [ RunTime:0.014583s ]
INFO: [ view_parse ] --START--
INFO: [ template_filter ] --START--
INFO: Run Behavior\ContentReplaceBehavior [ RunTime:0.003113s ]
INFO: [ template_filter ] --END-- [ RunTime:0.005610s ]
INFO: Run Behavior\ParseTemplateBehavior [ RunTime:0.089913s ]
INFO: [ view_parse ] --END-- [ RunTime:0.095467s ]
INFO: [ view_filter ] --START--
INFO: Run Behavior\WriteHtmlCacheBehavior [ RunTime:0.003104s ]
INFO: [ view_filter ] --END-- [ RunTime:0.006857s ]
INFO: [ app_end ] --START--
INFO: Run Behavior\ShowPageTraceBehavior [ RunTime:0.012085s ]
INFO: [ app_end ] --END-- [ RunTime:0.018298s ]

[ 2017-04-08T16:59:53+08:00 ] ::1 /yq/index.php/Home/Index/login
INFO: [ app_init ] --START--
INFO: Run Behavior\BuildLiteBehavior [ RunTime:0.016151s ]
INFO: [ app_init ] --END-- [ RunTime:0.023346s ]
INFO: [ app_begin ] --START--
INFO: Run Behavior\ReadHtmlCacheBehavior [ RunTime:0.002783s ]
INFO: [ app_begin ] --END-- [ RunTime:0.004957s ]
NOTIC: [8] A session had already been started - ignoring session_start() F:\Tools\WampServer\wamp\www\yq\Application\Home\Controller\IndexController.class.php 第 16 行.
NOTIC: [8] A session had already been started - ignoring session_start() F:\Tools\WampServer\wamp\www\yq\Application\Common\Common\function.php 第 6 行.

[ 2017-04-08T17:00:19+08:00 ] ::1 /yq/index.php/Home/Index/logout
INFO: [ app_init ] --START--
INFO: Run Behavior\BuildLiteBehavior [ RunTime:0.000269s ]
INFO: [ app_init ] --END-- [ RunTime:0.002290s ]
INFO: [ app_begin ] --START--
INFO: Run Behavior\ReadHtmlCacheBehavior [ RunTime:0.001922s ]
INFO: [ app_begin ] --END-- [ RunTime:0.003572s ]
NOTIC: [8] A session had already been started - ignoring session_start() F:\Tools\WampServer\wamp\www\yq\Application\Home\Controller\IndexController.class.php 第 86 行.
SQL: SHOW COLUMNS FROM `yq_user` [ RunTime:0.0100s ]
SQL: UPDATE `yq_user` SET `lastip`='0',`lastlogintime`='1491641242' WHERE `userid` = 1 [ RunTime:0.0029s ]

[ 2017-04-08T17:00:21+08:00 ] ::1 /yq/
INFO: [ app_init ] --START--
INFO: Run Behavior\BuildLiteBehavior [ RunTime:0.000255s ]
INFO: [ app_init ] --END-- [ RunTime:0.002291s ]
INFO: [ app_begin ] --START--
INFO: Run Behavior\ReadHtmlCacheBehavior [ RunTime:0.001348s ]
INFO: [ app_begin ] --END-- [ RunTime:0.002671s ]
INFO: [ view_parse ] --START--
INFO: [ template_filter ] --START--
INFO: Run Behavior\ContentReplaceBehavior [ RunTime:0.000679s ]
INFO: [ template_filter ] --END-- [ RunTime:0.001906s ]
INFO: Run Behavior\ParseTemplateBehavior [ RunTime:0.052043s ]
INFO: [ view_parse ] --END-- [ RunTime:0.053727s ]
INFO: [ view_filter ] --START--
INFO: Run Behavior\WriteHtmlCacheBehavior [ RunTime:0.001328s ]
INFO: [ view_filter ] --END-- [ RunTime:0.002889s ]
INFO: [ app_end ] --START--
INFO: Run Behavior\ShowPageTraceBehavior [ RunTime:0.001588s ]
INFO: [ app_end ] --END-- [ RunTime:0.003013s ]

[ 2017-04-08T17:00:21+08:00 ] ::1 /yq/index.php/Home/Index/login
INFO: [ app_init ] --START--
INFO: Run Behavior\BuildLiteBehavior [ RunTime:0.000216s ]
INFO: [ app_init ] --END-- [ RunTime:0.002200s ]
INFO: [ app_begin ] --START--
INFO: Run Behavior\ReadHtmlCacheBehavior [ RunTime:0.001226s ]
INFO: [ app_begin ] --END-- [ RunTime:0.002285s ]
NOTIC: [8] A session had already been started - ignoring session_start() F:\Tools\WampServer\wamp\www\yq\Application\Home\Controller\IndexController.class.php 第 16 行.
NOTIC: [8] A session had already been started - ignoring session_start() F:\Tools\WampServer\wamp\www\yq\Application\Common\Common\function.php 第 6 行.

[ 2017-04-08T17:00:23+08:00 ] ::1 /yq/index.php/Home/Index/login
INFO: [ app_init ] --START--
INFO: Run Behavior\BuildLiteBehavior [ RunTime:0.000994s ]
INFO: [ app_init ] --END-- [ RunTime:0.013828s ]
INFO: [ app_begin ] --START--
INFO: Run Behavior\ReadHtmlCacheBehavior [ RunTime:0.006320s ]
INFO: [ app_begin ] --END-- [ RunTime:0.011656s ]
NOTIC: [8] A session had already been started - ignoring session_start() F:\Tools\WampServer\wamp\www\yq\Application\Home\Controller\IndexController.class.php 第 16 行.
SQL: SHOW COLUMNS FROM `yq_user` [ RunTime:0.0243s ]
SQL: SELECT * FROM `yq_user` WHERE `username` = 'admin' AND `password` = '123456' LIMIT 1   [ RunTime:0.0020s ]
SQL: SHOW COLUMNS FROM `yq_school` [ RunTime:0.0220s ]
SQL: SELECT `schname` FROM `yq_school` WHERE ( schoolid=1 ) LIMIT 1   [ RunTime:0.0014s ]
SQL: SELECT * FROM `yq_school` ORDER BY score desc LIMIT 3   [ RunTime:0.0017s ]
SQL: SHOW COLUMNS FROM `yq_user_group` [ RunTime:0.0190s ]
SQL: SELECT b.groupid,b.groupname FROM yq_user_group a INNER JOIN yq_group b  WHERE ( a.userid=1&&a.groupid=b.groupid ) LIMIT 1   [ RunTime:0.0015s ]
SQL: SHOW COLUMNS FROM `yq_group_leftbar_permission` [ RunTime:0.0217s ]
SQL: SHOW COLUMNS FROM `yq_group_leftbar_permission` [ RunTime:0.0267s ]
SQL: SELECT b.itemname as name,c.action as api,b.keybind FROM yq_group_leftbar_permission  a INNER JOIN yq_leftbar  b INNER JOIN yq_permission c  WHERE ( a.groupid=3 and a.itemid=b.itemid and a.permid=c.permid ) ORDER BY a.itemid asc  [ RunTime:0.0020s ]

[ 2017-04-08T17:37:42+08:00 ] ::1 /yq/
INFO: [ app_init ] --START--
INFO: Run Behavior\BuildLiteBehavior [ RunTime:0.000558s ]
INFO: [ app_init ] --END-- [ RunTime:0.006233s ]
INFO: [ app_begin ] --START--
INFO: Run Behavior\ReadHtmlCacheBehavior [ RunTime:0.008991s ]
INFO: [ app_begin ] --END-- [ RunTime:0.013551s ]
INFO: [ view_parse ] --START--
INFO: [ template_filter ] --START--
INFO: Run Behavior\ContentReplaceBehavior [ RunTime:0.001492s ]
INFO: [ template_filter ] --END-- [ RunTime:0.003967s ]
INFO: Run Behavior\ParseTemplateBehavior [ RunTime:0.116888s ]
INFO: [ view_parse ] --END-- [ RunTime:0.120352s ]
INFO: [ view_filter ] --START--
INFO: Run Behavior\WriteHtmlCacheBehavior [ RunTime:0.002736s ]
INFO: [ view_filter ] --END-- [ RunTime:0.005600s ]
INFO: [ app_end ] --START--
INFO: Run Behavior\ShowPageTraceBehavior [ RunTime:0.010283s ]
INFO: [ app_end ] --END-- [ RunTime:0.018868s ]

[ 2017-04-08T17:37:43+08:00 ] ::1 /yq/index.php/Home/Index/login
INFO: [ app_init ] --START--
INFO: Run Behavior\BuildLiteBehavior [ RunTime:0.001682s ]
INFO: [ app_init ] --END-- [ RunTime:0.023453s ]
INFO: [ app_begin ] --START--
INFO: Run Behavior\ReadHtmlCacheBehavior [ RunTime:0.002783s ]
INFO: [ app_begin ] --END-- [ RunTime:0.004544s ]
NOTIC: [8] A session had already been started - ignoring session_start() F:\Tools\WampServer\wamp\www\yq\Application\Home\Controller\IndexController.class.php 第 16 行.
NOTIC: [8] A session had already been started - ignoring session_start() F:\Tools\WampServer\wamp\www\yq\Application\Common\Common\function.php 第 6 行.

[ 2017-04-08T17:39:21+08:00 ] ::1 /yq/index.php/Home/Index/logout
INFO: [ app_init ] --START--
INFO: Run Behavior\BuildLiteBehavior [ RunTime:0.000943s ]
INFO: [ app_init ] --END-- [ RunTime:0.007888s ]
INFO: [ app_begin ] --START--
INFO: Run Behavior\ReadHtmlCacheBehavior [ RunTime:0.007766s ]
INFO: [ app_begin ] --END-- [ RunTime:0.013099s ]
NOTIC: [8] A session had already been started - ignoring session_start() F:\Tools\WampServer\wamp\www\yq\Application\Home\Controller\IndexController.class.php 第 86 行.
SQL: SHOW COLUMNS FROM `yq_user` [ RunTime:0.0200s ]
SQL: UPDATE `yq_user` SET `lastip`='0',`lastlogintime`='1491642023' WHERE `userid` = 1 [ RunTime:0.0044s ]

[ 2017-04-08T17:39:23+08:00 ] ::1 /yq/
INFO: [ app_init ] --START--
INFO: Run Behavior\BuildLiteBehavior [ RunTime:0.001358s ]
INFO: [ app_init ] --END-- [ RunTime:0.008807s ]
INFO: [ app_begin ] --START--
INFO: Run Behavior\ReadHtmlCacheBehavior [ RunTime:0.004793s ]
INFO: [ app_begin ] --END-- [ RunTime:0.011648s ]
INFO: [ view_parse ] --START--
INFO: [ template_filter ] --START--
INFO: Run Behavior\ContentReplaceBehavior [ RunTime:0.001786s ]
INFO: [ template_filter ] --END-- [ RunTime:0.007827s ]
INFO: Run Behavior\ParseTemplateBehavior [ RunTime:0.132220s ]
INFO: [ view_parse ] --END-- [ RunTime:0.136042s ]
INFO: [ view_filter ] --START--
INFO: Run Behavior\WriteHtmlCacheBehavior [ RunTime:0.011020s ]
INFO: [ view_filter ] --END-- [ RunTime:0.016815s ]
INFO: [ app_end ] --START--
INFO: Run Behavior\ShowPageTraceBehavior [ RunTime:0.016726s ]
INFO: [ app_end ] --END-- [ RunTime:0.026822s ]

[ 2017-04-08T17:39:24+08:00 ] ::1 /yq/index.php/Home/Index/login
INFO: [ app_init ] --START--
INFO: Run Behavior\BuildLiteBehavior [ RunTime:0.001106s ]
INFO: [ app_init ] --END-- [ RunTime:0.010998s ]
INFO: [ app_begin ] --START--
INFO: Run Behavior\ReadHtmlCacheBehavior [ RunTime:0.006653s ]
INFO: [ app_begin ] --END-- [ RunTime:0.011147s ]
NOTIC: [8] A session had already been started - ignoring session_start() F:\Tools\WampServer\wamp\www\yq\Application\Home\Controller\IndexController.class.php 第 16 行.
NOTIC: [8] A session had already been started - ignoring session_start() F:\Tools\WampServer\wamp\www\yq\Application\Common\Common\function.php 第 6 行.

[ 2017-04-08T17:39:27+08:00 ] ::1 /yq/index.php/Home/Index/login
INFO: [ app_init ] --START--
INFO: Run Behavior\BuildLiteBehavior [ RunTime:0.001041s ]
INFO: [ app_init ] --END-- [ RunTime:0.007937s ]
INFO: [ app_begin ] --START--
INFO: Run Behavior\ReadHtmlCacheBehavior [ RunTime:0.005819s ]
INFO: [ app_begin ] --END-- [ RunTime:0.009427s ]
NOTIC: [8] A session had already been started - ignoring session_start() F:\Tools\WampServer\wamp\www\yq\Application\Home\Controller\IndexController.class.php 第 16 行.
SQL: SHOW COLUMNS FROM `yq_user` [ RunTime:0.0206s ]
SQL: SELECT * FROM `yq_user` WHERE `username` = 'admin' AND `password` = '123456' LIMIT 1   [ RunTime:0.0015s ]
SQL: SHOW COLUMNS FROM `yq_school` [ RunTime:0.0210s ]
SQL: SELECT `schname` FROM `yq_school` WHERE ( schoolid=1 ) LIMIT 1   [ RunTime:0.0013s ]
SQL: SELECT * FROM `yq_school` ORDER BY score desc LIMIT 3   [ RunTime:0.0015s ]
SQL: SHOW COLUMNS FROM `yq_user_group` [ RunTime:0.0182s ]
SQL: SELECT b.groupid,b.groupname FROM yq_user_group a INNER JOIN yq_group b  WHERE ( a.userid=1&&a.groupid=b.groupid ) LIMIT 1   [ RunTime:0.0016s ]
SQL: SHOW COLUMNS FROM `yq_group_leftbar_permission` [ RunTime:0.0189s ]
SQL: SHOW COLUMNS FROM `yq_group_leftbar_permission` [ RunTime:0.0190s ]
SQL: SELECT b.itemname as name,c.action as api,b.keybind FROM yq_group_leftbar_permission  a INNER JOIN yq_leftbar  b INNER JOIN yq_permission c  WHERE ( a.groupid=3 and a.itemid=b.itemid and a.permid=c.permid ) ORDER BY a.itemid asc  [ RunTime:0.0019s ]

[ 2017-04-08T17:40:19+08:00 ] ::1 /yq/index.php/Home/Index/logout
INFO: [ app_init ] --START--
INFO: Run Behavior\BuildLiteBehavior [ RunTime:0.000943s ]
INFO: [ app_init ] --END-- [ RunTime:0.018963s ]
INFO: [ app_begin ] --START--
INFO: Run Behavior\ReadHtmlCacheBehavior [ RunTime:0.002995s ]
INFO: [ app_begin ] --END-- [ RunTime:0.006860s ]
NOTIC: [8] A session had already been started - ignoring session_start() F:\Tools\WampServer\wamp\www\yq\Application\Home\Controller\IndexController.class.php 第 86 行.
SQL: SHOW COLUMNS FROM `yq_user` [ RunTime:0.0459s ]
SQL: UPDATE `yq_user` SET `lastip`='0',`lastlogintime`='1491644367' WHERE `userid` = 1 [ RunTime:0.0047s ]

[ 2017-04-08T17:40:22+08:00 ] ::1 /yq/
INFO: [ app_init ] --START--
INFO: Run Behavior\BuildLiteBehavior [ RunTime:0.001472s ]
INFO: [ app_init ] --END-- [ RunTime:0.026600s ]
INFO: [ app_begin ] --START--
INFO: Run Behavior\ReadHtmlCacheBehavior [ RunTime:0.004499s ]
INFO: [ app_begin ] --END-- [ RunTime:0.009464s ]
INFO: [ view_parse ] --START--
INFO: [ template_filter ] --START--
INFO: Run Behavior\ContentReplaceBehavior [ RunTime:0.003181s ]
INFO: [ template_filter ] --END-- [ RunTime:0.007618s ]
INFO: Run Behavior\ParseTemplateBehavior [ RunTime:0.140491s ]
INFO: [ view_parse ] --END-- [ RunTime:0.148637s ]
INFO: [ view_filter ] --START--
INFO: Run Behavior\WriteHtmlCacheBehavior [ RunTime:0.002794s ]
INFO: [ view_filter ] --END-- [ RunTime:0.005743s ]
INFO: [ app_end ] --START--
INFO: Run Behavior\ShowPageTraceBehavior [ RunTime:0.016887s ]
INFO: [ app_end ] --END-- [ RunTime:0.022035s ]

[ 2017-04-08T17:40:23+08:00 ] ::1 /yq/index.php/Home/Index/login
INFO: [ app_init ] --START--
INFO: Run Behavior\BuildLiteBehavior [ RunTime:0.000847s ]
INFO: [ app_init ] --END-- [ RunTime:0.007737s ]
INFO: [ app_begin ] --START--
INFO: Run Behavior\ReadHtmlCacheBehavior [ RunTime:0.003819s ]
INFO: [ app_begin ] --END-- [ RunTime:0.007754s ]
NOTIC: [8] A session had already been started - ignoring session_start() F:\Tools\WampServer\wamp\www\yq\Application\Home\Controller\IndexController.class.php 第 16 行.
NOTIC: [8] A session had already been started - ignoring session_start() F:\Tools\WampServer\wamp\www\yq\Application\Common\Common\function.php 第 6 行.

[ 2017-04-08T17:41:55+08:00 ] ::1 /yq/index.php/Home/Index/login
INFO: [ app_init ] --START--
INFO: Run Behavior\BuildLiteBehavior [ RunTime:0.000604s ]
INFO: [ app_init ] --END-- [ RunTime:0.004847s ]
INFO: [ app_begin ] --START--
INFO: Run Behavior\ReadHtmlCacheBehavior [ RunTime:0.002910s ]
INFO: [ app_begin ] --END-- [ RunTime:0.004909s ]
NOTIC: [8] A session had already been started - ignoring session_start() F:\Tools\WampServer\wamp\www\yq\Application\Home\Controller\IndexController.class.php 第 16 行.
SQL: SHOW COLUMNS FROM `yq_user` [ RunTime:0.0227s ]
SQL: SELECT * FROM `yq_user` WHERE `username` = 'admin' AND `password` = '123456' LIMIT 1   [ RunTime:0.0038s ]
SQL: SHOW COLUMNS FROM `yq_school` [ RunTime:0.0201s ]
SQL: SELECT `schname` FROM `yq_school` WHERE ( schoolid=1 ) LIMIT 1   [ RunTime:0.0012s ]
SQL: SELECT * FROM `yq_school` ORDER BY score desc LIMIT 3   [ RunTime:0.0012s ]
SQL: SHOW COLUMNS FROM `yq_user_group` [ RunTime:0.0191s ]
SQL: SELECT b.groupid,b.groupname FROM yq_user_group a INNER JOIN yq_group b  WHERE ( a.userid=1&&a.groupid=b.groupid ) LIMIT 1   [ RunTime:0.0014s ]
SQL: SHOW COLUMNS FROM `yq_group_leftbar_permission` [ RunTime:0.0195s ]
SQL: SHOW COLUMNS FROM `yq_group_leftbar_permission` [ RunTime:0.0194s ]
SQL: SELECT b.itemname as name,c.action as api,b.keybind FROM yq_group_leftbar_permission  a INNER JOIN yq_leftbar  b INNER JOIN yq_permission c  WHERE ( a.groupid=3 and a.itemid=b.itemid and a.permid=c.permid ) ORDER BY a.itemid asc  [ RunTime:0.0017s ]

[ 2017-04-08T17:59:13+08:00 ] ::1 /yq/
INFO: [ app_init ] --START--
INFO: Run Behavior\BuildLiteBehavior [ RunTime:0.000808s ]
INFO: [ app_init ] --END-- [ RunTime:0.005544s ]
INFO: [ app_begin ] --START--
INFO: Run Behavior\ReadHtmlCacheBehavior [ RunTime:0.003945s ]
INFO: [ app_begin ] --END-- [ RunTime:0.006432s ]
INFO: [ view_parse ] --START--
INFO: [ template_filter ] --START--
INFO: Run Behavior\ContentReplaceBehavior [ RunTime:0.001440s ]
INFO: [ template_filter ] --END-- [ RunTime:0.004359s ]
INFO: Run Behavior\ParseTemplateBehavior [ RunTime:0.095497s ]
INFO: [ view_parse ] --END-- [ RunTime:0.097973s ]
INFO: [ view_filter ] --START--
INFO: Run Behavior\WriteHtmlCacheBehavior [ RunTime:0.003533s ]
INFO: [ view_filter ] --END-- [ RunTime:0.006530s ]
INFO: [ app_end ] --START--
INFO: Run Behavior\ShowPageTraceBehavior [ RunTime:0.004200s ]
INFO: [ app_end ] --END-- [ RunTime:0.013468s ]

[ 2017-04-08T17:59:13+08:00 ] ::1 /yq/index.php/Home/Index/login
INFO: [ app_init ] --START--
INFO: Run Behavior\BuildLiteBehavior [ RunTime:0.001352s ]
INFO: [ app_init ] --END-- [ RunTime:0.011094s ]
INFO: [ app_begin ] --START--
INFO: Run Behavior\ReadHtmlCacheBehavior [ RunTime:0.008052s ]
INFO: [ app_begin ] --END-- [ RunTime:0.013479s ]
NOTIC: [8] A session had already been started - ignoring session_start() F:\Tools\WampServer\wamp\www\yq\Application\Home\Controller\IndexController.class.php 第 16 行.
NOTIC: [8] A session had already been started - ignoring session_start() F:\Tools\WampServer\wamp\www\yq\Application\Common\Common\function.php 第 6 行.

[ 2017-04-08T19:12:15+08:00 ] ::1 /yq/index.php/Home/Index/logout
INFO: [ app_init ] --START--
INFO: Run Behavior\BuildLiteBehavior [ RunTime:0.000719s ]
INFO: [ app_init ] --END-- [ RunTime:0.008121s ]
INFO: [ app_begin ] --START--
INFO: Run Behavior\ReadHtmlCacheBehavior [ RunTime:0.006004s ]
INFO: [ app_begin ] --END-- [ RunTime:0.009862s ]
NOTIC: [8] A session had already been started - ignoring session_start() F:\Tools\WampServer\wamp\www\yq\Application\Home\Controller\IndexController.class.php 第 86 行.
SQL: SHOW COLUMNS FROM `yq_user` [ RunTime:0.0221s ]
SQL: UPDATE `yq_user` SET `lastip`='0',`lastlogintime`='1491644515' WHERE `userid` = 1 [ RunTime:0.0089s ]

[ 2017-04-08T20:20:39+08:00 ] ::1 /yq/
INFO: [ app_init ] --START--
INFO: Run Behavior\BuildLiteBehavior [ RunTime:0.000773s ]
INFO: [ app_init ] --END-- [ RunTime:0.004619s ]
INFO: [ app_begin ] --START--
INFO: Run Behavior\ReadHtmlCacheBehavior [ RunTime:0.002998s ]
INFO: [ app_begin ] --END-- [ RunTime:0.005433s ]
INFO: [ view_parse ] --START--
INFO: [ template_filter ] --START--
INFO: Run Behavior\ContentReplaceBehavior [ RunTime:0.002642s ]
INFO: [ template_filter ] --END-- [ RunTime:0.005804s ]
INFO: Run Behavior\ParseTemplateBehavior [ RunTime:0.087486s ]
INFO: [ view_parse ] --END-- [ RunTime:0.089919s ]
INFO: [ view_filter ] --START--
INFO: Run Behavior\WriteHtmlCacheBehavior [ RunTime:0.002792s ]
INFO: [ view_filter ] --END-- [ RunTime:0.006327s ]
INFO: [ app_end ] --START--
INFO: Run Behavior\ShowPageTraceBehavior [ RunTime:0.004775s ]
INFO: [ app_end ] --END-- [ RunTime:0.007549s ]

[ 2017-04-08T20:20:40+08:00 ] ::1 /yq/index.php/Home/Index/login
INFO: [ app_init ] --START--
INFO: Run Behavior\BuildLiteBehavior [ RunTime:0.000865s ]
INFO: [ app_init ] --END-- [ RunTime:0.007725s ]
INFO: [ app_begin ] --START--
INFO: Run Behavior\ReadHtmlCacheBehavior [ RunTime:0.005843s ]
INFO: [ app_begin ] --END-- [ RunTime:0.010513s ]
NOTIC: [8] A session had already been started - ignoring session_start() F:\Tools\WampServer\wamp\www\yq\Application\Home\Controller\IndexController.class.php 第 16 行.
NOTIC: [8] A session had already been started - ignoring session_start() F:\Tools\WampServer\wamp\www\yq\Application\Common\Common\function.php 第 6 行.

[ 2017-04-08T20:20:42+08:00 ] ::1 /yq/index.php/Home/Index/login
INFO: [ app_init ] --START--
INFO: Run Behavior\BuildLiteBehavior [ RunTime:0.000561s ]
INFO: [ app_init ] --END-- [ RunTime:0.004379s ]
INFO: [ app_begin ] --START--
INFO: Run Behavior\ReadHtmlCacheBehavior [ RunTime:0.002554s ]
INFO: [ app_begin ] --END-- [ RunTime:0.004758s ]
NOTIC: [8] A session had already been started - ignoring session_start() F:\Tools\WampServer\wamp\www\yq\Application\Home\Controller\IndexController.class.php 第 16 行.
SQL: SHOW COLUMNS FROM `yq_user` [ RunTime:0.0124s ]
SQL: SELECT * FROM `yq_user` WHERE `username` = 'admin' AND `password` = '123456' LIMIT 1   [ RunTime:0.0015s ]
SQL: SHOW COLUMNS FROM `yq_school` [ RunTime:0.0107s ]
SQL: SELECT `schname` FROM `yq_school` WHERE ( schoolid=1 ) LIMIT 1   [ RunTime:0.0012s ]
SQL: SELECT * FROM `yq_school` ORDER BY score desc LIMIT 3   [ RunTime:0.0012s ]
SQL: SHOW COLUMNS FROM `yq_user_group` [ RunTime:0.0113s ]
SQL: SELECT b.groupid,b.groupname FROM yq_user_group a INNER JOIN yq_group b  WHERE ( a.userid=1&&a.groupid=b.groupid ) LIMIT 1   [ RunTime:0.0014s ]
SQL: SHOW COLUMNS FROM `yq_group_leftbar_permission` [ RunTime:0.0111s ]
SQL: SHOW COLUMNS FROM `yq_group_leftbar_permission` [ RunTime:0.0105s ]
SQL: SELECT b.itemname as name,c.action as api,b.keybind FROM yq_group_leftbar_permission  a INNER JOIN yq_leftbar  b INNER JOIN yq_permission c  WHERE ( a.groupid=3 and a.itemid=b.itemid and a.permid=c.permid ) ORDER BY a.itemid asc  [ RunTime:0.0017s ]

[ 2017-04-08T20:22:47+08:00 ] ::1 /yq/index.php/Home/Index/logout
INFO: [ app_init ] --START--
INFO: Run Behavior\BuildLiteBehavior [ RunTime:0.000339s ]
INFO: [ app_init ] --END-- [ RunTime:0.003449s ]
INFO: [ app_begin ] --START--
INFO: Run Behavior\ReadHtmlCacheBehavior [ RunTime:0.002031s ]
INFO: [ app_begin ] --END-- [ RunTime:0.004159s ]
NOTIC: [8] A session had already been started - ignoring session_start() F:\Tools\WampServer\wamp\www\yq\Application\Home\Controller\IndexController.class.php 第 86 行.
SQL: SHOW COLUMNS FROM `yq_user` [ RunTime:0.0087s ]
SQL: UPDATE `yq_user` SET `lastip`='0',`lastlogintime`='1491654042' WHERE `userid` = 1 [ RunTime:0.0023s ]

[ 2017-04-08T20:22:48+08:00 ] ::1 /yq/index.php/Home/Index/logout
INFO: [ app_init ] --START--
INFO: Run Behavior\BuildLiteBehavior [ RunTime:0.000122s ]
INFO: [ app_init ] --END-- [ RunTime:0.001110s ]
INFO: [ app_begin ] --START--
INFO: Run Behavior\ReadHtmlCacheBehavior [ RunTime:0.000914s ]
INFO: [ app_begin ] --END-- [ RunTime:0.002227s ]
NOTIC: [8] A session had already been started - ignoring session_start() F:\Tools\WampServer\wamp\www\yq\Application\Home\Controller\IndexController.class.php 第 86 行.
NOTIC: [8] Undefined index: user F:\Tools\WampServer\wamp\www\yq\Application\Home\Controller\IndexController.class.php 第 87 行.
NOTIC: [8] Undefined index: user F:\Tools\WampServer\wamp\www\yq\Application\Home\Controller\IndexController.class.php 第 88 行.
NOTIC: [8] Undefined index: user F:\Tools\WampServer\wamp\www\yq\Application\Home\Controller\IndexController.class.php 第 89 行.
SQL: SHOW COLUMNS FROM `yq_user` [ RunTime:0.0038s ]
SQL: UPDATE `yq_user` SET `lastip`='',`lastlogintime`='' WHERE `userid` = null [ RunTime:0.0006s ]

[ 2017-04-08T20:22:54+08:00 ] ::1 /yq/index.php/Home/Index/login
INFO: [ app_init ] --START--
INFO: Run Behavior\BuildLiteBehavior [ RunTime:0.001733s ]
INFO: [ app_init ] --END-- [ RunTime:0.012282s ]
INFO: [ app_begin ] --START--
INFO: Run Behavior\ReadHtmlCacheBehavior [ RunTime:0.005731s ]
INFO: [ app_begin ] --END-- [ RunTime:0.011009s ]
NOTIC: [8] A session had already been started - ignoring session_start() F:\Tools\WampServer\wamp\www\yq\Application\Home\Controller\IndexController.class.php 第 16 行.
NOTIC: [8] A session had already been started - ignoring session_start() F:\Tools\WampServer\wamp\www\yq\Application\Common\Common\function.php 第 6 行.

[ 2017-04-08T20:22:56+08:00 ] ::1 /yq/index.php/Home/Index/login
INFO: [ app_init ] --START--
INFO: Run Behavior\BuildLiteBehavior [ RunTime:0.000687s ]
INFO: [ app_init ] --END-- [ RunTime:0.005238s ]
INFO: [ app_begin ] --START--
INFO: Run Behavior\ReadHtmlCacheBehavior [ RunTime:0.002674s ]
INFO: [ app_begin ] --END-- [ RunTime:0.004630s ]
NOTIC: [8] A session had already been started - ignoring session_start() F:\Tools\WampServer\wamp\www\yq\Application\Home\Controller\IndexController.class.php 第 16 行.
SQL: SHOW COLUMNS FROM `yq_user` [ RunTime:0.0127s ]
SQL: SELECT * FROM `yq_user` WHERE `username` = 'admin' AND `password` = '123456' LIMIT 1   [ RunTime:0.0015s ]
SQL: SHOW COLUMNS FROM `yq_school` [ RunTime:0.0114s ]
SQL: SELECT `schname` FROM `yq_school` WHERE ( schoolid=1 ) LIMIT 1   [ RunTime:0.0013s ]
SQL: SELECT * FROM `yq_school` ORDER BY score desc LIMIT 3   [ RunTime:0.0014s ]
SQL: SHOW COLUMNS FROM `yq_user_group` [ RunTime:0.0140s ]
SQL: SELECT b.groupid,b.groupname FROM yq_user_group a INNER JOIN yq_group b  WHERE ( a.userid=1&&a.groupid=b.groupid ) LIMIT 1   [ RunTime:0.0016s ]
SQL: SHOW COLUMNS FROM `yq_group_leftbar_permission` [ RunTime:0.0130s ]
SQL: SHOW COLUMNS FROM `yq_group_leftbar_permission` [ RunTime:0.0148s ]
SQL: SELECT b.itemname as name,c.action as api,b.keybind FROM yq_group_leftbar_permission  a INNER JOIN yq_leftbar  b INNER JOIN yq_permission c  WHERE ( a.groupid=3 and a.itemid=b.itemid and a.permid=c.permid ) ORDER BY a.itemid asc  [ RunTime:0.0017s ]

[ 2017-04-08T20:23:14+08:00 ] ::1 /yq/
INFO: [ app_init ] --START--
INFO: Run Behavior\BuildLiteBehavior [ RunTime:0.001081s ]
INFO: [ app_init ] --END-- [ RunTime:0.013471s ]
INFO: [ app_begin ] --START--
INFO: Run Behavior\ReadHtmlCacheBehavior [ RunTime:0.019312s ]
INFO: [ app_begin ] --END-- [ RunTime:0.023942s ]
INFO: [ view_parse ] --START--
INFO: [ template_filter ] --START--
INFO: Run Behavior\ContentReplaceBehavior [ RunTime:0.001611s ]
INFO: [ template_filter ] --END-- [ RunTime:0.007846s ]
INFO: Run Behavior\ParseTemplateBehavior [ RunTime:0.162674s ]
INFO: [ view_parse ] --END-- [ RunTime:0.166539s ]
INFO: [ view_filter ] --START--
INFO: Run Behavior\WriteHtmlCacheBehavior [ RunTime:0.002606s ]
INFO: [ view_filter ] --END-- [ RunTime:0.007036s ]
INFO: [ app_end ] --START--
INFO: Run Behavior\ShowPageTraceBehavior [ RunTime:0.015104s ]
INFO: [ app_end ] --END-- [ RunTime:0.027578s ]

[ 2017-04-08T20:23:14+08:00 ] ::1 /yq/index.php/Home/Index/login
INFO: [ app_init ] --START--
INFO: Run Behavior\BuildLiteBehavior [ RunTime:0.001609s ]
INFO: [ app_init ] --END-- [ RunTime:0.011923s ]
INFO: [ app_begin ] --START--
INFO: Run Behavior\ReadHtmlCacheBehavior [ RunTime:0.004311s ]
INFO: [ app_begin ] --END-- [ RunTime:0.008995s ]
NOTIC: [8] A session had already been started - ignoring session_start() F:\Tools\WampServer\wamp\www\yq\Application\Home\Controller\IndexController.class.php 第 16 行.
NOTIC: [8] A session had already been started - ignoring session_start() F:\Tools\WampServer\wamp\www\yq\Application\Common\Common\function.php 第 6 行.

[ 2017-04-08T20:25:10+08:00 ] ::1 /yq/
INFO: [ app_init ] --START--
INFO: Run Behavior\BuildLiteBehavior [ RunTime:0.000736s ]
INFO: [ app_init ] --END-- [ RunTime:0.008823s ]
INFO: [ app_begin ] --START--
INFO: Run Behavior\ReadHtmlCacheBehavior [ RunTime:0.004806s ]
INFO: [ app_begin ] --END-- [ RunTime:0.009449s ]
INFO: [ view_parse ] --START--
INFO: [ template_filter ] --START--
INFO: Run Behavior\ContentReplaceBehavior [ RunTime:0.003660s ]
INFO: [ template_filter ] --END-- [ RunTime:0.008465s ]
INFO: Run Behavior\ParseTemplateBehavior [ RunTime:0.161293s ]
INFO: [ view_parse ] --END-- [ RunTime:0.167202s ]
INFO: [ view_filter ] --START--
INFO: Run Behavior\WriteHtmlCacheBehavior [ RunTime:0.004522s ]
INFO: [ view_filter ] --END-- [ RunTime:0.009922s ]
INFO: [ app_end ] --START--
INFO: Run Behavior\ShowPageTraceBehavior [ RunTime:0.040264s ]
INFO: [ app_end ] --END-- [ RunTime:0.074737s ]

[ 2017-04-08T20:25:10+08:00 ] ::1 /yq/index.php/Home/Index/login
INFO: [ app_init ] --START--
INFO: Run Behavior\BuildLiteBehavior [ RunTime:0.000797s ]
INFO: [ app_init ] --END-- [ RunTime:0.008900s ]
INFO: [ app_begin ] --START--
INFO: Run Behavior\ReadHtmlCacheBehavior [ RunTime:0.011411s ]
INFO: [ app_begin ] --END-- [ RunTime:0.017213s ]
NOTIC: [8] A session had already been started - ignoring session_start() F:\Tools\WampServer\wamp\www\yq\Application\Home\Controller\IndexController.class.php 第 16 行.
NOTIC: [8] A session had already been started - ignoring session_start() F:\Tools\WampServer\wamp\www\yq\Application\Common\Common\function.php 第 6 行.

[ 2017-04-08T20:26:38+08:00 ] ::1 /yq/
INFO: [ app_init ] --START--
INFO: Run Behavior\BuildLiteBehavior [ RunTime:0.000896s ]
INFO: [ app_init ] --END-- [ RunTime:0.009622s ]
INFO: [ app_begin ] --START--
INFO: Run Behavior\ReadHtmlCacheBehavior [ RunTime:0.009493s ]
INFO: [ app_begin ] --END-- [ RunTime:0.016937s ]
INFO: [ view_parse ] --START--
INFO: [ template_filter ] --START--
INFO: Run Behavior\ContentReplaceBehavior [ RunTime:0.002656s ]
INFO: [ template_filter ] --END-- [ RunTime:0.008348s ]
INFO: Run Behavior\ParseTemplateBehavior [ RunTime:0.204565s ]
INFO: [ view_parse ] --END-- [ RunTime:0.211648s ]
INFO: [ view_filter ] --START--
INFO: Run Behavior\WriteHtmlCacheBehavior [ RunTime:0.003648s ]
INFO: [ view_filter ] --END-- [ RunTime:0.009533s ]
INFO: [ app_end ] --START--
INFO: Run Behavior\ShowPageTraceBehavior [ RunTime:0.011246s ]
INFO: [ app_end ] --END-- [ RunTime:0.019096s ]

[ 2017-04-08T20:26:39+08:00 ] ::1 /yq/index.php/Home/Index/login
INFO: [ app_init ] --START--
INFO: Run Behavior\BuildLiteBehavior [ RunTime:0.001504s ]
INFO: [ app_init ] --END-- [ RunTime:0.011231s ]
INFO: [ app_begin ] --START--
INFO: Run Behavior\ReadHtmlCacheBehavior [ RunTime:0.004492s ]
INFO: [ app_begin ] --END-- [ RunTime:0.008212s ]
NOTIC: [8] A session had already been started - ignoring session_start() F:\Tools\WampServer\wamp\www\yq\Application\Home\Controller\IndexController.class.php 第 16 行.
NOTIC: [8] A session had already been started - ignoring session_start() F:\Tools\WampServer\wamp\www\yq\Application\Common\Common\function.php 第 6 行.

[ 2017-04-08T20:29:09+08:00 ] ::1 /yq/
INFO: [ app_init ] --START--
INFO: Run Behavior\BuildLiteBehavior [ RunTime:0.000601s ]
INFO: [ app_init ] --END-- [ RunTime:0.013501s ]
INFO: [ app_begin ] --START--
INFO: Run Behavior\ReadHtmlCacheBehavior [ RunTime:0.002600s ]
INFO: [ app_begin ] --END-- [ RunTime:0.007182s ]
INFO: [ view_parse ] --START--
INFO: [ template_filter ] --START--
INFO: Run Behavior\ContentReplaceBehavior [ RunTime:0.002233s ]
INFO: [ template_filter ] --END-- [ RunTime:0.007180s ]
INFO: Run Behavior\ParseTemplateBehavior [ RunTime:0.080771s ]
INFO: [ view_parse ] --END-- [ RunTime:0.085795s ]
INFO: [ view_filter ] --START--
INFO: Run Behavior\WriteHtmlCacheBehavior [ RunTime:0.002071s ]
INFO: [ view_filter ] --END-- [ RunTime:0.004713s ]
INFO: [ app_end ] --START--
INFO: Run Behavior\ShowPageTraceBehavior [ RunTime:0.011675s ]
INFO: [ app_end ] --END-- [ RunTime:0.019648s ]

[ 2017-04-08T20:29:09+08:00 ] ::1 /yq/index.php/Home/Index/login
INFO: [ app_init ] --START--
INFO: Run Behavior\BuildLiteBehavior [ RunTime:0.000604s ]
INFO: [ app_init ] --END-- [ RunTime:0.008215s ]
INFO: [ app_begin ] --START--
INFO: Run Behavior\ReadHtmlCacheBehavior [ RunTime:0.003286s ]
INFO: [ app_begin ] --END-- [ RunTime:0.006828s ]
NOTIC: [8] A session had already been started - ignoring session_start() F:\Tools\WampServer\wamp\www\yq\Application\Home\Controller\IndexController.class.php 第 16 行.
NOTIC: [8] A session had already been started - ignoring session_start() F:\Tools\WampServer\wamp\www\yq\Application\Common\Common\function.php 第 6 行.

[ 2017-04-08T20:29:13+08:00 ] ::1 /yq/
INFO: [ app_init ] --START--
INFO: Run Behavior\BuildLiteBehavior [ RunTime:0.000456s ]
INFO: [ app_init ] --END-- [ RunTime:0.004174s ]
INFO: [ app_begin ] --START--
INFO: Run Behavior\ReadHtmlCacheBehavior [ RunTime:0.002655s ]
INFO: [ app_begin ] --END-- [ RunTime:0.005897s ]
INFO: [ view_parse ] --START--
INFO: [ template_filter ] --START--
INFO: Run Behavior\ContentReplaceBehavior [ RunTime:0.001485s ]
INFO: [ template_filter ] --END-- [ RunTime:0.003951s ]
INFO: Run Behavior\ParseTemplateBehavior [ RunTime:0.110157s ]
INFO: [ view_parse ] --END-- [ RunTime:0.113016s ]
INFO: [ view_filter ] --START--
INFO: Run Behavior\WriteHtmlCacheBehavior [ RunTime:0.003080s ]
INFO: [ view_filter ] --END-- [ RunTime:0.005788s ]
INFO: [ app_end ] --START--
INFO: Run Behavior\ShowPageTraceBehavior [ RunTime:0.006928s ]
INFO: [ app_end ] --END-- [ RunTime:0.012561s ]

[ 2017-04-08T20:29:14+08:00 ] ::1 /yq/index.php/Home/Index/login
INFO: [ app_init ] --START--
INFO: Run Behavior\BuildLiteBehavior [ RunTime:0.000788s ]
INFO: [ app_init ] --END-- [ RunTime:0.008914s ]
INFO: [ app_begin ] --START--
INFO: Run Behavior\ReadHtmlCacheBehavior [ RunTime:0.009654s ]
INFO: [ app_begin ] --END-- [ RunTime:0.013255s ]
NOTIC: [8] A session had already been started - ignoring session_start() F:\Tools\WampServer\wamp\www\yq\Application\Home\Controller\IndexController.class.php 第 16 行.
NOTIC: [8] A session had already been started - ignoring session_start() F:\Tools\WampServer\wamp\www\yq\Application\Common\Common\function.php 第 6 行.

