[ 2017-04-15T19:13:02+08:00 ] ::1 /yq/
INFO: [ app_init ] --START--
INFO: Run Behavior\BuildLiteBehavior [ RunTime:0.000878s ]
INFO: [ app_init ] --END-- [ RunTime:0.017839s ]
INFO: [ app_begin ] --START--
INFO: Run Behavior\ReadHtmlCacheBehavior [ RunTime:0.019571s ]
INFO: [ app_begin ] --END-- [ RunTime:0.027346s ]
INFO: [ view_parse ] --START--
INFO: [ template_filter ] --START--
INFO: Run Behavior\ContentReplaceBehavior [ RunTime:0.005802s ]
INFO: [ template_filter ] --END-- [ RunTime:0.010077s ]
INFO: Run Behavior\ParseTemplateBehavior [ RunTime:0.212849s ]
INFO: [ view_parse ] --END-- [ RunTime:0.219145s ]
INFO: [ view_filter ] --START--
INFO: Run Behavior\WriteHtmlCacheBehavior [ RunTime:0.005461s ]
INFO: [ view_filter ] --END-- [ RunTime:0.010070s ]
INFO: [ app_end ] --START--
INFO: Run Behavior\ShowPageTraceBehavior [ RunTime:0.009144s ]
INFO: [ app_end ] --END-- [ RunTime:0.013707s ]

[ 2017-04-15T19:13:03+08:00 ] ::1 /yq/index.php/Home/Index/login
INFO: [ app_init ] --START--
INFO: Run Behavior\BuildLiteBehavior [ RunTime:0.000680s ]
INFO: [ app_init ] --END-- [ RunTime:0.005792s ]
INFO: [ app_begin ] --START--
INFO: Run Behavior\ReadHtmlCacheBehavior [ RunTime:0.012836s ]
INFO: [ app_begin ] --END-- [ RunTime:0.015862s ]
NOTIC: [8] A session had already been started - ignoring session_start() F:\Tools\WampServer\wamp\www\yq\Application\Home\Controller\IndexController.class.php 第 16 行.
NOTIC: [8] A session had already been started - ignoring session_start() F:\Tools\WampServer\wamp\www\yq\Application\Common\Common\function.php 第 6 行.
SQL: SHOW COLUMNS FROM `yq_user` [ RunTime:0.0134s ]
SQL: SELECT * FROM `yq_user` WHERE `username` = 'admin' LIMIT 1   [ RunTime:0.0019s ]
SQL: SHOW COLUMNS FROM `yq_school` [ RunTime:0.0138s ]
SQL: SELECT `schoolid`,`schname` FROM `yq_school` WHERE ( schoolid=1 ) LIMIT 1   [ RunTime:0.0013s ]

[ 2017-04-15T19:13:03+08:00 ] ::1 /yq/index.php/Home/Index/school
INFO: [ app_init ] --START--
INFO: Run Behavior\BuildLiteBehavior [ RunTime:0.000677s ]
INFO: [ app_init ] --END-- [ RunTime:0.006208s ]
INFO: [ app_begin ] --START--
INFO: Run Behavior\ReadHtmlCacheBehavior [ RunTime:0.011921s ]
INFO: [ app_begin ] --END-- [ RunTime:0.028787s ]
SQL: SHOW COLUMNS FROM `yq_school` [ RunTime:0.0086s ]
SQL: SELECT * FROM `yq_school`  [ RunTime:0.0012s ]

[ 2017-04-15T19:13:03+08:00 ] ::1 /yq/index.php/Home/Index/type
INFO: [ app_init ] --START--
INFO: Run Behavior\BuildLiteBehavior [ RunTime:0.000645s ]
INFO: [ app_init ] --END-- [ RunTime:0.006362s ]
INFO: [ app_begin ] --START--
INFO: Run Behavior\ReadHtmlCacheBehavior [ RunTime:0.009407s ]
INFO: [ app_begin ] --END-- [ RunTime:0.014676s ]
SQL: SHOW COLUMNS FROM `yq_type` [ RunTime:0.0150s ]
SQL: SELECT * FROM `yq_type`  [ RunTime:0.0017s ]

