[ 2017-03-18T15:13:43+08:00 ] ::1 /yq/
INFO: [ app_init ] --START--
INFO: Run Behavior\BuildLiteBehavior [ RunTime:0.005969s ]
INFO: [ app_init ] --END-- [ RunTime:0.011410s ]
INFO: [ app_begin ] --START--
INFO: Run Behavior\ReadHtmlCacheBehavior [ RunTime:0.007753s ]
INFO: [ app_begin ] --END-- [ RunTime:0.023239s ]
INFO: [ view_parse ] --START--
INFO: [ template_filter ] --START--
INFO: Run Behavior\ContentReplaceBehavior [ RunTime:0.001552s ]
INFO: [ template_filter ] --END-- [ RunTime:0.006648s ]
INFO: Run Behavior\ParseTemplateBehavior [ RunTime:0.227036s ]
INFO: [ view_parse ] --END-- [ RunTime:0.234262s ]
INFO: [ view_filter ] --START--
INFO: Run Behavior\WriteHtmlCacheBehavior [ RunTime:0.017103s ]
INFO: [ view_filter ] --END-- [ RunTime:0.048441s ]
INFO: [ app_end ] --START--
INFO: Run Behavior\ShowPageTraceBehavior [ RunTime:0.021330s ]
INFO: [ app_end ] --END-- [ RunTime:0.025689s ]

[ 2017-03-18T15:42:01+08:00 ] ::1 /yq/
INFO: [ app_init ] --START--
INFO: Run Behavior\BuildLiteBehavior [ RunTime:0.000906s ]
INFO: [ app_init ] --END-- [ RunTime:0.015988s ]
INFO: [ app_begin ] --START--
INFO: Run Behavior\ReadHtmlCacheBehavior [ RunTime:0.003747s ]
INFO: [ app_begin ] --END-- [ RunTime:0.007224s ]
ERR: 模板不存在:./Application/Home/View/Index/index.html

[ 2017-03-18T15:43:15+08:00 ] ::1 /yq/
INFO: [ app_init ] --START--
INFO: Run Behavior\BuildLiteBehavior [ RunTime:0.000797s ]
INFO: [ app_init ] --END-- [ RunTime:0.007653s ]
INFO: [ app_begin ] --START--
INFO: Run Behavior\ReadHtmlCacheBehavior [ RunTime:0.004818s ]
INFO: [ app_begin ] --END-- [ RunTime:0.008950s ]
INFO: [ view_parse ] --START--
INFO: [ template_filter ] --START--
INFO: Run Behavior\ContentReplaceBehavior [ RunTime:0.003636s ]
INFO: [ template_filter ] --END-- [ RunTime:0.009668s ]
INFO: Run Behavior\ParseTemplateBehavior [ RunTime:0.157496s ]
INFO: [ view_parse ] --END-- [ RunTime:0.163242s ]
INFO: [ view_filter ] --START--
INFO: Run Behavior\WriteHtmlCacheBehavior [ RunTime:0.006075s ]
INFO: [ view_filter ] --END-- [ RunTime:0.013506s ]
INFO: [ app_end ] --START--
INFO: Run Behavior\ShowPageTraceBehavior [ RunTime:0.008239s ]
INFO: [ app_end ] --END-- [ RunTime:0.013337s ]

[ 2017-03-18T15:43:28+08:00 ] ::1 /yq/index.php/Index/index
INFO: [ app_init ] --START--
INFO: Run Behavior\BuildLiteBehavior [ RunTime:0.000592s ]
INFO: [ app_init ] --END-- [ RunTime:0.004643s ]
INFO: [ app_begin ] --START--
INFO: Run Behavior\ReadHtmlCacheBehavior [ RunTime:0.003084s ]
INFO: [ app_begin ] --END-- [ RunTime:0.005902s ]
SQL: SHOW COLUMNS FROM `admin_users` [ RunTime:0.0384s ]
SQL: SELECT * FROM `admin_users` WHERE `username` = 'test' AND `password` = '827ccb0eea8a706c4c34a16891f84e7b' LIMIT 1   [ RunTime:0.0025s ]
INFO: [ view_parse ] --START--
INFO: [ template_filter ] --START--
INFO: Run Behavior\ContentReplaceBehavior [ RunTime:0.001495s ]
INFO: [ template_filter ] --END-- [ RunTime:0.005440s ]
INFO: Run Behavior\ParseTemplateBehavior [ RunTime:0.160089s ]
INFO: [ view_parse ] --END-- [ RunTime:0.167087s ]
INFO: [ view_filter ] --START--
INFO: Run Behavior\WriteHtmlCacheBehavior [ RunTime:0.002946s ]
INFO: [ view_filter ] --END-- [ RunTime:0.007586s ]
INFO: [ app_end ] --START--
INFO: Run Behavior\ShowPageTraceBehavior [ RunTime:0.008616s ]
INFO: [ app_end ] --END-- [ RunTime:0.014980s ]

