[ 2017-04-10T11:45:19+08:00 ] ::1 /yq/
INFO: [ app_init ] --START--
INFO: Run Behavior\BuildLiteBehavior [ RunTime:0.000879s ]
INFO: [ app_init ] --END-- [ RunTime:0.007997s ]
INFO: [ app_begin ] --START--
INFO: Run Behavior\ReadHtmlCacheBehavior [ RunTime:0.004473s ]
INFO: [ app_begin ] --END-- [ RunTime:0.008490s ]
INFO: [ view_parse ] --START--
INFO: [ template_filter ] --START--
INFO: Run Behavior\ContentReplaceBehavior [ RunTime:0.003734s ]
INFO: [ template_filter ] --END-- [ RunTime:0.007647s ]
INFO: Run Behavior\ParseTemplateBehavior [ RunTime:0.129052s ]
INFO: [ view_parse ] --END-- [ RunTime:0.133377s ]
INFO: [ view_filter ] --START--
INFO: Run Behavior\WriteHtmlCacheBehavior [ RunTime:0.004591s ]
INFO: [ view_filter ] --END-- [ RunTime:0.008330s ]
INFO: [ app_end ] --START--
INFO: Run Behavior\ShowPageTraceBehavior [ RunTime:0.006216s ]
INFO: [ app_end ] --END-- [ RunTime:0.010254s ]

[ 2017-04-10T11:45:20+08:00 ] ::1 /yq/index.php/Home/Index/school
INFO: [ app_init ] --START--
INFO: Run Behavior\BuildLiteBehavior [ RunTime:0.001011s ]
INFO: [ app_init ] --END-- [ RunTime:0.012313s ]
INFO: [ app_begin ] --START--
INFO: Run Behavior\ReadHtmlCacheBehavior [ RunTime:0.006994s ]
INFO: [ app_begin ] --END-- [ RunTime:0.011270s ]
SQL: SHOW COLUMNS FROM `yq_school` [ RunTime:0.0294s ]
SQL: SELECT * FROM `yq_school`  [ RunTime:0.0013s ]

[ 2017-04-10T11:45:20+08:00 ] ::1 /yq/index.php/Home/Index/type
INFO: [ app_init ] --START--
INFO: Run Behavior\BuildLiteBehavior [ RunTime:0.001082s ]
INFO: [ app_init ] --END-- [ RunTime:0.019383s ]
INFO: [ app_begin ] --START--
INFO: Run Behavior\ReadHtmlCacheBehavior [ RunTime:0.026373s ]
INFO: [ app_begin ] --END-- [ RunTime:0.033122s ]
SQL: SHOW COLUMNS FROM `yq_type` [ RunTime:0.0240s ]
SQL: SELECT * FROM `yq_type`  [ RunTime:0.0023s ]

[ 2017-04-10T11:45:21+08:00 ] ::1 /yq/index.php/Home/Index/login
INFO: [ app_init ] --START--
INFO: Run Behavior\BuildLiteBehavior [ RunTime:0.000993s ]
INFO: [ app_init ] --END-- [ RunTime:0.019220s ]
INFO: [ app_begin ] --START--
INFO: Run Behavior\ReadHtmlCacheBehavior [ RunTime:0.012972s ]
INFO: [ app_begin ] --END-- [ RunTime:0.024661s ]
NOTIC: [8] A session had already been started - ignoring session_start() F:\Tools\WampServer\wamp\www\yq\Application\Home\Controller\IndexController.class.php 第 16 行.
NOTIC: [8] A session had already been started - ignoring session_start() F:\Tools\WampServer\wamp\www\yq\Application\Common\Common\function.php 第 6 行.
SQL: SHOW COLUMNS FROM `yq_user` [ RunTime:0.0213s ]
SQL: SELECT * FROM `yq_user` WHERE `username` = 'admin' LIMIT 1   [ RunTime:0.0043s ]
SQL: SHOW COLUMNS FROM `yq_school` [ RunTime:0.0196s ]
SQL: SELECT `schoolid`,`schname` FROM `yq_school` WHERE ( schoolid=1 ) LIMIT 1   [ RunTime:0.0012s ]

[ 2017-04-10T11:49:39+08:00 ] ::1 /yq/
INFO: [ app_init ] --START--
INFO: Run Behavior\BuildLiteBehavior [ RunTime:0.000486s ]
INFO: [ app_init ] --END-- [ RunTime:0.004161s ]
INFO: [ app_begin ] --START--
INFO: Run Behavior\ReadHtmlCacheBehavior [ RunTime:0.003029s ]
INFO: [ app_begin ] --END-- [ RunTime:0.005335s ]
INFO: [ view_parse ] --START--
INFO: [ template_filter ] --START--
INFO: Run Behavior\ContentReplaceBehavior [ RunTime:0.001738s ]
INFO: [ template_filter ] --END-- [ RunTime:0.004044s ]
INFO: Run Behavior\ParseTemplateBehavior [ RunTime:0.104035s ]
INFO: [ view_parse ] --END-- [ RunTime:0.106056s ]
INFO: [ view_filter ] --START--
INFO: Run Behavior\WriteHtmlCacheBehavior [ RunTime:0.003602s ]
INFO: [ view_filter ] --END-- [ RunTime:0.007603s ]
INFO: [ app_end ] --START--
INFO: Run Behavior\ShowPageTraceBehavior [ RunTime:0.004741s ]
INFO: [ app_end ] --END-- [ RunTime:0.007667s ]

[ 2017-04-10T11:50:07+08:00 ] ::1 /yq/
INFO: [ app_init ] --START--
INFO: Run Behavior\BuildLiteBehavior [ RunTime:0.000995s ]
INFO: [ app_init ] --END-- [ RunTime:0.005606s ]
INFO: [ app_begin ] --START--
INFO: Run Behavior\ReadHtmlCacheBehavior [ RunTime:0.002690s ]
INFO: [ app_begin ] --END-- [ RunTime:0.005203s ]
INFO: [ view_parse ] --START--
INFO: [ template_filter ] --START--
INFO: Run Behavior\ContentReplaceBehavior [ RunTime:0.001739s ]
INFO: [ template_filter ] --END-- [ RunTime:0.004496s ]
INFO: Run Behavior\ParseTemplateBehavior [ RunTime:0.103052s ]
INFO: [ view_parse ] --END-- [ RunTime:0.105095s ]
INFO: [ view_filter ] --START--
INFO: Run Behavior\WriteHtmlCacheBehavior [ RunTime:0.002567s ]
INFO: [ view_filter ] --END-- [ RunTime:0.004806s ]
INFO: [ app_end ] --START--
INFO: Run Behavior\ShowPageTraceBehavior [ RunTime:0.006151s ]
INFO: [ app_end ] --END-- [ RunTime:0.009206s ]

[ 2017-04-10T11:50:18+08:00 ] ::1 /yq/
INFO: [ app_init ] --START--
INFO: Run Behavior\BuildLiteBehavior [ RunTime:0.000848s ]
INFO: [ app_init ] --END-- [ RunTime:0.006647s ]
INFO: [ app_begin ] --START--
INFO: Run Behavior\ReadHtmlCacheBehavior [ RunTime:0.004321s ]
INFO: [ app_begin ] --END-- [ RunTime:0.007713s ]
INFO: [ view_parse ] --START--
INFO: [ template_filter ] --START--
INFO: Run Behavior\ContentReplaceBehavior [ RunTime:0.002488s ]
INFO: [ template_filter ] --END-- [ RunTime:0.005019s ]
INFO: Run Behavior\ParseTemplateBehavior [ RunTime:0.095283s ]
INFO: [ view_parse ] --END-- [ RunTime:0.097372s ]
INFO: [ view_filter ] --START--
INFO: Run Behavior\WriteHtmlCacheBehavior [ RunTime:0.002586s ]
INFO: [ view_filter ] --END-- [ RunTime:0.004707s ]
INFO: [ app_end ] --START--
INFO: Run Behavior\ShowPageTraceBehavior [ RunTime:0.005156s ]
INFO: [ app_end ] --END-- [ RunTime:0.008216s ]

[ 2017-04-10T11:56:33+08:00 ] ::1 /yq/
INFO: [ app_init ] --START--
INFO: Run Behavior\BuildLiteBehavior [ RunTime:0.001628s ]
INFO: [ app_init ] --END-- [ RunTime:0.012627s ]
INFO: [ app_begin ] --START--
INFO: Run Behavior\ReadHtmlCacheBehavior [ RunTime:0.005051s ]
INFO: [ app_begin ] --END-- [ RunTime:0.015055s ]
INFO: [ view_parse ] --START--
INFO: [ template_filter ] --START--
INFO: Run Behavior\ContentReplaceBehavior [ RunTime:0.002939s ]
INFO: [ template_filter ] --END-- [ RunTime:0.008023s ]
INFO: Run Behavior\ParseTemplateBehavior [ RunTime:0.225379s ]
INFO: [ view_parse ] --END-- [ RunTime:0.231231s ]
INFO: [ view_filter ] --START--
INFO: Run Behavior\WriteHtmlCacheBehavior [ RunTime:0.004129s ]
INFO: [ view_filter ] --END-- [ RunTime:0.011903s ]
INFO: [ app_end ] --START--
INFO: Run Behavior\ShowPageTraceBehavior [ RunTime:0.005485s ]
INFO: [ app_end ] --END-- [ RunTime:0.009515s ]

[ 2017-04-10T11:56:34+08:00 ] ::1 /yq/index.php/Home/Index/type
INFO: [ app_init ] --START--
INFO: Run Behavior\BuildLiteBehavior [ RunTime:0.000664s ]
INFO: [ app_init ] --END-- [ RunTime:0.008381s ]
INFO: [ app_begin ] --START--
INFO: Run Behavior\ReadHtmlCacheBehavior [ RunTime:0.004705s ]
INFO: [ app_begin ] --END-- [ RunTime:0.007679s ]
SQL: SHOW COLUMNS FROM `yq_type` [ RunTime:0.0120s ]
SQL: SELECT * FROM `yq_type`  [ RunTime:0.0013s ]

[ 2017-04-10T11:56:34+08:00 ] ::1 /yq/index.php/Home/Index/login
INFO: [ app_init ] --START--
INFO: Run Behavior\BuildLiteBehavior [ RunTime:0.000903s ]
INFO: [ app_init ] --END-- [ RunTime:0.006202s ]
INFO: [ app_begin ] --START--
INFO: Run Behavior\ReadHtmlCacheBehavior [ RunTime:0.004631s ]
INFO: [ app_begin ] --END-- [ RunTime:0.007796s ]
NOTIC: [8] A session had already been started - ignoring session_start() F:\Tools\WampServer\wamp\www\yq\Application\Home\Controller\IndexController.class.php 第 16 行.
NOTIC: [8] A session had already been started - ignoring session_start() F:\Tools\WampServer\wamp\www\yq\Application\Common\Common\function.php 第 6 行.
SQL: SHOW COLUMNS FROM `yq_user` [ RunTime:0.0130s ]
SQL: SELECT * FROM `yq_user` WHERE `username` = 'admin' LIMIT 1   [ RunTime:0.0016s ]
SQL: SHOW COLUMNS FROM `yq_school` [ RunTime:0.0103s ]
SQL: SELECT `schoolid`,`schname` FROM `yq_school` WHERE ( schoolid=1 ) LIMIT 1   [ RunTime:0.0013s ]

[ 2017-04-10T11:56:34+08:00 ] ::1 /yq/index.php/Home/Index/school
INFO: [ app_init ] --START--
INFO: Run Behavior\BuildLiteBehavior [ RunTime:0.000740s ]
INFO: [ app_init ] --END-- [ RunTime:0.014882s ]
INFO: [ app_begin ] --START--
INFO: Run Behavior\ReadHtmlCacheBehavior [ RunTime:0.003136s ]
INFO: [ app_begin ] --END-- [ RunTime:0.005796s ]
SQL: SHOW COLUMNS FROM `yq_school` [ RunTime:0.0104s ]
SQL: SELECT * FROM `yq_school`  [ RunTime:0.0011s ]

[ 2017-04-10T11:56:38+08:00 ] ::1 /yq/
INFO: [ app_init ] --START--
INFO: Run Behavior\BuildLiteBehavior [ RunTime:0.000869s ]
INFO: [ app_init ] --END-- [ RunTime:0.005601s ]
INFO: [ app_begin ] --START--
INFO: Run Behavior\ReadHtmlCacheBehavior [ RunTime:0.003669s ]
INFO: [ app_begin ] --END-- [ RunTime:0.005989s ]
INFO: [ view_parse ] --START--
INFO: [ template_filter ] --START--
INFO: Run Behavior\ContentReplaceBehavior [ RunTime:0.001587s ]
INFO: [ template_filter ] --END-- [ RunTime:0.003688s ]
INFO: Run Behavior\ParseTemplateBehavior [ RunTime:0.097199s ]
INFO: [ view_parse ] --END-- [ RunTime:0.099363s ]
INFO: [ view_filter ] --START--
INFO: Run Behavior\WriteHtmlCacheBehavior [ RunTime:0.002601s ]
INFO: [ view_filter ] --END-- [ RunTime:0.004937s ]
INFO: [ app_end ] --START--
INFO: Run Behavior\ShowPageTraceBehavior [ RunTime:0.004281s ]
INFO: [ app_end ] --END-- [ RunTime:0.007226s ]

[ 2017-04-10T11:56:41+08:00 ] ::1 /yq/
INFO: [ app_init ] --START--
INFO: Run Behavior\BuildLiteBehavior [ RunTime:0.000534s ]
INFO: [ app_init ] --END-- [ RunTime:0.004247s ]
INFO: [ app_begin ] --START--
INFO: Run Behavior\ReadHtmlCacheBehavior [ RunTime:0.002628s ]
INFO: [ app_begin ] --END-- [ RunTime:0.004946s ]
INFO: [ view_parse ] --START--
INFO: [ template_filter ] --START--
INFO: Run Behavior\ContentReplaceBehavior [ RunTime:0.001452s ]
INFO: [ template_filter ] --END-- [ RunTime:0.003480s ]
INFO: Run Behavior\ParseTemplateBehavior [ RunTime:0.091119s ]
INFO: [ view_parse ] --END-- [ RunTime:0.093140s ]
INFO: [ view_filter ] --START--
INFO: Run Behavior\WriteHtmlCacheBehavior [ RunTime:0.002533s ]
INFO: [ view_filter ] --END-- [ RunTime:0.004661s ]
INFO: [ app_end ] --START--
INFO: Run Behavior\ShowPageTraceBehavior [ RunTime:0.004047s ]
INFO: [ app_end ] --END-- [ RunTime:0.007247s ]

[ 2017-04-10T11:56:49+08:00 ] ::1 /yq/
INFO: [ app_init ] --START--
INFO: Run Behavior\BuildLiteBehavior [ RunTime:0.000466s ]
INFO: [ app_init ] --END-- [ RunTime:0.004588s ]
INFO: [ app_begin ] --START--
INFO: Run Behavior\ReadHtmlCacheBehavior [ RunTime:0.002826s ]
INFO: [ app_begin ] --END-- [ RunTime:0.005132s ]
INFO: [ view_parse ] --START--
INFO: [ template_filter ] --START--
INFO: Run Behavior\ContentReplaceBehavior [ RunTime:0.002467s ]
INFO: [ template_filter ] --END-- [ RunTime:0.005350s ]
INFO: Run Behavior\ParseTemplateBehavior [ RunTime:0.111747s ]
INFO: [ view_parse ] --END-- [ RunTime:0.113861s ]
INFO: [ view_filter ] --START--
INFO: Run Behavior\WriteHtmlCacheBehavior [ RunTime:0.002885s ]
INFO: [ view_filter ] --END-- [ RunTime:0.005172s ]
INFO: [ app_end ] --START--
INFO: Run Behavior\ShowPageTraceBehavior [ RunTime:0.005142s ]
INFO: [ app_end ] --END-- [ RunTime:0.007509s ]

[ 2017-04-10T11:56:52+08:00 ] ::1 /yq/
INFO: [ app_init ] --START--
INFO: Run Behavior\BuildLiteBehavior [ RunTime:0.000468s ]
INFO: [ app_init ] --END-- [ RunTime:0.004286s ]
INFO: [ app_begin ] --START--
INFO: Run Behavior\ReadHtmlCacheBehavior [ RunTime:0.002690s ]
INFO: [ app_begin ] --END-- [ RunTime:0.005108s ]
INFO: [ view_parse ] --START--
INFO: [ template_filter ] --START--
INFO: Run Behavior\ContentReplaceBehavior [ RunTime:0.001526s ]
INFO: [ template_filter ] --END-- [ RunTime:0.004404s ]
INFO: Run Behavior\ParseTemplateBehavior [ RunTime:0.101452s ]
INFO: [ view_parse ] --END-- [ RunTime:0.104373s ]
INFO: [ view_filter ] --START--
INFO: Run Behavior\WriteHtmlCacheBehavior [ RunTime:0.002833s ]
INFO: [ view_filter ] --END-- [ RunTime:0.005374s ]
INFO: [ app_end ] --START--
INFO: Run Behavior\ShowPageTraceBehavior [ RunTime:0.004096s ]
INFO: [ app_end ] --END-- [ RunTime:0.007018s ]

[ 2017-04-10T12:03:56+08:00 ] ::1 /yq/
INFO: [ app_init ] --START--
INFO: Run Behavior\BuildLiteBehavior [ RunTime:0.000493s ]
INFO: [ app_init ] --END-- [ RunTime:0.004892s ]
INFO: [ app_begin ] --START--
INFO: Run Behavior\ReadHtmlCacheBehavior [ RunTime:0.003531s ]
INFO: [ app_begin ] --END-- [ RunTime:0.007337s ]
INFO: [ view_parse ] --START--
INFO: [ template_filter ] --START--
INFO: Run Behavior\ContentReplaceBehavior [ RunTime:0.002221s ]
INFO: [ template_filter ] --END-- [ RunTime:0.005757s ]
INFO: Run Behavior\ParseTemplateBehavior [ RunTime:0.114861s ]
INFO: [ view_parse ] --END-- [ RunTime:0.118689s ]
INFO: [ view_filter ] --START--
INFO: Run Behavior\WriteHtmlCacheBehavior [ RunTime:0.003245s ]
INFO: [ view_filter ] --END-- [ RunTime:0.005701s ]
INFO: [ app_end ] --START--
INFO: Run Behavior\ShowPageTraceBehavior [ RunTime:0.005210s ]
INFO: [ app_end ] --END-- [ RunTime:0.008657s ]

[ 2017-04-10T12:03:56+08:00 ] ::1 /yq/index.php/Home/Index/school
INFO: [ app_init ] --START--
INFO: Run Behavior\BuildLiteBehavior [ RunTime:0.000945s ]
INFO: [ app_init ] --END-- [ RunTime:0.023633s ]
INFO: [ app_begin ] --START--
INFO: Run Behavior\ReadHtmlCacheBehavior [ RunTime:0.004419s ]
INFO: [ app_begin ] --END-- [ RunTime:0.008832s ]
SQL: SHOW COLUMNS FROM `yq_school` [ RunTime:0.0130s ]
SQL: SELECT * FROM `yq_school`  [ RunTime:0.0017s ]

[ 2017-04-10T12:03:56+08:00 ] ::1 /yq/index.php/Home/Index/login
INFO: [ app_init ] --START--
INFO: Run Behavior\BuildLiteBehavior [ RunTime:0.002894s ]
INFO: [ app_init ] --END-- [ RunTime:0.028900s ]
INFO: [ app_begin ] --START--
INFO: Run Behavior\ReadHtmlCacheBehavior [ RunTime:0.005433s ]
INFO: [ app_begin ] --END-- [ RunTime:0.009367s ]
NOTIC: [8] A session had already been started - ignoring session_start() F:\Tools\WampServer\wamp\www\yq\Application\Home\Controller\IndexController.class.php 第 16 行.
NOTIC: [8] A session had already been started - ignoring session_start() F:\Tools\WampServer\wamp\www\yq\Application\Common\Common\function.php 第 6 行.
SQL: SHOW COLUMNS FROM `yq_user` [ RunTime:0.0173s ]
SQL: SELECT * FROM `yq_user` WHERE `username` = 'admin' LIMIT 1   [ RunTime:0.0017s ]
SQL: SHOW COLUMNS FROM `yq_school` [ RunTime:0.0143s ]
SQL: SELECT `schoolid`,`schname` FROM `yq_school` WHERE ( schoolid=1 ) LIMIT 1   [ RunTime:0.0013s ]

[ 2017-04-10T12:03:57+08:00 ] ::1 /yq/index.php/Home/Index/type
INFO: [ app_init ] --START--
INFO: Run Behavior\BuildLiteBehavior [ RunTime:0.001069s ]
INFO: [ app_init ] --END-- [ RunTime:0.008668s ]
INFO: [ app_begin ] --START--
INFO: Run Behavior\ReadHtmlCacheBehavior [ RunTime:0.007190s ]
INFO: [ app_begin ] --END-- [ RunTime:0.010934s ]
SQL: SHOW COLUMNS FROM `yq_type` [ RunTime:0.0262s ]
SQL: SELECT * FROM `yq_type`  [ RunTime:0.0019s ]

[ 2017-04-10T12:05:07+08:00 ] ::1 /yq/
INFO: [ app_init ] --START--
INFO: Run Behavior\BuildLiteBehavior [ RunTime:0.000599s ]
INFO: [ app_init ] --END-- [ RunTime:0.007289s ]
INFO: [ app_begin ] --START--
INFO: Run Behavior\ReadHtmlCacheBehavior [ RunTime:0.004420s ]
INFO: [ app_begin ] --END-- [ RunTime:0.008564s ]
INFO: [ view_parse ] --START--
INFO: [ template_filter ] --START--
INFO: Run Behavior\ContentReplaceBehavior [ RunTime:0.002936s ]
INFO: [ template_filter ] --END-- [ RunTime:0.008075s ]
INFO: Run Behavior\ParseTemplateBehavior [ RunTime:0.176303s ]
INFO: [ view_parse ] --END-- [ RunTime:0.179826s ]
INFO: [ view_filter ] --START--
INFO: Run Behavior\WriteHtmlCacheBehavior [ RunTime:0.003616s ]
INFO: [ view_filter ] --END-- [ RunTime:0.007892s ]
INFO: [ app_end ] --START--
INFO: Run Behavior\ShowPageTraceBehavior [ RunTime:0.012595s ]
INFO: [ app_end ] --END-- [ RunTime:0.017953s ]

[ 2017-04-10T12:05:08+08:00 ] ::1 /yq/index.php/Home/Index/school
INFO: [ app_init ] --START--
INFO: Run Behavior\BuildLiteBehavior [ RunTime:0.001219s ]
INFO: [ app_init ] --END-- [ RunTime:0.010260s ]
INFO: [ app_begin ] --START--
INFO: Run Behavior\ReadHtmlCacheBehavior [ RunTime:0.004175s ]
INFO: [ app_begin ] --END-- [ RunTime:0.007940s ]
SQL: SHOW COLUMNS FROM `yq_school` [ RunTime:0.0152s ]
SQL: SELECT * FROM `yq_school`  [ RunTime:0.0015s ]

[ 2017-04-10T12:05:08+08:00 ] ::1 /yq/index.php/Home/Index/login
INFO: [ app_init ] --START--
INFO: Run Behavior\BuildLiteBehavior [ RunTime:0.000908s ]
INFO: [ app_init ] --END-- [ RunTime:0.029663s ]
INFO: [ app_begin ] --START--
INFO: Run Behavior\ReadHtmlCacheBehavior [ RunTime:0.040632s ]
INFO: [ app_begin ] --END-- [ RunTime:0.046272s ]
NOTIC: [8] A session had already been started - ignoring session_start() F:\Tools\WampServer\wamp\www\yq\Application\Home\Controller\IndexController.class.php 第 16 行.
NOTIC: [8] A session had already been started - ignoring session_start() F:\Tools\WampServer\wamp\www\yq\Application\Common\Common\function.php 第 6 行.
SQL: SHOW COLUMNS FROM `yq_user` [ RunTime:0.0133s ]
SQL: SELECT * FROM `yq_user` WHERE `username` = 'admin' LIMIT 1   [ RunTime:0.0017s ]
SQL: SHOW COLUMNS FROM `yq_school` [ RunTime:0.0122s ]
SQL: SELECT `schoolid`,`schname` FROM `yq_school` WHERE ( schoolid=1 ) LIMIT 1   [ RunTime:0.0014s ]

[ 2017-04-10T12:05:09+08:00 ] ::1 /yq/index.php/Home/Index/type
INFO: [ app_init ] --START--
INFO: Run Behavior\BuildLiteBehavior [ RunTime:0.000886s ]
INFO: [ app_init ] --END-- [ RunTime:0.007853s ]
INFO: [ app_begin ] --START--
INFO: Run Behavior\ReadHtmlCacheBehavior [ RunTime:0.011097s ]
INFO: [ app_begin ] --END-- [ RunTime:0.014579s ]
SQL: SHOW COLUMNS FROM `yq_type` [ RunTime:0.0140s ]
SQL: SELECT * FROM `yq_type`  [ RunTime:0.0013s ]

[ 2017-04-10T12:06:18+08:00 ] ::1 /yq/
INFO: [ app_init ] --START--
INFO: Run Behavior\BuildLiteBehavior [ RunTime:0.000601s ]
INFO: [ app_init ] --END-- [ RunTime:0.014731s ]
INFO: [ app_begin ] --START--
INFO: Run Behavior\ReadHtmlCacheBehavior [ RunTime:0.005117s ]
INFO: [ app_begin ] --END-- [ RunTime:0.010853s ]
INFO: [ view_parse ] --START--
INFO: [ template_filter ] --START--
INFO: Run Behavior\ContentReplaceBehavior [ RunTime:0.001750s ]
INFO: [ template_filter ] --END-- [ RunTime:0.004375s ]
INFO: Run Behavior\ParseTemplateBehavior [ RunTime:0.107850s ]
INFO: [ view_parse ] --END-- [ RunTime:0.111077s ]
INFO: [ view_filter ] --START--
INFO: Run Behavior\WriteHtmlCacheBehavior [ RunTime:0.003108s ]
INFO: [ view_filter ] --END-- [ RunTime:0.008638s ]
INFO: [ app_end ] --START--
INFO: Run Behavior\ShowPageTraceBehavior [ RunTime:0.006632s ]
INFO: [ app_end ] --END-- [ RunTime:0.010698s ]

[ 2017-04-10T12:06:19+08:00 ] ::1 /yq/index.php/Home/Index/type
INFO: [ app_init ] --START--
INFO: Run Behavior\BuildLiteBehavior [ RunTime:0.001041s ]
INFO: [ app_init ] --END-- [ RunTime:0.006559s ]
INFO: [ app_begin ] --START--
INFO: Run Behavior\ReadHtmlCacheBehavior [ RunTime:0.004258s ]
INFO: [ app_begin ] --END-- [ RunTime:0.008057s ]
SQL: SHOW COLUMNS FROM `yq_type` [ RunTime:0.0135s ]
SQL: SELECT * FROM `yq_type`  [ RunTime:0.0014s ]

[ 2017-04-10T12:06:19+08:00 ] ::1 /yq/index.php/Home/Index/school
INFO: [ app_init ] --START--
INFO: Run Behavior\BuildLiteBehavior [ RunTime:0.000798s ]
INFO: [ app_init ] --END-- [ RunTime:0.008292s ]
INFO: [ app_begin ] --START--
INFO: Run Behavior\ReadHtmlCacheBehavior [ RunTime:0.004052s ]
INFO: [ app_begin ] --END-- [ RunTime:0.028473s ]
SQL: SHOW COLUMNS FROM `yq_school` [ RunTime:0.0119s ]
SQL: SELECT * FROM `yq_school`  [ RunTime:0.0012s ]

[ 2017-04-10T12:06:19+08:00 ] ::1 /yq/index.php/Home/Index/login
INFO: [ app_init ] --START--
INFO: Run Behavior\BuildLiteBehavior [ RunTime:0.000787s ]
INFO: [ app_init ] --END-- [ RunTime:0.006754s ]
INFO: [ app_begin ] --START--
INFO: Run Behavior\ReadHtmlCacheBehavior [ RunTime:0.003798s ]
INFO: [ app_begin ] --END-- [ RunTime:0.034861s ]
NOTIC: [8] A session had already been started - ignoring session_start() F:\Tools\WampServer\wamp\www\yq\Application\Home\Controller\IndexController.class.php 第 16 行.
NOTIC: [8] A session had already been started - ignoring session_start() F:\Tools\WampServer\wamp\www\yq\Application\Common\Common\function.php 第 6 行.
SQL: SHOW COLUMNS FROM `yq_user` [ RunTime:0.0107s ]
SQL: SELECT * FROM `yq_user` WHERE `username` = 'admin' LIMIT 1   [ RunTime:0.0014s ]
SQL: SHOW COLUMNS FROM `yq_school` [ RunTime:0.0096s ]
SQL: SELECT `schoolid`,`schname` FROM `yq_school` WHERE ( schoolid=1 ) LIMIT 1   [ RunTime:0.0012s ]

[ 2017-04-10T12:08:15+08:00 ] ::1 /yq/
INFO: [ app_init ] --START--
INFO: Run Behavior\BuildLiteBehavior [ RunTime:0.002373s ]
INFO: [ app_init ] --END-- [ RunTime:0.011469s ]
INFO: [ app_begin ] --START--
INFO: Run Behavior\ReadHtmlCacheBehavior [ RunTime:0.007489s ]
INFO: [ app_begin ] --END-- [ RunTime:0.012910s ]
INFO: [ view_parse ] --START--
INFO: [ template_filter ] --START--
INFO: Run Behavior\ContentReplaceBehavior [ RunTime:0.003799s ]
INFO: [ template_filter ] --END-- [ RunTime:0.008225s ]
INFO: Run Behavior\ParseTemplateBehavior [ RunTime:0.183461s ]
INFO: [ view_parse ] --END-- [ RunTime:0.190825s ]
INFO: [ view_filter ] --START--
INFO: Run Behavior\WriteHtmlCacheBehavior [ RunTime:0.003447s ]
INFO: [ view_filter ] --END-- [ RunTime:0.007515s ]
INFO: [ app_end ] --START--
INFO: Run Behavior\ShowPageTraceBehavior [ RunTime:0.010217s ]
INFO: [ app_end ] --END-- [ RunTime:0.015720s ]

[ 2017-04-10T12:08:16+08:00 ] ::1 /yq/index.php/Home/Index/school
INFO: [ app_init ] --START--
INFO: Run Behavior\BuildLiteBehavior [ RunTime:0.000740s ]
INFO: [ app_init ] --END-- [ RunTime:0.007307s ]
INFO: [ app_begin ] --START--
INFO: Run Behavior\ReadHtmlCacheBehavior [ RunTime:0.015885s ]
INFO: [ app_begin ] --END-- [ RunTime:0.019490s ]
SQL: SHOW COLUMNS FROM `yq_school` [ RunTime:0.0111s ]
SQL: SELECT * FROM `yq_school`  [ RunTime:0.0013s ]

[ 2017-04-10T12:08:16+08:00 ] ::1 /yq/index.php/Home/Index/type
INFO: [ app_init ] --START--
INFO: Run Behavior\BuildLiteBehavior [ RunTime:0.000831s ]
INFO: [ app_init ] --END-- [ RunTime:0.006746s ]
INFO: [ app_begin ] --START--
INFO: Run Behavior\ReadHtmlCacheBehavior [ RunTime:0.004062s ]
INFO: [ app_begin ] --END-- [ RunTime:0.007266s ]
SQL: SHOW COLUMNS FROM `yq_type` [ RunTime:0.0117s ]
SQL: SELECT * FROM `yq_type`  [ RunTime:0.0012s ]

[ 2017-04-10T12:08:16+08:00 ] ::1 /yq/index.php/Home/Index/login
INFO: [ app_init ] --START--
INFO: Run Behavior\BuildLiteBehavior [ RunTime:0.000789s ]
INFO: [ app_init ] --END-- [ RunTime:0.006643s ]
INFO: [ app_begin ] --START--
INFO: Run Behavior\ReadHtmlCacheBehavior [ RunTime:0.007459s ]
INFO: [ app_begin ] --END-- [ RunTime:0.011339s ]
NOTIC: [8] A session had already been started - ignoring session_start() F:\Tools\WampServer\wamp\www\yq\Application\Home\Controller\IndexController.class.php 第 16 行.
NOTIC: [8] A session had already been started - ignoring session_start() F:\Tools\WampServer\wamp\www\yq\Application\Common\Common\function.php 第 6 行.
SQL: SHOW COLUMNS FROM `yq_user` [ RunTime:0.0136s ]
SQL: SELECT * FROM `yq_user` WHERE `username` = 'admin' LIMIT 1   [ RunTime:0.0018s ]
SQL: SHOW COLUMNS FROM `yq_school` [ RunTime:0.0083s ]
SQL: SELECT `schoolid`,`schname` FROM `yq_school` WHERE ( schoolid=1 ) LIMIT 1   [ RunTime:0.0009s ]

[ 2017-04-10T12:10:33+08:00 ] ::1 /yq/
INFO: [ app_init ] --START--
INFO: Run Behavior\BuildLiteBehavior [ RunTime:0.001690s ]
INFO: [ app_init ] --END-- [ RunTime:0.016562s ]
INFO: [ app_begin ] --START--
INFO: Run Behavior\ReadHtmlCacheBehavior [ RunTime:0.003270s ]
INFO: [ app_begin ] --END-- [ RunTime:0.006304s ]
INFO: [ view_parse ] --START--
INFO: [ template_filter ] --START--
INFO: Run Behavior\ContentReplaceBehavior [ RunTime:0.001486s ]
INFO: [ template_filter ] --END-- [ RunTime:0.004240s ]
INFO: Run Behavior\ParseTemplateBehavior [ RunTime:0.106189s ]
INFO: [ view_parse ] --END-- [ RunTime:0.109098s ]
INFO: [ view_filter ] --START--
INFO: Run Behavior\WriteHtmlCacheBehavior [ RunTime:0.003409s ]
INFO: [ view_filter ] --END-- [ RunTime:0.006937s ]
INFO: [ app_end ] --START--
INFO: Run Behavior\ShowPageTraceBehavior [ RunTime:0.011559s ]
INFO: [ app_end ] --END-- [ RunTime:0.016280s ]

[ 2017-04-10T12:10:34+08:00 ] ::1 /yq/index.php/Home/Index/login
INFO: [ app_init ] --START--
INFO: Run Behavior\BuildLiteBehavior [ RunTime:0.001149s ]
INFO: [ app_init ] --END-- [ RunTime:0.007801s ]
INFO: [ app_begin ] --START--
INFO: Run Behavior\ReadHtmlCacheBehavior [ RunTime:0.053917s ]
INFO: [ app_begin ] --END-- [ RunTime:0.059060s ]
NOTIC: [8] A session had already been started - ignoring session_start() F:\Tools\WampServer\wamp\www\yq\Application\Home\Controller\IndexController.class.php 第 16 行.
NOTIC: [8] A session had already been started - ignoring session_start() F:\Tools\WampServer\wamp\www\yq\Application\Common\Common\function.php 第 6 行.
SQL: SHOW COLUMNS FROM `yq_user` [ RunTime:0.0243s ]
SQL: SELECT * FROM `yq_user` WHERE `username` = 'admin' LIMIT 1   [ RunTime:0.0018s ]
SQL: SHOW COLUMNS FROM `yq_school` [ RunTime:0.0235s ]
SQL: SELECT `schoolid`,`schname` FROM `yq_school` WHERE ( schoolid=1 ) LIMIT 1   [ RunTime:0.0019s ]

[ 2017-04-10T12:10:34+08:00 ] ::1 /yq/index.php/Home/Index/school
INFO: [ app_init ] --START--
INFO: Run Behavior\BuildLiteBehavior [ RunTime:0.041208s ]
INFO: [ app_init ] --END-- [ RunTime:0.053566s ]
INFO: [ app_begin ] --START--
INFO: Run Behavior\ReadHtmlCacheBehavior [ RunTime:0.004678s ]
INFO: [ app_begin ] --END-- [ RunTime:0.008519s ]
SQL: SHOW COLUMNS FROM `yq_school` [ RunTime:0.0222s ]
SQL: SELECT * FROM `yq_school`  [ RunTime:0.0014s ]

[ 2017-04-10T12:10:34+08:00 ] ::1 /yq/index.php/Home/Index/type
INFO: [ app_init ] --START--
INFO: Run Behavior\BuildLiteBehavior [ RunTime:0.000878s ]
INFO: [ app_init ] --END-- [ RunTime:0.007548s ]
INFO: [ app_begin ] --START--
INFO: Run Behavior\ReadHtmlCacheBehavior [ RunTime:0.005930s ]
INFO: [ app_begin ] --END-- [ RunTime:0.009241s ]
SQL: SHOW COLUMNS FROM `yq_type` [ RunTime:0.0180s ]
SQL: SELECT * FROM `yq_type`  [ RunTime:0.0014s ]

[ 2017-04-10T12:11:15+08:00 ] ::1 /yq/index.php/Home/Index/logout
INFO: [ app_init ] --START--
INFO: Run Behavior\BuildLiteBehavior [ RunTime:0.000469s ]
INFO: [ app_init ] --END-- [ RunTime:0.004390s ]
INFO: [ app_begin ] --START--
INFO: Run Behavior\ReadHtmlCacheBehavior [ RunTime:0.002362s ]
INFO: [ app_begin ] --END-- [ RunTime:0.004508s ]
NOTIC: [8] A session had already been started - ignoring session_start() F:\Tools\WampServer\wamp\www\yq\Application\Home\Controller\IndexController.class.php 第 101 行.
SQL: SHOW COLUMNS FROM `yq_user` [ RunTime:0.0196s ]
SQL: UPDATE `yq_user` SET `lastip`='0',`lastlogintime`='1491743435' WHERE `userid` = 1 [ RunTime:0.0041s ]

[ 2017-04-10T12:11:17+08:00 ] ::1 /yq/
INFO: [ app_init ] --START--
INFO: Run Behavior\BuildLiteBehavior [ RunTime:0.001795s ]
INFO: [ app_init ] --END-- [ RunTime:0.008944s ]
INFO: [ app_begin ] --START--
INFO: Run Behavior\ReadHtmlCacheBehavior [ RunTime:0.006038s ]
INFO: [ app_begin ] --END-- [ RunTime:0.011618s ]
INFO: [ view_parse ] --START--
INFO: [ template_filter ] --START--
INFO: Run Behavior\ContentReplaceBehavior [ RunTime:0.001519s ]
INFO: [ template_filter ] --END-- [ RunTime:0.004185s ]
INFO: Run Behavior\ParseTemplateBehavior [ RunTime:0.108151s ]
INFO: [ view_parse ] --END-- [ RunTime:0.112547s ]
INFO: [ view_filter ] --START--
INFO: Run Behavior\WriteHtmlCacheBehavior [ RunTime:0.003702s ]
INFO: [ view_filter ] --END-- [ RunTime:0.007827s ]
INFO: [ app_end ] --START--
INFO: Run Behavior\ShowPageTraceBehavior [ RunTime:0.008785s ]
INFO: [ app_end ] --END-- [ RunTime:0.014957s ]

[ 2017-04-10T12:11:18+08:00 ] ::1 /yq/index.php/Home/Index/type
INFO: [ app_init ] --START--
INFO: Run Behavior\BuildLiteBehavior [ RunTime:0.000843s ]
INFO: [ app_init ] --END-- [ RunTime:0.007456s ]
INFO: [ app_begin ] --START--
INFO: Run Behavior\ReadHtmlCacheBehavior [ RunTime:0.004783s ]
INFO: [ app_begin ] --END-- [ RunTime:0.008380s ]
SQL: SHOW COLUMNS FROM `yq_type` [ RunTime:0.0220s ]
SQL: SELECT * FROM `yq_type`  [ RunTime:0.0013s ]

[ 2017-04-10T12:11:18+08:00 ] ::1 /yq/index.php/Home/Index/login
INFO: [ app_init ] --START--
INFO: Run Behavior\BuildLiteBehavior [ RunTime:0.000875s ]
INFO: [ app_init ] --END-- [ RunTime:0.007379s ]
INFO: [ app_begin ] --START--
INFO: Run Behavior\ReadHtmlCacheBehavior [ RunTime:0.004271s ]
INFO: [ app_begin ] --END-- [ RunTime:0.007523s ]
NOTIC: [8] A session had already been started - ignoring session_start() F:\Tools\WampServer\wamp\www\yq\Application\Home\Controller\IndexController.class.php 第 16 行.
NOTIC: [8] A session had already been started - ignoring session_start() F:\Tools\WampServer\wamp\www\yq\Application\Common\Common\function.php 第 6 行.

[ 2017-04-10T12:11:18+08:00 ] ::1 /yq/index.php/Home/Index/school
INFO: [ app_init ] --START--
INFO: Run Behavior\BuildLiteBehavior [ RunTime:0.001282s ]
INFO: [ app_init ] --END-- [ RunTime:0.006974s ]
INFO: [ app_begin ] --START--
INFO: Run Behavior\ReadHtmlCacheBehavior [ RunTime:0.004078s ]
INFO: [ app_begin ] --END-- [ RunTime:0.007919s ]
SQL: SHOW COLUMNS FROM `yq_school` [ RunTime:0.0233s ]
SQL: SELECT * FROM `yq_school`  [ RunTime:0.0014s ]

[ 2017-04-10T12:11:19+08:00 ] ::1 /yq/index.php/Home/Index/login
INFO: [ app_init ] --START--
INFO: Run Behavior\BuildLiteBehavior [ RunTime:0.000471s ]
INFO: [ app_init ] --END-- [ RunTime:0.004443s ]
INFO: [ app_begin ] --START--
INFO: Run Behavior\ReadHtmlCacheBehavior [ RunTime:0.002820s ]
INFO: [ app_begin ] --END-- [ RunTime:0.005214s ]
NOTIC: [8] A session had already been started - ignoring session_start() F:\Tools\WampServer\wamp\www\yq\Application\Home\Controller\IndexController.class.php 第 16 行.
SQL: SHOW COLUMNS FROM `yq_user` [ RunTime:0.0216s ]
SQL: SELECT * FROM `yq_user` WHERE `username` = 'admin' AND `password` = '123456' LIMIT 1   [ RunTime:0.0020s ]
SQL: SHOW COLUMNS FROM `yq_school` [ RunTime:0.0281s ]
SQL: SELECT `schoolid`,`schname` FROM `yq_school` WHERE ( schoolid=1 ) LIMIT 1   [ RunTime:0.0016s ]
SQL: SELECT * FROM `yq_school` ORDER BY score desc LIMIT 3   [ RunTime:0.0016s ]
SQL: SHOW COLUMNS FROM `yq_user_group` [ RunTime:0.0182s ]
SQL: SELECT b.groupid,b.groupname FROM yq_user_group a INNER JOIN yq_group b  WHERE ( a.userid=1&&a.groupid=b.groupid ) LIMIT 1   [ RunTime:0.0014s ]
SQL: SHOW COLUMNS FROM `yq_group_leftbar_permission` [ RunTime:0.0195s ]
SQL: SHOW COLUMNS FROM `yq_group_leftbar_permission` [ RunTime:0.0204s ]
SQL: SELECT b.itemname as name,c.action as api,b.keybind FROM yq_group_leftbar_permission  a INNER JOIN yq_leftbar  b INNER JOIN yq_permission c  WHERE ( a.groupid=3 and a.itemid=b.itemid and a.permid=c.permid ) ORDER BY a.itemid asc  [ RunTime:0.0070s ]

[ 2017-04-10T12:13:33+08:00 ] ::1 /yq/
INFO: [ app_init ] --START--
INFO: Run Behavior\BuildLiteBehavior [ RunTime:0.001882s ]
INFO: [ app_init ] --END-- [ RunTime:0.009054s ]
INFO: [ app_begin ] --START--
INFO: Run Behavior\ReadHtmlCacheBehavior [ RunTime:0.006732s ]
INFO: [ app_begin ] --END-- [ RunTime:0.011124s ]
INFO: [ view_parse ] --START--
INFO: [ template_filter ] --START--
INFO: Run Behavior\ContentReplaceBehavior [ RunTime:0.001549s ]
INFO: [ template_filter ] --END-- [ RunTime:0.004147s ]
INFO: Run Behavior\ParseTemplateBehavior [ RunTime:0.115681s ]
INFO: [ view_parse ] --END-- [ RunTime:0.119343s ]
INFO: [ view_filter ] --START--
INFO: Run Behavior\WriteHtmlCacheBehavior [ RunTime:0.003060s ]
INFO: [ view_filter ] --END-- [ RunTime:0.006167s ]
INFO: [ app_end ] --START--
INFO: Run Behavior\ShowPageTraceBehavior [ RunTime:0.009604s ]
INFO: [ app_end ] --END-- [ RunTime:0.014038s ]

[ 2017-04-10T12:13:34+08:00 ] ::1 /yq/index.php/Home/Index/login
INFO: [ app_init ] --START--
INFO: Run Behavior\BuildLiteBehavior [ RunTime:0.000950s ]
INFO: [ app_init ] --END-- [ RunTime:0.009014s ]
INFO: [ app_begin ] --START--
INFO: Run Behavior\ReadHtmlCacheBehavior [ RunTime:0.004805s ]
INFO: [ app_begin ] --END-- [ RunTime:0.008412s ]
NOTIC: [8] A session had already been started - ignoring session_start() F:\Tools\WampServer\wamp\www\yq\Application\Home\Controller\IndexController.class.php 第 16 行.
NOTIC: [8] A session had already been started - ignoring session_start() F:\Tools\WampServer\wamp\www\yq\Application\Common\Common\function.php 第 6 行.
SQL: SHOW COLUMNS FROM `yq_user` [ RunTime:0.0247s ]
SQL: SELECT * FROM `yq_user` WHERE `username` = 'admin' LIMIT 1   [ RunTime:0.0025s ]
SQL: SHOW COLUMNS FROM `yq_school` [ RunTime:0.0150s ]
SQL: SELECT `schoolid`,`schname` FROM `yq_school` WHERE ( schoolid=1 ) LIMIT 1   [ RunTime:0.0014s ]

[ 2017-04-10T12:13:34+08:00 ] ::1 /yq/index.php/Home/Index/school
INFO: [ app_init ] --START--
INFO: Run Behavior\BuildLiteBehavior [ RunTime:0.001065s ]
INFO: [ app_init ] --END-- [ RunTime:0.007804s ]
INFO: [ app_begin ] --START--
INFO: Run Behavior\ReadHtmlCacheBehavior [ RunTime:0.004404s ]
INFO: [ app_begin ] --END-- [ RunTime:0.010272s ]
SQL: SHOW COLUMNS FROM `yq_school` [ RunTime:0.0242s ]
SQL: SELECT * FROM `yq_school`  [ RunTime:0.0014s ]

[ 2017-04-10T12:13:34+08:00 ] ::1 /yq/index.php/Home/Index/type
INFO: [ app_init ] --START--
INFO: Run Behavior\BuildLiteBehavior [ RunTime:0.000819s ]
INFO: [ app_init ] --END-- [ RunTime:0.007678s ]
INFO: [ app_begin ] --START--
INFO: Run Behavior\ReadHtmlCacheBehavior [ RunTime:0.004491s ]
INFO: [ app_begin ] --END-- [ RunTime:0.007636s ]
SQL: SHOW COLUMNS FROM `yq_type` [ RunTime:0.0204s ]
SQL: SELECT * FROM `yq_type`  [ RunTime:0.0015s ]

[ 2017-04-10T12:59:03+08:00 ] ::1 /yq/
INFO: [ app_init ] --START--
INFO: Run Behavior\BuildLiteBehavior [ RunTime:0.005074s ]
INFO: [ app_init ] --END-- [ RunTime:0.015102s ]
INFO: [ app_begin ] --START--
INFO: Run Behavior\ReadHtmlCacheBehavior [ RunTime:0.008153s ]
INFO: [ app_begin ] --END-- [ RunTime:0.012404s ]
INFO: [ view_parse ] --START--
INFO: [ template_filter ] --START--
INFO: Run Behavior\ContentReplaceBehavior [ RunTime:0.001617s ]
INFO: [ template_filter ] --END-- [ RunTime:0.004545s ]
INFO: Run Behavior\ParseTemplateBehavior [ RunTime:0.134986s ]
INFO: [ view_parse ] --END-- [ RunTime:0.138381s ]
INFO: [ view_filter ] --START--
INFO: Run Behavior\WriteHtmlCacheBehavior [ RunTime:0.003804s ]
INFO: [ view_filter ] --END-- [ RunTime:0.006698s ]
INFO: [ app_end ] --START--
INFO: Run Behavior\ShowPageTraceBehavior [ RunTime:0.013362s ]
INFO: [ app_end ] --END-- [ RunTime:0.023513s ]

[ 2017-04-10T12:59:04+08:00 ] ::1 /yq/index.php/Home/Index/login
INFO: [ app_init ] --START--
INFO: Run Behavior\BuildLiteBehavior [ RunTime:0.000872s ]
INFO: [ app_init ] --END-- [ RunTime:0.041393s ]
INFO: [ app_begin ] --START--
INFO: Run Behavior\ReadHtmlCacheBehavior [ RunTime:0.004469s ]
INFO: [ app_begin ] --END-- [ RunTime:0.007814s ]
NOTIC: [8] A session had already been started - ignoring session_start() F:\Tools\WampServer\wamp\www\yq\Application\Home\Controller\IndexController.class.php 第 16 行.
NOTIC: [8] A session had already been started - ignoring session_start() F:\Tools\WampServer\wamp\www\yq\Application\Common\Common\function.php 第 6 行.
SQL: SHOW COLUMNS FROM `yq_user` [ RunTime:0.0190s ]
SQL: SELECT * FROM `yq_user` WHERE `username` = 'admin' LIMIT 1   [ RunTime:0.0019s ]
SQL: SHOW COLUMNS FROM `yq_school` [ RunTime:0.0119s ]
SQL: SELECT `schoolid`,`schname` FROM `yq_school` WHERE ( schoolid=1 ) LIMIT 1   [ RunTime:0.0017s ]

[ 2017-04-10T12:59:04+08:00 ] ::1 /yq/index.php/Home/Index/school
INFO: [ app_init ] --START--
INFO: Run Behavior\BuildLiteBehavior [ RunTime:0.001927s ]
INFO: [ app_init ] --END-- [ RunTime:0.007225s ]
INFO: [ app_begin ] --START--
INFO: Run Behavior\ReadHtmlCacheBehavior [ RunTime:0.004526s ]
INFO: [ app_begin ] --END-- [ RunTime:0.008553s ]
SQL: SHOW COLUMNS FROM `yq_school` [ RunTime:0.0129s ]
SQL: SELECT * FROM `yq_school`  [ RunTime:0.0014s ]

[ 2017-04-10T12:59:04+08:00 ] ::1 /yq/index.php/Home/Index/type
INFO: [ app_init ] --START--
INFO: Run Behavior\BuildLiteBehavior [ RunTime:0.000782s ]
INFO: [ app_init ] --END-- [ RunTime:0.009611s ]
INFO: [ app_begin ] --START--
INFO: Run Behavior\ReadHtmlCacheBehavior [ RunTime:0.006211s ]
INFO: [ app_begin ] --END-- [ RunTime:0.010340s ]
SQL: SHOW COLUMNS FROM `yq_type` [ RunTime:0.0127s ]
SQL: SELECT * FROM `yq_type`  [ RunTime:0.0016s ]

[ 2017-04-10T13:00:43+08:00 ] ::1 /yq/
INFO: [ app_init ] --START--
INFO: Run Behavior\BuildLiteBehavior [ RunTime:0.000949s ]
INFO: [ app_init ] --END-- [ RunTime:0.011446s ]
INFO: [ app_begin ] --START--
INFO: Run Behavior\ReadHtmlCacheBehavior [ RunTime:0.009926s ]
INFO: [ app_begin ] --END-- [ RunTime:0.022496s ]
INFO: [ view_parse ] --START--
INFO: [ template_filter ] --START--
INFO: Run Behavior\ContentReplaceBehavior [ RunTime:0.002202s ]
INFO: [ template_filter ] --END-- [ RunTime:0.006908s ]
INFO: Run Behavior\ParseTemplateBehavior [ RunTime:0.190560s ]
INFO: [ view_parse ] --END-- [ RunTime:0.195848s ]
INFO: [ view_filter ] --START--
INFO: Run Behavior\WriteHtmlCacheBehavior [ RunTime:0.003572s ]
INFO: [ view_filter ] --END-- [ RunTime:0.007730s ]
INFO: [ app_end ] --START--
INFO: Run Behavior\ShowPageTraceBehavior [ RunTime:0.014574s ]
INFO: [ app_end ] --END-- [ RunTime:0.019217s ]

[ 2017-04-10T13:00:44+08:00 ] ::1 /yq/index.php/Home/Index/school
INFO: [ app_init ] --START--
INFO: Run Behavior\BuildLiteBehavior [ RunTime:0.000995s ]
INFO: [ app_init ] --END-- [ RunTime:0.007243s ]
INFO: [ app_begin ] --START--
INFO: Run Behavior\ReadHtmlCacheBehavior [ RunTime:0.004259s ]
INFO: [ app_begin ] --END-- [ RunTime:0.008984s ]
SQL: SHOW COLUMNS FROM `yq_school` [ RunTime:0.0269s ]
SQL: SELECT * FROM `yq_school`  [ RunTime:0.0016s ]

[ 2017-04-10T13:00:44+08:00 ] ::1 /yq/index.php/Home/Index/login
INFO: [ app_init ] --START--
INFO: Run Behavior\BuildLiteBehavior [ RunTime:0.000880s ]
INFO: [ app_init ] --END-- [ RunTime:0.006197s ]
INFO: [ app_begin ] --START--
INFO: Run Behavior\ReadHtmlCacheBehavior [ RunTime:0.004921s ]
INFO: [ app_begin ] --END-- [ RunTime:0.008085s ]
NOTIC: [8] A session had already been started - ignoring session_start() F:\Tools\WampServer\wamp\www\yq\Application\Home\Controller\IndexController.class.php 第 16 行.
NOTIC: [8] A session had already been started - ignoring session_start() F:\Tools\WampServer\wamp\www\yq\Application\Common\Common\function.php 第 6 行.
SQL: SHOW COLUMNS FROM `yq_user` [ RunTime:0.0145s ]
SQL: SELECT * FROM `yq_user` WHERE `username` = 'admin' LIMIT 1   [ RunTime:0.0015s ]
SQL: SHOW COLUMNS FROM `yq_school` [ RunTime:0.0104s ]
SQL: SELECT `schoolid`,`schname` FROM `yq_school` WHERE ( schoolid=1 ) LIMIT 1   [ RunTime:0.0012s ]

[ 2017-04-10T13:00:44+08:00 ] ::1 /yq/index.php/Home/Index/type
INFO: [ app_init ] --START--
INFO: Run Behavior\BuildLiteBehavior [ RunTime:0.000928s ]
INFO: [ app_init ] --END-- [ RunTime:0.007279s ]
INFO: [ app_begin ] --START--
INFO: Run Behavior\ReadHtmlCacheBehavior [ RunTime:0.003660s ]
INFO: [ app_begin ] --END-- [ RunTime:0.008043s ]
SQL: SHOW COLUMNS FROM `yq_type` [ RunTime:0.0106s ]
SQL: SELECT * FROM `yq_type`  [ RunTime:0.0014s ]

[ 2017-04-10T13:01:42+08:00 ] ::1 /yq/
INFO: [ app_init ] --START--
INFO: Run Behavior\BuildLiteBehavior [ RunTime:0.001785s ]
INFO: [ app_init ] --END-- [ RunTime:0.016514s ]
INFO: [ app_begin ] --START--
INFO: Run Behavior\ReadHtmlCacheBehavior [ RunTime:0.003050s ]
INFO: [ app_begin ] --END-- [ RunTime:0.005603s ]
INFO: [ view_parse ] --START--
INFO: [ template_filter ] --START--
INFO: Run Behavior\ContentReplaceBehavior [ RunTime:0.002206s ]
INFO: [ template_filter ] --END-- [ RunTime:0.004778s ]
INFO: Run Behavior\ParseTemplateBehavior [ RunTime:0.124424s ]
INFO: [ view_parse ] --END-- [ RunTime:0.127680s ]
INFO: [ view_filter ] --START--
INFO: Run Behavior\WriteHtmlCacheBehavior [ RunTime:0.003307s ]
INFO: [ view_filter ] --END-- [ RunTime:0.007291s ]
INFO: [ app_end ] --START--
INFO: Run Behavior\ShowPageTraceBehavior [ RunTime:0.008318s ]
INFO: [ app_end ] --END-- [ RunTime:0.015605s ]

[ 2017-04-10T13:01:43+08:00 ] ::1 /yq/index.php/Home/Index/login
INFO: [ app_init ] --START--
INFO: Run Behavior\BuildLiteBehavior [ RunTime:0.000834s ]
INFO: [ app_init ] --END-- [ RunTime:0.008139s ]
INFO: [ app_begin ] --START--
INFO: Run Behavior\ReadHtmlCacheBehavior [ RunTime:0.004334s ]
INFO: [ app_begin ] --END-- [ RunTime:0.030088s ]
NOTIC: [8] A session had already been started - ignoring session_start() F:\Tools\WampServer\wamp\www\yq\Application\Home\Controller\IndexController.class.php 第 16 行.
NOTIC: [8] A session had already been started - ignoring session_start() F:\Tools\WampServer\wamp\www\yq\Application\Common\Common\function.php 第 6 行.
SQL: SHOW COLUMNS FROM `yq_user` [ RunTime:0.0151s ]
SQL: SELECT * FROM `yq_user` WHERE `username` = 'admin' LIMIT 1   [ RunTime:0.0020s ]
SQL: SHOW COLUMNS FROM `yq_school` [ RunTime:0.0145s ]
SQL: SELECT `schoolid`,`schname` FROM `yq_school` WHERE ( schoolid=1 ) LIMIT 1   [ RunTime:0.0016s ]

[ 2017-04-10T13:01:43+08:00 ] ::1 /yq/index.php/Home/Index/school
INFO: [ app_init ] --START--
INFO: Run Behavior\BuildLiteBehavior [ RunTime:0.001073s ]
INFO: [ app_init ] --END-- [ RunTime:0.009698s ]
INFO: [ app_begin ] --START--
INFO: Run Behavior\ReadHtmlCacheBehavior [ RunTime:0.004680s ]
INFO: [ app_begin ] --END-- [ RunTime:0.008182s ]
SQL: SHOW COLUMNS FROM `yq_school` [ RunTime:0.0445s ]
SQL: SELECT * FROM `yq_school`  [ RunTime:0.0014s ]

[ 2017-04-10T13:01:43+08:00 ] ::1 /yq/index.php/Home/Index/type
INFO: [ app_init ] --START--
INFO: Run Behavior\BuildLiteBehavior [ RunTime:0.001202s ]
INFO: [ app_init ] --END-- [ RunTime:0.007539s ]
INFO: [ app_begin ] --START--
INFO: Run Behavior\ReadHtmlCacheBehavior [ RunTime:0.007666s ]
INFO: [ app_begin ] --END-- [ RunTime:0.024068s ]
SQL: SHOW COLUMNS FROM `yq_type` [ RunTime:0.0185s ]
SQL: SELECT * FROM `yq_type`  [ RunTime:0.0012s ]

[ 2017-04-10T13:08:18+08:00 ] ::1 /yq/
INFO: [ app_init ] --START--
INFO: Run Behavior\BuildLiteBehavior [ RunTime:0.000858s ]
INFO: [ app_init ] --END-- [ RunTime:0.011955s ]
INFO: [ app_begin ] --START--
INFO: Run Behavior\ReadHtmlCacheBehavior [ RunTime:0.004987s ]
INFO: [ app_begin ] --END-- [ RunTime:0.012033s ]
INFO: [ view_parse ] --START--
INFO: [ template_filter ] --START--
INFO: Run Behavior\ContentReplaceBehavior [ RunTime:0.029683s ]
INFO: [ template_filter ] --END-- [ RunTime:0.035092s ]
INFO: Run Behavior\ParseTemplateBehavior [ RunTime:0.249735s ]
INFO: [ view_parse ] --END-- [ RunTime:0.263048s ]
INFO: [ view_filter ] --START--
INFO: Run Behavior\WriteHtmlCacheBehavior [ RunTime:0.004895s ]
INFO: [ view_filter ] --END-- [ RunTime:0.010302s ]
INFO: [ app_end ] --START--
INFO: Run Behavior\ShowPageTraceBehavior [ RunTime:0.012936s ]
INFO: [ app_end ] --END-- [ RunTime:0.021660s ]

[ 2017-04-10T13:08:19+08:00 ] ::1 /yq/index.php/Home/Index/school
INFO: [ app_init ] --START--
INFO: Run Behavior\BuildLiteBehavior [ RunTime:0.000616s ]
INFO: [ app_init ] --END-- [ RunTime:0.005933s ]
INFO: [ app_begin ] --START--
INFO: Run Behavior\ReadHtmlCacheBehavior [ RunTime:0.004275s ]
INFO: [ app_begin ] --END-- [ RunTime:0.007129s ]
SQL: SHOW COLUMNS FROM `yq_school` [ RunTime:0.0114s ]
SQL: SELECT * FROM `yq_school`  [ RunTime:0.0016s ]

[ 2017-04-10T13:08:19+08:00 ] ::1 /yq/index.php/Home/Index/type
INFO: [ app_init ] --START--
INFO: Run Behavior\BuildLiteBehavior [ RunTime:0.014935s ]
INFO: [ app_init ] --END-- [ RunTime:0.020215s ]
INFO: [ app_begin ] --START--
INFO: Run Behavior\ReadHtmlCacheBehavior [ RunTime:0.006181s ]
INFO: [ app_begin ] --END-- [ RunTime:0.012771s ]
SQL: SHOW COLUMNS FROM `yq_type` [ RunTime:0.0128s ]
SQL: SELECT * FROM `yq_type`  [ RunTime:0.0023s ]

[ 2017-04-10T13:08:19+08:00 ] ::1 /yq/index.php/Home/Index/login
INFO: [ app_init ] --START--
INFO: Run Behavior\BuildLiteBehavior [ RunTime:0.000751s ]
INFO: [ app_init ] --END-- [ RunTime:0.005466s ]
INFO: [ app_begin ] --START--
INFO: Run Behavior\ReadHtmlCacheBehavior [ RunTime:0.003284s ]
INFO: [ app_begin ] --END-- [ RunTime:0.005940s ]
NOTIC: [8] A session had already been started - ignoring session_start() F:\Tools\WampServer\wamp\www\yq\Application\Home\Controller\IndexController.class.php 第 16 行.
NOTIC: [8] A session had already been started - ignoring session_start() F:\Tools\WampServer\wamp\www\yq\Application\Common\Common\function.php 第 6 行.
SQL: SHOW COLUMNS FROM `yq_user` [ RunTime:0.0152s ]
SQL: SELECT * FROM `yq_user` WHERE `username` = 'admin' LIMIT 1   [ RunTime:0.0026s ]
SQL: SHOW COLUMNS FROM `yq_school` [ RunTime:0.0102s ]
SQL: SELECT `schoolid`,`schname` FROM `yq_school` WHERE ( schoolid=1 ) LIMIT 1   [ RunTime:0.0011s ]

[ 2017-04-10T13:11:17+08:00 ] ::1 /yq/
INFO: [ app_init ] --START--
INFO: Run Behavior\BuildLiteBehavior [ RunTime:0.009933s ]
INFO: [ app_init ] --END-- [ RunTime:0.018394s ]
INFO: [ app_begin ] --START--
INFO: Run Behavior\ReadHtmlCacheBehavior [ RunTime:0.005798s ]
INFO: [ app_begin ] --END-- [ RunTime:0.012538s ]
INFO: [ view_parse ] --START--
INFO: [ template_filter ] --START--
INFO: Run Behavior\ContentReplaceBehavior [ RunTime:0.002002s ]
INFO: [ template_filter ] --END-- [ RunTime:0.005578s ]
INFO: Run Behavior\ParseTemplateBehavior [ RunTime:0.166178s ]
INFO: [ view_parse ] --END-- [ RunTime:0.172537s ]
INFO: [ view_filter ] --START--
INFO: Run Behavior\WriteHtmlCacheBehavior [ RunTime:0.006228s ]
INFO: [ view_filter ] --END-- [ RunTime:0.011885s ]
INFO: [ app_end ] --START--
INFO: Run Behavior\ShowPageTraceBehavior [ RunTime:0.013511s ]
INFO: [ app_end ] --END-- [ RunTime:0.024294s ]

[ 2017-04-10T13:11:18+08:00 ] ::1 /yq/index.php/Home/Index/login
INFO: [ app_init ] --START--
INFO: Run Behavior\BuildLiteBehavior [ RunTime:0.001393s ]
INFO: [ app_init ] --END-- [ RunTime:0.007456s ]
INFO: [ app_begin ] --START--
INFO: Run Behavior\ReadHtmlCacheBehavior [ RunTime:0.003540s ]
INFO: [ app_begin ] --END-- [ RunTime:0.006514s ]
NOTIC: [8] A session had already been started - ignoring session_start() F:\Tools\WampServer\wamp\www\yq\Application\Home\Controller\IndexController.class.php 第 16 行.
NOTIC: [8] A session had already been started - ignoring session_start() F:\Tools\WampServer\wamp\www\yq\Application\Common\Common\function.php 第 6 行.
SQL: SHOW COLUMNS FROM `yq_user` [ RunTime:0.0138s ]
SQL: SELECT * FROM `yq_user` WHERE `username` = 'admin' LIMIT 1   [ RunTime:0.0015s ]
SQL: SHOW COLUMNS FROM `yq_school` [ RunTime:0.0125s ]
SQL: SELECT `schoolid`,`schname` FROM `yq_school` WHERE ( schoolid=1 ) LIMIT 1   [ RunTime:0.0010s ]

[ 2017-04-10T13:11:18+08:00 ] ::1 /yq/index.php/Home/Index/type
INFO: [ app_init ] --START--
INFO: Run Behavior\BuildLiteBehavior [ RunTime:0.000780s ]
INFO: [ app_init ] --END-- [ RunTime:0.006908s ]
INFO: [ app_begin ] --START--
INFO: Run Behavior\ReadHtmlCacheBehavior [ RunTime:0.005246s ]
INFO: [ app_begin ] --END-- [ RunTime:0.010481s ]
SQL: SHOW COLUMNS FROM `yq_type` [ RunTime:0.0098s ]
SQL: SELECT * FROM `yq_type`  [ RunTime:0.0012s ]

[ 2017-04-10T13:11:18+08:00 ] ::1 /yq/index.php/Home/Index/school
INFO: [ app_init ] --START--
INFO: Run Behavior\BuildLiteBehavior [ RunTime:0.003452s ]
INFO: [ app_init ] --END-- [ RunTime:0.013314s ]
INFO: [ app_begin ] --START--
INFO: Run Behavior\ReadHtmlCacheBehavior [ RunTime:0.004616s ]
INFO: [ app_begin ] --END-- [ RunTime:0.021811s ]
SQL: SHOW COLUMNS FROM `yq_school` [ RunTime:0.0124s ]
SQL: SELECT * FROM `yq_school`  [ RunTime:0.0014s ]

[ 2017-04-10T13:12:11+08:00 ] ::1 /yq/
INFO: [ app_init ] --START--
INFO: Run Behavior\BuildLiteBehavior [ RunTime:0.001341s ]
INFO: [ app_init ] --END-- [ RunTime:0.011822s ]
INFO: [ app_begin ] --START--
INFO: Run Behavior\ReadHtmlCacheBehavior [ RunTime:0.002787s ]
INFO: [ app_begin ] --END-- [ RunTime:0.006415s ]
INFO: [ view_parse ] --START--
INFO: [ template_filter ] --START--
INFO: Run Behavior\ContentReplaceBehavior [ RunTime:0.003804s ]
INFO: [ template_filter ] --END-- [ RunTime:0.008909s ]
INFO: Run Behavior\ParseTemplateBehavior [ RunTime:0.157531s ]
INFO: [ view_parse ] --END-- [ RunTime:0.161308s ]
INFO: [ view_filter ] --START--
INFO: Run Behavior\WriteHtmlCacheBehavior [ RunTime:0.002616s ]
INFO: [ view_filter ] --END-- [ RunTime:0.006906s ]
INFO: [ app_end ] --START--
INFO: Run Behavior\ShowPageTraceBehavior [ RunTime:0.014124s ]
INFO: [ app_end ] --END-- [ RunTime:0.024553s ]

[ 2017-04-10T13:12:12+08:00 ] ::1 /yq/index.php/Home/Index/login
INFO: [ app_init ] --START--
INFO: Run Behavior\BuildLiteBehavior [ RunTime:0.000955s ]
INFO: [ app_init ] --END-- [ RunTime:0.006779s ]
INFO: [ app_begin ] --START--
INFO: Run Behavior\ReadHtmlCacheBehavior [ RunTime:0.004458s ]
INFO: [ app_begin ] --END-- [ RunTime:0.007912s ]
NOTIC: [8] A session had already been started - ignoring session_start() F:\Tools\WampServer\wamp\www\yq\Application\Home\Controller\IndexController.class.php 第 16 行.
NOTIC: [8] A session had already been started - ignoring session_start() F:\Tools\WampServer\wamp\www\yq\Application\Common\Common\function.php 第 6 行.
SQL: SHOW COLUMNS FROM `yq_user` [ RunTime:0.0152s ]
SQL: SELECT * FROM `yq_user` WHERE `username` = 'admin' LIMIT 1   [ RunTime:0.0018s ]
SQL: SHOW COLUMNS FROM `yq_school` [ RunTime:0.0137s ]
SQL: SELECT `schoolid`,`schname` FROM `yq_school` WHERE ( schoolid=1 ) LIMIT 1   [ RunTime:0.0014s ]

[ 2017-04-10T13:12:12+08:00 ] ::1 /yq/index.php/Home/Index/school
INFO: [ app_init ] --START--
INFO: Run Behavior\BuildLiteBehavior [ RunTime:0.001827s ]
INFO: [ app_init ] --END-- [ RunTime:0.014156s ]
INFO: [ app_begin ] --START--
INFO: Run Behavior\ReadHtmlCacheBehavior [ RunTime:0.004072s ]
INFO: [ app_begin ] --END-- [ RunTime:0.007135s ]
SQL: SHOW COLUMNS FROM `yq_school` [ RunTime:0.0156s ]
SQL: SELECT * FROM `yq_school`  [ RunTime:0.0015s ]

[ 2017-04-10T13:12:12+08:00 ] ::1 /yq/index.php/Home/Index/type
INFO: [ app_init ] --START--
INFO: Run Behavior\BuildLiteBehavior [ RunTime:0.000786s ]
INFO: [ app_init ] --END-- [ RunTime:0.006426s ]
INFO: [ app_begin ] --START--
INFO: Run Behavior\ReadHtmlCacheBehavior [ RunTime:0.004326s ]
INFO: [ app_begin ] --END-- [ RunTime:0.007778s ]
SQL: SHOW COLUMNS FROM `yq_type` [ RunTime:0.0116s ]
SQL: SELECT * FROM `yq_type`  [ RunTime:0.0014s ]

[ 2017-04-10T13:42:27+08:00 ] ::1 /yq/index.php/Home/Index/logout
INFO: [ app_init ] --START--
INFO: Run Behavior\BuildLiteBehavior [ RunTime:0.000523s ]
INFO: [ app_init ] --END-- [ RunTime:0.004453s ]
INFO: [ app_begin ] --START--
INFO: Run Behavior\ReadHtmlCacheBehavior [ RunTime:0.002887s ]
INFO: [ app_begin ] --END-- [ RunTime:0.005548s ]
NOTIC: [8] A session had already been started - ignoring session_start() F:\Tools\WampServer\wamp\www\yq\Application\Home\Controller\IndexController.class.php 第 101 行.
SQL: SHOW COLUMNS FROM `yq_user` [ RunTime:0.0140s ]
SQL: UPDATE `yq_user` SET `lastip`='0',`lastlogintime`='1491797479' WHERE `userid` = 1 [ RunTime:0.0034s ]

[ 2017-04-10T13:42:29+08:00 ] ::1 /yq/
INFO: [ app_init ] --START--
INFO: Run Behavior\BuildLiteBehavior [ RunTime:0.001723s ]
INFO: [ app_init ] --END-- [ RunTime:0.017503s ]
INFO: [ app_begin ] --START--
INFO: Run Behavior\ReadHtmlCacheBehavior [ RunTime:0.003133s ]
INFO: [ app_begin ] --END-- [ RunTime:0.007956s ]
INFO: [ view_parse ] --START--
INFO: [ template_filter ] --START--
INFO: Run Behavior\ContentReplaceBehavior [ RunTime:0.003757s ]
INFO: [ template_filter ] --END-- [ RunTime:0.010201s ]
INFO: Run Behavior\ParseTemplateBehavior [ RunTime:0.169054s ]
INFO: [ view_parse ] --END-- [ RunTime:0.178007s ]
INFO: [ view_filter ] --START--
INFO: Run Behavior\WriteHtmlCacheBehavior [ RunTime:0.005784s ]
INFO: [ view_filter ] --END-- [ RunTime:0.011759s ]
INFO: [ app_end ] --START--
INFO: Run Behavior\ShowPageTraceBehavior [ RunTime:0.011929s ]
INFO: [ app_end ] --END-- [ RunTime:0.031464s ]

[ 2017-04-10T13:42:30+08:00 ] ::1 /yq/index.php/Home/Index/login
INFO: [ app_init ] --START--
INFO: Run Behavior\BuildLiteBehavior [ RunTime:0.000796s ]
INFO: [ app_init ] --END-- [ RunTime:0.007571s ]
INFO: [ app_begin ] --START--
INFO: Run Behavior\ReadHtmlCacheBehavior [ RunTime:0.025410s ]
INFO: [ app_begin ] --END-- [ RunTime:0.029619s ]
NOTIC: [8] A session had already been started - ignoring session_start() F:\Tools\WampServer\wamp\www\yq\Application\Home\Controller\IndexController.class.php 第 16 行.
NOTIC: [8] A session had already been started - ignoring session_start() F:\Tools\WampServer\wamp\www\yq\Application\Common\Common\function.php 第 6 行.

[ 2017-04-10T13:42:30+08:00 ] ::1 /yq/index.php/Home/Index/type
INFO: [ app_init ] --START--
INFO: Run Behavior\BuildLiteBehavior [ RunTime:0.000924s ]
INFO: [ app_init ] --END-- [ RunTime:0.007820s ]
INFO: [ app_begin ] --START--
INFO: Run Behavior\ReadHtmlCacheBehavior [ RunTime:0.015727s ]
INFO: [ app_begin ] --END-- [ RunTime:0.019692s ]
SQL: SHOW COLUMNS FROM `yq_type` [ RunTime:0.0137s ]
SQL: SELECT * FROM `yq_type`  [ RunTime:0.0010s ]

[ 2017-04-10T13:42:30+08:00 ] ::1 /yq/index.php/Home/Index/school
INFO: [ app_init ] --START--
INFO: Run Behavior\BuildLiteBehavior [ RunTime:0.000774s ]
INFO: [ app_init ] --END-- [ RunTime:0.006720s ]
INFO: [ app_begin ] --START--
INFO: Run Behavior\ReadHtmlCacheBehavior [ RunTime:0.004038s ]
INFO: [ app_begin ] --END-- [ RunTime:0.008122s ]
SQL: SHOW COLUMNS FROM `yq_school` [ RunTime:0.0109s ]
SQL: SELECT * FROM `yq_school`  [ RunTime:0.0013s ]

[ 2017-04-10T13:42:31+08:00 ] ::1 /yq/index.php/Home/Index/login
INFO: [ app_init ] --START--
INFO: Run Behavior\BuildLiteBehavior [ RunTime:0.003624s ]
INFO: [ app_init ] --END-- [ RunTime:0.011312s ]
INFO: [ app_begin ] --START--
INFO: Run Behavior\ReadHtmlCacheBehavior [ RunTime:0.013354s ]
INFO: [ app_begin ] --END-- [ RunTime:0.017763s ]
NOTIC: [8] A session had already been started - ignoring session_start() F:\Tools\WampServer\wamp\www\yq\Application\Home\Controller\IndexController.class.php 第 16 行.
SQL: SHOW COLUMNS FROM `yq_user` [ RunTime:0.0217s ]
SQL: SELECT * FROM `yq_user` WHERE `username` = 'admin' AND `password` = '123456' LIMIT 1   [ RunTime:0.0020s ]
SQL: SHOW COLUMNS FROM `yq_school` [ RunTime:0.0142s ]
SQL: SELECT `schoolid`,`schname` FROM `yq_school` WHERE ( schoolid=1 ) LIMIT 1   [ RunTime:0.0017s ]
SQL: SELECT * FROM `yq_school` ORDER BY score desc LIMIT 3   [ RunTime:0.0022s ]
SQL: SHOW COLUMNS FROM `yq_user_group` [ RunTime:0.0169s ]
SQL: SELECT b.groupid,b.groupname FROM yq_user_group a INNER JOIN yq_group b  WHERE ( a.userid=1&&a.groupid=b.groupid ) LIMIT 1   [ RunTime:0.0014s ]
SQL: SHOW COLUMNS FROM `yq_group_leftbar_permission` [ RunTime:0.0144s ]
SQL: SHOW COLUMNS FROM `yq_group_leftbar_permission` [ RunTime:0.0143s ]
SQL: SELECT b.itemname as name,c.action as api,b.keybind FROM yq_group_leftbar_permission  a INNER JOIN yq_leftbar  b INNER JOIN yq_permission c  WHERE ( a.groupid=3 and a.itemid=b.itemid and a.permid=c.permid ) ORDER BY a.itemid asc  [ RunTime:0.0017s ]

[ 2017-04-10T13:44:41+08:00 ] ::1 /yq/index.php/Home/Index/login
INFO: [ app_init ] --START--
INFO: Run Behavior\BuildLiteBehavior [ RunTime:0.000775s ]
INFO: [ app_init ] --END-- [ RunTime:0.008542s ]
INFO: [ app_begin ] --START--
INFO: Run Behavior\ReadHtmlCacheBehavior [ RunTime:0.005624s ]
INFO: [ app_begin ] --END-- [ RunTime:0.035633s ]
NOTIC: [8] A session had already been started - ignoring session_start() F:\Tools\WampServer\wamp\www\yq\Application\Home\Controller\IndexController.class.php 第 16 行.
NOTIC: [8] A session had already been started - ignoring session_start() F:\Tools\WampServer\wamp\www\yq\Application\Common\Common\function.php 第 6 行.
SQL: SHOW COLUMNS FROM `yq_user` [ RunTime:0.0226s ]
SQL: SELECT * FROM `yq_user` WHERE `username` = 'admin' LIMIT 1   [ RunTime:0.0017s ]
SQL: SHOW COLUMNS FROM `yq_school` [ RunTime:0.0214s ]
SQL: SELECT `schoolid`,`schname` FROM `yq_school` WHERE ( schoolid=1 ) LIMIT 1   [ RunTime:0.0014s ]

[ 2017-04-10T13:44:42+08:00 ] ::1 /yq/index.php/Home/Index/school
INFO: [ app_init ] --START--
INFO: Run Behavior\BuildLiteBehavior [ RunTime:0.000731s ]
INFO: [ app_init ] --END-- [ RunTime:0.007366s ]
INFO: [ app_begin ] --START--
INFO: Run Behavior\ReadHtmlCacheBehavior [ RunTime:0.005887s ]
INFO: [ app_begin ] --END-- [ RunTime:0.019704s ]
SQL: SHOW COLUMNS FROM `yq_school` [ RunTime:0.0650s ]
SQL: SELECT * FROM `yq_school`  [ RunTime:0.0012s ]

[ 2017-04-10T13:44:42+08:00 ] ::1 /yq/index.php/Home/Index/type
INFO: [ app_init ] --START--
INFO: Run Behavior\BuildLiteBehavior [ RunTime:0.000720s ]
INFO: [ app_init ] --END-- [ RunTime:0.006472s ]
INFO: [ app_begin ] --START--
INFO: Run Behavior\ReadHtmlCacheBehavior [ RunTime:0.005047s ]
INFO: [ app_begin ] --END-- [ RunTime:0.009161s ]
SQL: SHOW COLUMNS FROM `yq_type` [ RunTime:0.0226s ]
SQL: SELECT * FROM `yq_type`  [ RunTime:0.0014s ]

[ 2017-04-10T13:55:15+08:00 ] ::1 /yq/
INFO: [ app_init ] --START--
INFO: Run Behavior\BuildLiteBehavior [ RunTime:0.000824s ]
INFO: [ app_init ] --END-- [ RunTime:0.011105s ]
INFO: [ app_begin ] --START--
INFO: Run Behavior\ReadHtmlCacheBehavior [ RunTime:0.004709s ]
INFO: [ app_begin ] --END-- [ RunTime:0.008593s ]
INFO: [ view_parse ] --START--
INFO: [ template_filter ] --START--
INFO: Run Behavior\ContentReplaceBehavior [ RunTime:0.008555s ]
INFO: [ template_filter ] --END-- [ RunTime:0.017662s ]
INFO: Run Behavior\ParseTemplateBehavior [ RunTime:0.224568s ]
INFO: [ view_parse ] --END-- [ RunTime:0.229834s ]
INFO: [ view_filter ] --START--
INFO: Run Behavior\WriteHtmlCacheBehavior [ RunTime:0.005573s ]
INFO: [ view_filter ] --END-- [ RunTime:0.011087s ]
INFO: [ app_end ] --START--
INFO: Run Behavior\ShowPageTraceBehavior [ RunTime:0.006817s ]
INFO: [ app_end ] --END-- [ RunTime:0.011790s ]

[ 2017-04-10T13:55:16+08:00 ] ::1 /yq/index.php/Home/Index/school
INFO: [ app_init ] --START--
INFO: Run Behavior\BuildLiteBehavior [ RunTime:0.000879s ]
INFO: [ app_init ] --END-- [ RunTime:0.010734s ]
INFO: [ app_begin ] --START--
INFO: Run Behavior\ReadHtmlCacheBehavior [ RunTime:0.004563s ]
INFO: [ app_begin ] --END-- [ RunTime:0.007517s ]
SQL: SHOW COLUMNS FROM `yq_school` [ RunTime:0.0113s ]
SQL: SELECT * FROM `yq_school`  [ RunTime:0.0016s ]

[ 2017-04-10T13:55:16+08:00 ] ::1 /yq/index.php/Home/Index/type
INFO: [ app_init ] --START--
INFO: Run Behavior\BuildLiteBehavior [ RunTime:0.001261s ]
INFO: [ app_init ] --END-- [ RunTime:0.008782s ]
INFO: [ app_begin ] --START--
INFO: Run Behavior\ReadHtmlCacheBehavior [ RunTime:0.004382s ]
INFO: [ app_begin ] --END-- [ RunTime:0.011331s ]
SQL: SHOW COLUMNS FROM `yq_type` [ RunTime:0.0120s ]
SQL: SELECT * FROM `yq_type`  [ RunTime:0.0014s ]

[ 2017-04-10T13:55:16+08:00 ] ::1 /yq/index.php/Home/Index/login
INFO: [ app_init ] --START--
INFO: Run Behavior\BuildLiteBehavior [ RunTime:0.001366s ]
INFO: [ app_init ] --END-- [ RunTime:0.013730s ]
INFO: [ app_begin ] --START--
INFO: Run Behavior\ReadHtmlCacheBehavior [ RunTime:0.003800s ]
INFO: [ app_begin ] --END-- [ RunTime:0.006547s ]
NOTIC: [8] A session had already been started - ignoring session_start() F:\Tools\WampServer\wamp\www\yq\Application\Home\Controller\IndexController.class.php 第 16 行.
NOTIC: [8] A session had already been started - ignoring session_start() F:\Tools\WampServer\wamp\www\yq\Application\Common\Common\function.php 第 6 行.
SQL: SHOW COLUMNS FROM `yq_user` [ RunTime:0.0153s ]
SQL: SELECT * FROM `yq_user` WHERE `username` = 'admin' LIMIT 1   [ RunTime:0.0014s ]
SQL: SHOW COLUMNS FROM `yq_school` [ RunTime:0.0106s ]
SQL: SELECT `schoolid`,`schname` FROM `yq_school` WHERE ( schoolid=1 ) LIMIT 1   [ RunTime:0.0020s ]

[ 2017-04-10T13:55:18+08:00 ] ::1 /yq/index.php/Home/Index/logout
INFO: [ app_init ] --START--
INFO: Run Behavior\BuildLiteBehavior [ RunTime:0.000860s ]
INFO: [ app_init ] --END-- [ RunTime:0.009802s ]
INFO: [ app_begin ] --START--
INFO: Run Behavior\ReadHtmlCacheBehavior [ RunTime:0.003090s ]
INFO: [ app_begin ] --END-- [ RunTime:0.008192s ]
NOTIC: [8] A session had already been started - ignoring session_start() F:\Tools\WampServer\wamp\www\yq\Application\Home\Controller\IndexController.class.php 第 101 行.
SQL: SHOW COLUMNS FROM `yq_user` [ RunTime:0.0150s ]
SQL: UPDATE `yq_user` SET `lastip`='0',`lastlogintime`='1491802951' WHERE `userid` = 1 [ RunTime:0.0044s ]

[ 2017-04-10T13:55:19+08:00 ] ::1 /yq/
INFO: [ app_init ] --START--
INFO: Run Behavior\BuildLiteBehavior [ RunTime:0.005147s ]
INFO: [ app_init ] --END-- [ RunTime:0.020794s ]
INFO: [ app_begin ] --START--
INFO: Run Behavior\ReadHtmlCacheBehavior [ RunTime:0.003668s ]
INFO: [ app_begin ] --END-- [ RunTime:0.008760s ]
INFO: [ view_parse ] --START--
INFO: [ template_filter ] --START--
INFO: Run Behavior\ContentReplaceBehavior [ RunTime:0.001701s ]
INFO: [ template_filter ] --END-- [ RunTime:0.004335s ]
INFO: Run Behavior\ParseTemplateBehavior [ RunTime:0.110036s ]
INFO: [ view_parse ] --END-- [ RunTime:0.112871s ]
INFO: [ view_filter ] --START--
INFO: Run Behavior\WriteHtmlCacheBehavior [ RunTime:0.003289s ]
INFO: [ view_filter ] --END-- [ RunTime:0.005851s ]
INFO: [ app_end ] --START--
INFO: Run Behavior\ShowPageTraceBehavior [ RunTime:0.009831s ]
INFO: [ app_end ] --END-- [ RunTime:0.015590s ]

[ 2017-04-10T13:55:20+08:00 ] ::1 /yq/index.php/Home/Index/login
INFO: [ app_init ] --START--
INFO: Run Behavior\BuildLiteBehavior [ RunTime:0.001007s ]
INFO: [ app_init ] --END-- [ RunTime:0.009186s ]
INFO: [ app_begin ] --START--
INFO: Run Behavior\ReadHtmlCacheBehavior [ RunTime:0.004388s ]
INFO: [ app_begin ] --END-- [ RunTime:0.032943s ]
NOTIC: [8] A session had already been started - ignoring session_start() F:\Tools\WampServer\wamp\www\yq\Application\Home\Controller\IndexController.class.php 第 16 行.
NOTIC: [8] A session had already been started - ignoring session_start() F:\Tools\WampServer\wamp\www\yq\Application\Common\Common\function.php 第 6 行.

[ 2017-04-10T13:55:21+08:00 ] ::1 /yq/index.php/Home/Index/type
INFO: [ app_init ] --START--
INFO: Run Behavior\BuildLiteBehavior [ RunTime:0.000770s ]
INFO: [ app_init ] --END-- [ RunTime:0.013570s ]
INFO: [ app_begin ] --START--
INFO: Run Behavior\ReadHtmlCacheBehavior [ RunTime:0.025457s ]
INFO: [ app_begin ] --END-- [ RunTime:0.030128s ]
SQL: SHOW COLUMNS FROM `yq_type` [ RunTime:0.0141s ]
SQL: SELECT * FROM `yq_type`  [ RunTime:0.0015s ]

[ 2017-04-10T13:55:21+08:00 ] ::1 /yq/index.php/Home/Index/school
INFO: [ app_init ] --START--
INFO: Run Behavior\BuildLiteBehavior [ RunTime:0.000760s ]
INFO: [ app_init ] --END-- [ RunTime:0.006515s ]
INFO: [ app_begin ] --START--
INFO: Run Behavior\ReadHtmlCacheBehavior [ RunTime:0.004265s ]
INFO: [ app_begin ] --END-- [ RunTime:0.012496s ]
SQL: SHOW COLUMNS FROM `yq_school` [ RunTime:0.0157s ]
SQL: SELECT * FROM `yq_school`  [ RunTime:0.0016s ]

[ 2017-04-10T13:55:22+08:00 ] ::1 /yq/index.php/Home/Index/login
INFO: [ app_init ] --START--
INFO: Run Behavior\BuildLiteBehavior [ RunTime:0.000667s ]
INFO: [ app_init ] --END-- [ RunTime:0.004762s ]
INFO: [ app_begin ] --START--
INFO: Run Behavior\ReadHtmlCacheBehavior [ RunTime:0.002967s ]
INFO: [ app_begin ] --END-- [ RunTime:0.005534s ]
NOTIC: [8] A session had already been started - ignoring session_start() F:\Tools\WampServer\wamp\www\yq\Application\Home\Controller\IndexController.class.php 第 16 行.
SQL: SHOW COLUMNS FROM `yq_user` [ RunTime:0.0141s ]
SQL: SELECT * FROM `yq_user` WHERE `username` = 'admin' AND `password` = '123456' LIMIT 1   [ RunTime:0.0033s ]
SQL: SHOW COLUMNS FROM `yq_school` [ RunTime:0.0149s ]
SQL: SELECT `schoolid`,`schname` FROM `yq_school` WHERE ( schoolid=1 ) LIMIT 1   [ RunTime:0.0012s ]
SQL: SELECT * FROM `yq_school` ORDER BY score desc LIMIT 3   [ RunTime:0.0012s ]
SQL: SHOW COLUMNS FROM `yq_user_group` [ RunTime:0.0126s ]
SQL: SELECT b.groupid,b.groupname FROM yq_user_group a INNER JOIN yq_group b  WHERE ( a.userid=1&&a.groupid=b.groupid ) LIMIT 1   [ RunTime:0.0017s ]
SQL: SHOW COLUMNS FROM `yq_group_leftbar_permission` [ RunTime:0.0110s ]
SQL: SHOW COLUMNS FROM `yq_group_leftbar_permission` [ RunTime:0.0121s ]
SQL: SELECT b.itemname as name,c.action as api,b.keybind FROM yq_group_leftbar_permission  a INNER JOIN yq_leftbar  b INNER JOIN yq_permission c  WHERE ( a.groupid=3 and a.itemid=b.itemid and a.permid=c.permid ) ORDER BY a.itemid asc  [ RunTime:0.0016s ]

[ 2017-04-10T13:58:21+08:00 ] ::1 /yq/
INFO: [ app_init ] --START--
INFO: Run Behavior\BuildLiteBehavior [ RunTime:0.000920s ]
INFO: [ app_init ] --END-- [ RunTime:0.011223s ]
INFO: [ app_begin ] --START--
INFO: Run Behavior\ReadHtmlCacheBehavior [ RunTime:0.006170s ]
INFO: [ app_begin ] --END-- [ RunTime:0.011203s ]
INFO: [ view_parse ] --START--
INFO: [ template_filter ] --START--
INFO: Run Behavior\ContentReplaceBehavior [ RunTime:0.004248s ]
INFO: [ template_filter ] --END-- [ RunTime:0.009036s ]
INFO: Run Behavior\ParseTemplateBehavior [ RunTime:0.224936s ]
INFO: [ view_parse ] --END-- [ RunTime:0.232133s ]
INFO: [ view_filter ] --START--
INFO: Run Behavior\WriteHtmlCacheBehavior [ RunTime:0.005329s ]
INFO: [ view_filter ] --END-- [ RunTime:0.011973s ]
INFO: [ app_end ] --START--
INFO: Run Behavior\ShowPageTraceBehavior [ RunTime:0.009945s ]
INFO: [ app_end ] --END-- [ RunTime:0.019765s ]

[ 2017-04-10T13:58:22+08:00 ] ::1 /yq/index.php/Home/Index/school
INFO: [ app_init ] --START--
INFO: Run Behavior\BuildLiteBehavior [ RunTime:0.000829s ]
INFO: [ app_init ] --END-- [ RunTime:0.007043s ]
INFO: [ app_begin ] --START--
INFO: Run Behavior\ReadHtmlCacheBehavior [ RunTime:0.004185s ]
INFO: [ app_begin ] --END-- [ RunTime:0.008305s ]
SQL: SHOW COLUMNS FROM `yq_school` [ RunTime:0.0124s ]
SQL: SELECT * FROM `yq_school`  [ RunTime:0.0012s ]

[ 2017-04-10T13:58:22+08:00 ] ::1 /yq/index.php/Home/Index/login
INFO: [ app_init ] --START--
INFO: Run Behavior\BuildLiteBehavior [ RunTime:0.001084s ]
INFO: [ app_init ] --END-- [ RunTime:0.007729s ]
INFO: [ app_begin ] --START--
INFO: Run Behavior\ReadHtmlCacheBehavior [ RunTime:0.005303s ]
INFO: [ app_begin ] --END-- [ RunTime:0.008024s ]
NOTIC: [8] A session had already been started - ignoring session_start() F:\Tools\WampServer\wamp\www\yq\Application\Home\Controller\IndexController.class.php 第 16 行.
NOTIC: [8] A session had already been started - ignoring session_start() F:\Tools\WampServer\wamp\www\yq\Application\Common\Common\function.php 第 6 行.
SQL: SHOW COLUMNS FROM `yq_user` [ RunTime:0.0149s ]
SQL: SELECT * FROM `yq_user` WHERE `username` = 'admin' LIMIT 1   [ RunTime:0.0015s ]
SQL: SHOW COLUMNS FROM `yq_school` [ RunTime:0.0115s ]
SQL: SELECT `schoolid`,`schname` FROM `yq_school` WHERE ( schoolid=1 ) LIMIT 1   [ RunTime:0.0013s ]

[ 2017-04-10T13:58:22+08:00 ] ::1 /yq/index.php/Home/Index/type
INFO: [ app_init ] --START--
INFO: Run Behavior\BuildLiteBehavior [ RunTime:0.000825s ]
INFO: [ app_init ] --END-- [ RunTime:0.009249s ]
INFO: [ app_begin ] --START--
INFO: Run Behavior\ReadHtmlCacheBehavior [ RunTime:0.004035s ]
INFO: [ app_begin ] --END-- [ RunTime:0.006881s ]
SQL: SHOW COLUMNS FROM `yq_type` [ RunTime:0.0113s ]
SQL: SELECT * FROM `yq_type`  [ RunTime:0.0011s ]

[ 2017-04-10T14:08:27+08:00 ] ::1 /yq/
INFO: [ app_init ] --START--
INFO: Run Behavior\BuildLiteBehavior [ RunTime:0.000866s ]
INFO: [ app_init ] --END-- [ RunTime:0.011888s ]
INFO: [ app_begin ] --START--
INFO: Run Behavior\ReadHtmlCacheBehavior [ RunTime:0.003130s ]
INFO: [ app_begin ] --END-- [ RunTime:0.006014s ]
INFO: [ view_parse ] --START--
INFO: [ template_filter ] --START--
INFO: Run Behavior\ContentReplaceBehavior [ RunTime:0.001926s ]
INFO: [ template_filter ] --END-- [ RunTime:0.005423s ]
INFO: Run Behavior\ParseTemplateBehavior [ RunTime:0.116908s ]
INFO: [ view_parse ] --END-- [ RunTime:0.120564s ]
INFO: [ view_filter ] --START--
INFO: Run Behavior\WriteHtmlCacheBehavior [ RunTime:0.004120s ]
INFO: [ view_filter ] --END-- [ RunTime:0.007579s ]
INFO: [ app_end ] --START--
INFO: Run Behavior\ShowPageTraceBehavior [ RunTime:0.006731s ]
INFO: [ app_end ] --END-- [ RunTime:0.014234s ]

[ 2017-04-10T14:08:28+08:00 ] ::1 /yq/index.php/Home/Index/school
INFO: [ app_init ] --START--
INFO: Run Behavior\BuildLiteBehavior [ RunTime:0.000798s ]
INFO: [ app_init ] --END-- [ RunTime:0.008320s ]
INFO: [ app_begin ] --START--
INFO: Run Behavior\ReadHtmlCacheBehavior [ RunTime:0.004856s ]
INFO: [ app_begin ] --END-- [ RunTime:0.008151s ]
SQL: SHOW COLUMNS FROM `yq_school` [ RunTime:0.0570s ]
SQL: SELECT * FROM `yq_school`  [ RunTime:0.0015s ]

[ 2017-04-10T14:08:29+08:00 ] ::1 /yq/index.php/Home/Index/login
INFO: [ app_init ] --START--
INFO: Run Behavior\BuildLiteBehavior [ RunTime:0.001257s ]
INFO: [ app_init ] --END-- [ RunTime:0.007953s ]
INFO: [ app_begin ] --START--
INFO: Run Behavior\ReadHtmlCacheBehavior [ RunTime:0.003968s ]
INFO: [ app_begin ] --END-- [ RunTime:0.045954s ]
NOTIC: [8] A session had already been started - ignoring session_start() F:\Tools\WampServer\wamp\www\yq\Application\Home\Controller\IndexController.class.php 第 16 行.
NOTIC: [8] A session had already been started - ignoring session_start() F:\Tools\WampServer\wamp\www\yq\Application\Common\Common\function.php 第 6 行.
SQL: SHOW COLUMNS FROM `yq_user` [ RunTime:0.0230s ]
SQL: SELECT * FROM `yq_user` WHERE `username` = 'admin' LIMIT 1   [ RunTime:0.0020s ]
SQL: SHOW COLUMNS FROM `yq_school` [ RunTime:0.0234s ]
SQL: SELECT `schoolid`,`schname` FROM `yq_school` WHERE ( schoolid=1 ) LIMIT 1   [ RunTime:0.0015s ]

[ 2017-04-10T14:08:29+08:00 ] ::1 /yq/index.php/Home/Index/type
INFO: [ app_init ] --START--
INFO: Run Behavior\BuildLiteBehavior [ RunTime:0.000941s ]
INFO: [ app_init ] --END-- [ RunTime:0.048930s ]
INFO: [ app_begin ] --START--
INFO: Run Behavior\ReadHtmlCacheBehavior [ RunTime:0.005143s ]
INFO: [ app_begin ] --END-- [ RunTime:0.009143s ]
SQL: SHOW COLUMNS FROM `yq_type` [ RunTime:0.0189s ]
SQL: SELECT * FROM `yq_type`  [ RunTime:0.0012s ]

[ 2017-04-10T14:14:51+08:00 ] ::1 /yq/
INFO: [ app_init ] --START--
INFO: Run Behavior\BuildLiteBehavior [ RunTime:0.001026s ]
INFO: [ app_init ] --END-- [ RunTime:0.022022s ]
INFO: [ app_begin ] --START--
INFO: Run Behavior\ReadHtmlCacheBehavior [ RunTime:0.012270s ]
INFO: [ app_begin ] --END-- [ RunTime:0.024298s ]
INFO: [ view_parse ] --START--
INFO: [ template_filter ] --START--
INFO: Run Behavior\ContentReplaceBehavior [ RunTime:0.001521s ]
INFO: [ template_filter ] --END-- [ RunTime:0.004191s ]
INFO: Run Behavior\ParseTemplateBehavior [ RunTime:0.127110s ]
INFO: [ view_parse ] --END-- [ RunTime:0.130240s ]
INFO: [ view_filter ] --START--
INFO: Run Behavior\WriteHtmlCacheBehavior [ RunTime:0.002654s ]
INFO: [ view_filter ] --END-- [ RunTime:0.005285s ]
INFO: [ app_end ] --START--
INFO: Run Behavior\ShowPageTraceBehavior [ RunTime:0.019067s ]
INFO: [ app_end ] --END-- [ RunTime:0.023570s ]

[ 2017-04-10T14:14:52+08:00 ] ::1 /yq/index.php/Home/Index/school
INFO: [ app_init ] --START--
INFO: Run Behavior\BuildLiteBehavior [ RunTime:0.000804s ]
INFO: [ app_init ] --END-- [ RunTime:0.017669s ]
INFO: [ app_begin ] --START--
INFO: Run Behavior\ReadHtmlCacheBehavior [ RunTime:0.025486s ]
INFO: [ app_begin ] --END-- [ RunTime:0.029820s ]
SQL: SHOW COLUMNS FROM `yq_school` [ RunTime:0.0200s ]
SQL: SELECT * FROM `yq_school`  [ RunTime:0.0015s ]

[ 2017-04-10T14:14:52+08:00 ] ::1 /yq/index.php/Home/Index/login
INFO: [ app_init ] --START--
INFO: Run Behavior\BuildLiteBehavior [ RunTime:0.000981s ]
INFO: [ app_init ] --END-- [ RunTime:0.032135s ]
INFO: [ app_begin ] --START--
INFO: Run Behavior\ReadHtmlCacheBehavior [ RunTime:0.004537s ]
INFO: [ app_begin ] --END-- [ RunTime:0.008836s ]
NOTIC: [8] A session had already been started - ignoring session_start() F:\Tools\WampServer\wamp\www\yq\Application\Home\Controller\IndexController.class.php 第 16 行.
NOTIC: [8] A session had already been started - ignoring session_start() F:\Tools\WampServer\wamp\www\yq\Application\Common\Common\function.php 第 6 行.
SQL: SHOW COLUMNS FROM `yq_user` [ RunTime:0.0194s ]
SQL: SELECT * FROM `yq_user` WHERE `username` = 'admin' LIMIT 1   [ RunTime:0.0015s ]
SQL: SHOW COLUMNS FROM `yq_school` [ RunTime:0.0172s ]
SQL: SELECT `schoolid`,`schname` FROM `yq_school` WHERE ( schoolid=1 ) LIMIT 1   [ RunTime:0.0011s ]

[ 2017-04-10T14:14:52+08:00 ] ::1 /yq/index.php/Home/Index/type
INFO: [ app_init ] --START--
INFO: Run Behavior\BuildLiteBehavior [ RunTime:0.000792s ]
INFO: [ app_init ] --END-- [ RunTime:0.007404s ]
INFO: [ app_begin ] --START--
INFO: Run Behavior\ReadHtmlCacheBehavior [ RunTime:0.005594s ]
INFO: [ app_begin ] --END-- [ RunTime:0.011754s ]
SQL: SHOW COLUMNS FROM `yq_type` [ RunTime:0.0203s ]
SQL: SELECT * FROM `yq_type`  [ RunTime:0.0012s ]

[ 2017-04-10T14:15:13+08:00 ] ::1 /yq/
INFO: [ app_init ] --START--
INFO: Run Behavior\BuildLiteBehavior [ RunTime:0.000745s ]
INFO: [ app_init ] --END-- [ RunTime:0.010625s ]
INFO: [ app_begin ] --START--
INFO: Run Behavior\ReadHtmlCacheBehavior [ RunTime:0.003378s ]
INFO: [ app_begin ] --END-- [ RunTime:0.006548s ]
INFO: [ view_parse ] --START--
INFO: [ template_filter ] --START--
INFO: Run Behavior\ContentReplaceBehavior [ RunTime:0.001618s ]
INFO: [ template_filter ] --END-- [ RunTime:0.004205s ]
INFO: Run Behavior\ParseTemplateBehavior [ RunTime:0.113562s ]
INFO: [ view_parse ] --END-- [ RunTime:0.117592s ]
INFO: [ view_filter ] --START--
INFO: Run Behavior\WriteHtmlCacheBehavior [ RunTime:0.002681s ]
INFO: [ view_filter ] --END-- [ RunTime:0.005302s ]
INFO: [ app_end ] --START--
INFO: Run Behavior\ShowPageTraceBehavior [ RunTime:0.016995s ]
INFO: [ app_end ] --END-- [ RunTime:0.023081s ]

[ 2017-04-10T14:15:14+08:00 ] ::1 /yq/index.php/Home/Index/login
INFO: [ app_init ] --START--
INFO: Run Behavior\BuildLiteBehavior [ RunTime:0.000965s ]
INFO: [ app_init ] --END-- [ RunTime:0.008519s ]
INFO: [ app_begin ] --START--
INFO: Run Behavior\ReadHtmlCacheBehavior [ RunTime:0.006253s ]
INFO: [ app_begin ] --END-- [ RunTime:0.013636s ]
NOTIC: [8] A session had already been started - ignoring session_start() F:\Tools\WampServer\wamp\www\yq\Application\Home\Controller\IndexController.class.php 第 16 行.
NOTIC: [8] A session had already been started - ignoring session_start() F:\Tools\WampServer\wamp\www\yq\Application\Common\Common\function.php 第 6 行.
SQL: SHOW COLUMNS FROM `yq_user` [ RunTime:0.0190s ]
SQL: SELECT * FROM `yq_user` WHERE `username` = 'admin' LIMIT 1   [ RunTime:0.0025s ]
SQL: SHOW COLUMNS FROM `yq_school` [ RunTime:0.0220s ]
SQL: SELECT `schoolid`,`schname` FROM `yq_school` WHERE ( schoolid=1 ) LIMIT 1   [ RunTime:0.0015s ]

[ 2017-04-10T14:15:14+08:00 ] ::1 /yq/index.php/Home/Index/school
INFO: [ app_init ] --START--
INFO: Run Behavior\BuildLiteBehavior [ RunTime:0.000992s ]
INFO: [ app_init ] --END-- [ RunTime:0.007955s ]
INFO: [ app_begin ] --START--
INFO: Run Behavior\ReadHtmlCacheBehavior [ RunTime:0.006422s ]
INFO: [ app_begin ] --END-- [ RunTime:0.014676s ]
SQL: SHOW COLUMNS FROM `yq_school` [ RunTime:0.0234s ]
SQL: SELECT * FROM `yq_school`  [ RunTime:0.0018s ]

[ 2017-04-10T14:15:15+08:00 ] ::1 /yq/index.php/Home/Index/type
INFO: [ app_init ] --START--
INFO: Run Behavior\BuildLiteBehavior [ RunTime:0.000924s ]
INFO: [ app_init ] --END-- [ RunTime:0.032963s ]
INFO: [ app_begin ] --START--
INFO: Run Behavior\ReadHtmlCacheBehavior [ RunTime:0.003796s ]
INFO: [ app_begin ] --END-- [ RunTime:0.007272s ]
SQL: SHOW COLUMNS FROM `yq_type` [ RunTime:0.0372s ]
SQL: SELECT * FROM `yq_type`  [ RunTime:0.0014s ]

[ 2017-04-10T14:18:02+08:00 ] ::1 /yq/
INFO: [ app_init ] --START--
INFO: Run Behavior\BuildLiteBehavior [ RunTime:0.002778s ]
INFO: [ app_init ] --END-- [ RunTime:0.013420s ]
INFO: [ app_begin ] --START--
INFO: Run Behavior\ReadHtmlCacheBehavior [ RunTime:0.005603s ]
INFO: [ app_begin ] --END-- [ RunTime:0.009118s ]
INFO: [ view_parse ] --START--
INFO: [ template_filter ] --START--
INFO: Run Behavior\ContentReplaceBehavior [ RunTime:0.001664s ]
INFO: [ template_filter ] --END-- [ RunTime:0.004295s ]
INFO: Run Behavior\ParseTemplateBehavior [ RunTime:0.107064s ]
INFO: [ view_parse ] --END-- [ RunTime:0.109769s ]
INFO: [ view_filter ] --START--
INFO: Run Behavior\WriteHtmlCacheBehavior [ RunTime:0.002719s ]
INFO: [ view_filter ] --END-- [ RunTime:0.006825s ]
INFO: [ app_end ] --START--
INFO: Run Behavior\ShowPageTraceBehavior [ RunTime:0.014003s ]
INFO: [ app_end ] --END-- [ RunTime:0.018343s ]

[ 2017-04-10T14:18:03+08:00 ] ::1 /yq/index.php/Home/Index/school
INFO: [ app_init ] --START--
INFO: Run Behavior\BuildLiteBehavior [ RunTime:0.000691s ]
INFO: [ app_init ] --END-- [ RunTime:0.006321s ]
INFO: [ app_begin ] --START--
INFO: Run Behavior\ReadHtmlCacheBehavior [ RunTime:0.022770s ]
INFO: [ app_begin ] --END-- [ RunTime:0.026383s ]
SQL: SHOW COLUMNS FROM `yq_school` [ RunTime:0.0221s ]
SQL: SELECT * FROM `yq_school`  [ RunTime:0.0014s ]

[ 2017-04-10T14:18:03+08:00 ] ::1 /yq/index.php/Home/Index/login
INFO: [ app_init ] --START--
INFO: Run Behavior\BuildLiteBehavior [ RunTime:0.000785s ]
INFO: [ app_init ] --END-- [ RunTime:0.007711s ]
INFO: [ app_begin ] --START--
INFO: Run Behavior\ReadHtmlCacheBehavior [ RunTime:0.004484s ]
INFO: [ app_begin ] --END-- [ RunTime:0.008348s ]
NOTIC: [8] A session had already been started - ignoring session_start() F:\Tools\WampServer\wamp\www\yq\Application\Home\Controller\IndexController.class.php 第 16 行.
NOTIC: [8] A session had already been started - ignoring session_start() F:\Tools\WampServer\wamp\www\yq\Application\Common\Common\function.php 第 6 行.
SQL: SHOW COLUMNS FROM `yq_user` [ RunTime:0.0235s ]
SQL: SELECT * FROM `yq_user` WHERE `username` = 'admin' LIMIT 1   [ RunTime:0.0020s ]
SQL: SHOW COLUMNS FROM `yq_school` [ RunTime:0.0236s ]
SQL: SELECT `schoolid`,`schname` FROM `yq_school` WHERE ( schoolid=1 ) LIMIT 1   [ RunTime:0.0013s ]

[ 2017-04-10T14:18:04+08:00 ] ::1 /yq/index.php/Home/Index/type
INFO: [ app_init ] --START--
INFO: Run Behavior\BuildLiteBehavior [ RunTime:0.001141s ]
INFO: [ app_init ] --END-- [ RunTime:0.007343s ]
INFO: [ app_begin ] --START--
INFO: Run Behavior\ReadHtmlCacheBehavior [ RunTime:0.005920s ]
INFO: [ app_begin ] --END-- [ RunTime:0.023247s ]
SQL: SHOW COLUMNS FROM `yq_type` [ RunTime:0.0169s ]
SQL: SELECT * FROM `yq_type`  [ RunTime:0.0012s ]

[ 2017-04-10T14:18:13+08:00 ] ::1 /yq/
INFO: [ app_init ] --START--
INFO: Run Behavior\BuildLiteBehavior [ RunTime:0.003163s ]
INFO: [ app_init ] --END-- [ RunTime:0.016690s ]
INFO: [ app_begin ] --START--
INFO: Run Behavior\ReadHtmlCacheBehavior [ RunTime:0.023807s ]
INFO: [ app_begin ] --END-- [ RunTime:0.029915s ]
INFO: [ view_parse ] --START--
INFO: [ template_filter ] --START--
INFO: Run Behavior\ContentReplaceBehavior [ RunTime:0.002231s ]
INFO: [ template_filter ] --END-- [ RunTime:0.005916s ]
INFO: Run Behavior\ParseTemplateBehavior [ RunTime:0.165560s ]
INFO: [ view_parse ] --END-- [ RunTime:0.169745s ]
INFO: [ view_filter ] --START--
INFO: Run Behavior\WriteHtmlCacheBehavior [ RunTime:0.003988s ]
INFO: [ view_filter ] --END-- [ RunTime:0.007505s ]
INFO: [ app_end ] --START--
INFO: Run Behavior\ShowPageTraceBehavior [ RunTime:0.004043s ]
INFO: [ app_end ] --END-- [ RunTime:0.014134s ]

[ 2017-04-10T14:18:15+08:00 ] ::1 /yq/
INFO: [ app_init ] --START--
INFO: Run Behavior\BuildLiteBehavior [ RunTime:0.000997s ]
INFO: [ app_init ] --END-- [ RunTime:0.018800s ]
INFO: [ app_begin ] --START--
INFO: Run Behavior\ReadHtmlCacheBehavior [ RunTime:0.003892s ]
INFO: [ app_begin ] --END-- [ RunTime:0.007255s ]
INFO: [ view_parse ] --START--
INFO: [ template_filter ] --START--
INFO: Run Behavior\ContentReplaceBehavior [ RunTime:0.001548s ]
INFO: [ template_filter ] --END-- [ RunTime:0.003985s ]
INFO: Run Behavior\ParseTemplateBehavior [ RunTime:0.103438s ]
INFO: [ view_parse ] --END-- [ RunTime:0.106243s ]
INFO: [ view_filter ] --START--
INFO: Run Behavior\WriteHtmlCacheBehavior [ RunTime:0.002751s ]
INFO: [ view_filter ] --END-- [ RunTime:0.004950s ]
INFO: [ app_end ] --START--
INFO: Run Behavior\ShowPageTraceBehavior [ RunTime:0.005768s ]
INFO: [ app_end ] --END-- [ RunTime:0.009554s ]

[ 2017-04-10T14:19:37+08:00 ] ::1 /yq/
INFO: [ app_init ] --START--
INFO: Run Behavior\BuildLiteBehavior [ RunTime:0.001262s ]
INFO: [ app_init ] --END-- [ RunTime:0.011301s ]
INFO: [ app_begin ] --START--
INFO: Run Behavior\ReadHtmlCacheBehavior [ RunTime:0.004626s ]
INFO: [ app_begin ] --END-- [ RunTime:0.009581s ]
INFO: [ view_parse ] --START--
INFO: [ template_filter ] --START--
INFO: Run Behavior\ContentReplaceBehavior [ RunTime:0.003430s ]
INFO: [ template_filter ] --END-- [ RunTime:0.007275s ]
INFO: Run Behavior\ParseTemplateBehavior [ RunTime:0.117549s ]
INFO: [ view_parse ] --END-- [ RunTime:0.120878s ]
INFO: [ view_filter ] --START--
INFO: Run Behavior\WriteHtmlCacheBehavior [ RunTime:0.003291s ]
INFO: [ view_filter ] --END-- [ RunTime:0.006199s ]
INFO: [ app_end ] --START--
INFO: Run Behavior\ShowPageTraceBehavior [ RunTime:0.007954s ]
INFO: [ app_end ] --END-- [ RunTime:0.014115s ]

[ 2017-04-10T14:19:38+08:00 ] ::1 /yq/index.php/Home/Index/login
INFO: [ app_init ] --START--
INFO: Run Behavior\BuildLiteBehavior [ RunTime:0.000580s ]
INFO: [ app_init ] --END-- [ RunTime:0.005979s ]
INFO: [ app_begin ] --START--
INFO: Run Behavior\ReadHtmlCacheBehavior [ RunTime:0.042082s ]
INFO: [ app_begin ] --END-- [ RunTime:0.045379s ]
NOTIC: [8] A session had already been started - ignoring session_start() F:\Tools\WampServer\wamp\www\yq\Application\Home\Controller\IndexController.class.php 第 16 行.
NOTIC: [8] A session had already been started - ignoring session_start() F:\Tools\WampServer\wamp\www\yq\Application\Common\Common\function.php 第 6 行.
SQL: SHOW COLUMNS FROM `yq_user` [ RunTime:0.0209s ]
SQL: SELECT * FROM `yq_user` WHERE `username` = 'admin' LIMIT 1   [ RunTime:0.0015s ]
SQL: SHOW COLUMNS FROM `yq_school` [ RunTime:0.0219s ]
SQL: SELECT `schoolid`,`schname` FROM `yq_school` WHERE ( schoolid=1 ) LIMIT 1   [ RunTime:0.0014s ]

[ 2017-04-10T14:19:38+08:00 ] ::1 /yq/index.php/Home/Index/type
INFO: [ app_init ] --START--
INFO: Run Behavior\BuildLiteBehavior [ RunTime:0.000663s ]
INFO: [ app_init ] --END-- [ RunTime:0.006345s ]
INFO: [ app_begin ] --START--
INFO: Run Behavior\ReadHtmlCacheBehavior [ RunTime:0.003948s ]
INFO: [ app_begin ] --END-- [ RunTime:0.007298s ]
SQL: SHOW COLUMNS FROM `yq_type` [ RunTime:0.0714s ]
SQL: SELECT * FROM `yq_type`  [ RunTime:0.0026s ]

[ 2017-04-10T14:19:38+08:00 ] ::1 /yq/index.php/Home/Index/school
INFO: [ app_init ] --START--
INFO: Run Behavior\BuildLiteBehavior [ RunTime:0.000635s ]
INFO: [ app_init ] --END-- [ RunTime:0.037856s ]
INFO: [ app_begin ] --START--
INFO: Run Behavior\ReadHtmlCacheBehavior [ RunTime:0.003965s ]
INFO: [ app_begin ] --END-- [ RunTime:0.010108s ]
SQL: SHOW COLUMNS FROM `yq_school` [ RunTime:0.0163s ]
SQL: SELECT * FROM `yq_school`  [ RunTime:0.0011s ]

[ 2017-04-10T14:22:59+08:00 ] ::1 /yq/
INFO: [ app_init ] --START--
INFO: Run Behavior\BuildLiteBehavior [ RunTime:0.000861s ]
INFO: [ app_init ] --END-- [ RunTime:0.010579s ]
INFO: [ app_begin ] --START--
INFO: Run Behavior\ReadHtmlCacheBehavior [ RunTime:0.004041s ]
INFO: [ app_begin ] --END-- [ RunTime:0.008618s ]
INFO: [ view_parse ] --START--
INFO: [ template_filter ] --START--
INFO: Run Behavior\ContentReplaceBehavior [ RunTime:0.001813s ]
INFO: [ template_filter ] --END-- [ RunTime:0.005409s ]
INFO: Run Behavior\ParseTemplateBehavior [ RunTime:0.128866s ]
INFO: [ view_parse ] --END-- [ RunTime:0.132659s ]
INFO: [ view_filter ] --START--
INFO: Run Behavior\WriteHtmlCacheBehavior [ RunTime:0.004738s ]
INFO: [ view_filter ] --END-- [ RunTime:0.009259s ]
INFO: [ app_end ] --START--
INFO: Run Behavior\ShowPageTraceBehavior [ RunTime:0.012830s ]
INFO: [ app_end ] --END-- [ RunTime:0.017381s ]

[ 2017-04-10T14:23:00+08:00 ] ::1 /yq/index.php/Home/Index/login
INFO: [ app_init ] --START--
INFO: Run Behavior\BuildLiteBehavior [ RunTime:0.001045s ]
INFO: [ app_init ] --END-- [ RunTime:0.010939s ]
INFO: [ app_begin ] --START--
INFO: Run Behavior\ReadHtmlCacheBehavior [ RunTime:0.004416s ]
INFO: [ app_begin ] --END-- [ RunTime:0.007537s ]
NOTIC: [8] A session had already been started - ignoring session_start() F:\Tools\WampServer\wamp\www\yq\Application\Home\Controller\IndexController.class.php 第 16 行.
NOTIC: [8] A session had already been started - ignoring session_start() F:\Tools\WampServer\wamp\www\yq\Application\Common\Common\function.php 第 6 行.
SQL: SHOW COLUMNS FROM `yq_user` [ RunTime:0.0313s ]
SQL: SELECT * FROM `yq_user` WHERE `username` = 'admin' LIMIT 1   [ RunTime:0.0019s ]
SQL: SHOW COLUMNS FROM `yq_school` [ RunTime:0.0230s ]
SQL: SELECT `schoolid`,`schname` FROM `yq_school` WHERE ( schoolid=1 ) LIMIT 1   [ RunTime:0.0017s ]

[ 2017-04-10T14:23:00+08:00 ] ::1 /yq/index.php/Home/Index/type
INFO: [ app_init ] --START--
INFO: Run Behavior\BuildLiteBehavior [ RunTime:0.000794s ]
INFO: [ app_init ] --END-- [ RunTime:0.007112s ]
INFO: [ app_begin ] --START--
INFO: Run Behavior\ReadHtmlCacheBehavior [ RunTime:0.029045s ]
INFO: [ app_begin ] --END-- [ RunTime:0.032916s ]
SQL: SHOW COLUMNS FROM `yq_type` [ RunTime:0.0206s ]
SQL: SELECT * FROM `yq_type`  [ RunTime:0.0014s ]

[ 2017-04-10T14:23:01+08:00 ] ::1 /yq/index.php/Home/Index/school
INFO: [ app_init ] --START--
INFO: Run Behavior\BuildLiteBehavior [ RunTime:0.001213s ]
INFO: [ app_init ] --END-- [ RunTime:0.031674s ]
INFO: [ app_begin ] --START--
INFO: Run Behavior\ReadHtmlCacheBehavior [ RunTime:0.004405s ]
INFO: [ app_begin ] --END-- [ RunTime:0.008778s ]
SQL: SHOW COLUMNS FROM `yq_school` [ RunTime:0.0198s ]
SQL: SELECT * FROM `yq_school`  [ RunTime:0.0015s ]

