[ 2017-03-27T09:58:24+08:00 ] ::1 /yq/
INFO: [ app_init ] --START--
INFO: Run Behavior\BuildLiteBehavior [ RunTime:0.000513s ]
INFO: [ app_init ] --END-- [ RunTime:0.006809s ]
INFO: [ app_begin ] --START--
INFO: Run Behavior\ReadHtmlCacheBehavior [ RunTime:0.004212s ]
INFO: [ app_begin ] --END-- [ RunTime:0.007099s ]
INFO: [ view_parse ] --START--
INFO: [ template_filter ] --START--
INFO: Run Behavior\ContentReplaceBehavior [ RunTime:0.003792s ]
INFO: [ template_filter ] --END-- [ RunTime:0.008623s ]
INFO: Run Behavior\ParseTemplateBehavior [ RunTime:0.093879s ]
INFO: [ view_parse ] --END-- [ RunTime:0.097800s ]
INFO: [ view_filter ] --START--
INFO: Run Behavior\WriteHtmlCacheBehavior [ RunTime:0.005390s ]
INFO: [ view_filter ] --END-- [ RunTime:0.009745s ]
INFO: [ app_end ] --START--
INFO: Run Behavior\ShowPageTraceBehavior [ RunTime:0.005366s ]
INFO: [ app_end ] --END-- [ RunTime:0.008532s ]

[ 2017-03-27T09:59:44+08:00 ] ::1 /yq/
INFO: [ app_init ] --START--
INFO: Run Behavior\BuildLiteBehavior [ RunTime:0.000661s ]
INFO: [ app_init ] --END-- [ RunTime:0.009007s ]
INFO: [ app_begin ] --START--
INFO: Run Behavior\ReadHtmlCacheBehavior [ RunTime:0.004595s ]
INFO: [ app_begin ] --END-- [ RunTime:0.016145s ]
INFO: [ view_parse ] --START--
INFO: [ template_filter ] --START--
INFO: Run Behavior\ContentReplaceBehavior [ RunTime:0.001413s ]
INFO: [ template_filter ] --END-- [ RunTime:0.004695s ]
INFO: Run Behavior\ParseTemplateBehavior [ RunTime:0.083677s ]
INFO: [ view_parse ] --END-- [ RunTime:0.086305s ]
INFO: [ view_filter ] --START--
INFO: Run Behavior\WriteHtmlCacheBehavior [ RunTime:0.003561s ]
INFO: [ view_filter ] --END-- [ RunTime:0.007673s ]
INFO: [ app_end ] --START--
INFO: Run Behavior\ShowPageTraceBehavior [ RunTime:0.003325s ]
INFO: [ app_end ] --END-- [ RunTime:0.006018s ]

[ 2017-03-27T09:59:46+08:00 ] ::1 /yq/index.php/Index/index
INFO: [ app_init ] --START--
INFO: Run Behavior\BuildLiteBehavior [ RunTime:0.000574s ]
INFO: [ app_init ] --END-- [ RunTime:0.006137s ]
INFO: [ app_begin ] --START--
INFO: Run Behavior\ReadHtmlCacheBehavior [ RunTime:0.003751s ]
INFO: [ app_begin ] --END-- [ RunTime:0.007259s ]
SQL: SHOW COLUMNS FROM `yq_user` [ RunTime:0.0121s ]
SQL: SELECT * FROM `yq_user` WHERE `username` = 'hahah' AND `password` = '4134134' LIMIT 1   [ RunTime:0.0024s ]
SQL: SHOW COLUMNS FROM `yq_school` [ RunTime:0.0164s ]
SQL: SELECT `schname` FROM `yq_school` WHERE ( schoolid=4514545 ) LIMIT 1   [ RunTime:0.0018s ]
NOTIC: [8] Undefined index: schore F:\Tools\WampServer\wamp\www\yq\Application\Home\Controller\IndexController.class.php 第 34 行.
INFO: [ view_parse ] --START--
INFO: [ template_filter ] --START--
INFO: Run Behavior\ContentReplaceBehavior [ RunTime:0.002252s ]
INFO: [ template_filter ] --END-- [ RunTime:0.007594s ]
INFO: Run Behavior\ParseTemplateBehavior [ RunTime:0.087265s ]
INFO: [ view_parse ] --END-- [ RunTime:0.090144s ]
INFO: [ view_filter ] --START--
INFO: Run Behavior\WriteHtmlCacheBehavior [ RunTime:0.004421s ]
INFO: [ view_filter ] --END-- [ RunTime:0.008451s ]
INFO: [ app_end ] --START--
INFO: Run Behavior\ShowPageTraceBehavior [ RunTime:0.004521s ]
INFO: [ app_end ] --END-- [ RunTime:0.008345s ]

[ 2017-03-27T10:01:26+08:00 ] ::1 /yq/index.php/Index/index
INFO: [ app_init ] --START--
INFO: Run Behavior\BuildLiteBehavior [ RunTime:0.000817s ]
INFO: [ app_init ] --END-- [ RunTime:0.006872s ]
INFO: [ app_begin ] --START--
INFO: Run Behavior\ReadHtmlCacheBehavior [ RunTime:0.002932s ]
INFO: [ app_begin ] --END-- [ RunTime:0.005643s ]
SQL: SHOW COLUMNS FROM `yq_user` [ RunTime:0.0147s ]
SQL: SELECT * FROM `yq_user` WHERE `username` = 'hahah' AND `password` = '4134134' LIMIT 1   [ RunTime:0.0016s ]
SQL: SHOW COLUMNS FROM `yq_school` [ RunTime:0.0152s ]
SQL: SELECT `schname` FROM `yq_school` WHERE ( schoolid=4514545 ) LIMIT 1   [ RunTime:0.0012s ]
NOTIC: [8] Undefined index: schore F:\Tools\WampServer\wamp\www\yq\Application\Home\Controller\IndexController.class.php 第 34 行.
INFO: [ view_parse ] --START--
INFO: [ template_filter ] --START--
INFO: Run Behavior\ContentReplaceBehavior [ RunTime:0.001145s ]
INFO: [ template_filter ] --END-- [ RunTime:0.003864s ]
INFO: Run Behavior\ParseTemplateBehavior [ RunTime:0.056920s ]
INFO: [ view_parse ] --END-- [ RunTime:0.059524s ]
INFO: [ view_filter ] --START--
INFO: Run Behavior\WriteHtmlCacheBehavior [ RunTime:0.002526s ]
INFO: [ view_filter ] --END-- [ RunTime:0.005673s ]
INFO: [ app_end ] --START--
INFO: Run Behavior\ShowPageTraceBehavior [ RunTime:0.003237s ]
INFO: [ app_end ] --END-- [ RunTime:0.005869s ]

[ 2017-03-27T10:20:57+08:00 ] ::1 /yq/index.php/Index/index
INFO: [ app_init ] --START--
INFO: Run Behavior\BuildLiteBehavior [ RunTime:0.000508s ]
INFO: [ app_init ] --END-- [ RunTime:0.004567s ]
INFO: [ app_begin ] --START--
INFO: Run Behavior\ReadHtmlCacheBehavior [ RunTime:0.002991s ]
INFO: [ app_begin ] --END-- [ RunTime:0.005899s ]
SQL: SHOW COLUMNS FROM `yq_user` [ RunTime:0.0160s ]
SQL: SELECT * FROM `yq_user` WHERE `username` = 'hahah' AND `password` = '4134134' LIMIT 1   [ RunTime:0.0016s ]
SQL: SHOW COLUMNS FROM `yq_school` [ RunTime:0.0149s ]
SQL: SELECT `schname` FROM `yq_school` WHERE ( schoolid=4514545 ) LIMIT 1   [ RunTime:0.0012s ]
NOTIC: [8] Undefined index: schore F:\Tools\WampServer\wamp\www\yq\Application\Home\Controller\IndexController.class.php 第 34 行.
INFO: [ view_parse ] --START--
INFO: [ template_filter ] --START--
INFO: Run Behavior\ContentReplaceBehavior [ RunTime:0.003218s ]
INFO: [ template_filter ] --END-- [ RunTime:0.010571s ]
INFO: Run Behavior\ParseTemplateBehavior [ RunTime:0.074421s ]
INFO: [ view_parse ] --END-- [ RunTime:0.077840s ]
INFO: [ view_filter ] --START--
INFO: Run Behavior\WriteHtmlCacheBehavior [ RunTime:0.004549s ]
INFO: [ view_filter ] --END-- [ RunTime:0.009033s ]
INFO: [ app_end ] --START--
INFO: Run Behavior\ShowPageTraceBehavior [ RunTime:0.004598s ]
INFO: [ app_end ] --END-- [ RunTime:0.008596s ]

[ 2017-03-27T10:21:43+08:00 ] ::1 /yq/?XDEBUG_SESSION_START=18075
INFO: [ app_init ] --START--
INFO: Run Behavior\BuildLiteBehavior [ RunTime:0.001030s ]
INFO: [ app_init ] --END-- [ RunTime:0.007964s ]
INFO: [ app_begin ] --START--
INFO: Run Behavior\ReadHtmlCacheBehavior [ RunTime:0.008463s ]
INFO: [ app_begin ] --END-- [ RunTime:0.019039s ]
INFO: [ view_parse ] --START--
INFO: [ template_filter ] --START--
INFO: Run Behavior\ContentReplaceBehavior [ RunTime:0.001644s ]
INFO: [ template_filter ] --END-- [ RunTime:0.005547s ]
INFO: Run Behavior\ParseTemplateBehavior [ RunTime:0.122587s ]
INFO: [ view_parse ] --END-- [ RunTime:0.126776s ]
INFO: [ view_filter ] --START--
INFO: Run Behavior\WriteHtmlCacheBehavior [ RunTime:0.002624s ]
INFO: [ view_filter ] --END-- [ RunTime:0.005618s ]
INFO: [ app_end ] --START--
INFO: Run Behavior\ShowPageTraceBehavior [ RunTime:0.005750s ]
INFO: [ app_end ] --END-- [ RunTime:0.008459s ]

[ 2017-03-27T10:21:52+08:00 ] ::1 /yq/index.php/Index/index
INFO: [ app_init ] --START--
INFO: Run Behavior\BuildLiteBehavior [ RunTime:0.000511s ]
INFO: [ app_init ] --END-- [ RunTime:0.005610s ]
INFO: [ app_begin ] --START--
INFO: Run Behavior\ReadHtmlCacheBehavior [ RunTime:0.003192s ]
INFO: [ app_begin ] --END-- [ RunTime:0.006201s ]
SQL: SHOW COLUMNS FROM `yq_user` [ RunTime:0.0137s ]
SQL: SELECT * FROM `yq_user` WHERE `username` = 'hahah' AND `password` = '4134134' LIMIT 1   [ RunTime:0.0015s ]
SQL: SHOW COLUMNS FROM `yq_school` [ RunTime:0.0104s ]
SQL: SELECT `schname` FROM `yq_school` WHERE ( schoolid=4514545 ) LIMIT 1   [ RunTime:0.0013s ]
NOTIC: [8] Undefined index: schore F:\Tools\WampServer\wamp\www\yq\Application\Home\Controller\IndexController.class.php 第 34 行.
INFO: [ view_parse ] --START--
INFO: [ template_filter ] --START--
INFO: Run Behavior\ContentReplaceBehavior [ RunTime:0.003746s ]
INFO: [ template_filter ] --END-- [ RunTime:0.009109s ]
INFO: Run Behavior\ParseTemplateBehavior [ RunTime:0.079433s ]
INFO: [ view_parse ] --END-- [ RunTime:0.083146s ]
INFO: [ view_filter ] --START--
INFO: Run Behavior\WriteHtmlCacheBehavior [ RunTime:0.005035s ]
INFO: [ view_filter ] --END-- [ RunTime:0.009925s ]
INFO: [ app_end ] --START--
INFO: Run Behavior\ShowPageTraceBehavior [ RunTime:0.006854s ]
INFO: [ app_end ] --END-- [ RunTime:0.012203s ]

[ 2017-03-27T10:21:54+08:00 ] ::1 /yq/index.php/Index/index
INFO: [ app_init ] --START--
INFO: Run Behavior\BuildLiteBehavior [ RunTime:0.000599s ]
INFO: [ app_init ] --END-- [ RunTime:0.004590s ]
INFO: [ app_begin ] --START--
INFO: Run Behavior\ReadHtmlCacheBehavior [ RunTime:0.002745s ]
INFO: [ app_begin ] --END-- [ RunTime:0.006197s ]
SQL: SHOW COLUMNS FROM `yq_user` [ RunTime:0.0112s ]
SQL: SELECT * FROM `yq_user` WHERE `username` = 'hahah' AND `password` = '4134134' LIMIT 1   [ RunTime:0.0015s ]
SQL: SHOW COLUMNS FROM `yq_school` [ RunTime:0.0109s ]
SQL: SELECT `schname` FROM `yq_school` WHERE ( schoolid=4514545 ) LIMIT 1   [ RunTime:0.0011s ]
NOTIC: [8] Undefined index: schore F:\Tools\WampServer\wamp\www\yq\Application\Home\Controller\IndexController.class.php 第 34 行.
INFO: [ view_parse ] --START--
INFO: [ template_filter ] --START--
INFO: Run Behavior\ContentReplaceBehavior [ RunTime:0.001374s ]
INFO: [ template_filter ] --END-- [ RunTime:0.004174s ]
INFO: Run Behavior\ParseTemplateBehavior [ RunTime:0.068896s ]
INFO: [ view_parse ] --END-- [ RunTime:0.072251s ]
INFO: [ view_filter ] --START--
INFO: Run Behavior\WriteHtmlCacheBehavior [ RunTime:0.004726s ]
INFO: [ view_filter ] --END-- [ RunTime:0.010154s ]
INFO: [ app_end ] --START--
INFO: Run Behavior\ShowPageTraceBehavior [ RunTime:0.006720s ]
INFO: [ app_end ] --END-- [ RunTime:0.010775s ]

[ 2017-03-27T10:21:55+08:00 ] ::1 /yq/index.php/Index/index
INFO: [ app_init ] --START--
INFO: Run Behavior\BuildLiteBehavior [ RunTime:0.000534s ]
INFO: [ app_init ] --END-- [ RunTime:0.005341s ]
INFO: [ app_begin ] --START--
INFO: Run Behavior\ReadHtmlCacheBehavior [ RunTime:0.002458s ]
INFO: [ app_begin ] --END-- [ RunTime:0.005099s ]
SQL: SHOW COLUMNS FROM `yq_user` [ RunTime:0.0118s ]
SQL: SELECT * FROM `yq_user` WHERE `username` = 'hahah' AND `password` = '4134134' LIMIT 1   [ RunTime:0.0014s ]
SQL: SHOW COLUMNS FROM `yq_school` [ RunTime:0.0113s ]
SQL: SELECT `schname` FROM `yq_school` WHERE ( schoolid=4514545 ) LIMIT 1   [ RunTime:0.0012s ]
NOTIC: [8] Undefined index: schore F:\Tools\WampServer\wamp\www\yq\Application\Home\Controller\IndexController.class.php 第 34 行.
INFO: [ view_parse ] --START--
INFO: [ template_filter ] --START--
INFO: Run Behavior\ContentReplaceBehavior [ RunTime:0.001138s ]
INFO: [ template_filter ] --END-- [ RunTime:0.003858s ]
INFO: Run Behavior\ParseTemplateBehavior [ RunTime:0.056134s ]
INFO: [ view_parse ] --END-- [ RunTime:0.058961s ]
INFO: [ view_filter ] --START--
INFO: Run Behavior\WriteHtmlCacheBehavior [ RunTime:0.002507s ]
INFO: [ view_filter ] --END-- [ RunTime:0.005215s ]
INFO: [ app_end ] --START--
INFO: Run Behavior\ShowPageTraceBehavior [ RunTime:0.003583s ]
INFO: [ app_end ] --END-- [ RunTime:0.006671s ]

[ 2017-03-27T14:54:49+08:00 ] ::1 /yq/index.php/Index/index
INFO: [ app_init ] --START--
INFO: Run Behavior\BuildLiteBehavior [ RunTime:0.001780s ]
INFO: [ app_init ] --END-- [ RunTime:0.013266s ]
INFO: [ app_begin ] --START--
INFO: Run Behavior\ReadHtmlCacheBehavior [ RunTime:0.006087s ]
INFO: [ app_begin ] --END-- [ RunTime:0.010550s ]
SQL: SHOW COLUMNS FROM `yq_user` [ RunTime:0.0190s ]
SQL: SELECT * FROM `yq_user` WHERE `username` = 'hahah' AND `password` = '4134134' LIMIT 1   [ RunTime:0.0017s ]
SQL: SHOW COLUMNS FROM `yq_school` [ RunTime:0.0175s ]
SQL: SELECT `schname` FROM `yq_school` WHERE ( schoolid=4514545 ) LIMIT 1   [ RunTime:0.0012s ]
SQL: SHOW COLUMNS FROM `yq_user_group` [ RunTime:0.0170s ]
SQL: SELECT b.groupname FROM yq_user_group a INNER JOIN yq_group b  WHERE ( a.userid=4&&a.groupid=b.groupid ) LIMIT 1   [ RunTime:0.0018s ]
NOTIC: [8] Undefined index: schore F:\Tools\WampServer\wamp\www\yq\Application\Home\Controller\IndexController.class.php 第 37 行.

[ 2017-03-27T14:57:13+08:00 ] ::1 /yq/index.php/Index/index
INFO: [ app_init ] --START--
INFO: Run Behavior\BuildLiteBehavior [ RunTime:0.000320s ]
INFO: [ app_init ] --END-- [ RunTime:0.002699s ]
INFO: [ app_begin ] --START--
INFO: Run Behavior\ReadHtmlCacheBehavior [ RunTime:0.002756s ]
INFO: [ app_begin ] --END-- [ RunTime:0.005274s ]
SQL: SHOW COLUMNS FROM `yq_user` [ RunTime:0.0081s ]
SQL: SELECT * FROM `yq_user` WHERE `username` = 'hahah' AND `password` = '4134134' LIMIT 1   [ RunTime:0.0010s ]
SQL: SHOW COLUMNS FROM `yq_school` [ RunTime:0.0091s ]
SQL: SELECT `schname` FROM `yq_school` WHERE ( schoolid=4514545 ) LIMIT 1   [ RunTime:0.0011s ]
SQL: SHOW COLUMNS FROM `yq_user_group` [ RunTime:0.0079s ]
SQL: SELECT b.groupname FROM yq_user_group a INNER JOIN yq_group b  WHERE ( a.userid=4&&a.groupid=b.groupid ) LIMIT 1   [ RunTime:0.0011s ]
NOTIC: [8] Undefined index: schore F:\Tools\WampServer\wamp\www\yq\Application\Home\Controller\IndexController.class.php 第 38 行.

[ 2017-03-27T14:57:59+08:00 ] ::1 /yq/index.php/Index/index
INFO: [ app_init ] --START--
INFO: Run Behavior\BuildLiteBehavior [ RunTime:0.000587s ]
INFO: [ app_init ] --END-- [ RunTime:0.009830s ]
INFO: [ app_begin ] --START--
INFO: Run Behavior\ReadHtmlCacheBehavior [ RunTime:0.005225s ]
INFO: [ app_begin ] --END-- [ RunTime:0.008182s ]
SQL: SHOW COLUMNS FROM `yq_user` [ RunTime:0.0115s ]
SQL: SELECT * FROM `yq_user` WHERE `username` = 'hahah' AND `password` = '4134134' LIMIT 1   [ RunTime:0.0019s ]
SQL: SHOW COLUMNS FROM `yq_school` [ RunTime:0.0086s ]
SQL: SELECT `schname` FROM `yq_school` WHERE ( schoolid=4514545 ) LIMIT 1   [ RunTime:0.0009s ]
SQL: SHOW COLUMNS FROM `yq_user_group` [ RunTime:0.0107s ]
SQL: SELECT b.groupname FROM yq_user_group a INNER JOIN yq_group b  WHERE ( a.userid=4&&a.groupid=b.groupid ) LIMIT 1   [ RunTime:0.0013s ]
NOTIC: [8] Undefined index: schore F:\Tools\WampServer\wamp\www\yq\Application\Home\Controller\IndexController.class.php 第 39 行.

[ 2017-03-27T14:58:46+08:00 ] ::1 /yq/index.php/Index/index
INFO: [ app_init ] --START--
INFO: Run Behavior\BuildLiteBehavior [ RunTime:0.001199s ]
INFO: [ app_init ] --END-- [ RunTime:0.008846s ]
INFO: [ app_begin ] --START--
INFO: Run Behavior\ReadHtmlCacheBehavior [ RunTime:0.003939s ]
INFO: [ app_begin ] --END-- [ RunTime:0.009599s ]
SQL: SHOW COLUMNS FROM `yq_user` [ RunTime:0.0141s ]
SQL: SELECT * FROM `yq_user` WHERE `username` = 'hahah' AND `password` = '4134134' LIMIT 1   [ RunTime:0.0017s ]
SQL: SHOW COLUMNS FROM `yq_school` [ RunTime:0.0107s ]
SQL: SELECT `schname` FROM `yq_school` WHERE ( schoolid=1 ) LIMIT 1   [ RunTime:0.0013s ]
SQL: SHOW COLUMNS FROM `yq_user_group` [ RunTime:0.0101s ]
SQL: SELECT b.groupname FROM yq_user_group a INNER JOIN yq_group b  WHERE ( a.userid=4&&a.groupid=b.groupid ) LIMIT 1   [ RunTime:0.0015s ]
NOTIC: [8] Undefined index: schore F:\Tools\WampServer\wamp\www\yq\Application\Home\Controller\IndexController.class.php 第 39 行.

[ 2017-03-27T14:59:23+08:00 ] ::1 /yq/index.php/Index/index
INFO: [ app_init ] --START--
INFO: Run Behavior\BuildLiteBehavior [ RunTime:0.000855s ]
INFO: [ app_init ] --END-- [ RunTime:0.008400s ]
INFO: [ app_begin ] --START--
INFO: Run Behavior\ReadHtmlCacheBehavior [ RunTime:0.010311s ]
INFO: [ app_begin ] --END-- [ RunTime:0.015217s ]
SQL: SHOW COLUMNS FROM `yq_user` [ RunTime:0.0128s ]
SQL: SELECT * FROM `yq_user` WHERE `username` = 'hahah' AND `password` = '4134134' LIMIT 1   [ RunTime:0.0015s ]
SQL: SHOW COLUMNS FROM `yq_school` [ RunTime:0.0117s ]
SQL: SELECT `schname` FROM `yq_school` WHERE ( schoolid=1 ) LIMIT 1   [ RunTime:0.0016s ]
SQL: SHOW COLUMNS FROM `yq_user_group` [ RunTime:0.0112s ]
SQL: SELECT b.groupname FROM yq_user_group a INNER JOIN yq_group b  WHERE ( a.userid=4&&a.groupid=b.groupid ) LIMIT 1   [ RunTime:0.0019s ]
NOTIC: [8] Undefined index: schore F:\Tools\WampServer\wamp\www\yq\Application\Home\Controller\IndexController.class.php 第 39 行.

[ 2017-03-27T15:00:00+08:00 ] ::1 /yq/index.php/Index/index
INFO: [ app_init ] --START--
INFO: Run Behavior\BuildLiteBehavior [ RunTime:0.000421s ]
INFO: [ app_init ] --END-- [ RunTime:0.004306s ]
INFO: [ app_begin ] --START--
INFO: Run Behavior\ReadHtmlCacheBehavior [ RunTime:0.010358s ]
INFO: [ app_begin ] --END-- [ RunTime:0.014012s ]
SQL: SHOW COLUMNS FROM `yq_user` [ RunTime:0.0114s ]
SQL: SELECT * FROM `yq_user` WHERE `username` = 'hahah' AND `password` = '4134134' LIMIT 1   [ RunTime:0.0029s ]
SQL: SHOW COLUMNS FROM `yq_school` [ RunTime:0.0077s ]
SQL: SELECT `schname` FROM `yq_school` WHERE ( schoolid=1 ) LIMIT 1   [ RunTime:0.0010s ]
SQL: SHOW COLUMNS FROM `yq_user_group` [ RunTime:0.0103s ]
SQL: SELECT b.groupname FROM yq_user_group a INNER JOIN yq_group b  WHERE ( a.userid=4&&a.groupid=b.groupid ) LIMIT 1   [ RunTime:0.0012s ]

[ 2017-03-27T15:01:55+08:00 ] ::1 /yq/index.php/Index/index
INFO: [ app_init ] --START--
INFO: Run Behavior\BuildLiteBehavior [ RunTime:0.000545s ]
INFO: [ app_init ] --END-- [ RunTime:0.005634s ]
INFO: [ app_begin ] --START--
INFO: Run Behavior\ReadHtmlCacheBehavior [ RunTime:0.005184s ]
INFO: [ app_begin ] --END-- [ RunTime:0.007540s ]
SQL: SHOW COLUMNS FROM `yq_user` [ RunTime:0.0107s ]
SQL: SELECT * FROM `yq_user` WHERE `username` = 'hahah' AND `password` = '4134134' LIMIT 1   [ RunTime:0.0011s ]
SQL: SHOW COLUMNS FROM `yq_school` [ RunTime:0.0089s ]
SQL: SELECT `schname` FROM `yq_school` WHERE ( schoolid=1 ) LIMIT 1   [ RunTime:0.0011s ]
SQL: SHOW COLUMNS FROM `yq_user_group` [ RunTime:0.0097s ]
SQL: SELECT b.groupname FROM yq_user_group a INNER JOIN yq_group b  WHERE ( a.userid=4&&a.groupid=b.groupid ) LIMIT 1   [ RunTime:0.0012s ]

[ 2017-03-27T15:03:33+08:00 ] ::1 /yq/index.php/Index/index
INFO: [ app_init ] --START--
INFO: Run Behavior\BuildLiteBehavior [ RunTime:0.000443s ]
INFO: [ app_init ] --END-- [ RunTime:0.004794s ]
INFO: [ app_begin ] --START--
INFO: Run Behavior\ReadHtmlCacheBehavior [ RunTime:0.003059s ]
INFO: [ app_begin ] --END-- [ RunTime:0.006501s ]
SQL: SHOW COLUMNS FROM `yq_user` [ RunTime:0.0139s ]
SQL: SELECT * FROM `yq_user` WHERE `username` = 'hahah' AND `password` = '4134134' LIMIT 1   [ RunTime:0.0017s ]
SQL: SHOW COLUMNS FROM `yq_school` [ RunTime:0.0135s ]
SQL: SELECT `schname` FROM `yq_school` WHERE ( schoolid=1 ) LIMIT 1   [ RunTime:0.0014s ]
SQL: SHOW COLUMNS FROM `yq_user_group` [ RunTime:0.0136s ]
SQL: SELECT b.groupname FROM yq_user_group a INNER JOIN yq_group b  WHERE ( a.userid=4&&a.groupid=b.groupid ) LIMIT 1   [ RunTime:0.0018s ]

[ 2017-03-27T15:06:31+08:00 ] ::1 /yq/index.php/Index/login
INFO: [ app_init ] --START--
INFO: Run Behavior\BuildLiteBehavior [ RunTime:0.001263s ]
INFO: [ app_init ] --END-- [ RunTime:0.007630s ]
INFO: [ app_begin ] --START--
INFO: Run Behavior\ReadHtmlCacheBehavior [ RunTime:0.002477s ]
INFO: [ app_begin ] --END-- [ RunTime:0.004795s ]
SQL: SHOW COLUMNS FROM `yq_user` [ RunTime:0.0183s ]
SQL: SELECT * FROM `yq_user` WHERE `username` = 'hahah' AND `password` = '4134134' LIMIT 1   [ RunTime:0.0018s ]
SQL: SHOW COLUMNS FROM `yq_school` [ RunTime:0.0159s ]
SQL: SELECT `schname` FROM `yq_school` WHERE ( schoolid=1 ) LIMIT 1   [ RunTime:0.0016s ]
SQL: SHOW COLUMNS FROM `yq_user_group` [ RunTime:0.0177s ]
SQL: SELECT b.groupname FROM yq_user_group a INNER JOIN yq_group b  WHERE ( a.userid=4&&a.groupid=b.groupid ) LIMIT 1   [ RunTime:0.0013s ]

