[ 2017-04-23T00:06:39+08:00 ] ::1 /yq/
INFO: [ app_init ] --START--
INFO: Run Behavior\BuildLiteBehavior [ RunTime:0.000015s ]
INFO: [ app_init ] --END-- [ RunTime:0.000487s ]
INFO: [ app_begin ] --START--
INFO: Run Behavior\ReadHtmlCacheBehavior [ RunTime:0.000747s ]
INFO: [ app_begin ] --END-- [ RunTime:0.000802s ]
SQL: SHOW COLUMNS FROM `yq_user` [ RunTime:0.0057s ]
SQL: UPDATE `yq_user` SET `updatetime`='1492877199' WHERE `userid` = 1 [ RunTime:0.1250s ]
INFO: [ view_parse ] --START--
INFO: [ template_filter ] --START--
INFO: Run Behavior\ContentReplaceBehavior [ RunTime:0.000169s ]
INFO: [ template_filter ] --END-- [ RunTime:0.000236s ]
INFO: Run Behavior\ParseTemplateBehavior [ RunTime:0.019750s ]
INFO: [ view_parse ] --END-- [ RunTime:0.019814s ]
INFO: [ view_filter ] --START--
INFO: Run Behavior\WriteHtmlCacheBehavior [ RunTime:0.000527s ]
INFO: [ view_filter ] --END-- [ RunTime:0.000567s ]
INFO: [ app_end ] --START--
INFO: Run Behavior\ShowPageTraceBehavior [ RunTime:0.000878s ]
INFO: [ app_end ] --END-- [ RunTime:0.000947s ]

[ 2017-04-23T00:06:41+08:00 ] ::1 /yq/index.php/Home/Index/login
INFO: [ app_init ] --START--
INFO: Run Behavior\BuildLiteBehavior [ RunTime:0.000022s ]
INFO: [ app_init ] --END-- [ RunTime:0.000678s ]
INFO: [ app_begin ] --START--
INFO: Run Behavior\ReadHtmlCacheBehavior [ RunTime:0.001028s ]
INFO: [ app_begin ] --END-- [ RunTime:0.001114s ]
SQL: SHOW COLUMNS FROM `yq_user` [ RunTime:0.0063s ]
SQL: UPDATE `yq_user` SET `updatetime`='1492877200' WHERE `userid` = 1 [ RunTime:0.1399s ]
NOTIC: [8] A session had already been started - ignoring session_start() D:\xampp\htdocs\yq\Application\Home\Controller\IndexController.class.php 第 16 行.
NOTIC: [8] A session had already been started - ignoring session_start() D:\xampp\htdocs\yq\Application\Common\Common\function.php 第 6 行.
SQL: SHOW COLUMNS FROM `yq_user` [ RunTime:0.0073s ]
SQL: SELECT * FROM `yq_user` WHERE `username` = 'admin' LIMIT 1   [ RunTime:0.0098s ]
SQL: SHOW COLUMNS FROM `yq_school` [ RunTime:0.0060s ]
SQL: SELECT `schoolid`,`schname` FROM `yq_school` WHERE ( schoolid=1 ) LIMIT 1   [ RunTime:0.0058s ]

[ 2017-04-23T00:06:41+08:00 ] ::1 /yq/index.php/Home/Index/school
INFO: [ app_init ] --START--
INFO: Run Behavior\BuildLiteBehavior [ RunTime:0.000021s ]
INFO: [ app_init ] --END-- [ RunTime:0.000694s ]
INFO: [ app_begin ] --START--
INFO: Run Behavior\ReadHtmlCacheBehavior [ RunTime:0.000921s ]
INFO: [ app_begin ] --END-- [ RunTime:0.001005s ]
SQL: SHOW COLUMNS FROM `yq_user` [ RunTime:0.0082s ]
SQL: UPDATE `yq_user` SET `updatetime`='1492877201' WHERE `userid` = 1 [ RunTime:0.1618s ]
SQL: SHOW COLUMNS FROM `yq_school` [ RunTime:0.0037s ]
SQL: SELECT * FROM `yq_school`  [ RunTime:0.0003s ]

[ 2017-04-23T00:06:41+08:00 ] ::1 /yq/index.php/Home/Index/type
INFO: [ app_init ] --START--
INFO: Run Behavior\BuildLiteBehavior [ RunTime:0.000022s ]
INFO: [ app_init ] --END-- [ RunTime:0.000665s ]
INFO: [ app_begin ] --START--
INFO: Run Behavior\ReadHtmlCacheBehavior [ RunTime:0.001209s ]
INFO: [ app_begin ] --END-- [ RunTime:0.001307s ]
SQL: SHOW COLUMNS FROM `yq_user` [ RunTime:0.0056s ]
SQL: UPDATE `yq_user` SET `updatetime`='1492877201' WHERE `userid` = 1 [ RunTime:0.0946s ]
SQL: SHOW COLUMNS FROM `yq_type` [ RunTime:0.0041s ]
SQL: SELECT * FROM `yq_type`  [ RunTime:0.0133s ]

[ 2017-04-23T00:16:44+08:00 ] ::1 /yq/index.php/undefined/?id=14&ispub=1
INFO: [ app_init ] --START--
INFO: Run Behavior\BuildLiteBehavior [ RunTime:0.000015s ]
INFO: [ app_init ] --END-- [ RunTime:0.000817s ]
INFO: [ app_begin ] --START--
INFO: Run Behavior\ReadHtmlCacheBehavior [ RunTime:0.000777s ]
INFO: [ app_begin ] --END-- [ RunTime:0.000847s ]
ERR: 无法加载控制器:Undefined

[ 2017-04-23T00:17:11+08:00 ] ::1 /yq/
INFO: [ app_init ] --START--
INFO: Run Behavior\BuildLiteBehavior [ RunTime:0.000017s ]
INFO: [ app_init ] --END-- [ RunTime:0.000676s ]
INFO: [ app_begin ] --START--
INFO: Run Behavior\ReadHtmlCacheBehavior [ RunTime:0.000853s ]
INFO: [ app_begin ] --END-- [ RunTime:0.000964s ]
SQL: SHOW COLUMNS FROM `yq_user` [ RunTime:0.0078s ]
SQL: UPDATE `yq_user` SET `updatetime`='1492877831' WHERE `userid` = 1 [ RunTime:0.0745s ]
INFO: [ view_parse ] --START--
INFO: [ template_filter ] --START--
INFO: Run Behavior\ContentReplaceBehavior [ RunTime:0.000153s ]
INFO: [ template_filter ] --END-- [ RunTime:0.000206s ]
INFO: Run Behavior\ParseTemplateBehavior [ RunTime:0.014688s ]
INFO: [ view_parse ] --END-- [ RunTime:0.014753s ]
INFO: [ view_filter ] --START--
INFO: Run Behavior\WriteHtmlCacheBehavior [ RunTime:0.000530s ]
INFO: [ view_filter ] --END-- [ RunTime:0.000565s ]
INFO: [ app_end ] --START--
INFO: Run Behavior\ShowPageTraceBehavior [ RunTime:0.001043s ]
INFO: [ app_end ] --END-- [ RunTime:0.001117s ]

[ 2017-04-23T00:17:12+08:00 ] ::1 /yq/index.php/Home/Index/school
INFO: [ app_init ] --START--
INFO: Run Behavior\BuildLiteBehavior [ RunTime:0.000021s ]
INFO: [ app_init ] --END-- [ RunTime:0.000586s ]
INFO: [ app_begin ] --START--
INFO: Run Behavior\ReadHtmlCacheBehavior [ RunTime:0.001161s ]
INFO: [ app_begin ] --END-- [ RunTime:0.001324s ]
SQL: SHOW COLUMNS FROM `yq_user` [ RunTime:0.0056s ]
SQL: UPDATE `yq_user` SET `updatetime`='1492877831' WHERE `userid` = 1 [ RunTime:0.1174s ]
SQL: SHOW COLUMNS FROM `yq_school` [ RunTime:0.0065s ]
SQL: SELECT * FROM `yq_school`  [ RunTime:0.0005s ]

[ 2017-04-23T00:17:12+08:00 ] ::1 /yq/index.php/Home/Index/login
INFO: [ app_init ] --START--
INFO: Run Behavior\BuildLiteBehavior [ RunTime:0.000021s ]
INFO: [ app_init ] --END-- [ RunTime:0.000834s ]
INFO: [ app_begin ] --START--
INFO: Run Behavior\ReadHtmlCacheBehavior [ RunTime:0.001083s ]
INFO: [ app_begin ] --END-- [ RunTime:0.001176s ]
SQL: SHOW COLUMNS FROM `yq_user` [ RunTime:0.0069s ]
SQL: UPDATE `yq_user` SET `updatetime`='1492877832' WHERE `userid` = 1 [ RunTime:0.0837s ]
NOTIC: [8] A session had already been started - ignoring session_start() D:\xampp\htdocs\yq\Application\Home\Controller\IndexController.class.php 第 16 行.
NOTIC: [8] A session had already been started - ignoring session_start() D:\xampp\htdocs\yq\Application\Common\Common\function.php 第 6 行.
SQL: SHOW COLUMNS FROM `yq_user` [ RunTime:0.0051s ]
SQL: SELECT * FROM `yq_user` WHERE `username` = 'admin' LIMIT 1   [ RunTime:0.0004s ]
SQL: SHOW COLUMNS FROM `yq_school` [ RunTime:0.0032s ]
SQL: SELECT `schoolid`,`schname` FROM `yq_school` WHERE ( schoolid=1 ) LIMIT 1   [ RunTime:0.0003s ]

[ 2017-04-23T00:17:12+08:00 ] ::1 /yq/index.php/Home/Index/type
INFO: [ app_init ] --START--
INFO: Run Behavior\BuildLiteBehavior [ RunTime:0.000022s ]
INFO: [ app_init ] --END-- [ RunTime:0.000748s ]
INFO: [ app_begin ] --START--
INFO: Run Behavior\ReadHtmlCacheBehavior [ RunTime:0.000731s ]
INFO: [ app_begin ] --END-- [ RunTime:0.000784s ]
SQL: SHOW COLUMNS FROM `yq_user` [ RunTime:0.0054s ]
SQL: UPDATE `yq_user` SET `updatetime`='1492877832' WHERE `userid` = 1 [ RunTime:0.1689s ]
SQL: SHOW COLUMNS FROM `yq_type` [ RunTime:0.0041s ]
SQL: SELECT * FROM `yq_type`  [ RunTime:0.0004s ]

