[ 2017-03-25T21:06:45+08:00 ] ::1 /yq/
INFO: [ app_init ] --START--
INFO: Run Behavior\BuildLiteBehavior [ RunTime:0.000581s ]
INFO: [ app_init ] --END-- [ RunTime:0.006670s ]
INFO: [ app_begin ] --START--
INFO: Run Behavior\ReadHtmlCacheBehavior [ RunTime:0.006713s ]
INFO: [ app_begin ] --END-- [ RunTime:0.009828s ]
INFO: [ view_parse ] --START--
INFO: [ template_filter ] --START--
INFO: Run Behavior\ContentReplaceBehavior [ RunTime:0.002697s ]
INFO: [ template_filter ] --END-- [ RunTime:0.006349s ]
INFO: Run Behavior\ParseTemplateBehavior [ RunTime:0.092790s ]
INFO: [ view_parse ] --END-- [ RunTime:0.096594s ]
INFO: [ view_filter ] --START--
INFO: Run Behavior\WriteHtmlCacheBehavior [ RunTime:0.004653s ]
INFO: [ view_filter ] --END-- [ RunTime:0.009853s ]
INFO: [ app_end ] --START--
INFO: Run Behavior\ShowPageTraceBehavior [ RunTime:0.006768s ]
INFO: [ app_end ] --END-- [ RunTime:0.011121s ]

[ 2017-03-25T21:07:27+08:00 ] ::1 /yq/index.php/Index/index
INFO: [ app_init ] --START--
INFO: Run Behavior\BuildLiteBehavior [ RunTime:0.000469s ]
INFO: [ app_init ] --END-- [ RunTime:0.005621s ]
INFO: [ app_begin ] --START--
INFO: Run Behavior\ReadHtmlCacheBehavior [ RunTime:0.003382s ]
INFO: [ app_begin ] --END-- [ RunTime:0.006183s ]
SQL: SHOW COLUMNS FROM `yq_user` [ RunTime:0.0131s ]
SQL: SELECT * FROM `yq_user` WHERE `username` = 'hahah' AND `password` = '4134134' LIMIT 1   [ RunTime:0.0024s ]
SQL: SHOW COLUMNS FROM `yq_school` [ RunTime:0.0152s ]
SQL: SELECT `schname` FROM `yq_school` WHERE ( schoolid=4514545 ) LIMIT 1   [ RunTime:0.0012s ]
NOTIC: [8] Undefined index: schore F:\Tools\WampServer\wamp\www\yq\Application\Home\Controller\IndexController.class.php 第 30 行.
INFO: [ view_parse ] --START--
INFO: [ template_filter ] --START--
INFO: Run Behavior\ContentReplaceBehavior [ RunTime:0.001701s ]
INFO: [ template_filter ] --END-- [ RunTime:0.004265s ]
INFO: Run Behavior\ParseTemplateBehavior [ RunTime:0.063152s ]
INFO: [ view_parse ] --END-- [ RunTime:0.065697s ]
INFO: [ view_filter ] --START--
INFO: Run Behavior\WriteHtmlCacheBehavior [ RunTime:0.002994s ]
INFO: [ view_filter ] --END-- [ RunTime:0.006350s ]
INFO: [ app_end ] --START--
INFO: Run Behavior\ShowPageTraceBehavior [ RunTime:0.003642s ]
INFO: [ app_end ] --END-- [ RunTime:0.006079s ]

[ 2017-03-25T21:12:17+08:00 ] ::1 /yq/
INFO: [ app_init ] --START--
INFO: Run Behavior\BuildLiteBehavior [ RunTime:0.000490s ]
INFO: [ app_init ] --END-- [ RunTime:0.004198s ]
INFO: [ app_begin ] --START--
INFO: Run Behavior\ReadHtmlCacheBehavior [ RunTime:0.003378s ]
INFO: [ app_begin ] --END-- [ RunTime:0.006306s ]
INFO: [ view_parse ] --START--
INFO: [ template_filter ] --START--
INFO: Run Behavior\ContentReplaceBehavior [ RunTime:0.001632s ]
INFO: [ template_filter ] --END-- [ RunTime:0.005530s ]
INFO: Run Behavior\ParseTemplateBehavior [ RunTime:0.068718s ]
INFO: [ view_parse ] --END-- [ RunTime:0.071563s ]
INFO: [ view_filter ] --START--
INFO: Run Behavior\WriteHtmlCacheBehavior [ RunTime:0.002972s ]
INFO: [ view_filter ] --END-- [ RunTime:0.005484s ]
INFO: [ app_end ] --START--
INFO: Run Behavior\ShowPageTraceBehavior [ RunTime:0.003872s ]
INFO: [ app_end ] --END-- [ RunTime:0.007301s ]

[ 2017-03-25T21:12:18+08:00 ] ::1 /yq/
INFO: [ app_init ] --START--
INFO: Run Behavior\BuildLiteBehavior [ RunTime:0.000470s ]
INFO: [ app_init ] --END-- [ RunTime:0.005004s ]
INFO: [ app_begin ] --START--
INFO: Run Behavior\ReadHtmlCacheBehavior [ RunTime:0.004006s ]
INFO: [ app_begin ] --END-- [ RunTime:0.006812s ]
INFO: [ view_parse ] --START--
INFO: [ template_filter ] --START--
INFO: Run Behavior\ContentReplaceBehavior [ RunTime:0.001214s ]
INFO: [ template_filter ] --END-- [ RunTime:0.003851s ]
INFO: Run Behavior\ParseTemplateBehavior [ RunTime:0.070000s ]
INFO: [ view_parse ] --END-- [ RunTime:0.072839s ]
INFO: [ view_filter ] --START--
INFO: Run Behavior\WriteHtmlCacheBehavior [ RunTime:0.004468s ]
INFO: [ view_filter ] --END-- [ RunTime:0.009229s ]
INFO: [ app_end ] --START--
INFO: Run Behavior\ShowPageTraceBehavior [ RunTime:0.003642s ]
INFO: [ app_end ] --END-- [ RunTime:0.006565s ]

[ 2017-03-25T21:12:19+08:00 ] ::1 /yq/
INFO: [ app_init ] --START--
INFO: Run Behavior\BuildLiteBehavior [ RunTime:0.000507s ]
INFO: [ app_init ] --END-- [ RunTime:0.004437s ]
INFO: [ app_begin ] --START--
INFO: Run Behavior\ReadHtmlCacheBehavior [ RunTime:0.003699s ]
INFO: [ app_begin ] --END-- [ RunTime:0.007670s ]
INFO: [ view_parse ] --START--
INFO: [ template_filter ] --START--
INFO: Run Behavior\ContentReplaceBehavior [ RunTime:0.001131s ]
INFO: [ template_filter ] --END-- [ RunTime:0.003604s ]
INFO: Run Behavior\ParseTemplateBehavior [ RunTime:0.067413s ]
INFO: [ view_parse ] --END-- [ RunTime:0.070745s ]
INFO: [ view_filter ] --START--
INFO: Run Behavior\WriteHtmlCacheBehavior [ RunTime:0.003006s ]
INFO: [ view_filter ] --END-- [ RunTime:0.005653s ]
INFO: [ app_end ] --START--
INFO: Run Behavior\ShowPageTraceBehavior [ RunTime:0.003525s ]
INFO: [ app_end ] --END-- [ RunTime:0.006091s ]

[ 2017-03-25T21:12:19+08:00 ] ::1 /yq/
INFO: [ app_init ] --START--
INFO: Run Behavior\BuildLiteBehavior [ RunTime:0.000458s ]
INFO: [ app_init ] --END-- [ RunTime:0.004495s ]
INFO: [ app_begin ] --START--
INFO: Run Behavior\ReadHtmlCacheBehavior [ RunTime:0.004077s ]
INFO: [ app_begin ] --END-- [ RunTime:0.007987s ]
INFO: [ view_parse ] --START--
INFO: [ template_filter ] --START--
INFO: Run Behavior\ContentReplaceBehavior [ RunTime:0.001128s ]
INFO: [ template_filter ] --END-- [ RunTime:0.003654s ]
INFO: Run Behavior\ParseTemplateBehavior [ RunTime:0.070161s ]
INFO: [ view_parse ] --END-- [ RunTime:0.073185s ]
INFO: [ view_filter ] --START--
INFO: Run Behavior\WriteHtmlCacheBehavior [ RunTime:0.003405s ]
INFO: [ view_filter ] --END-- [ RunTime:0.006834s ]
INFO: [ app_end ] --START--
INFO: Run Behavior\ShowPageTraceBehavior [ RunTime:0.003556s ]
INFO: [ app_end ] --END-- [ RunTime:0.006072s ]

[ 2017-03-25T21:12:19+08:00 ] ::1 /yq/
INFO: [ app_init ] --START--
INFO: Run Behavior\BuildLiteBehavior [ RunTime:0.000563s ]
INFO: [ app_init ] --END-- [ RunTime:0.005604s ]
INFO: [ app_begin ] --START--
INFO: Run Behavior\ReadHtmlCacheBehavior [ RunTime:0.003748s ]
INFO: [ app_begin ] --END-- [ RunTime:0.007448s ]
INFO: [ view_parse ] --START--
INFO: [ template_filter ] --START--
INFO: Run Behavior\ContentReplaceBehavior [ RunTime:0.001880s ]
INFO: [ template_filter ] --END-- [ RunTime:0.006000s ]
INFO: Run Behavior\ParseTemplateBehavior [ RunTime:0.071950s ]
INFO: [ view_parse ] --END-- [ RunTime:0.074902s ]
INFO: [ view_filter ] --START--
INFO: Run Behavior\WriteHtmlCacheBehavior [ RunTime:0.003004s ]
INFO: [ view_filter ] --END-- [ RunTime:0.005604s ]
INFO: [ app_end ] --START--
INFO: Run Behavior\ShowPageTraceBehavior [ RunTime:0.004050s ]
INFO: [ app_end ] --END-- [ RunTime:0.006651s ]

[ 2017-03-25T21:12:20+08:00 ] ::1 /yq/
INFO: [ app_init ] --START--
INFO: Run Behavior\BuildLiteBehavior [ RunTime:0.000457s ]
INFO: [ app_init ] --END-- [ RunTime:0.004890s ]
INFO: [ app_begin ] --START--
INFO: Run Behavior\ReadHtmlCacheBehavior [ RunTime:0.005276s ]
INFO: [ app_begin ] --END-- [ RunTime:0.009538s ]
INFO: [ view_parse ] --START--
INFO: [ template_filter ] --START--
INFO: Run Behavior\ContentReplaceBehavior [ RunTime:0.001275s ]
INFO: [ template_filter ] --END-- [ RunTime:0.004477s ]
INFO: Run Behavior\ParseTemplateBehavior [ RunTime:0.071070s ]
INFO: [ view_parse ] --END-- [ RunTime:0.074468s ]
INFO: [ view_filter ] --START--
INFO: Run Behavior\WriteHtmlCacheBehavior [ RunTime:0.003313s ]
INFO: [ view_filter ] --END-- [ RunTime:0.005818s ]
INFO: [ app_end ] --START--
INFO: Run Behavior\ShowPageTraceBehavior [ RunTime:0.004905s ]
INFO: [ app_end ] --END-- [ RunTime:0.010184s ]

[ 2017-03-25T21:13:05+08:00 ] ::1 /yq/index.php/Index/index
INFO: [ app_init ] --START--
INFO: Run Behavior\BuildLiteBehavior [ RunTime:0.000820s ]
INFO: [ app_init ] --END-- [ RunTime:0.006011s ]
INFO: [ app_begin ] --START--
INFO: Run Behavior\ReadHtmlCacheBehavior [ RunTime:0.004282s ]
INFO: [ app_begin ] --END-- [ RunTime:0.007268s ]
SQL: SHOW COLUMNS FROM `yq_user` [ RunTime:0.0131s ]
SQL: SELECT * FROM `yq_user` WHERE `username` = 'test' AND `password` = '12345' LIMIT 1   [ RunTime:0.0014s ]
INFO: [ view_parse ] --START--
INFO: [ template_filter ] --START--
INFO: Run Behavior\ContentReplaceBehavior [ RunTime:0.001193s ]
INFO: [ template_filter ] --END-- [ RunTime:0.004944s ]
INFO: Run Behavior\ParseTemplateBehavior [ RunTime:0.064766s ]
INFO: [ view_parse ] --END-- [ RunTime:0.067259s ]
INFO: [ view_filter ] --START--
INFO: Run Behavior\WriteHtmlCacheBehavior [ RunTime:0.002879s ]
INFO: [ view_filter ] --END-- [ RunTime:0.005458s ]

[ 2017-03-25T21:13:43+08:00 ] ::1 /yq/index.php/Index/index
INFO: [ app_init ] --START--
INFO: Run Behavior\BuildLiteBehavior [ RunTime:0.000801s ]
INFO: [ app_init ] --END-- [ RunTime:0.007127s ]
INFO: [ app_begin ] --START--
INFO: Run Behavior\ReadHtmlCacheBehavior [ RunTime:0.004247s ]
INFO: [ app_begin ] --END-- [ RunTime:0.008844s ]
SQL: SHOW COLUMNS FROM `yq_user` [ RunTime:0.0131s ]
SQL: SELECT * FROM `yq_user` WHERE `username` = 'test' AND `password` = '12345' LIMIT 1   [ RunTime:0.0013s ]

[ 2017-03-25T21:13:49+08:00 ] ::1 /yq/index.php/Index/index
INFO: [ app_init ] --START--
INFO: Run Behavior\BuildLiteBehavior [ RunTime:0.000470s ]
INFO: [ app_init ] --END-- [ RunTime:0.004846s ]
INFO: [ app_begin ] --START--
INFO: Run Behavior\ReadHtmlCacheBehavior [ RunTime:0.003807s ]
INFO: [ app_begin ] --END-- [ RunTime:0.007162s ]
SQL: SHOW COLUMNS FROM `yq_user` [ RunTime:0.0127s ]
SQL: SELECT * FROM `yq_user` WHERE `username` = 'test' AND `password` = '12345' LIMIT 1   [ RunTime:0.0013s ]

[ 2017-03-25T21:15:24+08:00 ] ::1 /yq/index.php/Index/index
INFO: [ app_init ] --START--
INFO: Run Behavior\BuildLiteBehavior [ RunTime:0.000586s ]
INFO: [ app_init ] --END-- [ RunTime:0.004957s ]
INFO: [ app_begin ] --START--
INFO: Run Behavior\ReadHtmlCacheBehavior [ RunTime:0.005370s ]
INFO: [ app_begin ] --END-- [ RunTime:0.008091s ]
SQL: SHOW COLUMNS FROM `yq_user` [ RunTime:0.0132s ]
SQL: SELECT * FROM `yq_user` WHERE `username` = 'hahah' AND `password` = '4134134' LIMIT 1   [ RunTime:0.0015s ]
SQL: SHOW COLUMNS FROM `yq_school` [ RunTime:0.0123s ]
SQL: SELECT `schname` FROM `yq_school` WHERE ( schoolid=4514545 ) LIMIT 1   [ RunTime:0.0013s ]
NOTIC: [8] Undefined index: schore F:\Tools\WampServer\wamp\www\yq\Application\Home\Controller\IndexController.class.php 第 34 行.
INFO: [ view_parse ] --START--
INFO: [ template_filter ] --START--
INFO: Run Behavior\ContentReplaceBehavior [ RunTime:0.001192s ]
INFO: [ template_filter ] --END-- [ RunTime:0.003784s ]
INFO: Run Behavior\ParseTemplateBehavior [ RunTime:0.071503s ]
INFO: [ view_parse ] --END-- [ RunTime:0.074156s ]
INFO: [ view_filter ] --START--
INFO: Run Behavior\WriteHtmlCacheBehavior [ RunTime:0.002894s ]
INFO: [ view_filter ] --END-- [ RunTime:0.005439s ]
INFO: [ app_end ] --START--
INFO: Run Behavior\ShowPageTraceBehavior [ RunTime:0.005695s ]
INFO: [ app_end ] --END-- [ RunTime:0.008813s ]

[ 2017-03-25T21:15:34+08:00 ] ::1 /yq/index.php/Index/index
INFO: [ app_init ] --START--
INFO: Run Behavior\BuildLiteBehavior [ RunTime:0.000491s ]
INFO: [ app_init ] --END-- [ RunTime:0.004643s ]
INFO: [ app_begin ] --START--
INFO: Run Behavior\ReadHtmlCacheBehavior [ RunTime:0.002940s ]
INFO: [ app_begin ] --END-- [ RunTime:0.005479s ]
SQL: SHOW COLUMNS FROM `yq_user` [ RunTime:0.0124s ]
SQL: SELECT * FROM `yq_user` WHERE `username` = 'hahah' AND `password` = '1234' LIMIT 1   [ RunTime:0.0014s ]

[ 2017-03-25T21:15:44+08:00 ] ::1 /yq/index.php/Index/index
INFO: [ app_init ] --START--
INFO: Run Behavior\BuildLiteBehavior [ RunTime:0.000463s ]
INFO: [ app_init ] --END-- [ RunTime:0.004770s ]
INFO: [ app_begin ] --START--
INFO: Run Behavior\ReadHtmlCacheBehavior [ RunTime:0.004067s ]
INFO: [ app_begin ] --END-- [ RunTime:0.007534s ]
SQL: SHOW COLUMNS FROM `yq_user` [ RunTime:0.0122s ]
SQL: SELECT * FROM `yq_user` WHERE `username` = 'hahah' AND `password` = '123454' LIMIT 1   [ RunTime:0.0016s ]

[ 2017-03-25T22:55:29+08:00 ] ::1 /yq/index.php/Index/index
INFO: [ app_init ] --START--
INFO: Run Behavior\BuildLiteBehavior [ RunTime:0.000465s ]
INFO: [ app_init ] --END-- [ RunTime:0.004287s ]
INFO: [ app_begin ] --START--
INFO: Run Behavior\ReadHtmlCacheBehavior [ RunTime:0.002718s ]
INFO: [ app_begin ] --END-- [ RunTime:0.005221s ]
SQL: SHOW COLUMNS FROM `yq_user` [ RunTime:0.0215s ]
SQL: SELECT * FROM `yq_user` WHERE `username` = 'hahah' AND `password` = '4134134' LIMIT 1   [ RunTime:0.0015s ]
SQL: SHOW COLUMNS FROM `yq_school` [ RunTime:0.0177s ]
SQL: SELECT `schname` FROM `yq_school` WHERE ( schoolid=4514545 ) LIMIT 1   [ RunTime:0.0013s ]
NOTIC: [8] Undefined index: schore F:\Tools\WampServer\wamp\www\yq\Application\Home\Controller\IndexController.class.php 第 34 行.
INFO: [ view_parse ] --START--
INFO: [ template_filter ] --START--
INFO: Run Behavior\ContentReplaceBehavior [ RunTime:0.001161s ]
INFO: [ template_filter ] --END-- [ RunTime:0.004183s ]
INFO: Run Behavior\ParseTemplateBehavior [ RunTime:0.068297s ]
INFO: [ view_parse ] --END-- [ RunTime:0.070913s ]
INFO: [ view_filter ] --START--
INFO: Run Behavior\WriteHtmlCacheBehavior [ RunTime:0.002481s ]
INFO: [ view_filter ] --END-- [ RunTime:0.004968s ]
INFO: [ app_end ] --START--
INFO: Run Behavior\ShowPageTraceBehavior [ RunTime:0.003225s ]
INFO: [ app_end ] --END-- [ RunTime:0.005898s ]

[ 2017-03-25T23:04:07+08:00 ] ::1 /yq/
INFO: [ app_init ] --START--
INFO: Run Behavior\BuildLiteBehavior [ RunTime:0.000842s ]
INFO: [ app_init ] --END-- [ RunTime:0.008136s ]
INFO: [ app_begin ] --START--
INFO: Run Behavior\ReadHtmlCacheBehavior [ RunTime:0.004187s ]
INFO: [ app_begin ] --END-- [ RunTime:0.007911s ]
INFO: [ view_parse ] --START--
INFO: [ template_filter ] --START--
INFO: Run Behavior\ContentReplaceBehavior [ RunTime:0.001966s ]
INFO: [ template_filter ] --END-- [ RunTime:0.005290s ]
INFO: Run Behavior\ParseTemplateBehavior [ RunTime:0.083436s ]
INFO: [ view_parse ] --END-- [ RunTime:0.088084s ]
INFO: [ view_filter ] --START--
INFO: Run Behavior\WriteHtmlCacheBehavior [ RunTime:0.004097s ]
INFO: [ view_filter ] --END-- [ RunTime:0.008116s ]
INFO: [ app_end ] --START--
INFO: Run Behavior\ShowPageTraceBehavior [ RunTime:0.003995s ]
INFO: [ app_end ] --END-- [ RunTime:0.006922s ]

