[ 2017-04-19T21:40:41+08:00 ] ::1 /yq/
INFO: [ app_init ] --START--
INFO: Run Behavior\BuildLiteBehavior [ RunTime:0.000870s ]
INFO: [ app_init ] --END-- [ RunTime:0.009196s ]
INFO: [ app_begin ] --START--
INFO: Run Behavior\ReadHtmlCacheBehavior [ RunTime:0.006101s ]
INFO: [ app_begin ] --END-- [ RunTime:0.010778s ]
SQL: SHOW COLUMNS FROM `yq_user` [ RunTime:0.0297s ]
SQL: UPDATE `yq_user` SET `updatetime`='1492609240' WHERE `userid` = 1 [ RunTime:0.0054s ]
INFO: [ view_parse ] --START--
INFO: [ template_filter ] --START--
INFO: Run Behavior\ContentReplaceBehavior [ RunTime:0.003857s ]
INFO: [ template_filter ] --END-- [ RunTime:0.009448s ]
INFO: Run Behavior\ParseTemplateBehavior [ RunTime:0.319343s ]
INFO: [ view_parse ] --END-- [ RunTime:0.324509s ]
INFO: [ view_filter ] --START--
INFO: Run Behavior\WriteHtmlCacheBehavior [ RunTime:0.006415s ]
INFO: [ view_filter ] --END-- [ RunTime:0.014232s ]
INFO: [ app_end ] --START--
INFO: Run Behavior\ShowPageTraceBehavior [ RunTime:0.005372s ]
INFO: [ app_end ] --END-- [ RunTime:0.010323s ]

[ 2017-04-19T21:40:41+08:00 ] ::1 /yq/
INFO: [ app_init ] --START--
INFO: Run Behavior\BuildLiteBehavior [ RunTime:0.000353s ]
INFO: [ app_init ] --END-- [ RunTime:0.003021s ]
INFO: [ app_begin ] --START--
INFO: Run Behavior\ReadHtmlCacheBehavior [ RunTime:0.003061s ]
INFO: [ app_begin ] --END-- [ RunTime:0.005882s ]
SQL: SHOW COLUMNS FROM `yq_user` [ RunTime:0.0202s ]
SQL: UPDATE `yq_user` SET `updatetime`='1492609241' WHERE `userid` = 1 [ RunTime:0.0036s ]
INFO: [ view_parse ] --START--
INFO: [ template_filter ] --START--
INFO: Run Behavior\ContentReplaceBehavior [ RunTime:0.001205s ]
INFO: [ template_filter ] --END-- [ RunTime:0.003068s ]
INFO: Run Behavior\ParseTemplateBehavior [ RunTime:0.099479s ]
INFO: [ view_parse ] --END-- [ RunTime:0.102286s ]
INFO: [ view_filter ] --START--
INFO: Run Behavior\WriteHtmlCacheBehavior [ RunTime:0.003360s ]
INFO: [ view_filter ] --END-- [ RunTime:0.005162s ]
INFO: [ app_end ] --START--
INFO: Run Behavior\ShowPageTraceBehavior [ RunTime:0.004499s ]
INFO: [ app_end ] --END-- [ RunTime:0.008194s ]

[ 2017-04-19T21:40:42+08:00 ] ::1 /yq/index.php/Home/Index/school
INFO: [ app_init ] --START--
INFO: Run Behavior\BuildLiteBehavior [ RunTime:0.000547s ]
INFO: [ app_init ] --END-- [ RunTime:0.006228s ]
INFO: [ app_begin ] --START--
INFO: Run Behavior\ReadHtmlCacheBehavior [ RunTime:0.004311s ]
INFO: [ app_begin ] --END-- [ RunTime:0.007359s ]
SQL: SHOW COLUMNS FROM `yq_user` [ RunTime:0.0149s ]
SQL: UPDATE `yq_user` SET `updatetime`='1492609242' WHERE `userid` = 1 [ RunTime:0.0035s ]
SQL: SHOW COLUMNS FROM `yq_school` [ RunTime:0.0173s ]
SQL: SELECT * FROM `yq_school`  [ RunTime:0.0011s ]

[ 2017-04-19T21:40:42+08:00 ] ::1 /yq/index.php/Home/Index/type
INFO: [ app_init ] --START--
INFO: Run Behavior\BuildLiteBehavior [ RunTime:0.000604s ]
INFO: [ app_init ] --END-- [ RunTime:0.004499s ]
INFO: [ app_begin ] --START--
INFO: Run Behavior\ReadHtmlCacheBehavior [ RunTime:0.003943s ]
INFO: [ app_begin ] --END-- [ RunTime:0.006363s ]
SQL: SHOW COLUMNS FROM `yq_user` [ RunTime:0.0119s ]
SQL: UPDATE `yq_user` SET `updatetime`='1492609242' WHERE `userid` = 1 [ RunTime:0.0022s ]
SQL: SHOW COLUMNS FROM `yq_type` [ RunTime:0.0121s ]
SQL: SELECT * FROM `yq_type`  [ RunTime:0.0015s ]

[ 2017-04-19T21:40:42+08:00 ] ::1 /yq/index.php/Home/Index/login
INFO: [ app_init ] --START--
INFO: Run Behavior\BuildLiteBehavior [ RunTime:0.001190s ]
INFO: [ app_init ] --END-- [ RunTime:0.006283s ]
INFO: [ app_begin ] --START--
INFO: Run Behavior\ReadHtmlCacheBehavior [ RunTime:0.002735s ]
INFO: [ app_begin ] --END-- [ RunTime:0.005676s ]
SQL: SHOW COLUMNS FROM `yq_user` [ RunTime:0.0100s ]
SQL: UPDATE `yq_user` SET `updatetime`='1492609242' WHERE `userid` = 1 [ RunTime:0.0023s ]
NOTIC: [8] A session had already been started - ignoring session_start() F:\Tools\WampServer\wamp\www\yq\Application\Home\Controller\IndexController.class.php 第 16 行.
NOTIC: [8] A session had already been started - ignoring session_start() F:\Tools\WampServer\wamp\www\yq\Application\Common\Common\function.php 第 6 行.
SQL: SHOW COLUMNS FROM `yq_user` [ RunTime:0.0090s ]
SQL: SELECT * FROM `yq_user` WHERE `username` = 'admin' LIMIT 1   [ RunTime:0.0014s ]
SQL: SHOW COLUMNS FROM `yq_school` [ RunTime:0.0093s ]
SQL: SELECT `schoolid`,`schname` FROM `yq_school` WHERE ( schoolid=1 ) LIMIT 1   [ RunTime:0.0009s ]

[ 2017-04-19T21:40:52+08:00 ] ::1 /yq/
INFO: [ app_init ] --START--
INFO: Run Behavior\BuildLiteBehavior [ RunTime:0.001339s ]
INFO: [ app_init ] --END-- [ RunTime:0.008484s ]
INFO: [ app_begin ] --START--
INFO: Run Behavior\ReadHtmlCacheBehavior [ RunTime:0.004828s ]
INFO: [ app_begin ] --END-- [ RunTime:0.009247s ]
SQL: SHOW COLUMNS FROM `yq_user` [ RunTime:0.0229s ]
SQL: UPDATE `yq_user` SET `updatetime`='1492609252' WHERE `userid` = 1 [ RunTime:0.0037s ]
INFO: [ view_parse ] --START--
INFO: [ template_filter ] --START--
INFO: Run Behavior\ContentReplaceBehavior [ RunTime:0.001640s ]
INFO: [ template_filter ] --END-- [ RunTime:0.004162s ]
INFO: Run Behavior\ParseTemplateBehavior [ RunTime:0.121083s ]
INFO: [ view_parse ] --END-- [ RunTime:0.123556s ]
INFO: [ view_filter ] --START--
INFO: Run Behavior\WriteHtmlCacheBehavior [ RunTime:0.005268s ]
INFO: [ view_filter ] --END-- [ RunTime:0.009855s ]
INFO: [ app_end ] --START--
INFO: Run Behavior\ShowPageTraceBehavior [ RunTime:0.009784s ]
INFO: [ app_end ] --END-- [ RunTime:0.014591s ]

[ 2017-04-19T21:40:53+08:00 ] ::1 /yq/index.php/Home/Index/login
INFO: [ app_init ] --START--
INFO: Run Behavior\BuildLiteBehavior [ RunTime:0.001441s ]
INFO: [ app_init ] --END-- [ RunTime:0.024793s ]
INFO: [ app_begin ] --START--
INFO: Run Behavior\ReadHtmlCacheBehavior [ RunTime:0.003985s ]
INFO: [ app_begin ] --END-- [ RunTime:0.007921s ]
SQL: SHOW COLUMNS FROM `yq_user` [ RunTime:0.0182s ]
SQL: UPDATE `yq_user` SET `updatetime`='1492609253' WHERE `userid` = 1 [ RunTime:0.0035s ]
NOTIC: [8] A session had already been started - ignoring session_start() F:\Tools\WampServer\wamp\www\yq\Application\Home\Controller\IndexController.class.php 第 16 行.
NOTIC: [8] A session had already been started - ignoring session_start() F:\Tools\WampServer\wamp\www\yq\Application\Common\Common\function.php 第 6 行.
SQL: SHOW COLUMNS FROM `yq_user` [ RunTime:0.0166s ]
SQL: SELECT * FROM `yq_user` WHERE `username` = 'admin' LIMIT 1   [ RunTime:0.0011s ]
SQL: SHOW COLUMNS FROM `yq_school` [ RunTime:0.0162s ]
SQL: SELECT `schoolid`,`schname` FROM `yq_school` WHERE ( schoolid=1 ) LIMIT 1   [ RunTime:0.0012s ]

[ 2017-04-19T21:40:54+08:00 ] ::1 /yq/index.php/Home/Index/school
INFO: [ app_init ] --START--
INFO: Run Behavior\BuildLiteBehavior [ RunTime:0.000817s ]
INFO: [ app_init ] --END-- [ RunTime:0.011977s ]
INFO: [ app_begin ] --START--
INFO: Run Behavior\ReadHtmlCacheBehavior [ RunTime:0.014925s ]
INFO: [ app_begin ] --END-- [ RunTime:0.019090s ]
SQL: SHOW COLUMNS FROM `yq_user` [ RunTime:0.0154s ]
SQL: UPDATE `yq_user` SET `updatetime`='1492609254' WHERE `userid` = 1 [ RunTime:0.0036s ]
SQL: SHOW COLUMNS FROM `yq_school` [ RunTime:0.0157s ]
SQL: SELECT * FROM `yq_school`  [ RunTime:0.0011s ]

[ 2017-04-19T21:40:54+08:00 ] ::1 /yq/index.php/Home/Index/type
INFO: [ app_init ] --START--
INFO: Run Behavior\BuildLiteBehavior [ RunTime:0.000770s ]
INFO: [ app_init ] --END-- [ RunTime:0.010127s ]
INFO: [ app_begin ] --START--
INFO: Run Behavior\ReadHtmlCacheBehavior [ RunTime:0.005155s ]
INFO: [ app_begin ] --END-- [ RunTime:0.009014s ]
SQL: SHOW COLUMNS FROM `yq_user` [ RunTime:0.0165s ]
SQL: UPDATE `yq_user` SET `updatetime`='1492609254' WHERE `userid` = 1 [ RunTime:0.0031s ]
SQL: SHOW COLUMNS FROM `yq_type` [ RunTime:0.0135s ]
SQL: SELECT * FROM `yq_type`  [ RunTime:0.0011s ]

[ 2017-04-19T21:51:00+08:00 ] ::1 /yq/
INFO: [ app_init ] --START--
INFO: Run Behavior\BuildLiteBehavior [ RunTime:0.000589s ]
INFO: [ app_init ] --END-- [ RunTime:0.005669s ]
INFO: [ app_begin ] --START--
INFO: Run Behavior\ReadHtmlCacheBehavior [ RunTime:0.002164s ]
INFO: [ app_begin ] --END-- [ RunTime:0.004394s ]
SQL: SHOW COLUMNS FROM `yq_user` [ RunTime:0.0103s ]
SQL: UPDATE `yq_user` SET `updatetime`='1492609860' WHERE `userid` = 1 [ RunTime:0.0026s ]
INFO: [ view_parse ] --START--
INFO: [ template_filter ] --START--
INFO: Run Behavior\ContentReplaceBehavior [ RunTime:0.001211s ]
INFO: [ template_filter ] --END-- [ RunTime:0.002919s ]
INFO: Run Behavior\ParseTemplateBehavior [ RunTime:0.075037s ]
INFO: [ view_parse ] --END-- [ RunTime:0.077087s ]
INFO: [ view_filter ] --START--
INFO: Run Behavior\WriteHtmlCacheBehavior [ RunTime:0.001688s ]
INFO: [ view_filter ] --END-- [ RunTime:0.005181s ]
INFO: [ app_end ] --START--
INFO: Run Behavior\ShowPageTraceBehavior [ RunTime:0.009881s ]
INFO: [ app_end ] --END-- [ RunTime:0.069777s ]

[ 2017-04-19T21:51:01+08:00 ] ::1 /yq/index.php/Home/Index/type
INFO: [ app_init ] --START--
INFO: Run Behavior\BuildLiteBehavior [ RunTime:0.000352s ]
INFO: [ app_init ] --END-- [ RunTime:0.002955s ]
INFO: [ app_begin ] --START--
INFO: Run Behavior\ReadHtmlCacheBehavior [ RunTime:0.001612s ]
INFO: [ app_begin ] --END-- [ RunTime:0.002751s ]
SQL: SHOW COLUMNS FROM `yq_user` [ RunTime:0.0158s ]
SQL: UPDATE `yq_user` SET `updatetime`='1492609861' WHERE `userid` = 1 [ RunTime:0.0023s ]
SQL: SHOW COLUMNS FROM `yq_type` [ RunTime:0.0048s ]
SQL: SELECT * FROM `yq_type`  [ RunTime:0.0007s ]

[ 2017-04-19T21:51:01+08:00 ] ::1 /yq/index.php/Home/Index/school
INFO: [ app_init ] --START--
INFO: Run Behavior\BuildLiteBehavior [ RunTime:0.000273s ]
INFO: [ app_init ] --END-- [ RunTime:0.002972s ]
INFO: [ app_begin ] --START--
INFO: Run Behavior\ReadHtmlCacheBehavior [ RunTime:0.002097s ]
INFO: [ app_begin ] --END-- [ RunTime:0.003565s ]
SQL: SHOW COLUMNS FROM `yq_user` [ RunTime:0.0103s ]
SQL: UPDATE `yq_user` SET `updatetime`='1492609861' WHERE `userid` = 1 [ RunTime:0.0031s ]
SQL: SHOW COLUMNS FROM `yq_school` [ RunTime:0.0079s ]
SQL: SELECT * FROM `yq_school`  [ RunTime:0.0006s ]

[ 2017-04-19T21:51:01+08:00 ] ::1 /yq/index.php/Home/Index/login
INFO: [ app_init ] --START--
INFO: Run Behavior\BuildLiteBehavior [ RunTime:0.008756s ]
INFO: [ app_init ] --END-- [ RunTime:0.010860s ]
INFO: [ app_begin ] --START--
INFO: Run Behavior\ReadHtmlCacheBehavior [ RunTime:0.001545s ]
INFO: [ app_begin ] --END-- [ RunTime:0.002727s ]
SQL: SHOW COLUMNS FROM `yq_user` [ RunTime:0.0117s ]
SQL: UPDATE `yq_user` SET `updatetime`='1492609861' WHERE `userid` = 1 [ RunTime:0.0027s ]
NOTIC: [8] A session had already been started - ignoring session_start() F:\Tools\WampServer\wamp\www\yq\Application\Home\Controller\IndexController.class.php 第 16 行.
NOTIC: [8] A session had already been started - ignoring session_start() F:\Tools\WampServer\wamp\www\yq\Application\Common\Common\function.php 第 6 行.
SQL: SHOW COLUMNS FROM `yq_user` [ RunTime:0.0095s ]
SQL: SELECT * FROM `yq_user` WHERE `username` = 'admin' LIMIT 1   [ RunTime:0.0009s ]
SQL: SHOW COLUMNS FROM `yq_school` [ RunTime:0.0084s ]
SQL: SELECT `schoolid`,`schname` FROM `yq_school` WHERE ( schoolid=1 ) LIMIT 1   [ RunTime:0.0006s ]

[ 2017-04-19T21:51:04+08:00 ] ::1 /yq/
INFO: [ app_init ] --START--
INFO: Run Behavior\BuildLiteBehavior [ RunTime:0.000715s ]
INFO: [ app_init ] --END-- [ RunTime:0.011213s ]
INFO: [ app_begin ] --START--
INFO: Run Behavior\ReadHtmlCacheBehavior [ RunTime:0.016187s ]
INFO: [ app_begin ] --END-- [ RunTime:0.028318s ]
SQL: SHOW COLUMNS FROM `yq_user` [ RunTime:0.0265s ]
SQL: UPDATE `yq_user` SET `updatetime`='1492609864' WHERE `userid` = 1 [ RunTime:0.0042s ]
INFO: [ view_parse ] --START--
INFO: [ template_filter ] --START--
INFO: Run Behavior\ContentReplaceBehavior [ RunTime:0.005651s ]
INFO: [ template_filter ] --END-- [ RunTime:0.011795s ]
INFO: Run Behavior\ParseTemplateBehavior [ RunTime:0.299678s ]
INFO: [ view_parse ] --END-- [ RunTime:0.304658s ]
INFO: [ view_filter ] --START--
INFO: Run Behavior\WriteHtmlCacheBehavior [ RunTime:0.005872s ]
INFO: [ view_filter ] --END-- [ RunTime:0.013409s ]
INFO: [ app_end ] --START--
INFO: Run Behavior\ShowPageTraceBehavior [ RunTime:0.016217s ]
INFO: [ app_end ] --END-- [ RunTime:0.026021s ]

[ 2017-04-19T21:51:06+08:00 ] ::1 /yq/index.php/Home/Index/school
INFO: [ app_init ] --START--
INFO: Run Behavior\BuildLiteBehavior [ RunTime:0.000604s ]
INFO: [ app_init ] --END-- [ RunTime:0.005489s ]
INFO: [ app_begin ] --START--
INFO: Run Behavior\ReadHtmlCacheBehavior [ RunTime:0.005222s ]
INFO: [ app_begin ] --END-- [ RunTime:0.061816s ]
SQL: SHOW COLUMNS FROM `yq_user` [ RunTime:0.0186s ]
SQL: UPDATE `yq_user` SET `updatetime`='1492609865' WHERE `userid` = 1 [ RunTime:0.0042s ]
SQL: SHOW COLUMNS FROM `yq_school` [ RunTime:0.0147s ]
SQL: SELECT * FROM `yq_school`  [ RunTime:0.0013s ]

[ 2017-04-19T21:51:06+08:00 ] ::1 /yq/index.php/Home/Index/login
INFO: [ app_init ] --START--
INFO: Run Behavior\BuildLiteBehavior [ RunTime:0.000715s ]
INFO: [ app_init ] --END-- [ RunTime:0.005771s ]
INFO: [ app_begin ] --START--
INFO: Run Behavior\ReadHtmlCacheBehavior [ RunTime:0.012316s ]
INFO: [ app_begin ] --END-- [ RunTime:0.015197s ]
SQL: SHOW COLUMNS FROM `yq_user` [ RunTime:0.0111s ]
SQL: UPDATE `yq_user` SET `updatetime`='1492609866' WHERE `userid` = 1 [ RunTime:0.0031s ]
NOTIC: [8] A session had already been started - ignoring session_start() F:\Tools\WampServer\wamp\www\yq\Application\Home\Controller\IndexController.class.php 第 16 行.
NOTIC: [8] A session had already been started - ignoring session_start() F:\Tools\WampServer\wamp\www\yq\Application\Common\Common\function.php 第 6 行.
SQL: SHOW COLUMNS FROM `yq_user` [ RunTime:0.0108s ]
SQL: SELECT * FROM `yq_user` WHERE `username` = 'admin' LIMIT 1   [ RunTime:0.0010s ]
SQL: SHOW COLUMNS FROM `yq_school` [ RunTime:0.0099s ]
SQL: SELECT `schoolid`,`schname` FROM `yq_school` WHERE ( schoolid=1 ) LIMIT 1   [ RunTime:0.0010s ]

[ 2017-04-19T21:51:06+08:00 ] ::1 /yq/index.php/Home/Index/type
INFO: [ app_init ] --START--
INFO: Run Behavior\BuildLiteBehavior [ RunTime:0.000757s ]
INFO: [ app_init ] --END-- [ RunTime:0.028710s ]
INFO: [ app_begin ] --START--
INFO: Run Behavior\ReadHtmlCacheBehavior [ RunTime:0.003978s ]
INFO: [ app_begin ] --END-- [ RunTime:0.058711s ]
SQL: SHOW COLUMNS FROM `yq_user` [ RunTime:0.0262s ]
SQL: UPDATE `yq_user` SET `updatetime`='1492609866' WHERE `userid` = 1 [ RunTime:0.0036s ]
SQL: SHOW COLUMNS FROM `yq_type` [ RunTime:0.0143s ]
SQL: SELECT * FROM `yq_type`  [ RunTime:0.0027s ]

[ 2017-04-19T21:59:02+08:00 ] ::1 /yq/
INFO: [ app_init ] --START--
INFO: Run Behavior\BuildLiteBehavior [ RunTime:0.001096s ]
INFO: [ app_init ] --END-- [ RunTime:0.026076s ]
INFO: [ app_begin ] --START--
INFO: Run Behavior\ReadHtmlCacheBehavior [ RunTime:0.008099s ]
INFO: [ app_begin ] --END-- [ RunTime:0.014814s ]
SQL: SHOW COLUMNS FROM `yq_user` [ RunTime:0.0238s ]
SQL: UPDATE `yq_user` SET `updatetime`='1492610342' WHERE `userid` = 1 [ RunTime:0.0051s ]
INFO: [ view_parse ] --START--
INFO: [ template_filter ] --START--
INFO: Run Behavior\ContentReplaceBehavior [ RunTime:0.002636s ]
INFO: [ template_filter ] --END-- [ RunTime:0.009289s ]
INFO: Run Behavior\ParseTemplateBehavior [ RunTime:0.248258s ]
INFO: [ view_parse ] --END-- [ RunTime:0.252859s ]
INFO: [ view_filter ] --START--
INFO: Run Behavior\WriteHtmlCacheBehavior [ RunTime:0.003748s ]
INFO: [ view_filter ] --END-- [ RunTime:0.007939s ]
INFO: [ app_end ] --START--
INFO: Run Behavior\ShowPageTraceBehavior [ RunTime:0.014957s ]
INFO: [ app_end ] --END-- [ RunTime:0.024532s ]

[ 2017-04-19T21:59:03+08:00 ] ::1 /yq/index.php/Home/Index/school
INFO: [ app_init ] --START--
INFO: Run Behavior\BuildLiteBehavior [ RunTime:0.000983s ]
INFO: [ app_init ] --END-- [ RunTime:0.007877s ]
INFO: [ app_begin ] --START--
INFO: Run Behavior\ReadHtmlCacheBehavior [ RunTime:0.004086s ]
INFO: [ app_begin ] --END-- [ RunTime:0.006988s ]
SQL: SHOW COLUMNS FROM `yq_user` [ RunTime:0.0160s ]
SQL: UPDATE `yq_user` SET `updatetime`='1492610343' WHERE `userid` = 1 [ RunTime:0.0034s ]
SQL: SHOW COLUMNS FROM `yq_school` [ RunTime:0.0131s ]
SQL: SELECT * FROM `yq_school`  [ RunTime:0.0022s ]

[ 2017-04-19T21:59:04+08:00 ] ::1 /yq/index.php/Home/Index/type
INFO: [ app_init ] --START--
INFO: Run Behavior\BuildLiteBehavior [ RunTime:0.000549s ]
INFO: [ app_init ] --END-- [ RunTime:0.005826s ]
INFO: [ app_begin ] --START--
INFO: Run Behavior\ReadHtmlCacheBehavior [ RunTime:0.003112s ]
INFO: [ app_begin ] --END-- [ RunTime:0.006011s ]
SQL: SHOW COLUMNS FROM `yq_user` [ RunTime:0.0170s ]
SQL: UPDATE `yq_user` SET `updatetime`='1492610343' WHERE `userid` = 1 [ RunTime:0.0033s ]
SQL: SHOW COLUMNS FROM `yq_type` [ RunTime:0.0086s ]
SQL: SELECT * FROM `yq_type`  [ RunTime:0.0011s ]

[ 2017-04-19T21:59:04+08:00 ] ::1 /yq/index.php/Home/Index/login
INFO: [ app_init ] --START--
INFO: Run Behavior\BuildLiteBehavior [ RunTime:0.000611s ]
INFO: [ app_init ] --END-- [ RunTime:0.004821s ]
INFO: [ app_begin ] --START--
INFO: Run Behavior\ReadHtmlCacheBehavior [ RunTime:0.018218s ]
INFO: [ app_begin ] --END-- [ RunTime:0.020444s ]
SQL: SHOW COLUMNS FROM `yq_user` [ RunTime:0.0120s ]
SQL: UPDATE `yq_user` SET `updatetime`='1492610344' WHERE `userid` = 1 [ RunTime:0.0029s ]
NOTIC: [8] A session had already been started - ignoring session_start() F:\Tools\WampServer\wamp\www\yq\Application\Home\Controller\IndexController.class.php 第 16 行.
NOTIC: [8] A session had already been started - ignoring session_start() F:\Tools\WampServer\wamp\www\yq\Application\Common\Common\function.php 第 6 行.
SQL: SHOW COLUMNS FROM `yq_user` [ RunTime:0.0105s ]
SQL: SELECT * FROM `yq_user` WHERE `username` = 'admin' LIMIT 1   [ RunTime:0.0011s ]
SQL: SHOW COLUMNS FROM `yq_school` [ RunTime:0.0091s ]
SQL: SELECT `schoolid`,`schname` FROM `yq_school` WHERE ( schoolid=1 ) LIMIT 1   [ RunTime:0.0009s ]

[ 2017-04-19T21:59:41+08:00 ] ::1 /yq/
INFO: [ app_init ] --START--
INFO: Run Behavior\BuildLiteBehavior [ RunTime:0.002142s ]
INFO: [ app_init ] --END-- [ RunTime:0.013851s ]
INFO: [ app_begin ] --START--
INFO: Run Behavior\ReadHtmlCacheBehavior [ RunTime:0.004357s ]
INFO: [ app_begin ] --END-- [ RunTime:0.021041s ]
SQL: SHOW COLUMNS FROM `yq_user` [ RunTime:0.0238s ]
SQL: UPDATE `yq_user` SET `updatetime`='1492610380' WHERE `userid` = 1 [ RunTime:0.0046s ]
INFO: [ view_parse ] --START--
INFO: [ template_filter ] --START--
INFO: Run Behavior\ContentReplaceBehavior [ RunTime:0.004801s ]
INFO: [ template_filter ] --END-- [ RunTime:0.011118s ]
INFO: Run Behavior\ParseTemplateBehavior [ RunTime:0.322808s ]
INFO: [ view_parse ] --END-- [ RunTime:0.326833s ]
INFO: [ view_filter ] --START--
INFO: Run Behavior\WriteHtmlCacheBehavior [ RunTime:0.010063s ]
INFO: [ view_filter ] --END-- [ RunTime:0.030104s ]
INFO: [ app_end ] --START--
INFO: Run Behavior\ShowPageTraceBehavior [ RunTime:0.026152s ]
INFO: [ app_end ] --END-- [ RunTime:0.045487s ]

[ 2017-04-19T21:59:42+08:00 ] ::1 /yq/index.php/Home/Index/school
INFO: [ app_init ] --START--
INFO: Run Behavior\BuildLiteBehavior [ RunTime:0.000612s ]
INFO: [ app_init ] --END-- [ RunTime:0.005095s ]
INFO: [ app_begin ] --START--
INFO: Run Behavior\ReadHtmlCacheBehavior [ RunTime:0.010026s ]
INFO: [ app_begin ] --END-- [ RunTime:0.013012s ]
SQL: SHOW COLUMNS FROM `yq_user` [ RunTime:0.0134s ]
SQL: UPDATE `yq_user` SET `updatetime`='1492610382' WHERE `userid` = 1 [ RunTime:0.0041s ]
SQL: SHOW COLUMNS FROM `yq_school` [ RunTime:0.0147s ]
SQL: SELECT * FROM `yq_school`  [ RunTime:0.0011s ]

[ 2017-04-19T21:59:42+08:00 ] ::1 /yq/index.php/Home/Index/type
INFO: [ app_init ] --START--
INFO: Run Behavior\BuildLiteBehavior [ RunTime:0.000588s ]
INFO: [ app_init ] --END-- [ RunTime:0.004968s ]
INFO: [ app_begin ] --START--
INFO: Run Behavior\ReadHtmlCacheBehavior [ RunTime:0.003388s ]
INFO: [ app_begin ] --END-- [ RunTime:0.005913s ]
SQL: SHOW COLUMNS FROM `yq_user` [ RunTime:0.0145s ]
SQL: UPDATE `yq_user` SET `updatetime`='1492610382' WHERE `userid` = 1 [ RunTime:0.0030s ]
SQL: SHOW COLUMNS FROM `yq_type` [ RunTime:0.0115s ]
SQL: SELECT * FROM `yq_type`  [ RunTime:0.0010s ]

[ 2017-04-19T21:59:42+08:00 ] ::1 /yq/index.php/Home/Index/login
INFO: [ app_init ] --START--
INFO: Run Behavior\BuildLiteBehavior [ RunTime:0.000673s ]
INFO: [ app_init ] --END-- [ RunTime:0.006016s ]
INFO: [ app_begin ] --START--
INFO: Run Behavior\ReadHtmlCacheBehavior [ RunTime:0.009894s ]
INFO: [ app_begin ] --END-- [ RunTime:0.014148s ]
SQL: SHOW COLUMNS FROM `yq_user` [ RunTime:0.0116s ]
SQL: UPDATE `yq_user` SET `updatetime`='1492610382' WHERE `userid` = 1 [ RunTime:0.0028s ]
NOTIC: [8] A session had already been started - ignoring session_start() F:\Tools\WampServer\wamp\www\yq\Application\Home\Controller\IndexController.class.php 第 16 行.
NOTIC: [8] A session had already been started - ignoring session_start() F:\Tools\WampServer\wamp\www\yq\Application\Common\Common\function.php 第 6 行.
SQL: SHOW COLUMNS FROM `yq_user` [ RunTime:0.0108s ]
SQL: SELECT * FROM `yq_user` WHERE `username` = 'admin' LIMIT 1   [ RunTime:0.0009s ]
SQL: SHOW COLUMNS FROM `yq_school` [ RunTime:0.0148s ]
SQL: SELECT `schoolid`,`schname` FROM `yq_school` WHERE ( schoolid=1 ) LIMIT 1   [ RunTime:0.0012s ]

[ 2017-04-19T22:00:24+08:00 ] ::1 /yq/
INFO: [ app_init ] --START--
INFO: Run Behavior\BuildLiteBehavior [ RunTime:0.000876s ]
INFO: [ app_init ] --END-- [ RunTime:0.016217s ]
INFO: [ app_begin ] --START--
INFO: Run Behavior\ReadHtmlCacheBehavior [ RunTime:0.005415s ]
INFO: [ app_begin ] --END-- [ RunTime:0.010437s ]
SQL: SHOW COLUMNS FROM `yq_user` [ RunTime:0.0133s ]
SQL: UPDATE `yq_user` SET `updatetime`='1492610424' WHERE `userid` = 1 [ RunTime:0.0034s ]
INFO: [ view_parse ] --START--
INFO: [ template_filter ] --START--
INFO: Run Behavior\ContentReplaceBehavior [ RunTime:0.009989s ]
INFO: [ template_filter ] --END-- [ RunTime:0.054254s ]
INFO: Run Behavior\ParseTemplateBehavior [ RunTime:0.257564s ]
INFO: [ view_parse ] --END-- [ RunTime:0.266971s ]
INFO: [ view_filter ] --START--
INFO: Run Behavior\WriteHtmlCacheBehavior [ RunTime:0.014152s ]
INFO: [ view_filter ] --END-- [ RunTime:0.021198s ]
INFO: [ app_end ] --START--
INFO: Run Behavior\ShowPageTraceBehavior [ RunTime:0.012594s ]
INFO: [ app_end ] --END-- [ RunTime:0.081276s ]

[ 2017-04-19T22:00:26+08:00 ] ::1 /yq/index.php/Home/Index/login
INFO: [ app_init ] --START--
INFO: Run Behavior\BuildLiteBehavior [ RunTime:0.001034s ]
INFO: [ app_init ] --END-- [ RunTime:0.008617s ]
INFO: [ app_begin ] --START--
INFO: Run Behavior\ReadHtmlCacheBehavior [ RunTime:0.012507s ]
INFO: [ app_begin ] --END-- [ RunTime:0.015603s ]
SQL: SHOW COLUMNS FROM `yq_user` [ RunTime:0.0105s ]
SQL: UPDATE `yq_user` SET `updatetime`='1492610425' WHERE `userid` = 1 [ RunTime:0.0032s ]
NOTIC: [8] A session had already been started - ignoring session_start() F:\Tools\WampServer\wamp\www\yq\Application\Home\Controller\IndexController.class.php 第 16 行.
NOTIC: [8] A session had already been started - ignoring session_start() F:\Tools\WampServer\wamp\www\yq\Application\Common\Common\function.php 第 6 行.
SQL: SHOW COLUMNS FROM `yq_user` [ RunTime:0.0101s ]
SQL: SELECT * FROM `yq_user` WHERE `username` = 'admin' LIMIT 1   [ RunTime:0.0013s ]
SQL: SHOW COLUMNS FROM `yq_school` [ RunTime:0.0097s ]
SQL: SELECT `schoolid`,`schname` FROM `yq_school` WHERE ( schoolid=1 ) LIMIT 1   [ RunTime:0.0012s ]

[ 2017-04-19T22:00:26+08:00 ] ::1 /yq/index.php/Home/Index/school
INFO: [ app_init ] --START--
INFO: Run Behavior\BuildLiteBehavior [ RunTime:0.000536s ]
INFO: [ app_init ] --END-- [ RunTime:0.004992s ]
INFO: [ app_begin ] --START--
INFO: Run Behavior\ReadHtmlCacheBehavior [ RunTime:0.029454s ]
INFO: [ app_begin ] --END-- [ RunTime:0.034179s ]
SQL: SHOW COLUMNS FROM `yq_user` [ RunTime:0.0117s ]
SQL: UPDATE `yq_user` SET `updatetime`='1492610426' WHERE `userid` = 1 [ RunTime:0.0029s ]
SQL: SHOW COLUMNS FROM `yq_school` [ RunTime:0.0087s ]
SQL: SELECT * FROM `yq_school`  [ RunTime:0.0010s ]

[ 2017-04-19T22:00:26+08:00 ] ::1 /yq/index.php/Home/Index/type
INFO: [ app_init ] --START--
INFO: Run Behavior\BuildLiteBehavior [ RunTime:0.000808s ]
INFO: [ app_init ] --END-- [ RunTime:0.031196s ]
INFO: [ app_begin ] --START--
INFO: Run Behavior\ReadHtmlCacheBehavior [ RunTime:0.003683s ]
INFO: [ app_begin ] --END-- [ RunTime:0.019013s ]
SQL: SHOW COLUMNS FROM `yq_user` [ RunTime:0.0092s ]
SQL: UPDATE `yq_user` SET `updatetime`='1492610426' WHERE `userid` = 1 [ RunTime:0.0026s ]
SQL: SHOW COLUMNS FROM `yq_type` [ RunTime:0.0093s ]
SQL: SELECT * FROM `yq_type`  [ RunTime:0.0011s ]

[ 2017-04-19T22:03:30+08:00 ] ::1 /yq/
INFO: [ app_init ] --START--
INFO: Run Behavior\BuildLiteBehavior [ RunTime:0.004268s ]
INFO: [ app_init ] --END-- [ RunTime:0.016333s ]
INFO: [ app_begin ] --START--
INFO: Run Behavior\ReadHtmlCacheBehavior [ RunTime:0.003087s ]
INFO: [ app_begin ] --END-- [ RunTime:0.005676s ]
SQL: SHOW COLUMNS FROM `yq_user` [ RunTime:0.0147s ]
SQL: UPDATE `yq_user` SET `updatetime`='1492610610' WHERE `userid` = 1 [ RunTime:0.0032s ]
INFO: [ view_parse ] --START--
INFO: [ template_filter ] --START--
INFO: Run Behavior\ContentReplaceBehavior [ RunTime:0.003250s ]
INFO: [ template_filter ] --END-- [ RunTime:0.007158s ]
INFO: Run Behavior\ParseTemplateBehavior [ RunTime:0.131649s ]
INFO: [ view_parse ] --END-- [ RunTime:0.135124s ]
INFO: [ view_filter ] --START--
INFO: Run Behavior\WriteHtmlCacheBehavior [ RunTime:0.002586s ]
INFO: [ view_filter ] --END-- [ RunTime:0.005058s ]
INFO: [ app_end ] --START--
INFO: Run Behavior\ShowPageTraceBehavior [ RunTime:0.013699s ]
INFO: [ app_end ] --END-- [ RunTime:0.017493s ]

[ 2017-04-19T22:03:31+08:00 ] ::1 /yq/index.php/Home/Index/school
INFO: [ app_init ] --START--
INFO: Run Behavior\BuildLiteBehavior [ RunTime:0.000689s ]
INFO: [ app_init ] --END-- [ RunTime:0.020795s ]
INFO: [ app_begin ] --START--
INFO: Run Behavior\ReadHtmlCacheBehavior [ RunTime:0.004149s ]
INFO: [ app_begin ] --END-- [ RunTime:0.008286s ]
SQL: SHOW COLUMNS FROM `yq_user` [ RunTime:0.0169s ]
SQL: UPDATE `yq_user` SET `updatetime`='1492610611' WHERE `userid` = 1 [ RunTime:0.0031s ]
SQL: SHOW COLUMNS FROM `yq_school` [ RunTime:0.0099s ]
SQL: SELECT * FROM `yq_school`  [ RunTime:0.0012s ]

[ 2017-04-19T22:03:32+08:00 ] ::1 /yq/index.php/Home/Index/type
INFO: [ app_init ] --START--
INFO: Run Behavior\BuildLiteBehavior [ RunTime:0.000755s ]
INFO: [ app_init ] --END-- [ RunTime:0.007596s ]
INFO: [ app_begin ] --START--
INFO: Run Behavior\ReadHtmlCacheBehavior [ RunTime:0.019464s ]
INFO: [ app_begin ] --END-- [ RunTime:0.023923s ]
SQL: SHOW COLUMNS FROM `yq_user` [ RunTime:0.0151s ]
SQL: UPDATE `yq_user` SET `updatetime`='1492610612' WHERE `userid` = 1 [ RunTime:0.0026s ]
SQL: SHOW COLUMNS FROM `yq_type` [ RunTime:0.0080s ]
SQL: SELECT * FROM `yq_type`  [ RunTime:0.0009s ]

[ 2017-04-19T22:03:32+08:00 ] ::1 /yq/index.php/Home/Index/login
INFO: [ app_init ] --START--
INFO: Run Behavior\BuildLiteBehavior [ RunTime:0.001070s ]
INFO: [ app_init ] --END-- [ RunTime:0.021732s ]
INFO: [ app_begin ] --START--
INFO: Run Behavior\ReadHtmlCacheBehavior [ RunTime:0.008792s ]
INFO: [ app_begin ] --END-- [ RunTime:0.014267s ]
SQL: SHOW COLUMNS FROM `yq_user` [ RunTime:0.0089s ]
SQL: UPDATE `yq_user` SET `updatetime`='1492610612' WHERE `userid` = 1 [ RunTime:0.0025s ]
NOTIC: [8] A session had already been started - ignoring session_start() F:\Tools\WampServer\wamp\www\yq\Application\Home\Controller\IndexController.class.php 第 16 行.
NOTIC: [8] A session had already been started - ignoring session_start() F:\Tools\WampServer\wamp\www\yq\Application\Common\Common\function.php 第 6 行.
SQL: SHOW COLUMNS FROM `yq_user` [ RunTime:0.0083s ]
SQL: SELECT * FROM `yq_user` WHERE `username` = 'admin' LIMIT 1   [ RunTime:0.0014s ]
SQL: SHOW COLUMNS FROM `yq_school` [ RunTime:0.0113s ]
SQL: SELECT `schoolid`,`schname` FROM `yq_school` WHERE ( schoolid=1 ) LIMIT 1   [ RunTime:0.0013s ]

[ 2017-04-19T22:04:09+08:00 ] ::1 /yq/
INFO: [ app_init ] --START--
INFO: Run Behavior\BuildLiteBehavior [ RunTime:0.000855s ]
INFO: [ app_init ] --END-- [ RunTime:0.011608s ]
INFO: [ app_begin ] --START--
INFO: Run Behavior\ReadHtmlCacheBehavior [ RunTime:0.004962s ]
INFO: [ app_begin ] --END-- [ RunTime:0.010254s ]
SQL: SHOW COLUMNS FROM `yq_user` [ RunTime:0.0152s ]
SQL: UPDATE `yq_user` SET `updatetime`='1492610649' WHERE `userid` = 1 [ RunTime:0.0032s ]
INFO: [ view_parse ] --START--
INFO: [ template_filter ] --START--
INFO: Run Behavior\ContentReplaceBehavior [ RunTime:0.015227s ]
INFO: [ template_filter ] --END-- [ RunTime:0.020355s ]
INFO: Run Behavior\ParseTemplateBehavior [ RunTime:0.208558s ]
INFO: [ view_parse ] --END-- [ RunTime:0.212620s ]
INFO: [ view_filter ] --START--
INFO: Run Behavior\WriteHtmlCacheBehavior [ RunTime:0.003753s ]
INFO: [ view_filter ] --END-- [ RunTime:0.010437s ]
INFO: [ app_end ] --START--
INFO: Run Behavior\ShowPageTraceBehavior [ RunTime:0.017266s ]
INFO: [ app_end ] --END-- [ RunTime:0.043681s ]

[ 2017-04-19T22:04:11+08:00 ] ::1 /yq/index.php/Home/Index/school
INFO: [ app_init ] --START--
INFO: Run Behavior\BuildLiteBehavior [ RunTime:0.000611s ]
INFO: [ app_init ] --END-- [ RunTime:0.005250s ]
INFO: [ app_begin ] --START--
INFO: Run Behavior\ReadHtmlCacheBehavior [ RunTime:0.003901s ]
INFO: [ app_begin ] --END-- [ RunTime:0.006440s ]
SQL: SHOW COLUMNS FROM `yq_user` [ RunTime:0.0149s ]
SQL: UPDATE `yq_user` SET `updatetime`='1492610651' WHERE `userid` = 1 [ RunTime:0.0036s ]
SQL: SHOW COLUMNS FROM `yq_school` [ RunTime:0.0113s ]
SQL: SELECT * FROM `yq_school`  [ RunTime:0.0011s ]

[ 2017-04-19T22:04:11+08:00 ] ::1 /yq/index.php/Home/Index/login
INFO: [ app_init ] --START--
INFO: Run Behavior\BuildLiteBehavior [ RunTime:0.000635s ]
INFO: [ app_init ] --END-- [ RunTime:0.005839s ]
INFO: [ app_begin ] --START--
INFO: Run Behavior\ReadHtmlCacheBehavior [ RunTime:0.003938s ]
INFO: [ app_begin ] --END-- [ RunTime:0.013013s ]
SQL: SHOW COLUMNS FROM `yq_user` [ RunTime:0.0122s ]
SQL: UPDATE `yq_user` SET `updatetime`='1492610651' WHERE `userid` = 1 [ RunTime:0.0027s ]
NOTIC: [8] A session had already been started - ignoring session_start() F:\Tools\WampServer\wamp\www\yq\Application\Home\Controller\IndexController.class.php 第 16 行.
NOTIC: [8] A session had already been started - ignoring session_start() F:\Tools\WampServer\wamp\www\yq\Application\Common\Common\function.php 第 6 行.
SQL: SHOW COLUMNS FROM `yq_user` [ RunTime:0.0098s ]
SQL: SELECT * FROM `yq_user` WHERE `username` = 'admin' LIMIT 1   [ RunTime:0.0013s ]
SQL: SHOW COLUMNS FROM `yq_school` [ RunTime:0.0100s ]
SQL: SELECT `schoolid`,`schname` FROM `yq_school` WHERE ( schoolid=1 ) LIMIT 1   [ RunTime:0.0012s ]

[ 2017-04-19T22:04:11+08:00 ] ::1 /yq/index.php/Home/Index/type
INFO: [ app_init ] --START--
INFO: Run Behavior\BuildLiteBehavior [ RunTime:0.001165s ]
INFO: [ app_init ] --END-- [ RunTime:0.022389s ]
INFO: [ app_begin ] --START--
INFO: Run Behavior\ReadHtmlCacheBehavior [ RunTime:0.005364s ]
INFO: [ app_begin ] --END-- [ RunTime:0.009722s ]
SQL: SHOW COLUMNS FROM `yq_user` [ RunTime:0.0105s ]
SQL: UPDATE `yq_user` SET `updatetime`='1492610651' WHERE `userid` = 1 [ RunTime:0.0034s ]
SQL: SHOW COLUMNS FROM `yq_type` [ RunTime:0.0095s ]
SQL: SELECT * FROM `yq_type`  [ RunTime:0.0011s ]

[ 2017-04-19T22:09:22+08:00 ] ::1 /yq/
INFO: [ app_init ] --START--
INFO: Run Behavior\BuildLiteBehavior [ RunTime:0.005554s ]
INFO: [ app_init ] --END-- [ RunTime:0.028398s ]
INFO: [ app_begin ] --START--
INFO: Run Behavior\ReadHtmlCacheBehavior [ RunTime:0.005212s ]
INFO: [ app_begin ] --END-- [ RunTime:0.011307s ]
SQL: SHOW COLUMNS FROM `yq_user` [ RunTime:0.0238s ]
SQL: UPDATE `yq_user` SET `updatetime`='1492610962' WHERE `userid` = 1 [ RunTime:0.0046s ]
INFO: [ view_parse ] --START--
INFO: [ template_filter ] --START--
INFO: Run Behavior\ContentReplaceBehavior [ RunTime:0.001793s ]
INFO: [ template_filter ] --END-- [ RunTime:0.004748s ]
INFO: Run Behavior\ParseTemplateBehavior [ RunTime:0.202564s ]
INFO: [ view_parse ] --END-- [ RunTime:0.209799s ]
INFO: [ view_filter ] --START--
INFO: Run Behavior\WriteHtmlCacheBehavior [ RunTime:0.006498s ]
INFO: [ view_filter ] --END-- [ RunTime:0.012072s ]
INFO: [ app_end ] --START--
INFO: Run Behavior\ShowPageTraceBehavior [ RunTime:0.008261s ]
INFO: [ app_end ] --END-- [ RunTime:0.016057s ]

[ 2017-04-19T22:09:23+08:00 ] ::1 /yq/index.php/Home/Index/login
INFO: [ app_init ] --START--
INFO: Run Behavior\BuildLiteBehavior [ RunTime:0.000612s ]
INFO: [ app_init ] --END-- [ RunTime:0.005306s ]
INFO: [ app_begin ] --START--
INFO: Run Behavior\ReadHtmlCacheBehavior [ RunTime:0.003534s ]
INFO: [ app_begin ] --END-- [ RunTime:0.025994s ]
SQL: SHOW COLUMNS FROM `yq_user` [ RunTime:0.0147s ]
SQL: UPDATE `yq_user` SET `updatetime`='1492610963' WHERE `userid` = 1 [ RunTime:0.0040s ]
NOTIC: [8] A session had already been started - ignoring session_start() F:\Tools\WampServer\wamp\www\yq\Application\Home\Controller\IndexController.class.php 第 16 行.
NOTIC: [8] A session had already been started - ignoring session_start() F:\Tools\WampServer\wamp\www\yq\Application\Common\Common\function.php 第 6 行.
SQL: SHOW COLUMNS FROM `yq_user` [ RunTime:0.0145s ]
SQL: SELECT * FROM `yq_user` WHERE `username` = 'admin' LIMIT 1   [ RunTime:0.0015s ]
SQL: SHOW COLUMNS FROM `yq_school` [ RunTime:0.0146s ]
SQL: SELECT `schoolid`,`schname` FROM `yq_school` WHERE ( schoolid=1 ) LIMIT 1   [ RunTime:0.0011s ]

[ 2017-04-19T22:09:23+08:00 ] ::1 /yq/index.php/Home/Index/type
INFO: [ app_init ] --START--
INFO: Run Behavior\BuildLiteBehavior [ RunTime:0.000716s ]
INFO: [ app_init ] --END-- [ RunTime:0.006724s ]
INFO: [ app_begin ] --START--
INFO: Run Behavior\ReadHtmlCacheBehavior [ RunTime:0.004633s ]
INFO: [ app_begin ] --END-- [ RunTime:0.009319s ]
SQL: SHOW COLUMNS FROM `yq_user` [ RunTime:0.0257s ]
SQL: UPDATE `yq_user` SET `updatetime`='1492610963' WHERE `userid` = 1 [ RunTime:0.0032s ]
SQL: SHOW COLUMNS FROM `yq_type` [ RunTime:0.0097s ]
SQL: SELECT * FROM `yq_type`  [ RunTime:0.0011s ]

[ 2017-04-19T22:09:24+08:00 ] ::1 /yq/index.php/Home/Index/school
INFO: [ app_init ] --START--
INFO: Run Behavior\BuildLiteBehavior [ RunTime:0.000617s ]
INFO: [ app_init ] --END-- [ RunTime:0.013884s ]
INFO: [ app_begin ] --START--
INFO: Run Behavior\ReadHtmlCacheBehavior [ RunTime:0.016836s ]
INFO: [ app_begin ] --END-- [ RunTime:0.021754s ]
SQL: SHOW COLUMNS FROM `yq_user` [ RunTime:0.0116s ]
SQL: UPDATE `yq_user` SET `updatetime`='1492610963' WHERE `userid` = 1 [ RunTime:0.0032s ]
SQL: SHOW COLUMNS FROM `yq_school` [ RunTime:0.0173s ]
SQL: SELECT * FROM `yq_school`  [ RunTime:0.0016s ]

[ 2017-04-19T22:09:56+08:00 ] ::1 /yq/
INFO: [ app_init ] --START--
INFO: Run Behavior\BuildLiteBehavior [ RunTime:0.000714s ]
INFO: [ app_init ] --END-- [ RunTime:0.020092s ]
INFO: [ app_begin ] --START--
INFO: Run Behavior\ReadHtmlCacheBehavior [ RunTime:0.014352s ]
INFO: [ app_begin ] --END-- [ RunTime:0.017706s ]
SQL: SHOW COLUMNS FROM `yq_user` [ RunTime:0.0178s ]
SQL: UPDATE `yq_user` SET `updatetime`='1492610996' WHERE `userid` = 1 [ RunTime:0.0038s ]
INFO: [ view_parse ] --START--
INFO: [ template_filter ] --START--
INFO: Run Behavior\ContentReplaceBehavior [ RunTime:0.001829s ]
INFO: [ template_filter ] --END-- [ RunTime:0.004435s ]
INFO: Run Behavior\ParseTemplateBehavior [ RunTime:0.275084s ]
INFO: [ view_parse ] --END-- [ RunTime:0.278089s ]
INFO: [ view_filter ] --START--
INFO: Run Behavior\WriteHtmlCacheBehavior [ RunTime:0.006834s ]
INFO: [ view_filter ] --END-- [ RunTime:0.010995s ]
INFO: [ app_end ] --START--
INFO: Run Behavior\ShowPageTraceBehavior [ RunTime:0.010879s ]
INFO: [ app_end ] --END-- [ RunTime:0.014357s ]

[ 2017-04-19T22:09:57+08:00 ] ::1 /yq/index.php/Home/Index/school
INFO: [ app_init ] --START--
INFO: Run Behavior\BuildLiteBehavior [ RunTime:0.000429s ]
INFO: [ app_init ] --END-- [ RunTime:0.003899s ]
INFO: [ app_begin ] --START--
INFO: Run Behavior\ReadHtmlCacheBehavior [ RunTime:0.073407s ]
INFO: [ app_begin ] --END-- [ RunTime:0.075175s ]
SQL: SHOW COLUMNS FROM `yq_user` [ RunTime:0.0138s ]
SQL: UPDATE `yq_user` SET `updatetime`='1492610997' WHERE `userid` = 1 [ RunTime:0.0033s ]
SQL: SHOW COLUMNS FROM `yq_school` [ RunTime:0.0111s ]
SQL: SELECT * FROM `yq_school`  [ RunTime:0.0009s ]

[ 2017-04-19T22:09:57+08:00 ] ::1 /yq/index.php/Home/Index/login
INFO: [ app_init ] --START--
INFO: Run Behavior\BuildLiteBehavior [ RunTime:0.000460s ]
INFO: [ app_init ] --END-- [ RunTime:0.004070s ]
INFO: [ app_begin ] --START--
INFO: Run Behavior\ReadHtmlCacheBehavior [ RunTime:0.069256s ]
INFO: [ app_begin ] --END-- [ RunTime:0.071273s ]
SQL: SHOW COLUMNS FROM `yq_user` [ RunTime:0.0127s ]
SQL: UPDATE `yq_user` SET `updatetime`='1492610997' WHERE `userid` = 1 [ RunTime:0.0027s ]
NOTIC: [8] A session had already been started - ignoring session_start() F:\Tools\WampServer\wamp\www\yq\Application\Home\Controller\IndexController.class.php 第 16 行.
NOTIC: [8] A session had already been started - ignoring session_start() F:\Tools\WampServer\wamp\www\yq\Application\Common\Common\function.php 第 6 行.
SQL: SHOW COLUMNS FROM `yq_user` [ RunTime:0.0112s ]
SQL: SELECT * FROM `yq_user` WHERE `username` = 'admin' LIMIT 1   [ RunTime:0.0010s ]
SQL: SHOW COLUMNS FROM `yq_school` [ RunTime:0.0109s ]
SQL: SELECT `schoolid`,`schname` FROM `yq_school` WHERE ( schoolid=1 ) LIMIT 1   [ RunTime:0.0009s ]

[ 2017-04-19T22:09:57+08:00 ] ::1 /yq/index.php/Home/Index/type
INFO: [ app_init ] --START--
INFO: Run Behavior\BuildLiteBehavior [ RunTime:0.000488s ]
INFO: [ app_init ] --END-- [ RunTime:0.003807s ]
INFO: [ app_begin ] --START--
INFO: Run Behavior\ReadHtmlCacheBehavior [ RunTime:0.002834s ]
INFO: [ app_begin ] --END-- [ RunTime:0.051670s ]
SQL: SHOW COLUMNS FROM `yq_user` [ RunTime:0.0400s ]
SQL: UPDATE `yq_user` SET `updatetime`='1492610997' WHERE `userid` = 1 [ RunTime:0.0031s ]
SQL: SHOW COLUMNS FROM `yq_type` [ RunTime:0.0125s ]
SQL: SELECT * FROM `yq_type`  [ RunTime:0.0008s ]

[ 2017-04-19T22:14:34+08:00 ] ::1 /yq/
INFO: [ app_init ] --START--
INFO: Run Behavior\BuildLiteBehavior [ RunTime:0.000747s ]
INFO: [ app_init ] --END-- [ RunTime:0.005433s ]
INFO: [ app_begin ] --START--
INFO: Run Behavior\ReadHtmlCacheBehavior [ RunTime:0.005066s ]
INFO: [ app_begin ] --END-- [ RunTime:0.008053s ]
SQL: SHOW COLUMNS FROM `yq_user` [ RunTime:0.0147s ]
SQL: UPDATE `yq_user` SET `updatetime`='1492611274' WHERE `userid` = 1 [ RunTime:0.0030s ]
INFO: [ view_parse ] --START--
INFO: [ template_filter ] --START--
INFO: Run Behavior\ContentReplaceBehavior [ RunTime:0.001097s ]
INFO: [ template_filter ] --END-- [ RunTime:0.002918s ]
INFO: Run Behavior\ParseTemplateBehavior [ RunTime:0.108025s ]
INFO: [ view_parse ] --END-- [ RunTime:0.109863s ]
INFO: [ view_filter ] --START--
INFO: Run Behavior\WriteHtmlCacheBehavior [ RunTime:0.002204s ]
INFO: [ view_filter ] --END-- [ RunTime:0.004539s ]
INFO: [ app_end ] --START--
INFO: Run Behavior\ShowPageTraceBehavior [ RunTime:0.003390s ]
INFO: [ app_end ] --END-- [ RunTime:0.005900s ]

[ 2017-04-19T22:14:42+08:00 ] ::1 /yq/
INFO: [ app_init ] --START--
INFO: Run Behavior\BuildLiteBehavior [ RunTime:0.000418s ]
INFO: [ app_init ] --END-- [ RunTime:0.003744s ]
INFO: [ app_begin ] --START--
INFO: Run Behavior\ReadHtmlCacheBehavior [ RunTime:0.003204s ]
INFO: [ app_begin ] --END-- [ RunTime:0.006777s ]
SQL: SHOW COLUMNS FROM `yq_user` [ RunTime:0.0152s ]
SQL: UPDATE `yq_user` SET `updatetime`='1492611282' WHERE `userid` = 1 [ RunTime:0.0034s ]
INFO: [ view_parse ] --START--
INFO: [ template_filter ] --START--
INFO: Run Behavior\ContentReplaceBehavior [ RunTime:0.001025s ]
INFO: [ template_filter ] --END-- [ RunTime:0.003294s ]
INFO: Run Behavior\ParseTemplateBehavior [ RunTime:0.113971s ]
INFO: [ view_parse ] --END-- [ RunTime:0.116001s ]
INFO: [ view_filter ] --START--
INFO: Run Behavior\WriteHtmlCacheBehavior [ RunTime:0.001682s ]
INFO: [ view_filter ] --END-- [ RunTime:0.003143s ]
INFO: [ app_end ] --START--
INFO: Run Behavior\ShowPageTraceBehavior [ RunTime:0.009280s ]
INFO: [ app_end ] --END-- [ RunTime:0.022354s ]

[ 2017-04-19T22:14:43+08:00 ] ::1 /yq/index.php/Home/Index/login
INFO: [ app_init ] --START--
INFO: Run Behavior\BuildLiteBehavior [ RunTime:0.000399s ]
INFO: [ app_init ] --END-- [ RunTime:0.005281s ]
INFO: [ app_begin ] --START--
INFO: Run Behavior\ReadHtmlCacheBehavior [ RunTime:0.002129s ]
INFO: [ app_begin ] --END-- [ RunTime:0.004050s ]
SQL: SHOW COLUMNS FROM `yq_user` [ RunTime:0.0120s ]
SQL: UPDATE `yq_user` SET `updatetime`='1492611283' WHERE `userid` = 1 [ RunTime:0.0032s ]
NOTIC: [8] A session had already been started - ignoring session_start() F:\Tools\WampServer\wamp\www\yq\Application\Home\Controller\IndexController.class.php 第 16 行.
NOTIC: [8] A session had already been started - ignoring session_start() F:\Tools\WampServer\wamp\www\yq\Application\Common\Common\function.php 第 6 行.
SQL: SHOW COLUMNS FROM `yq_user` [ RunTime:0.0115s ]
SQL: SELECT * FROM `yq_user` WHERE `username` = 'admin' LIMIT 1   [ RunTime:0.0010s ]
SQL: SHOW COLUMNS FROM `yq_school` [ RunTime:0.0119s ]
SQL: SELECT `schoolid`,`schname` FROM `yq_school` WHERE ( schoolid=1 ) LIMIT 1   [ RunTime:0.0009s ]

[ 2017-04-19T22:14:43+08:00 ] ::1 /yq/index.php/Home/Index/type
INFO: [ app_init ] --START--
INFO: Run Behavior\BuildLiteBehavior [ RunTime:0.000618s ]
INFO: [ app_init ] --END-- [ RunTime:0.005300s ]
INFO: [ app_begin ] --START--
INFO: Run Behavior\ReadHtmlCacheBehavior [ RunTime:0.002248s ]
INFO: [ app_begin ] --END-- [ RunTime:0.003804s ]
SQL: SHOW COLUMNS FROM `yq_user` [ RunTime:0.0123s ]
SQL: UPDATE `yq_user` SET `updatetime`='1492611283' WHERE `userid` = 1 [ RunTime:0.0031s ]
SQL: SHOW COLUMNS FROM `yq_type` [ RunTime:0.0215s ]
SQL: SELECT * FROM `yq_type`  [ RunTime:0.0009s ]

[ 2017-04-19T22:14:43+08:00 ] ::1 /yq/index.php/Home/Index/school
INFO: [ app_init ] --START--
INFO: Run Behavior\BuildLiteBehavior [ RunTime:0.000375s ]
INFO: [ app_init ] --END-- [ RunTime:0.003456s ]
INFO: [ app_begin ] --START--
INFO: Run Behavior\ReadHtmlCacheBehavior [ RunTime:0.002919s ]
INFO: [ app_begin ] --END-- [ RunTime:0.004476s ]
SQL: SHOW COLUMNS FROM `yq_user` [ RunTime:0.0115s ]
SQL: UPDATE `yq_user` SET `updatetime`='1492611283' WHERE `userid` = 1 [ RunTime:0.0068s ]
SQL: SHOW COLUMNS FROM `yq_school` [ RunTime:0.0128s ]
SQL: SELECT * FROM `yq_school`  [ RunTime:0.0009s ]

[ 2017-04-19T22:16:14+08:00 ] ::1 /yq/index.php/
INFO: [ app_init ] --START--
INFO: Run Behavior\BuildLiteBehavior [ RunTime:0.003841s ]
INFO: [ app_init ] --END-- [ RunTime:0.029014s ]
INFO: [ app_begin ] --START--
INFO: Run Behavior\ReadHtmlCacheBehavior [ RunTime:0.005177s ]
INFO: [ app_begin ] --END-- [ RunTime:0.011479s ]
SQL: SHOW COLUMNS FROM `yq_user` [ RunTime:0.0249s ]
SQL: UPDATE `yq_user` SET `updatetime`='1492611374' WHERE `userid` = 1 [ RunTime:0.0051s ]
INFO: [ view_parse ] --START--
INFO: [ template_filter ] --START--
INFO: Run Behavior\ContentReplaceBehavior [ RunTime:0.004433s ]
INFO: [ template_filter ] --END-- [ RunTime:0.010054s ]
INFO: Run Behavior\ParseTemplateBehavior [ RunTime:0.210714s ]
INFO: [ view_parse ] --END-- [ RunTime:0.215328s ]
INFO: [ view_filter ] --START--
INFO: Run Behavior\WriteHtmlCacheBehavior [ RunTime:0.005422s ]
INFO: [ view_filter ] --END-- [ RunTime:0.010792s ]
INFO: [ app_end ] --START--
INFO: Run Behavior\ShowPageTraceBehavior [ RunTime:0.011755s ]
INFO: [ app_end ] --END-- [ RunTime:0.018451s ]

[ 2017-04-19T22:22:51+08:00 ] ::1 /yq/
INFO: [ app_init ] --START--
INFO: Run Behavior\BuildLiteBehavior [ RunTime:0.000856s ]
INFO: [ app_init ] --END-- [ RunTime:0.007783s ]
INFO: [ app_begin ] --START--
INFO: Run Behavior\ReadHtmlCacheBehavior [ RunTime:0.005972s ]
INFO: [ app_begin ] --END-- [ RunTime:0.010717s ]
SQL: SHOW COLUMNS FROM `yq_user` [ RunTime:0.0251s ]
SQL: UPDATE `yq_user` SET `updatetime`='1492611771' WHERE `userid` = 1 [ RunTime:0.0037s ]
INFO: [ view_parse ] --START--
INFO: [ template_filter ] --START--
INFO: Run Behavior\ContentReplaceBehavior [ RunTime:0.002476s ]
INFO: [ template_filter ] --END-- [ RunTime:0.006337s ]
INFO: Run Behavior\ParseTemplateBehavior [ RunTime:0.261152s ]
INFO: [ view_parse ] --END-- [ RunTime:0.266288s ]
INFO: [ view_filter ] --START--
INFO: Run Behavior\WriteHtmlCacheBehavior [ RunTime:0.004006s ]
INFO: [ view_filter ] --END-- [ RunTime:0.026301s ]
INFO: [ app_end ] --START--
INFO: Run Behavior\ShowPageTraceBehavior [ RunTime:0.024902s ]
INFO: [ app_end ] --END-- [ RunTime:0.031673s ]

[ 2017-04-19T22:22:52+08:00 ] ::1 /yq/index.php/Home/Index/school
INFO: [ app_init ] --START--
INFO: Run Behavior\BuildLiteBehavior [ RunTime:0.000600s ]
INFO: [ app_init ] --END-- [ RunTime:0.005851s ]
INFO: [ app_begin ] --START--
INFO: Run Behavior\ReadHtmlCacheBehavior [ RunTime:0.003298s ]
INFO: [ app_begin ] --END-- [ RunTime:0.006318s ]
SQL: SHOW COLUMNS FROM `yq_user` [ RunTime:0.0118s ]
SQL: UPDATE `yq_user` SET `updatetime`='1492611772' WHERE `userid` = 1 [ RunTime:0.0028s ]
SQL: SHOW COLUMNS FROM `yq_school` [ RunTime:0.0100s ]
SQL: SELECT * FROM `yq_school`  [ RunTime:0.0011s ]

[ 2017-04-19T22:22:53+08:00 ] ::1 /yq/index.php/Home/Index/type
INFO: [ app_init ] --START--
INFO: Run Behavior\BuildLiteBehavior [ RunTime:0.000514s ]
INFO: [ app_init ] --END-- [ RunTime:0.005308s ]
INFO: [ app_begin ] --START--
INFO: Run Behavior\ReadHtmlCacheBehavior [ RunTime:0.017504s ]
INFO: [ app_begin ] --END-- [ RunTime:0.019733s ]
SQL: SHOW COLUMNS FROM `yq_user` [ RunTime:0.0121s ]
SQL: UPDATE `yq_user` SET `updatetime`='1492611772' WHERE `userid` = 1 [ RunTime:0.0030s ]
SQL: SHOW COLUMNS FROM `yq_type` [ RunTime:0.0101s ]
SQL: SELECT * FROM `yq_type`  [ RunTime:0.0009s ]

[ 2017-04-19T22:22:53+08:00 ] ::1 /yq/index.php/Home/Index/login
INFO: [ app_init ] --START--
INFO: Run Behavior\BuildLiteBehavior [ RunTime:0.001047s ]
INFO: [ app_init ] --END-- [ RunTime:0.005902s ]
INFO: [ app_begin ] --START--
INFO: Run Behavior\ReadHtmlCacheBehavior [ RunTime:0.002978s ]
INFO: [ app_begin ] --END-- [ RunTime:0.005926s ]
SQL: SHOW COLUMNS FROM `yq_user` [ RunTime:0.0078s ]
SQL: UPDATE `yq_user` SET `updatetime`='1492611773' WHERE `userid` = 1 [ RunTime:0.0023s ]
NOTIC: [8] A session had already been started - ignoring session_start() F:\Tools\WampServer\wamp\www\yq\Application\Home\Controller\IndexController.class.php 第 16 行.
NOTIC: [8] A session had already been started - ignoring session_start() F:\Tools\WampServer\wamp\www\yq\Application\Common\Common\function.php 第 6 行.
SQL: SHOW COLUMNS FROM `yq_user` [ RunTime:0.0063s ]
SQL: SELECT * FROM `yq_user` WHERE `username` = 'admin' LIMIT 1   [ RunTime:0.0009s ]
SQL: SHOW COLUMNS FROM `yq_school` [ RunTime:0.0062s ]
SQL: SELECT `schoolid`,`schname` FROM `yq_school` WHERE ( schoolid=1 ) LIMIT 1   [ RunTime:0.0006s ]

[ 2017-04-19T22:32:01+08:00 ] ::1 /yq/
INFO: [ app_init ] --START--
INFO: Run Behavior\BuildLiteBehavior [ RunTime:0.000399s ]
INFO: [ app_init ] --END-- [ RunTime:0.005148s ]
INFO: [ app_begin ] --START--
INFO: Run Behavior\ReadHtmlCacheBehavior [ RunTime:0.002318s ]
INFO: [ app_begin ] --END-- [ RunTime:0.005376s ]
SQL: SHOW COLUMNS FROM `yq_user` [ RunTime:0.0091s ]
SQL: UPDATE `yq_user` SET `updatetime`='1492612321' WHERE `userid` = 1 [ RunTime:0.0023s ]
INFO: [ view_parse ] --START--
INFO: [ template_filter ] --START--
INFO: Run Behavior\ContentReplaceBehavior [ RunTime:0.000788s ]
INFO: [ template_filter ] --END-- [ RunTime:0.002124s ]
INFO: Run Behavior\ParseTemplateBehavior [ RunTime:0.062337s ]
INFO: [ view_parse ] --END-- [ RunTime:0.064005s ]
INFO: [ view_filter ] --START--
INFO: Run Behavior\WriteHtmlCacheBehavior [ RunTime:0.001962s ]
INFO: [ view_filter ] --END-- [ RunTime:0.003558s ]
INFO: [ app_end ] --START--
INFO: Run Behavior\ShowPageTraceBehavior [ RunTime:0.002512s ]
INFO: [ app_end ] --END-- [ RunTime:0.005439s ]

[ 2017-04-19T22:32:02+08:00 ] ::1 /yq/index.php/Home/Index/school
INFO: [ app_init ] --START--
INFO: Run Behavior\BuildLiteBehavior [ RunTime:0.000437s ]
INFO: [ app_init ] --END-- [ RunTime:0.003924s ]
INFO: [ app_begin ] --START--
INFO: Run Behavior\ReadHtmlCacheBehavior [ RunTime:0.002824s ]
INFO: [ app_begin ] --END-- [ RunTime:0.005089s ]
SQL: SHOW COLUMNS FROM `yq_user` [ RunTime:0.0087s ]
SQL: UPDATE `yq_user` SET `updatetime`='1492612321' WHERE `userid` = 1 [ RunTime:0.0024s ]
SQL: SHOW COLUMNS FROM `yq_school` [ RunTime:0.0074s ]
SQL: SELECT * FROM `yq_school`  [ RunTime:0.0008s ]

[ 2017-04-19T22:32:02+08:00 ] ::1 /yq/index.php/Home/Index/type
INFO: [ app_init ] --START--
INFO: Run Behavior\BuildLiteBehavior [ RunTime:0.000476s ]
INFO: [ app_init ] --END-- [ RunTime:0.005513s ]
INFO: [ app_begin ] --START--
INFO: Run Behavior\ReadHtmlCacheBehavior [ RunTime:0.002553s ]
INFO: [ app_begin ] --END-- [ RunTime:0.004697s ]
SQL: SHOW COLUMNS FROM `yq_user` [ RunTime:0.0079s ]
SQL: UPDATE `yq_user` SET `updatetime`='1492612322' WHERE `userid` = 1 [ RunTime:0.0057s ]
SQL: SHOW COLUMNS FROM `yq_type` [ RunTime:0.0070s ]
SQL: SELECT * FROM `yq_type`  [ RunTime:0.0008s ]

[ 2017-04-19T22:32:02+08:00 ] ::1 /yq/index.php/Home/Index/login
INFO: [ app_init ] --START--
INFO: Run Behavior\BuildLiteBehavior [ RunTime:0.000433s ]
INFO: [ app_init ] --END-- [ RunTime:0.025176s ]
INFO: [ app_begin ] --START--
INFO: Run Behavior\ReadHtmlCacheBehavior [ RunTime:0.002159s ]
INFO: [ app_begin ] --END-- [ RunTime:0.003882s ]
SQL: SHOW COLUMNS FROM `yq_user` [ RunTime:0.0078s ]
SQL: UPDATE `yq_user` SET `updatetime`='1492612322' WHERE `userid` = 1 [ RunTime:0.0022s ]
NOTIC: [8] A session had already been started - ignoring session_start() F:\Tools\WampServer\wamp\www\yq\Application\Home\Controller\IndexController.class.php 第 16 行.
NOTIC: [8] A session had already been started - ignoring session_start() F:\Tools\WampServer\wamp\www\yq\Application\Common\Common\function.php 第 6 行.
SQL: SHOW COLUMNS FROM `yq_user` [ RunTime:0.0076s ]
SQL: SELECT * FROM `yq_user` WHERE `username` = 'admin' LIMIT 1   [ RunTime:0.0009s ]
SQL: SHOW COLUMNS FROM `yq_school` [ RunTime:0.0077s ]
SQL: SELECT `schoolid`,`schname` FROM `yq_school` WHERE ( schoolid=1 ) LIMIT 1   [ RunTime:0.0008s ]

[ 2017-04-19T22:32:15+08:00 ] ::1 /yq/index.php/undefined
INFO: [ app_init ] --START--
INFO: Run Behavior\BuildLiteBehavior [ RunTime:0.000468s ]
INFO: [ app_init ] --END-- [ RunTime:0.004621s ]
INFO: [ app_begin ] --START--
INFO: Run Behavior\ReadHtmlCacheBehavior [ RunTime:0.002787s ]
INFO: [ app_begin ] --END-- [ RunTime:0.005178s ]
ERR: 无法加载控制器:Undefined

[ 2017-04-19T22:32:17+08:00 ] ::1 /yq/index.php/undefined
INFO: [ app_init ] --START--
INFO: Run Behavior\BuildLiteBehavior [ RunTime:0.000862s ]
INFO: [ app_init ] --END-- [ RunTime:0.005340s ]
INFO: [ app_begin ] --START--
INFO: Run Behavior\ReadHtmlCacheBehavior [ RunTime:0.002573s ]
INFO: [ app_begin ] --END-- [ RunTime:0.005126s ]
ERR: 无法加载控制器:Undefined

[ 2017-04-19T22:34:37+08:00 ] ::1 /yq/
INFO: [ app_init ] --START--
INFO: Run Behavior\BuildLiteBehavior [ RunTime:0.000824s ]
INFO: [ app_init ] --END-- [ RunTime:0.006631s ]
INFO: [ app_begin ] --START--
INFO: Run Behavior\ReadHtmlCacheBehavior [ RunTime:0.002626s ]
INFO: [ app_begin ] --END-- [ RunTime:0.008270s ]
SQL: SHOW COLUMNS FROM `yq_user` [ RunTime:0.0229s ]
SQL: UPDATE `yq_user` SET `updatetime`='1492612477' WHERE `userid` = 1 [ RunTime:0.0038s ]
INFO: [ view_parse ] --START--
INFO: [ template_filter ] --START--
INFO: Run Behavior\ContentReplaceBehavior [ RunTime:0.003022s ]
INFO: [ template_filter ] --END-- [ RunTime:0.007539s ]
INFO: Run Behavior\ParseTemplateBehavior [ RunTime:0.212981s ]
INFO: [ view_parse ] --END-- [ RunTime:0.217690s ]
INFO: [ view_filter ] --START--
INFO: Run Behavior\WriteHtmlCacheBehavior [ RunTime:0.007350s ]
INFO: [ view_filter ] --END-- [ RunTime:0.012982s ]
INFO: [ app_end ] --START--
INFO: Run Behavior\ShowPageTraceBehavior [ RunTime:0.013361s ]
INFO: [ app_end ] --END-- [ RunTime:0.022150s ]

[ 2017-04-19T22:34:39+08:00 ] ::1 /yq/index.php/Home/Index/school
INFO: [ app_init ] --START--
INFO: Run Behavior\BuildLiteBehavior [ RunTime:0.001006s ]
INFO: [ app_init ] --END-- [ RunTime:0.008755s ]
INFO: [ app_begin ] --START--
INFO: Run Behavior\ReadHtmlCacheBehavior [ RunTime:0.009195s ]
INFO: [ app_begin ] --END-- [ RunTime:0.012640s ]
SQL: SHOW COLUMNS FROM `yq_user` [ RunTime:0.0185s ]
SQL: UPDATE `yq_user` SET `updatetime`='1492612478' WHERE `userid` = 1 [ RunTime:0.0040s ]
SQL: SHOW COLUMNS FROM `yq_school` [ RunTime:0.0165s ]
SQL: SELECT * FROM `yq_school`  [ RunTime:0.0014s ]

[ 2017-04-19T22:34:39+08:00 ] ::1 /yq/index.php/Home/Index/type
INFO: [ app_init ] --START--
INFO: Run Behavior\BuildLiteBehavior [ RunTime:0.000766s ]
INFO: [ app_init ] --END-- [ RunTime:0.006876s ]
INFO: [ app_begin ] --START--
INFO: Run Behavior\ReadHtmlCacheBehavior [ RunTime:0.003805s ]
INFO: [ app_begin ] --END-- [ RunTime:0.007230s ]
SQL: SHOW COLUMNS FROM `yq_user` [ RunTime:0.0165s ]
SQL: UPDATE `yq_user` SET `updatetime`='1492612479' WHERE `userid` = 1 [ RunTime:0.0028s ]
SQL: SHOW COLUMNS FROM `yq_type` [ RunTime:0.0152s ]
SQL: SELECT * FROM `yq_type`  [ RunTime:0.0013s ]

[ 2017-04-19T22:34:39+08:00 ] ::1 /yq/index.php/Home/Index/login
INFO: [ app_init ] --START--
INFO: Run Behavior\BuildLiteBehavior [ RunTime:0.000865s ]
INFO: [ app_init ] --END-- [ RunTime:0.008425s ]
INFO: [ app_begin ] --START--
INFO: Run Behavior\ReadHtmlCacheBehavior [ RunTime:0.003735s ]
INFO: [ app_begin ] --END-- [ RunTime:0.008089s ]
SQL: SHOW COLUMNS FROM `yq_user` [ RunTime:0.0142s ]
SQL: UPDATE `yq_user` SET `updatetime`='1492612479' WHERE `userid` = 1 [ RunTime:0.0030s ]
NOTIC: [8] A session had already been started - ignoring session_start() F:\Tools\WampServer\wamp\www\yq\Application\Home\Controller\IndexController.class.php 第 16 行.
NOTIC: [8] A session had already been started - ignoring session_start() F:\Tools\WampServer\wamp\www\yq\Application\Common\Common\function.php 第 6 行.
SQL: SHOW COLUMNS FROM `yq_user` [ RunTime:0.0157s ]
SQL: SELECT * FROM `yq_user` WHERE `username` = 'admin' LIMIT 1   [ RunTime:0.0011s ]
SQL: SHOW COLUMNS FROM `yq_school` [ RunTime:0.0140s ]
SQL: SELECT `schoolid`,`schname` FROM `yq_school` WHERE ( schoolid=1 ) LIMIT 1   [ RunTime:0.0009s ]

[ 2017-04-19T22:34:42+08:00 ] ::1 /yq/index.php/undefined
INFO: [ app_init ] --START--
INFO: Run Behavior\BuildLiteBehavior [ RunTime:0.000607s ]
INFO: [ app_init ] --END-- [ RunTime:0.004866s ]
INFO: [ app_begin ] --START--
INFO: Run Behavior\ReadHtmlCacheBehavior [ RunTime:0.002570s ]
INFO: [ app_begin ] --END-- [ RunTime:0.004630s ]
ERR: 无法加载控制器:Undefined

[ 2017-04-19T22:34:48+08:00 ] ::1 /yq/index.php/undefined
INFO: [ app_init ] --START--
INFO: Run Behavior\BuildLiteBehavior [ RunTime:0.000506s ]
INFO: [ app_init ] --END-- [ RunTime:0.004162s ]
INFO: [ app_begin ] --START--
INFO: Run Behavior\ReadHtmlCacheBehavior [ RunTime:0.003519s ]
INFO: [ app_begin ] --END-- [ RunTime:0.005810s ]
ERR: 无法加载控制器:Undefined

[ 2017-04-19T22:35:06+08:00 ] ::1 /yq/index.php/undefined
INFO: [ app_init ] --START--
INFO: Run Behavior\BuildLiteBehavior [ RunTime:0.000862s ]
INFO: [ app_init ] --END-- [ RunTime:0.007000s ]
INFO: [ app_begin ] --START--
INFO: Run Behavior\ReadHtmlCacheBehavior [ RunTime:0.004145s ]
INFO: [ app_begin ] --END-- [ RunTime:0.007094s ]
ERR: 无法加载控制器:Undefined

[ 2017-04-19T22:35:10+08:00 ] ::1 /yq/index.php/undefined
INFO: [ app_init ] --START--
INFO: Run Behavior\BuildLiteBehavior [ RunTime:0.000535s ]
INFO: [ app_init ] --END-- [ RunTime:0.005138s ]
INFO: [ app_begin ] --START--
INFO: Run Behavior\ReadHtmlCacheBehavior [ RunTime:0.002479s ]
INFO: [ app_begin ] --END-- [ RunTime:0.006474s ]
ERR: 无法加载控制器:Undefined

[ 2017-04-19T22:38:12+08:00 ] ::1 /yq/
INFO: [ app_init ] --START--
INFO: Run Behavior\BuildLiteBehavior [ RunTime:0.000474s ]
INFO: [ app_init ] --END-- [ RunTime:0.004576s ]
INFO: [ app_begin ] --START--
INFO: Run Behavior\ReadHtmlCacheBehavior [ RunTime:0.002546s ]
INFO: [ app_begin ] --END-- [ RunTime:0.005261s ]
SQL: SHOW COLUMNS FROM `yq_user` [ RunTime:0.0209s ]
SQL: UPDATE `yq_user` SET `updatetime`='1492612692' WHERE `userid` = 1 [ RunTime:0.0040s ]
INFO: [ view_parse ] --START--
INFO: [ template_filter ] --START--
INFO: Run Behavior\ContentReplaceBehavior [ RunTime:0.001594s ]
INFO: [ template_filter ] --END-- [ RunTime:0.003628s ]
INFO: Run Behavior\ParseTemplateBehavior [ RunTime:0.107250s ]
INFO: [ view_parse ] --END-- [ RunTime:0.109345s ]
INFO: [ view_filter ] --START--
INFO: Run Behavior\WriteHtmlCacheBehavior [ RunTime:0.004950s ]
INFO: [ view_filter ] --END-- [ RunTime:0.007193s ]
INFO: [ app_end ] --START--
INFO: Run Behavior\ShowPageTraceBehavior [ RunTime:0.004748s ]
INFO: [ app_end ] --END-- [ RunTime:0.008552s ]

[ 2017-04-19T22:38:16+08:00 ] ::1 /yq/
INFO: [ app_init ] --START--
INFO: Run Behavior\BuildLiteBehavior [ RunTime:0.000969s ]
INFO: [ app_init ] --END-- [ RunTime:0.006039s ]
INFO: [ app_begin ] --START--
INFO: Run Behavior\ReadHtmlCacheBehavior [ RunTime:0.004562s ]
INFO: [ app_begin ] --END-- [ RunTime:0.007426s ]
SQL: SHOW COLUMNS FROM `yq_user` [ RunTime:0.0200s ]
SQL: UPDATE `yq_user` SET `updatetime`='1492612696' WHERE `userid` = 1 [ RunTime:0.0040s ]
INFO: [ view_parse ] --START--
INFO: [ template_filter ] --START--
INFO: Run Behavior\ContentReplaceBehavior [ RunTime:0.001590s ]
INFO: [ template_filter ] --END-- [ RunTime:0.004786s ]
INFO: Run Behavior\ParseTemplateBehavior [ RunTime:0.126799s ]
INFO: [ view_parse ] --END-- [ RunTime:0.129515s ]
INFO: [ view_filter ] --START--
INFO: Run Behavior\WriteHtmlCacheBehavior [ RunTime:0.003531s ]
INFO: [ view_filter ] --END-- [ RunTime:0.007093s ]
INFO: [ app_end ] --START--
INFO: Run Behavior\ShowPageTraceBehavior [ RunTime:0.004859s ]
INFO: [ app_end ] --END-- [ RunTime:0.011144s ]

[ 2017-04-19T22:38:19+08:00 ] ::1 /yq/
INFO: [ app_init ] --START--
INFO: Run Behavior\BuildLiteBehavior [ RunTime:0.000639s ]
INFO: [ app_init ] --END-- [ RunTime:0.004811s ]
INFO: [ app_begin ] --START--
INFO: Run Behavior\ReadHtmlCacheBehavior [ RunTime:0.002431s ]
INFO: [ app_begin ] --END-- [ RunTime:0.005318s ]
SQL: SHOW COLUMNS FROM `yq_user` [ RunTime:0.0186s ]
SQL: UPDATE `yq_user` SET `updatetime`='1492612699' WHERE `userid` = 1 [ RunTime:0.0041s ]
INFO: [ view_parse ] --START--
INFO: [ template_filter ] --START--
INFO: Run Behavior\ContentReplaceBehavior [ RunTime:0.002897s ]
INFO: [ template_filter ] --END-- [ RunTime:0.005652s ]
INFO: Run Behavior\ParseTemplateBehavior [ RunTime:0.115214s ]
INFO: [ view_parse ] --END-- [ RunTime:0.117624s ]
INFO: [ view_filter ] --START--
INFO: Run Behavior\WriteHtmlCacheBehavior [ RunTime:0.002722s ]
INFO: [ view_filter ] --END-- [ RunTime:0.004836s ]
INFO: [ app_end ] --START--
INFO: Run Behavior\ShowPageTraceBehavior [ RunTime:0.006601s ]
INFO: [ app_end ] --END-- [ RunTime:0.012490s ]

[ 2017-04-19T22:44:42+08:00 ] ::1 /yq/
INFO: [ app_init ] --START--
INFO: Run Behavior\BuildLiteBehavior [ RunTime:0.000682s ]
INFO: [ app_init ] --END-- [ RunTime:0.004849s ]
INFO: [ app_begin ] --START--
INFO: Run Behavior\ReadHtmlCacheBehavior [ RunTime:0.002302s ]
INFO: [ app_begin ] --END-- [ RunTime:0.004620s ]
SQL: SHOW COLUMNS FROM `yq_user` [ RunTime:0.0162s ]
SQL: UPDATE `yq_user` SET `updatetime`='1492613082' WHERE `userid` = 1 [ RunTime:0.0034s ]
INFO: [ view_parse ] --START--
INFO: [ template_filter ] --START--
INFO: Run Behavior\ContentReplaceBehavior [ RunTime:0.006779s ]
INFO: [ template_filter ] --END-- [ RunTime:0.009148s ]
INFO: Run Behavior\ParseTemplateBehavior [ RunTime:0.131106s ]
INFO: [ view_parse ] --END-- [ RunTime:0.133718s ]
INFO: [ view_filter ] --START--
INFO: Run Behavior\WriteHtmlCacheBehavior [ RunTime:0.004175s ]
INFO: [ view_filter ] --END-- [ RunTime:0.006496s ]
INFO: [ app_end ] --START--
INFO: Run Behavior\ShowPageTraceBehavior [ RunTime:0.002828s ]
INFO: [ app_end ] --END-- [ RunTime:0.005584s ]

[ 2017-04-19T22:44:43+08:00 ] ::1 /yq/index.php/Home/Index/type
INFO: [ app_init ] --START--
INFO: Run Behavior\BuildLiteBehavior [ RunTime:0.000399s ]
INFO: [ app_init ] --END-- [ RunTime:0.003374s ]
INFO: [ app_begin ] --START--
INFO: Run Behavior\ReadHtmlCacheBehavior [ RunTime:0.002335s ]
INFO: [ app_begin ] --END-- [ RunTime:0.050879s ]
SQL: SHOW COLUMNS FROM `yq_user` [ RunTime:0.0175s ]
SQL: UPDATE `yq_user` SET `updatetime`='1492613083' WHERE `userid` = 1 [ RunTime:0.0029s ]
SQL: SHOW COLUMNS FROM `yq_type` [ RunTime:0.0111s ]
SQL: SELECT * FROM `yq_type`  [ RunTime:0.0009s ]

[ 2017-04-19T22:44:43+08:00 ] ::1 /yq/index.php/Home/Index/school
INFO: [ app_init ] --START--
INFO: Run Behavior\BuildLiteBehavior [ RunTime:0.000854s ]
INFO: [ app_init ] --END-- [ RunTime:0.006910s ]
INFO: [ app_begin ] --START--
INFO: Run Behavior\ReadHtmlCacheBehavior [ RunTime:0.003056s ]
INFO: [ app_begin ] --END-- [ RunTime:0.014665s ]
SQL: SHOW COLUMNS FROM `yq_user` [ RunTime:0.0129s ]
SQL: UPDATE `yq_user` SET `updatetime`='1492613083' WHERE `userid` = 1 [ RunTime:0.0025s ]
SQL: SHOW COLUMNS FROM `yq_school` [ RunTime:0.0106s ]
SQL: SELECT * FROM `yq_school`  [ RunTime:0.0008s ]

[ 2017-04-19T22:44:43+08:00 ] ::1 /yq/index.php/Home/Index/login
INFO: [ app_init ] --START--
INFO: Run Behavior\BuildLiteBehavior [ RunTime:0.000449s ]
INFO: [ app_init ] --END-- [ RunTime:0.003441s ]
INFO: [ app_begin ] --START--
INFO: Run Behavior\ReadHtmlCacheBehavior [ RunTime:0.002185s ]
INFO: [ app_begin ] --END-- [ RunTime:0.003947s ]
SQL: SHOW COLUMNS FROM `yq_user` [ RunTime:0.0133s ]
SQL: UPDATE `yq_user` SET `updatetime`='1492613083' WHERE `userid` = 1 [ RunTime:0.0036s ]
NOTIC: [8] A session had already been started - ignoring session_start() F:\Tools\WampServer\wamp\www\yq\Application\Home\Controller\IndexController.class.php 第 16 行.
NOTIC: [8] A session had already been started - ignoring session_start() F:\Tools\WampServer\wamp\www\yq\Application\Common\Common\function.php 第 6 行.
SQL: SHOW COLUMNS FROM `yq_user` [ RunTime:0.0099s ]
SQL: SELECT * FROM `yq_user` WHERE `username` = 'admin' LIMIT 1   [ RunTime:0.0009s ]
SQL: SHOW COLUMNS FROM `yq_school` [ RunTime:0.0099s ]
SQL: SELECT `schoolid`,`schname` FROM `yq_school` WHERE ( schoolid=1 ) LIMIT 1   [ RunTime:0.0007s ]

[ 2017-04-19T22:44:52+08:00 ] ::1 /yq/index.php/Home/Index/login
INFO: [ app_init ] --START--
INFO: Run Behavior\BuildLiteBehavior [ RunTime:0.000354s ]
INFO: [ app_init ] --END-- [ RunTime:0.002984s ]
INFO: [ app_begin ] --START--
INFO: Run Behavior\ReadHtmlCacheBehavior [ RunTime:0.002104s ]
INFO: [ app_begin ] --END-- [ RunTime:0.003846s ]
SQL: SHOW COLUMNS FROM `yq_user` [ RunTime:0.0113s ]
SQL: UPDATE `yq_user` SET `updatetime`='1492613091' WHERE `userid` = 1 [ RunTime:0.0030s ]
NOTIC: [8] A session had already been started - ignoring session_start() F:\Tools\WampServer\wamp\www\yq\Application\Home\Controller\IndexController.class.php 第 16 行.
NOTIC: [8] A session had already been started - ignoring session_start() F:\Tools\WampServer\wamp\www\yq\Application\Common\Common\function.php 第 6 行.
SQL: SHOW COLUMNS FROM `yq_user` [ RunTime:0.0128s ]
SQL: SELECT * FROM `yq_user` WHERE `username` = 'admin' LIMIT 1   [ RunTime:0.0010s ]
SQL: SHOW COLUMNS FROM `yq_school` [ RunTime:0.0095s ]
SQL: SELECT `schoolid`,`schname` FROM `yq_school` WHERE ( schoolid=1 ) LIMIT 1   [ RunTime:0.0007s ]

[ 2017-04-19T22:44:52+08:00 ] ::1 /yq/index.php/Home/Index/school
INFO: [ app_init ] --START--
INFO: Run Behavior\BuildLiteBehavior [ RunTime:0.000453s ]
INFO: [ app_init ] --END-- [ RunTime:0.011961s ]
INFO: [ app_begin ] --START--
INFO: Run Behavior\ReadHtmlCacheBehavior [ RunTime:0.001743s ]
INFO: [ app_begin ] --END-- [ RunTime:0.003106s ]
SQL: SHOW COLUMNS FROM `yq_user` [ RunTime:0.0109s ]
SQL: UPDATE `yq_user` SET `updatetime`='1492613092' WHERE `userid` = 1 [ RunTime:0.0024s ]
SQL: SHOW COLUMNS FROM `yq_school` [ RunTime:0.0101s ]
SQL: SELECT * FROM `yq_school`  [ RunTime:0.0009s ]

[ 2017-04-19T22:44:52+08:00 ] ::1 /yq/index.php/Home/Index/type
INFO: [ app_init ] --START--
INFO: Run Behavior\BuildLiteBehavior [ RunTime:0.001981s ]
INFO: [ app_init ] --END-- [ RunTime:0.006081s ]
INFO: [ app_begin ] --START--
INFO: Run Behavior\ReadHtmlCacheBehavior [ RunTime:0.002654s ]
INFO: [ app_begin ] --END-- [ RunTime:0.004192s ]
SQL: SHOW COLUMNS FROM `yq_user` [ RunTime:0.0124s ]
SQL: UPDATE `yq_user` SET `updatetime`='1492613092' WHERE `userid` = 1 [ RunTime:0.0029s ]
SQL: SHOW COLUMNS FROM `yq_type` [ RunTime:0.0112s ]
SQL: SELECT * FROM `yq_type`  [ RunTime:0.0015s ]

[ 2017-04-19T23:09:32+08:00 ] ::1 /yq/index.php/Home/Index/logout
INFO: [ app_init ] --START--
INFO: Run Behavior\BuildLiteBehavior [ RunTime:0.001243s ]
INFO: [ app_init ] --END-- [ RunTime:0.012650s ]
INFO: [ app_begin ] --START--
INFO: Run Behavior\ReadHtmlCacheBehavior [ RunTime:0.004217s ]
INFO: [ app_begin ] --END-- [ RunTime:0.009060s ]
SQL: SHOW COLUMNS FROM `yq_user` [ RunTime:0.0136s ]
SQL: UPDATE `yq_user` SET `updatetime`='1492614572' WHERE `userid` = 1 [ RunTime:0.0035s ]
NOTIC: [8] A session had already been started - ignoring session_start() F:\Tools\WampServer\wamp\www\yq\Application\Home\Controller\IndexController.class.php 第 109 行.
SQL: UPDATE `yq_user` SET `lastip`='0',`lastlogintime`='1492444640' WHERE `userid` = 1 [ RunTime:0.0030s ]

[ 2017-04-19T23:09:35+08:00 ] ::1 /yq/
INFO: [ app_init ] --START--
INFO: Run Behavior\BuildLiteBehavior [ RunTime:0.001491s ]
INFO: [ app_init ] --END-- [ RunTime:0.008980s ]
INFO: [ app_begin ] --START--
INFO: Run Behavior\ReadHtmlCacheBehavior [ RunTime:0.006744s ]
INFO: [ app_begin ] --END-- [ RunTime:0.015227s ]
NOTIC: [2] Illegal string offset 'userid' F:\Tools\WampServer\wamp\www\yq\Application\Common\Controller\BaseController.class.php 第 12 行.
NOTIC: [8] Uninitialized string offset: 0 F:\Tools\WampServer\wamp\www\yq\Application\Common\Controller\BaseController.class.php 第 12 行.
INFO: [ view_parse ] --START--
INFO: [ template_filter ] --START--
INFO: Run Behavior\ContentReplaceBehavior [ RunTime:0.001937s ]
INFO: [ template_filter ] --END-- [ RunTime:0.005086s ]
INFO: Run Behavior\ParseTemplateBehavior [ RunTime:0.110948s ]
INFO: [ view_parse ] --END-- [ RunTime:0.114254s ]
INFO: [ view_filter ] --START--
INFO: Run Behavior\WriteHtmlCacheBehavior [ RunTime:0.002501s ]
INFO: [ view_filter ] --END-- [ RunTime:0.005039s ]
INFO: [ app_end ] --START--
INFO: Run Behavior\ShowPageTraceBehavior [ RunTime:0.005808s ]
INFO: [ app_end ] --END-- [ RunTime:0.015133s ]

[ 2017-04-19T23:09:36+08:00 ] ::1 /yq/index.php/Home/Index/login
INFO: [ app_init ] --START--
INFO: Run Behavior\BuildLiteBehavior [ RunTime:0.000699s ]
INFO: [ app_init ] --END-- [ RunTime:0.006340s ]
INFO: [ app_begin ] --START--
INFO: Run Behavior\ReadHtmlCacheBehavior [ RunTime:0.016352s ]
INFO: [ app_begin ] --END-- [ RunTime:0.019571s ]
NOTIC: [2] Illegal string offset 'userid' F:\Tools\WampServer\wamp\www\yq\Application\Common\Controller\BaseController.class.php 第 12 行.
NOTIC: [8] Uninitialized string offset: 0 F:\Tools\WampServer\wamp\www\yq\Application\Common\Controller\BaseController.class.php 第 12 行.
NOTIC: [8] A session had already been started - ignoring session_start() F:\Tools\WampServer\wamp\www\yq\Application\Home\Controller\IndexController.class.php 第 16 行.
NOTIC: [8] A session had already been started - ignoring session_start() F:\Tools\WampServer\wamp\www\yq\Application\Common\Common\function.php 第 6 行.

[ 2017-04-19T23:09:36+08:00 ] ::1 /yq/index.php/Home/Index/type
INFO: [ app_init ] --START--
INFO: Run Behavior\BuildLiteBehavior [ RunTime:0.000783s ]
INFO: [ app_init ] --END-- [ RunTime:0.007402s ]
INFO: [ app_begin ] --START--
INFO: Run Behavior\ReadHtmlCacheBehavior [ RunTime:0.005020s ]
INFO: [ app_begin ] --END-- [ RunTime:0.027349s ]
NOTIC: [2] Illegal string offset 'userid' F:\Tools\WampServer\wamp\www\yq\Application\Common\Controller\BaseController.class.php 第 12 行.
NOTIC: [8] Uninitialized string offset: 0 F:\Tools\WampServer\wamp\www\yq\Application\Common\Controller\BaseController.class.php 第 12 行.
SQL: SHOW COLUMNS FROM `yq_type` [ RunTime:0.0166s ]
SQL: SELECT * FROM `yq_type`  [ RunTime:0.0016s ]

[ 2017-04-19T23:09:36+08:00 ] ::1 /yq/index.php/Home/Index/school
INFO: [ app_init ] --START--
INFO: Run Behavior\BuildLiteBehavior [ RunTime:0.000780s ]
INFO: [ app_init ] --END-- [ RunTime:0.007067s ]
INFO: [ app_begin ] --START--
INFO: Run Behavior\ReadHtmlCacheBehavior [ RunTime:0.004260s ]
INFO: [ app_begin ] --END-- [ RunTime:0.022295s ]
NOTIC: [2] Illegal string offset 'userid' F:\Tools\WampServer\wamp\www\yq\Application\Common\Controller\BaseController.class.php 第 12 行.
NOTIC: [8] Uninitialized string offset: 0 F:\Tools\WampServer\wamp\www\yq\Application\Common\Controller\BaseController.class.php 第 12 行.
SQL: SHOW COLUMNS FROM `yq_school` [ RunTime:0.0115s ]
SQL: SELECT * FROM `yq_school`  [ RunTime:0.0012s ]

[ 2017-04-19T23:09:37+08:00 ] ::1 /yq/index.php/Home/Index/login
INFO: [ app_init ] --START--
INFO: Run Behavior\BuildLiteBehavior [ RunTime:0.000551s ]
INFO: [ app_init ] --END-- [ RunTime:0.005334s ]
INFO: [ app_begin ] --START--
INFO: Run Behavior\ReadHtmlCacheBehavior [ RunTime:0.002507s ]
INFO: [ app_begin ] --END-- [ RunTime:0.005094s ]
NOTIC: [2] Illegal string offset 'userid' F:\Tools\WampServer\wamp\www\yq\Application\Common\Controller\BaseController.class.php 第 12 行.
NOTIC: [8] Uninitialized string offset: 0 F:\Tools\WampServer\wamp\www\yq\Application\Common\Controller\BaseController.class.php 第 12 行.
NOTIC: [8] A session had already been started - ignoring session_start() F:\Tools\WampServer\wamp\www\yq\Application\Home\Controller\IndexController.class.php 第 16 行.
SQL: SHOW COLUMNS FROM `yq_user` [ RunTime:0.0164s ]
SQL: SELECT * FROM `yq_user` WHERE `username` = 'admin' AND `password` = '123456' LIMIT 1   [ RunTime:0.0016s ]
SQL: SHOW COLUMNS FROM `yq_school` [ RunTime:0.0109s ]
SQL: SELECT `schoolid`,`schname` FROM `yq_school` WHERE ( schoolid=1 ) LIMIT 1   [ RunTime:0.0013s ]
SQL: SELECT * FROM `yq_school` ORDER BY score desc LIMIT 3   [ RunTime:0.0014s ]
SQL: SHOW COLUMNS FROM `yq_user_group` [ RunTime:0.0096s ]
SQL: SELECT b.groupid,b.groupname FROM yq_user_group a INNER JOIN yq_group b  WHERE ( a.userid=1&&a.groupid=b.groupid ) LIMIT 1   [ RunTime:0.0014s ]
SQL: SHOW COLUMNS FROM `yq_group_leftbar_permission` [ RunTime:0.0174s ]
SQL: SHOW COLUMNS FROM `yq_group_leftbar_permission` [ RunTime:0.0114s ]
SQL: SELECT b.itemname as name,c.action as api,b.keybind FROM yq_group_leftbar_permission  a INNER JOIN yq_leftbar  b INNER JOIN yq_permission c  WHERE ( a.groupid=3 and a.itemid=b.itemid and a.permid=c.permid ) ORDER BY a.itemid asc  [ RunTime:0.0068s ]
SQL: SHOW COLUMNS FROM `yq_announce` [ RunTime:0.0114s ]
SQL: SELECT COUNT(*) AS tp_count FROM `yq_announce` LIMIT 1   [ RunTime:0.0012s ]
SQL: SHOW COLUMNS FROM `yq_hint` [ RunTime:0.0111s ]
SQL: SELECT `anoceid` FROM `yq_hint` WHERE `userid` = 1  [ RunTime:0.0017s ]

