[ 2017-03-25T21:07:28+08:00 ] ::1 /yq/index.php/Admin/Index/index
INFO: [ app_init ] --START--
INFO: Run Behavior\BuildLiteBehavior [ RunTime:0.000478s ]
INFO: [ app_init ] --END-- [ RunTime:0.004168s ]
INFO: [ app_begin ] --START--
INFO: Run Behavior\ReadHtmlCacheBehavior [ RunTime:0.003610s ]
INFO: [ app_begin ] --END-- [ RunTime:0.006616s ]
SQL: SHOW COLUMNS FROM `yq_user_group` [ RunTime:0.0140s ]
SQL: SELECT a.userid,a.groupid,g.groupname FROM yq_user_group a INNER JOIN yq_group g ON a.groupid=g.groupid  WHERE ( a.userid=4 )  [ RunTime:0.0074s ]
SQL: SHOW COLUMNS FROM `yq_group_permission` [ RunTime:0.0143s ]
SQL: SELECT a.permid,a.groupid,p.permname,p.action FROM yq_group_permission a INNER JOIN yq_permission p on a.permid=p.permid  WHERE ( a.groupid='1' )  [ RunTime:0.0069s ]
SQL: SHOW COLUMNS FROM `yq_permission` [ RunTime:0.0097s ]
SQL: SELECT `action` FROM `yq_permission` WHERE `permid` IN ('1','2','4','7','10')  [ RunTime:0.0013s ]
INFO: [ view_parse ] --START--
INFO: [ template_filter ] --START--
INFO: Run Behavior\ContentReplaceBehavior [ RunTime:0.002524s ]
INFO: [ template_filter ] --END-- [ RunTime:0.007335s ]
NOTIC: [8] Undefined variable: config F:\Tools\WampServer\wamp\www\yq\Application\Runtime\Cache\Admin\b595b808c2ebeeeb0478ffc30bb4e87a.php 第 590 行.
NOTIC: [8] Undefined variable: config F:\Tools\WampServer\wamp\www\yq\Application\Runtime\Cache\Admin\b595b808c2ebeeeb0478ffc30bb4e87a.php 第 594 行.
NOTIC: [8] Undefined variable: config F:\Tools\WampServer\wamp\www\yq\Application\Runtime\Cache\Admin\b595b808c2ebeeeb0478ffc30bb4e87a.php 第 598 行.
NOTIC: [8] Undefined variable: config F:\Tools\WampServer\wamp\www\yq\Application\Runtime\Cache\Admin\b595b808c2ebeeeb0478ffc30bb4e87a.php 第 602 行.
NOTIC: [8] Undefined variable: config F:\Tools\WampServer\wamp\www\yq\Application\Runtime\Cache\Admin\b595b808c2ebeeeb0478ffc30bb4e87a.php 第 606 行.
NOTIC: [8] Undefined variable: config F:\Tools\WampServer\wamp\www\yq\Application\Runtime\Cache\Admin\b595b808c2ebeeeb0478ffc30bb4e87a.php 第 610 行.
NOTIC: [8] Undefined variable: config F:\Tools\WampServer\wamp\www\yq\Application\Runtime\Cache\Admin\b595b808c2ebeeeb0478ffc30bb4e87a.php 第 614 行.
NOTIC: [8] Undefined variable: config F:\Tools\WampServer\wamp\www\yq\Application\Runtime\Cache\Admin\b595b808c2ebeeeb0478ffc30bb4e87a.php 第 618 行.
INFO: Run Behavior\ParseTemplateBehavior [ RunTime:0.177221s ]
INFO: [ view_parse ] --END-- [ RunTime:0.179820s ]
INFO: [ view_filter ] --START--
INFO: Run Behavior\WriteHtmlCacheBehavior [ RunTime:0.002834s ]
INFO: [ view_filter ] --END-- [ RunTime:0.005326s ]
NOTIC: [8] Array to string conversion F:\Tools\WampServer\wamp\www\yq\ThinkPHP\Library\Think\View.class.php 第 91 行.
INFO: [ app_end ] --START--
INFO: Run Behavior\ShowPageTraceBehavior [ RunTime:0.014270s ]
INFO: [ app_end ] --END-- [ RunTime:0.017225s ]

[ 2017-03-25T21:08:22+08:00 ] ::1 /yq/index.php/Admin/ManageScore/index
INFO: [ app_init ] --START--
INFO: Run Behavior\BuildLiteBehavior [ RunTime:0.000467s ]
INFO: [ app_init ] --END-- [ RunTime:0.004450s ]
INFO: [ app_begin ] --START--
INFO: Run Behavior\ReadHtmlCacheBehavior [ RunTime:0.003515s ]
INFO: [ app_begin ] --END-- [ RunTime:0.006159s ]
SQL: SHOW COLUMNS FROM `yq_user_group` [ RunTime:0.0106s ]
SQL: SELECT a.userid,a.groupid,g.groupname FROM yq_user_group a INNER JOIN yq_group g ON a.groupid=g.groupid  WHERE ( a.userid=4 )  [ RunTime:0.0014s ]
SQL: SHOW COLUMNS FROM `yq_group_permission` [ RunTime:0.0110s ]
SQL: SELECT a.permid,a.groupid,p.permname,p.action FROM yq_group_permission a INNER JOIN yq_permission p on a.permid=p.permid  WHERE ( a.groupid='1' )  [ RunTime:0.0018s ]
SQL: SHOW COLUMNS FROM `yq_permission` [ RunTime:0.0093s ]
SQL: SELECT `action` FROM `yq_permission` WHERE `permid` IN ('1','2','4','7','10')  [ RunTime:0.0012s ]
INFO: [ view_parse ] --START--
INFO: [ template_filter ] --START--
INFO: Run Behavior\ContentReplaceBehavior [ RunTime:0.001093s ]
INFO: [ template_filter ] --END-- [ RunTime:0.003612s ]
INFO: Run Behavior\ParseTemplateBehavior [ RunTime:0.062732s ]
INFO: [ view_parse ] --END-- [ RunTime:0.065205s ]
INFO: [ view_filter ] --START--
INFO: Run Behavior\WriteHtmlCacheBehavior [ RunTime:0.002652s ]
INFO: [ view_filter ] --END-- [ RunTime:0.005031s ]

[ 2017-03-25T21:10:52+08:00 ] ::1 /yq/index.php/Admin/ManageScore/index
INFO: [ app_init ] --START--
INFO: Run Behavior\BuildLiteBehavior [ RunTime:0.000469s ]
INFO: [ app_init ] --END-- [ RunTime:0.005863s ]
INFO: [ app_begin ] --START--
INFO: Run Behavior\ReadHtmlCacheBehavior [ RunTime:0.004406s ]
INFO: [ app_begin ] --END-- [ RunTime:0.007754s ]
SQL: SHOW COLUMNS FROM `yq_user_group` [ RunTime:0.0103s ]
SQL: SELECT a.userid,a.groupid,g.groupname FROM yq_user_group a INNER JOIN yq_group g ON a.groupid=g.groupid  WHERE ( a.userid=4 )  [ RunTime:0.0017s ]
SQL: SHOW COLUMNS FROM `yq_group_permission` [ RunTime:0.0106s ]
SQL: SELECT a.permid,a.groupid,p.permname,p.action FROM yq_group_permission a INNER JOIN yq_permission p on a.permid=p.permid  WHERE ( a.groupid='1' )  [ RunTime:0.0014s ]
SQL: SHOW COLUMNS FROM `yq_permission` [ RunTime:0.0089s ]
SQL: SELECT `action` FROM `yq_permission` WHERE `permid` IN ('1','2','4','7','10')  [ RunTime:0.0012s ]
SQL: SHOW COLUMNS FROM `yq_message` [ RunTime:0.0169s ]
SQL: SHOW COLUMNS FROM `yq_message` [ RunTime:0.0124s ]
SQL: SELECT a.messageid,b.schname,a.title,a.score,a.base,a.select,a.approval,a.warning,a.quality,a.special,a.substract,a.add FROM yq_message  a INNER JOIN yq_school  b  WHERE ( a.schoolid = b.schoolid && a.is_delete = 0  ) ORDER BY messageid desc LIMIT 0,10   [ RunTime:0.0039s ]

[ 2017-03-25T21:11:10+08:00 ] ::1 /yq/index.php/Admin/ManageScore/index
INFO: [ app_init ] --START--
INFO: Run Behavior\BuildLiteBehavior [ RunTime:0.000481s ]
INFO: [ app_init ] --END-- [ RunTime:0.006894s ]
INFO: [ app_begin ] --START--
INFO: Run Behavior\ReadHtmlCacheBehavior [ RunTime:0.003470s ]
INFO: [ app_begin ] --END-- [ RunTime:0.006774s ]
SQL: SHOW COLUMNS FROM `yq_user_group` [ RunTime:0.0123s ]
SQL: SELECT a.userid,a.groupid,g.groupname FROM yq_user_group a INNER JOIN yq_group g ON a.groupid=g.groupid  WHERE ( a.userid=4 )  [ RunTime:0.0018s ]
SQL: SHOW COLUMNS FROM `yq_group_permission` [ RunTime:0.0095s ]
SQL: SELECT a.permid,a.groupid,p.permname,p.action FROM yq_group_permission a INNER JOIN yq_permission p on a.permid=p.permid  WHERE ( a.groupid='1' )  [ RunTime:0.0015s ]
SQL: SHOW COLUMNS FROM `yq_permission` [ RunTime:0.0100s ]
SQL: SELECT `action` FROM `yq_permission` WHERE `permid` IN ('1','2','4','7','10')  [ RunTime:0.0021s ]

[ 2017-03-25T21:11:12+08:00 ] ::1 /yq/index.php/Admin/ManageScore/index
INFO: [ app_init ] --START--
INFO: Run Behavior\BuildLiteBehavior [ RunTime:0.000479s ]
INFO: [ app_init ] --END-- [ RunTime:0.004581s ]
INFO: [ app_begin ] --START--
INFO: Run Behavior\ReadHtmlCacheBehavior [ RunTime:0.003816s ]
INFO: [ app_begin ] --END-- [ RunTime:0.006495s ]
SQL: SHOW COLUMNS FROM `yq_user_group` [ RunTime:0.0118s ]
SQL: SELECT a.userid,a.groupid,g.groupname FROM yq_user_group a INNER JOIN yq_group g ON a.groupid=g.groupid  WHERE ( a.userid=4 )  [ RunTime:0.0014s ]
SQL: SHOW COLUMNS FROM `yq_group_permission` [ RunTime:0.0108s ]
SQL: SELECT a.permid,a.groupid,p.permname,p.action FROM yq_group_permission a INNER JOIN yq_permission p on a.permid=p.permid  WHERE ( a.groupid='1' )  [ RunTime:0.0017s ]
SQL: SHOW COLUMNS FROM `yq_permission` [ RunTime:0.0097s ]
SQL: SELECT `action` FROM `yq_permission` WHERE `permid` IN ('1','2','4','7','10')  [ RunTime:0.0012s ]

[ 2017-03-25T21:11:12+08:00 ] ::1 /yq/index.php/Admin/ManageScore/index
INFO: [ app_init ] --START--
INFO: Run Behavior\BuildLiteBehavior [ RunTime:0.000483s ]
INFO: [ app_init ] --END-- [ RunTime:0.004585s ]
INFO: [ app_begin ] --START--
INFO: Run Behavior\ReadHtmlCacheBehavior [ RunTime:0.003527s ]
INFO: [ app_begin ] --END-- [ RunTime:0.006233s ]
SQL: SHOW COLUMNS FROM `yq_user_group` [ RunTime:0.0104s ]
SQL: SELECT a.userid,a.groupid,g.groupname FROM yq_user_group a INNER JOIN yq_group g ON a.groupid=g.groupid  WHERE ( a.userid=4 )  [ RunTime:0.0015s ]
SQL: SHOW COLUMNS FROM `yq_group_permission` [ RunTime:0.0099s ]
SQL: SELECT a.permid,a.groupid,p.permname,p.action FROM yq_group_permission a INNER JOIN yq_permission p on a.permid=p.permid  WHERE ( a.groupid='1' )  [ RunTime:0.0014s ]
SQL: SHOW COLUMNS FROM `yq_permission` [ RunTime:0.0109s ]
SQL: SELECT `action` FROM `yq_permission` WHERE `permid` IN ('1','2','4','7','10')  [ RunTime:0.0017s ]

[ 2017-03-25T21:11:13+08:00 ] ::1 /yq/index.php/Admin/ManageScore/index
INFO: [ app_init ] --START--
INFO: Run Behavior\BuildLiteBehavior [ RunTime:0.000458s ]
INFO: [ app_init ] --END-- [ RunTime:0.004449s ]
INFO: [ app_begin ] --START--
INFO: Run Behavior\ReadHtmlCacheBehavior [ RunTime:0.003610s ]
INFO: [ app_begin ] --END-- [ RunTime:0.006960s ]
SQL: SHOW COLUMNS FROM `yq_user_group` [ RunTime:0.0114s ]
SQL: SELECT a.userid,a.groupid,g.groupname FROM yq_user_group a INNER JOIN yq_group g ON a.groupid=g.groupid  WHERE ( a.userid=4 )  [ RunTime:0.0015s ]
SQL: SHOW COLUMNS FROM `yq_group_permission` [ RunTime:0.0112s ]
SQL: SELECT a.permid,a.groupid,p.permname,p.action FROM yq_group_permission a INNER JOIN yq_permission p on a.permid=p.permid  WHERE ( a.groupid='1' )  [ RunTime:0.0017s ]
SQL: SHOW COLUMNS FROM `yq_permission` [ RunTime:0.0098s ]
SQL: SELECT `action` FROM `yq_permission` WHERE `permid` IN ('1','2','4','7','10')  [ RunTime:0.0012s ]

[ 2017-03-25T21:11:15+08:00 ] ::1 /yq/index.php/Admin/ManageScore/index
INFO: [ app_init ] --START--
INFO: Run Behavior\BuildLiteBehavior [ RunTime:0.000477s ]
INFO: [ app_init ] --END-- [ RunTime:0.004680s ]
INFO: [ app_begin ] --START--
INFO: Run Behavior\ReadHtmlCacheBehavior [ RunTime:0.005156s ]
INFO: [ app_begin ] --END-- [ RunTime:0.007840s ]
SQL: SHOW COLUMNS FROM `yq_user_group` [ RunTime:0.0129s ]
SQL: SELECT a.userid,a.groupid,g.groupname FROM yq_user_group a INNER JOIN yq_group g ON a.groupid=g.groupid  WHERE ( a.userid=4 )  [ RunTime:0.0023s ]
SQL: SHOW COLUMNS FROM `yq_group_permission` [ RunTime:0.0159s ]
SQL: SELECT a.permid,a.groupid,p.permname,p.action FROM yq_group_permission a INNER JOIN yq_permission p on a.permid=p.permid  WHERE ( a.groupid='1' )  [ RunTime:0.0014s ]
SQL: SHOW COLUMNS FROM `yq_permission` [ RunTime:0.0097s ]
SQL: SELECT `action` FROM `yq_permission` WHERE `permid` IN ('1','2','4','7','10')  [ RunTime:0.0013s ]

[ 2017-03-25T21:11:15+08:00 ] ::1 /yq/index.php/Admin/ManageScore/index
INFO: [ app_init ] --START--
INFO: Run Behavior\BuildLiteBehavior [ RunTime:0.001210s ]
INFO: [ app_init ] --END-- [ RunTime:0.010844s ]
INFO: [ app_begin ] --START--
INFO: Run Behavior\ReadHtmlCacheBehavior [ RunTime:0.004355s ]
INFO: [ app_begin ] --END-- [ RunTime:0.008287s ]
SQL: SHOW COLUMNS FROM `yq_user_group` [ RunTime:0.0149s ]
SQL: SELECT a.userid,a.groupid,g.groupname FROM yq_user_group a INNER JOIN yq_group g ON a.groupid=g.groupid  WHERE ( a.userid=4 )  [ RunTime:0.0017s ]
SQL: SHOW COLUMNS FROM `yq_group_permission` [ RunTime:0.0123s ]
SQL: SELECT a.permid,a.groupid,p.permname,p.action FROM yq_group_permission a INNER JOIN yq_permission p on a.permid=p.permid  WHERE ( a.groupid='1' )  [ RunTime:0.0015s ]
SQL: SHOW COLUMNS FROM `yq_permission` [ RunTime:0.0101s ]
SQL: SELECT `action` FROM `yq_permission` WHERE `permid` IN ('1','2','4','7','10')  [ RunTime:0.0018s ]

[ 2017-03-25T21:11:17+08:00 ] ::1 /yq/index.php/Admin/ManageScore/index
INFO: [ app_init ] --START--
INFO: Run Behavior\BuildLiteBehavior [ RunTime:0.000511s ]
INFO: [ app_init ] --END-- [ RunTime:0.005842s ]
INFO: [ app_begin ] --START--
INFO: Run Behavior\ReadHtmlCacheBehavior [ RunTime:0.003409s ]
INFO: [ app_begin ] --END-- [ RunTime:0.005948s ]
SQL: SHOW COLUMNS FROM `yq_user_group` [ RunTime:0.0110s ]
SQL: SELECT a.userid,a.groupid,g.groupname FROM yq_user_group a INNER JOIN yq_group g ON a.groupid=g.groupid  WHERE ( a.userid=4 )  [ RunTime:0.0014s ]
SQL: SHOW COLUMNS FROM `yq_group_permission` [ RunTime:0.0134s ]
SQL: SELECT a.permid,a.groupid,p.permname,p.action FROM yq_group_permission a INNER JOIN yq_permission p on a.permid=p.permid  WHERE ( a.groupid='1' )  [ RunTime:0.0019s ]
SQL: SHOW COLUMNS FROM `yq_permission` [ RunTime:0.0136s ]
SQL: SELECT `action` FROM `yq_permission` WHERE `permid` IN ('1','2','4','7','10')  [ RunTime:0.0021s ]

[ 2017-03-25T21:11:17+08:00 ] ::1 /yq/index.php/Admin/ManageScore/index
INFO: [ app_init ] --START--
INFO: Run Behavior\BuildLiteBehavior [ RunTime:0.000493s ]
INFO: [ app_init ] --END-- [ RunTime:0.006690s ]
INFO: [ app_begin ] --START--
INFO: Run Behavior\ReadHtmlCacheBehavior [ RunTime:0.005941s ]
INFO: [ app_begin ] --END-- [ RunTime:0.010661s ]
SQL: SHOW COLUMNS FROM `yq_user_group` [ RunTime:0.0115s ]
SQL: SELECT a.userid,a.groupid,g.groupname FROM yq_user_group a INNER JOIN yq_group g ON a.groupid=g.groupid  WHERE ( a.userid=4 )  [ RunTime:0.0019s ]
SQL: SHOW COLUMNS FROM `yq_group_permission` [ RunTime:0.0105s ]
SQL: SELECT a.permid,a.groupid,p.permname,p.action FROM yq_group_permission a INNER JOIN yq_permission p on a.permid=p.permid  WHERE ( a.groupid='1' )  [ RunTime:0.0015s ]
SQL: SHOW COLUMNS FROM `yq_permission` [ RunTime:0.0110s ]
SQL: SELECT `action` FROM `yq_permission` WHERE `permid` IN ('1','2','4','7','10')  [ RunTime:0.0014s ]

[ 2017-03-25T21:11:18+08:00 ] ::1 /yq/index.php/Admin/ManageScore/index
INFO: [ app_init ] --START--
INFO: Run Behavior\BuildLiteBehavior [ RunTime:0.000458s ]
INFO: [ app_init ] --END-- [ RunTime:0.004224s ]
INFO: [ app_begin ] --START--
INFO: Run Behavior\ReadHtmlCacheBehavior [ RunTime:0.003506s ]
INFO: [ app_begin ] --END-- [ RunTime:0.006007s ]
SQL: SHOW COLUMNS FROM `yq_user_group` [ RunTime:0.0121s ]
SQL: SELECT a.userid,a.groupid,g.groupname FROM yq_user_group a INNER JOIN yq_group g ON a.groupid=g.groupid  WHERE ( a.userid=4 )  [ RunTime:0.0015s ]
SQL: SHOW COLUMNS FROM `yq_group_permission` [ RunTime:0.0134s ]
SQL: SELECT a.permid,a.groupid,p.permname,p.action FROM yq_group_permission a INNER JOIN yq_permission p on a.permid=p.permid  WHERE ( a.groupid='1' )  [ RunTime:0.0016s ]
SQL: SHOW COLUMNS FROM `yq_permission` [ RunTime:0.0120s ]
SQL: SELECT `action` FROM `yq_permission` WHERE `permid` IN ('1','2','4','7','10')  [ RunTime:0.0012s ]

[ 2017-03-25T21:11:19+08:00 ] ::1 /yq/index.php/Admin/ManageScore/index
INFO: [ app_init ] --START--
INFO: Run Behavior\BuildLiteBehavior [ RunTime:0.000477s ]
INFO: [ app_init ] --END-- [ RunTime:0.004760s ]
INFO: [ app_begin ] --START--
INFO: Run Behavior\ReadHtmlCacheBehavior [ RunTime:0.003549s ]
INFO: [ app_begin ] --END-- [ RunTime:0.006660s ]
SQL: SHOW COLUMNS FROM `yq_user_group` [ RunTime:0.0139s ]
SQL: SELECT a.userid,a.groupid,g.groupname FROM yq_user_group a INNER JOIN yq_group g ON a.groupid=g.groupid  WHERE ( a.userid=4 )  [ RunTime:0.0016s ]
SQL: SHOW COLUMNS FROM `yq_group_permission` [ RunTime:0.0117s ]
SQL: SELECT a.permid,a.groupid,p.permname,p.action FROM yq_group_permission a INNER JOIN yq_permission p on a.permid=p.permid  WHERE ( a.groupid='1' )  [ RunTime:0.0015s ]
SQL: SHOW COLUMNS FROM `yq_permission` [ RunTime:0.0101s ]
SQL: SELECT `action` FROM `yq_permission` WHERE `permid` IN ('1','2','4','7','10')  [ RunTime:0.0012s ]

[ 2017-03-25T21:11:20+08:00 ] ::1 /yq/index.php/Admin/ManageScore/index
INFO: [ app_init ] --START--
INFO: Run Behavior\BuildLiteBehavior [ RunTime:0.000503s ]
INFO: [ app_init ] --END-- [ RunTime:0.004891s ]
INFO: [ app_begin ] --START--
INFO: Run Behavior\ReadHtmlCacheBehavior [ RunTime:0.004239s ]
INFO: [ app_begin ] --END-- [ RunTime:0.007324s ]
SQL: SHOW COLUMNS FROM `yq_user_group` [ RunTime:0.0137s ]
SQL: SELECT a.userid,a.groupid,g.groupname FROM yq_user_group a INNER JOIN yq_group g ON a.groupid=g.groupid  WHERE ( a.userid=4 )  [ RunTime:0.0016s ]
SQL: SHOW COLUMNS FROM `yq_group_permission` [ RunTime:0.0129s ]
SQL: SELECT a.permid,a.groupid,p.permname,p.action FROM yq_group_permission a INNER JOIN yq_permission p on a.permid=p.permid  WHERE ( a.groupid='1' )  [ RunTime:0.0015s ]
SQL: SHOW COLUMNS FROM `yq_permission` [ RunTime:0.0129s ]
SQL: SELECT `action` FROM `yq_permission` WHERE `permid` IN ('1','2','4','7','10')  [ RunTime:0.0013s ]

[ 2017-03-25T21:12:15+08:00 ] ::1 /yq/index.php/Admin/Index/index
INFO: [ app_init ] --START--
INFO: Run Behavior\BuildLiteBehavior [ RunTime:0.000810s ]
INFO: [ app_init ] --END-- [ RunTime:0.010338s ]
INFO: [ app_begin ] --START--
INFO: Run Behavior\ReadHtmlCacheBehavior [ RunTime:0.004096s ]
INFO: [ app_begin ] --END-- [ RunTime:0.007399s ]
SQL: SHOW COLUMNS FROM `yq_user_group` [ RunTime:0.0109s ]
SQL: SELECT a.userid,a.groupid,g.groupname FROM yq_user_group a INNER JOIN yq_group g ON a.groupid=g.groupid  WHERE ( a.userid=4 )  [ RunTime:0.0015s ]
SQL: SHOW COLUMNS FROM `yq_group_permission` [ RunTime:0.0094s ]
SQL: SELECT a.permid,a.groupid,p.permname,p.action FROM yq_group_permission a INNER JOIN yq_permission p on a.permid=p.permid  WHERE ( a.groupid='1' )  [ RunTime:0.0014s ]
SQL: SHOW COLUMNS FROM `yq_permission` [ RunTime:0.0099s ]
SQL: SELECT `action` FROM `yq_permission` WHERE `permid` IN ('1','2','4','7','10')  [ RunTime:0.0015s ]
INFO: [ view_parse ] --START--
INFO: [ template_filter ] --START--
INFO: Run Behavior\ContentReplaceBehavior [ RunTime:0.001989s ]
INFO: [ template_filter ] --END-- [ RunTime:0.004496s ]
NOTIC: [8] Undefined variable: config F:\Tools\WampServer\wamp\www\yq\Application\Runtime\Cache\Admin\b595b808c2ebeeeb0478ffc30bb4e87a.php 第 590 行.
NOTIC: [8] Undefined variable: config F:\Tools\WampServer\wamp\www\yq\Application\Runtime\Cache\Admin\b595b808c2ebeeeb0478ffc30bb4e87a.php 第 594 行.
NOTIC: [8] Undefined variable: config F:\Tools\WampServer\wamp\www\yq\Application\Runtime\Cache\Admin\b595b808c2ebeeeb0478ffc30bb4e87a.php 第 598 行.
NOTIC: [8] Undefined variable: config F:\Tools\WampServer\wamp\www\yq\Application\Runtime\Cache\Admin\b595b808c2ebeeeb0478ffc30bb4e87a.php 第 602 行.
NOTIC: [8] Undefined variable: config F:\Tools\WampServer\wamp\www\yq\Application\Runtime\Cache\Admin\b595b808c2ebeeeb0478ffc30bb4e87a.php 第 606 行.
NOTIC: [8] Undefined variable: config F:\Tools\WampServer\wamp\www\yq\Application\Runtime\Cache\Admin\b595b808c2ebeeeb0478ffc30bb4e87a.php 第 610 行.
NOTIC: [8] Undefined variable: config F:\Tools\WampServer\wamp\www\yq\Application\Runtime\Cache\Admin\b595b808c2ebeeeb0478ffc30bb4e87a.php 第 614 行.
NOTIC: [8] Undefined variable: config F:\Tools\WampServer\wamp\www\yq\Application\Runtime\Cache\Admin\b595b808c2ebeeeb0478ffc30bb4e87a.php 第 618 行.
INFO: Run Behavior\ParseTemplateBehavior [ RunTime:0.176754s ]
INFO: [ view_parse ] --END-- [ RunTime:0.179227s ]
INFO: [ view_filter ] --START--
INFO: Run Behavior\WriteHtmlCacheBehavior [ RunTime:0.003097s ]
INFO: [ view_filter ] --END-- [ RunTime:0.005626s ]
NOTIC: [8] Array to string conversion F:\Tools\WampServer\wamp\www\yq\ThinkPHP\Library\Think\View.class.php 第 91 行.
INFO: [ app_end ] --START--
INFO: Run Behavior\ShowPageTraceBehavior [ RunTime:0.003461s ]
INFO: [ app_end ] --END-- [ RunTime:0.005992s ]

[ 2017-03-25T21:15:26+08:00 ] ::1 /yq/index.php/Admin/Index/index
INFO: [ app_init ] --START--
INFO: Run Behavior\BuildLiteBehavior [ RunTime:0.000466s ]
INFO: [ app_init ] --END-- [ RunTime:0.006017s ]
INFO: [ app_begin ] --START--
INFO: Run Behavior\ReadHtmlCacheBehavior [ RunTime:0.005966s ]
INFO: [ app_begin ] --END-- [ RunTime:0.008658s ]
SQL: SHOW COLUMNS FROM `yq_user_group` [ RunTime:0.0116s ]
SQL: SELECT a.userid,a.groupid,g.groupname FROM yq_user_group a INNER JOIN yq_group g ON a.groupid=g.groupid  WHERE ( a.userid=4 )  [ RunTime:0.0016s ]
SQL: SHOW COLUMNS FROM `yq_group_permission` [ RunTime:0.0100s ]
SQL: SELECT a.permid,a.groupid,p.permname,p.action FROM yq_group_permission a INNER JOIN yq_permission p on a.permid=p.permid  WHERE ( a.groupid='1' )  [ RunTime:0.0016s ]
SQL: SHOW COLUMNS FROM `yq_permission` [ RunTime:0.0093s ]
SQL: SELECT `action` FROM `yq_permission` WHERE `permid` IN ('1','2','4','7','10')  [ RunTime:0.0012s ]
INFO: [ view_parse ] --START--
INFO: [ template_filter ] --START--
INFO: Run Behavior\ContentReplaceBehavior [ RunTime:0.002242s ]
INFO: [ template_filter ] --END-- [ RunTime:0.005324s ]
NOTIC: [8] Undefined variable: config F:\Tools\WampServer\wamp\www\yq\Application\Runtime\Cache\Admin\b595b808c2ebeeeb0478ffc30bb4e87a.php 第 590 行.
NOTIC: [8] Undefined variable: config F:\Tools\WampServer\wamp\www\yq\Application\Runtime\Cache\Admin\b595b808c2ebeeeb0478ffc30bb4e87a.php 第 594 行.
NOTIC: [8] Undefined variable: config F:\Tools\WampServer\wamp\www\yq\Application\Runtime\Cache\Admin\b595b808c2ebeeeb0478ffc30bb4e87a.php 第 598 行.
NOTIC: [8] Undefined variable: config F:\Tools\WampServer\wamp\www\yq\Application\Runtime\Cache\Admin\b595b808c2ebeeeb0478ffc30bb4e87a.php 第 602 行.
NOTIC: [8] Undefined variable: config F:\Tools\WampServer\wamp\www\yq\Application\Runtime\Cache\Admin\b595b808c2ebeeeb0478ffc30bb4e87a.php 第 606 行.
NOTIC: [8] Undefined variable: config F:\Tools\WampServer\wamp\www\yq\Application\Runtime\Cache\Admin\b595b808c2ebeeeb0478ffc30bb4e87a.php 第 610 行.
NOTIC: [8] Undefined variable: config F:\Tools\WampServer\wamp\www\yq\Application\Runtime\Cache\Admin\b595b808c2ebeeeb0478ffc30bb4e87a.php 第 614 行.
NOTIC: [8] Undefined variable: config F:\Tools\WampServer\wamp\www\yq\Application\Runtime\Cache\Admin\b595b808c2ebeeeb0478ffc30bb4e87a.php 第 618 行.
INFO: Run Behavior\ParseTemplateBehavior [ RunTime:0.200765s ]
INFO: [ view_parse ] --END-- [ RunTime:0.204648s ]
INFO: [ view_filter ] --START--
INFO: Run Behavior\WriteHtmlCacheBehavior [ RunTime:0.003585s ]
INFO: [ view_filter ] --END-- [ RunTime:0.007297s ]
NOTIC: [8] Array to string conversion F:\Tools\WampServer\wamp\www\yq\ThinkPHP\Library\Think\View.class.php 第 91 行.
INFO: [ app_end ] --START--
INFO: Run Behavior\ShowPageTraceBehavior [ RunTime:0.005077s ]
INFO: [ app_end ] --END-- [ RunTime:0.009247s ]

[ 2017-03-25T21:15:30+08:00 ] ::1 /yq/index.php/Admin/Index/index
INFO: [ app_init ] --START--
INFO: Run Behavior\BuildLiteBehavior [ RunTime:0.000476s ]
INFO: [ app_init ] --END-- [ RunTime:0.005126s ]
INFO: [ app_begin ] --START--
INFO: Run Behavior\ReadHtmlCacheBehavior [ RunTime:0.009316s ]
INFO: [ app_begin ] --END-- [ RunTime:0.016050s ]
SQL: SHOW COLUMNS FROM `yq_user_group` [ RunTime:0.0123s ]
SQL: SELECT a.userid,a.groupid,g.groupname FROM yq_user_group a INNER JOIN yq_group g ON a.groupid=g.groupid  WHERE ( a.userid=4 )  [ RunTime:0.0015s ]
SQL: SHOW COLUMNS FROM `yq_group_permission` [ RunTime:0.0107s ]
SQL: SELECT a.permid,a.groupid,p.permname,p.action FROM yq_group_permission a INNER JOIN yq_permission p on a.permid=p.permid  WHERE ( a.groupid='1' )  [ RunTime:0.0014s ]
SQL: SHOW COLUMNS FROM `yq_permission` [ RunTime:0.0093s ]
SQL: SELECT `action` FROM `yq_permission` WHERE `permid` IN ('1','2','4','7','10')  [ RunTime:0.0012s ]
INFO: [ view_parse ] --START--
INFO: [ template_filter ] --START--
INFO: Run Behavior\ContentReplaceBehavior [ RunTime:0.002207s ]
INFO: [ template_filter ] --END-- [ RunTime:0.004919s ]
NOTIC: [8] Undefined variable: config F:\Tools\WampServer\wamp\www\yq\Application\Runtime\Cache\Admin\b595b808c2ebeeeb0478ffc30bb4e87a.php 第 590 行.
NOTIC: [8] Undefined variable: config F:\Tools\WampServer\wamp\www\yq\Application\Runtime\Cache\Admin\b595b808c2ebeeeb0478ffc30bb4e87a.php 第 594 行.
NOTIC: [8] Undefined variable: config F:\Tools\WampServer\wamp\www\yq\Application\Runtime\Cache\Admin\b595b808c2ebeeeb0478ffc30bb4e87a.php 第 598 行.
NOTIC: [8] Undefined variable: config F:\Tools\WampServer\wamp\www\yq\Application\Runtime\Cache\Admin\b595b808c2ebeeeb0478ffc30bb4e87a.php 第 602 行.
NOTIC: [8] Undefined variable: config F:\Tools\WampServer\wamp\www\yq\Application\Runtime\Cache\Admin\b595b808c2ebeeeb0478ffc30bb4e87a.php 第 606 行.
NOTIC: [8] Undefined variable: config F:\Tools\WampServer\wamp\www\yq\Application\Runtime\Cache\Admin\b595b808c2ebeeeb0478ffc30bb4e87a.php 第 610 行.
NOTIC: [8] Undefined variable: config F:\Tools\WampServer\wamp\www\yq\Application\Runtime\Cache\Admin\b595b808c2ebeeeb0478ffc30bb4e87a.php 第 614 行.
NOTIC: [8] Undefined variable: config F:\Tools\WampServer\wamp\www\yq\Application\Runtime\Cache\Admin\b595b808c2ebeeeb0478ffc30bb4e87a.php 第 618 行.
INFO: Run Behavior\ParseTemplateBehavior [ RunTime:0.172462s ]
INFO: [ view_parse ] --END-- [ RunTime:0.174956s ]
INFO: [ view_filter ] --START--
INFO: Run Behavior\WriteHtmlCacheBehavior [ RunTime:0.003333s ]
INFO: [ view_filter ] --END-- [ RunTime:0.006275s ]
NOTIC: [8] Array to string conversion F:\Tools\WampServer\wamp\www\yq\ThinkPHP\Library\Think\View.class.php 第 91 行.
INFO: [ app_end ] --START--
INFO: Run Behavior\ShowPageTraceBehavior [ RunTime:0.003651s ]
INFO: [ app_end ] --END-- [ RunTime:0.006768s ]

[ 2017-03-25T22:53:33+08:00 ] ::1 /yq/index.php/Admin/ManageScore/updateScore
INFO: [ app_init ] --START--
INFO: Run Behavior\BuildLiteBehavior [ RunTime:0.000472s ]
INFO: [ app_init ] --END-- [ RunTime:0.004857s ]
INFO: [ app_begin ] --START--
INFO: Run Behavior\ReadHtmlCacheBehavior [ RunTime:0.003105s ]
INFO: [ app_begin ] --END-- [ RunTime:0.005778s ]
SQL: SHOW COLUMNS FROM `yq_user_group` [ RunTime:0.0168s ]
SQL: SELECT a.userid,a.groupid,g.groupname FROM yq_user_group a INNER JOIN yq_group g ON a.groupid=g.groupid  WHERE ( a.userid=4 )  [ RunTime:0.0014s ]
SQL: SHOW COLUMNS FROM `yq_group_permission` [ RunTime:0.0182s ]
SQL: SELECT a.permid,a.groupid,p.permname,p.action FROM yq_group_permission a INNER JOIN yq_permission p on a.permid=p.permid  WHERE ( a.groupid='1' )  [ RunTime:0.0014s ]
SQL: SHOW COLUMNS FROM `yq_permission` [ RunTime:0.0203s ]
SQL: SELECT `action` FROM `yq_permission` WHERE `permid` IN ('1','2','4','7','10')  [ RunTime:0.0013s ]
NOTIC: [2] Missing argument 1 for Admin\Controller\ManageScoreController::returnJson(), called in F:\Tools\WampServer\wamp\www\yq\Application\Admin\Controller\ManageScoreController.class.php on line 56 and defined F:\Tools\WampServer\wamp\www\yq\Application\Admin\Controller\ManageScoreController.class.php 第 127 行.

[ 2017-03-25T22:55:43+08:00 ] ::1 /yq/index.php/Admin/ManageScore/updateScore
INFO: [ app_init ] --START--
INFO: Run Behavior\BuildLiteBehavior [ RunTime:0.000516s ]
INFO: [ app_init ] --END-- [ RunTime:0.004459s ]
INFO: [ app_begin ] --START--
INFO: Run Behavior\ReadHtmlCacheBehavior [ RunTime:0.003207s ]
INFO: [ app_begin ] --END-- [ RunTime:0.005703s ]
SQL: SHOW COLUMNS FROM `yq_user_group` [ RunTime:0.0176s ]
SQL: SELECT a.userid,a.groupid,g.groupname FROM yq_user_group a INNER JOIN yq_group g ON a.groupid=g.groupid  WHERE ( a.userid=4 )  [ RunTime:0.0018s ]
SQL: SHOW COLUMNS FROM `yq_group_permission` [ RunTime:0.0179s ]
SQL: SELECT a.permid,a.groupid,p.permname,p.action FROM yq_group_permission a INNER JOIN yq_permission p on a.permid=p.permid  WHERE ( a.groupid='1' )  [ RunTime:0.0015s ]
SQL: SHOW COLUMNS FROM `yq_permission` [ RunTime:0.0171s ]
SQL: SELECT `action` FROM `yq_permission` WHERE `permid` IN ('1','2','4','7','10')  [ RunTime:0.0018s ]
NOTIC: [2] Missing argument 1 for Admin\Controller\ManageScoreController::returnJson(), called in F:\Tools\WampServer\wamp\www\yq\Application\Admin\Controller\ManageScoreController.class.php on line 56 and defined F:\Tools\WampServer\wamp\www\yq\Application\Admin\Controller\ManageScoreController.class.php 第 127 行.

[ 2017-03-25T22:56:27+08:00 ] ::1 /yq/index.php/Admin/ManageScore/updateScore
INFO: [ app_init ] --START--
INFO: Run Behavior\BuildLiteBehavior [ RunTime:0.000459s ]
INFO: [ app_init ] --END-- [ RunTime:0.004188s ]
INFO: [ app_begin ] --START--
INFO: Run Behavior\ReadHtmlCacheBehavior [ RunTime:0.003031s ]
INFO: [ app_begin ] --END-- [ RunTime:0.006070s ]
SQL: SHOW COLUMNS FROM `yq_user_group` [ RunTime:0.0200s ]
SQL: SELECT a.userid,a.groupid,g.groupname FROM yq_user_group a INNER JOIN yq_group g ON a.groupid=g.groupid  WHERE ( a.userid=4 )  [ RunTime:0.0016s ]
SQL: SHOW COLUMNS FROM `yq_group_permission` [ RunTime:0.0185s ]
SQL: SELECT a.permid,a.groupid,p.permname,p.action FROM yq_group_permission a INNER JOIN yq_permission p on a.permid=p.permid  WHERE ( a.groupid='1' )  [ RunTime:0.0016s ]
SQL: SHOW COLUMNS FROM `yq_permission` [ RunTime:0.0168s ]
SQL: SELECT `action` FROM `yq_permission` WHERE `permid` IN ('1','2','4','7','10')  [ RunTime:0.0013s ]
NOTIC: [2] Missing argument 1 for Admin\Controller\ManageScoreController::returnJson(), called in F:\Tools\WampServer\wamp\www\yq\Application\Admin\Controller\ManageScoreController.class.php on line 56 and defined F:\Tools\WampServer\wamp\www\yq\Application\Admin\Controller\ManageScoreController.class.php 第 127 行.

[ 2017-03-25T23:04:15+08:00 ] ::1 /yq/index.php/Admin/ManageScore/updateScore
INFO: [ app_init ] --START--
INFO: Run Behavior\BuildLiteBehavior [ RunTime:0.000471s ]
INFO: [ app_init ] --END-- [ RunTime:0.004489s ]
INFO: [ app_begin ] --START--
INFO: Run Behavior\ReadHtmlCacheBehavior [ RunTime:0.003606s ]
INFO: [ app_begin ] --END-- [ RunTime:0.006081s ]
SQL: SHOW COLUMNS FROM `yq_user_group` [ RunTime:0.0198s ]
SQL: SELECT a.userid,a.groupid,g.groupname FROM yq_user_group a INNER JOIN yq_group g ON a.groupid=g.groupid  WHERE ( a.userid=4 )  [ RunTime:0.0015s ]
SQL: SHOW COLUMNS FROM `yq_group_permission` [ RunTime:0.0190s ]
SQL: SELECT a.permid,a.groupid,p.permname,p.action FROM yq_group_permission a INNER JOIN yq_permission p on a.permid=p.permid  WHERE ( a.groupid='1' )  [ RunTime:0.0015s ]
SQL: SHOW COLUMNS FROM `yq_permission` [ RunTime:0.0195s ]
SQL: SELECT `action` FROM `yq_permission` WHERE `permid` IN ('1','2','4','7','10')  [ RunTime:0.0016s ]
NOTIC: [2] Missing argument 1 for Admin\Controller\ManageScoreController::returnJson(), called in F:\Tools\WampServer\wamp\www\yq\Application\Admin\Controller\ManageScoreController.class.php on line 56 and defined F:\Tools\WampServer\wamp\www\yq\Application\Admin\Controller\ManageScoreController.class.php 第 127 行.

