[ 2017-03-18T15:43:30+08:00 ] ::1 /yq/index.php/Admin/Index/index
INFO: [ app_init ] --START--
INFO: Run Behavior\BuildLiteBehavior [ RunTime:0.001636s ]
INFO: [ app_init ] --END-- [ RunTime:0.007276s ]
INFO: [ app_begin ] --START--
INFO: Run Behavior\ReadHtmlCacheBehavior [ RunTime:0.004120s ]
INFO: [ app_begin ] --END-- [ RunTime:0.007055s ]
SQL: SHOW COLUMNS FROM `admin_auth_group_access` [ RunTime:0.0519s ]
SQL: SELECT `uid`,`group_id`,`title`,`rules` FROM admin_auth_group_access a INNER JOIN admin_auth_group g on a.group_id=g.id  WHERE ( a.uid='92' and g.status='1' )  [ RunTime:0.0018s ]
SQL: SHOW COLUMNS FROM `admin_auth_rule` [ RunTime:0.0415s ]
SQL: SELECT `condition`,`name` FROM `admin_auth_rule` WHERE `id` IN ('1','143','144','6','10','11','140','19') AND `type` = 1 AND `status` = 1  [ RunTime:0.0016s ]
INFO: [ view_parse ] --START--
INFO: [ template_filter ] --START--
INFO: Run Behavior\ContentReplaceBehavior [ RunTime:0.005364s ]
INFO: [ template_filter ] --END-- [ RunTime:0.011826s ]
NOTIC: [8] Undefined variable: config F:\Tools\WampServer\wamp\www\yq\Application\Runtime\Cache\Admin\b595b808c2ebeeeb0478ffc30bb4e87a.php 第 590 行.
NOTIC: [8] Undefined variable: config F:\Tools\WampServer\wamp\www\yq\Application\Runtime\Cache\Admin\b595b808c2ebeeeb0478ffc30bb4e87a.php 第 594 行.
NOTIC: [8] Undefined variable: config F:\Tools\WampServer\wamp\www\yq\Application\Runtime\Cache\Admin\b595b808c2ebeeeb0478ffc30bb4e87a.php 第 598 行.
NOTIC: [8] Undefined variable: config F:\Tools\WampServer\wamp\www\yq\Application\Runtime\Cache\Admin\b595b808c2ebeeeb0478ffc30bb4e87a.php 第 602 行.
NOTIC: [8] Undefined variable: config F:\Tools\WampServer\wamp\www\yq\Application\Runtime\Cache\Admin\b595b808c2ebeeeb0478ffc30bb4e87a.php 第 606 行.
NOTIC: [8] Undefined variable: config F:\Tools\WampServer\wamp\www\yq\Application\Runtime\Cache\Admin\b595b808c2ebeeeb0478ffc30bb4e87a.php 第 610 行.
NOTIC: [8] Undefined variable: config F:\Tools\WampServer\wamp\www\yq\Application\Runtime\Cache\Admin\b595b808c2ebeeeb0478ffc30bb4e87a.php 第 614 行.
NOTIC: [8] Undefined variable: config F:\Tools\WampServer\wamp\www\yq\Application\Runtime\Cache\Admin\b595b808c2ebeeeb0478ffc30bb4e87a.php 第 618 行.
INFO: Run Behavior\ParseTemplateBehavior [ RunTime:0.502928s ]
INFO: [ view_parse ] --END-- [ RunTime:0.505738s ]
INFO: [ view_filter ] --START--
INFO: Run Behavior\WriteHtmlCacheBehavior [ RunTime:0.004867s ]
INFO: [ view_filter ] --END-- [ RunTime:0.009097s ]
NOTIC: [8] Array to string conversion F:\Tools\WampServer\wamp\www\yq\ThinkPHP\Library\Think\View.class.php 第 91 行.
INFO: [ app_end ] --START--
INFO: Run Behavior\ShowPageTraceBehavior [ RunTime:0.008702s ]
INFO: [ app_end ] --END-- [ RunTime:0.017464s ]

[ 2017-03-18T15:43:42+08:00 ] ::1 /yq/index.php/Admin/Rule/rule_group
INFO: [ app_init ] --START--
INFO: Run Behavior\BuildLiteBehavior [ RunTime:0.000524s ]
INFO: [ app_init ] --END-- [ RunTime:0.005095s ]
INFO: [ app_begin ] --START--
INFO: Run Behavior\ReadHtmlCacheBehavior [ RunTime:0.005040s ]
INFO: [ app_begin ] --END-- [ RunTime:0.007920s ]
SQL: SHOW COLUMNS FROM `admin_auth_group_access` [ RunTime:0.0350s ]
SQL: SELECT `uid`,`group_id`,`title`,`rules` FROM admin_auth_group_access a INNER JOIN admin_auth_group g on a.group_id=g.id  WHERE ( a.uid='92' and g.status='1' )  [ RunTime:0.0015s ]
SQL: SHOW COLUMNS FROM `admin_auth_rule` [ RunTime:0.0345s ]
SQL: SELECT `condition`,`name` FROM `admin_auth_rule` WHERE `id` IN ('1','143','144','6','10','11','140','19') AND `type` = 1 AND `status` = 1  [ RunTime:0.0021s ]
INFO: [ view_parse ] --START--
INFO: [ template_filter ] --START--
INFO: Run Behavior\ContentReplaceBehavior [ RunTime:0.001345s ]
INFO: [ template_filter ] --END-- [ RunTime:0.004260s ]
INFO: Run Behavior\ParseTemplateBehavior [ RunTime:0.100091s ]
INFO: [ view_parse ] --END-- [ RunTime:0.105285s ]
INFO: [ view_filter ] --START--
INFO: Run Behavior\WriteHtmlCacheBehavior [ RunTime:0.003050s ]
INFO: [ view_filter ] --END-- [ RunTime:0.006703s ]

